"C:/Users/Public/Documents/Unreal Proejct/Zolup-Button_Project_MF/Project_MF/Content/Resource/Effects/Beam_02_texture.uasset" 0
"C:/Users/Public/Documents/Unreal Proejct/Zolup-Button_Project_MF/Project_MF/Content/Resource/Effects/Beam_02_texture.uexp" 1
"C:/Users/Public/Documents/Unreal Proejct/Zolup-Button_Project_MF/Project_MF/Content/Resource/Effects/Beam_02_texture.ubulk" 2
"C:/Users/Public/Documents/Unreal Proejct/Zolup-Button_Project_MF/Project_MF/Content/Resource/Effects/Beam_blue_particle.uasset" 3
"C:/Users/Public/Documents/Unreal Proejct/Zolup-Button_Project_MF/Project_MF/Content/Resource/Effects/Beam_blue_particle.uexp" 4
"C:/Users/Public/Documents/Unreal Proejct/Zolup-Button_Project_MF/Project_MF/Content/Resource/Effects/Beam_material.uasset" 5
"C:/Users/Public/Documents/Unreal Proejct/Zolup-Button_Project_MF/Project_MF/Content/Resource/Effects/Beam_material.uexp" 6
"C:/Users/Public/Documents/Unreal Proejct/Zolup-Button_Project_MF/Project_MF/Content/Resource/Effects/Beam_red_particle.uasset" 7
"C:/Users/Public/Documents/Unreal Proejct/Zolup-Button_Project_MF/Project_MF/Content/Resource/Effects/Beam_red_particle.uexp" 8
"../../../Engine/Content/BasicShapes/BasicShapeMaterial.uasset" 9
"../../../Engine/Content/BasicShapes/BasicShapeMaterial.uexp" 10
"C:/Users/Public/Documents/Unreal Proejct/Zolup-Button_Project_MF/Project_MF/Content/Resource/Effects/Effect_ball_mesh.uasset" 11
"C:/Users/Public/Documents/Unreal Proejct/Zolup-Button_Project_MF/Project_MF/Content/Resource/Effects/Effect_ball_mesh.uexp" 12
"C:/Users/Public/Documents/Unreal Proejct/Zolup-Button_Project_MF/Project_MF/Content/Resource/Effects/Effect_circle01_Material.uasset" 13
"C:/Users/Public/Documents/Unreal Proejct/Zolup-Button_Project_MF/Project_MF/Content/Resource/Effects/Effect_circle01_Material.uexp" 14
"C:/Users/Public/Documents/Unreal Proejct/Zolup-Button_Project_MF/Project_MF/Content/Resource/Effects/Effect_circle02_Material.uasset" 15
"C:/Users/Public/Documents/Unreal Proejct/Zolup-Button_Project_MF/Project_MF/Content/Resource/Effects/Effect_circle02_Material.uexp" 16
"C:/Users/Public/Documents/Unreal Proejct/Zolup-Button_Project_MF/Project_MF/Content/Resource/Effects/Effect_circle02_texture.uasset" 17
"C:/Users/Public/Documents/Unreal Proejct/Zolup-Button_Project_MF/Project_MF/Content/Resource/Effects/Effect_circle02_texture.uexp" 18
"C:/Users/Public/Documents/Unreal Proejct/Zolup-Button_Project_MF/Project_MF/Content/Resource/Effects/Effect_circle02_texture.ubulk" 19
"C:/Users/Public/Documents/Unreal Proejct/Zolup-Button_Project_MF/Project_MF/Content/Resource/Effects/Effect_circle_01_texture.uasset" 20
"C:/Users/Public/Documents/Unreal Proejct/Zolup-Button_Project_MF/Project_MF/Content/Resource/Effects/Effect_circle_01_texture.uexp" 21
"C:/Users/Public/Documents/Unreal Proejct/Zolup-Button_Project_MF/Project_MF/Content/Resource/Effects/Effect_circle_01_texture.ubulk" 22
"../../../Engine/Content/EngineResources/DefaultTexture.uasset" 23
"../../../Engine/Content/EngineResources/DefaultTexture.uexp" 24
"../../../Engine/Content/EngineResources/DefaultTexture.ubulk" 25
"../../../Engine/Content/Functions/Engine_MaterialFunctions03/Procedurals/NormalFromHeightmap.uasset" 26
"../../../Engine/Content/Functions/Engine_MaterialFunctions03/Procedurals/NormalFromHeightmap.uexp" 27
"../../../Engine/Content/Functions/Engine_MaterialFunctions02/Utility/BreakOutFloat2Components.uasset" 28
"../../../Engine/Content/Functions/Engine_MaterialFunctions02/Utility/BreakOutFloat2Components.uexp" 29
"C:/Users/Public/Documents/Unreal Proejct/Zolup-Button_Project_MF/Project_MF/Content/Resource/Effects/Glow.uasset" 30
"C:/Users/Public/Documents/Unreal Proejct/Zolup-Button_Project_MF/Project_MF/Content/Resource/Effects/Glow.uexp" 31
"C:/Users/Public/Documents/Unreal Proejct/Zolup-Button_Project_MF/Project_MF/Content/Resource/Effects/Glow02.uasset" 32
"C:/Users/Public/Documents/Unreal Proejct/Zolup-Button_Project_MF/Project_MF/Content/Resource/Effects/Glow02.uexp" 33
"../../../Engine/Content/EngineMaterials/T_Default_Material_Grid_N.uasset" 34
"../../../Engine/Content/EngineMaterials/T_Default_Material_Grid_N.uexp" 35
"../../../Engine/Content/EngineMaterials/T_Default_Material_Grid_N.ubulk" 36
"../../../Engine/Content/EngineMaterials/T_Default_Material_Grid_M.uasset" 37
"../../../Engine/Content/EngineMaterials/T_Default_Material_Grid_M.uexp" 38
"../../../Engine/Content/EngineMaterials/T_Default_Material_Grid_M.ubulk" 39
"../../../Engine/Content/Functions/Engine_MaterialFunctions01/Opacity/CameraDepthFade.uasset" 40
"../../../Engine/Content/Functions/Engine_MaterialFunctions01/Opacity/CameraDepthFade.uexp" 41
"../../../Engine/Content/EngineMaterials/WorldGridMaterial.uasset" 42
"../../../Engine/Content/EngineMaterials/WorldGridMaterial.uexp" 43
"C:/Users/Public/Documents/Unreal Proejct/Zolup-Button_Project_MF/Project_MF/Content/Resource/Effects/Gun_box_effect_mesh.uasset" 44
"C:/Users/Public/Documents/Unreal Proejct/Zolup-Button_Project_MF/Project_MF/Content/Resource/Effects/Gun_box_effect_mesh.uexp" 45
"C:/Users/Public/Documents/Unreal Proejct/Zolup-Button_Project_MF/Project_MF/Content/Resource/Effects/Gun_box_material.uasset" 46
"C:/Users/Public/Documents/Unreal Proejct/Zolup-Button_Project_MF/Project_MF/Content/Resource/Effects/Gun_box_material.uexp" 47
"C:/Users/Public/Documents/Unreal Proejct/Zolup-Button_Project_MF/Project_MF/Content/Resource/Effects/Gun_box_material_n.uasset" 48
"C:/Users/Public/Documents/Unreal Proejct/Zolup-Button_Project_MF/Project_MF/Content/Resource/Effects/Gun_box_material_n.uexp" 49
"C:/Users/Public/Documents/Unreal Proejct/Zolup-Button_Project_MF/Project_MF/Content/Resource/Effects/Gun_box_matetial_s.uasset" 50
"C:/Users/Public/Documents/Unreal Proejct/Zolup-Button_Project_MF/Project_MF/Content/Resource/Effects/Gun_box_matetial_s.uexp" 51
"../../../Engine/Plugins/FX/Niagara/Content/Enums/ENiagara_WrapClamp.uasset" 52
"../../../Engine/Plugins/FX/Niagara/Content/Enums/ENiagara_WrapClamp.uexp" 53
"../../../Engine/Plugins/FX/Niagara/Content/Enums/ENiagara_UVFlippingMode.uasset" 54
"../../../Engine/Plugins/FX/Niagara/Content/Enums/ENiagara_UVFlippingMode.uexp" 55
"../../../Engine/Plugins/FX/Niagara/Content/Enums/ENiagara_SpriteRotationMode.uasset" 56
"../../../Engine/Plugins/FX/Niagara/Content/Enums/ENiagara_SpriteRotationMode.uexp" 57
"../../../Engine/Plugins/FX/Niagara/Content/Enums/ENiagara_SizeScaleMode.uasset" 58
"../../../Engine/Plugins/FX/Niagara/Content/Enums/ENiagara_SizeScaleMode.uexp" 59
"../../../Engine/Plugins/FX/Niagara/Content/Enums/ENiagara_PositionInitializationMode.uasset" 60
"../../../Engine/Plugins/FX/Niagara/Content/Enums/ENiagara_PositionInitializationMode.uexp" 61
"../../../Engine/Plugins/FX/Niagara/Content/Enums/ENiagara_MassInitializationMode.uasset" 62
"../../../Engine/Plugins/FX/Niagara/Content/Enums/ENiagara_MassInitializationMode.uexp" 63
"../../../Engine/Plugins/FX/Niagara/Content/Enums/ENiagara_LifetimeMode.uasset" 64
"../../../Engine/Plugins/FX/Niagara/Content/Enums/ENiagara_LifetimeMode.uexp" 65
"../../../Engine/Plugins/FX/Niagara/Content/Enums/ENiagara_InfiniteLoopDuration.uasset" 66
"../../../Engine/Plugins/FX/Niagara/Content/Enums/ENiagara_InfiniteLoopDuration.uexp" 67
"../../../Engine/Plugins/FX/Niagara/Content/Enums/ENiagara_EmitterStateOptions.uasset" 68
"../../../Engine/Plugins/FX/Niagara/Content/Enums/ENiagara_EmitterStateOptions.uexp" 69
"../../../Engine/Plugins/FX/Niagara/Content/Enums/ENiagara_ColorInitializationMode.uasset" 70
"../../../Engine/Plugins/FX/Niagara/Content/Enums/ENiagara_ColorInitializationMode.uexp" 71
"../../../Engine/Plugins/FX/Niagara/Content/Enums/ENiagara_AttributeSamplingApplyOutput.uasset" 72
"../../../Engine/Plugins/FX/Niagara/Content/Enums/ENiagara_AttributeSamplingApplyOutput.uexp" 73
"../../../Engine/Plugins/FX/Niagara/Content/Enums/Angles/ENiagara_AngleInput.uasset" 74
"../../../Engine/Plugins/FX/Niagara/Content/Enums/Angles/ENiagara_AngleInput.uexp" 75
"../../../Engine/Plugins/FX/Niagara/Content/Functions/Localspace/TransformBase.uasset" 76
"../../../Engine/Plugins/FX/Niagara/Content/Functions/Localspace/TransformBase.uexp" 77
"../../../Engine/Plugins/FX/Niagara/Content/Functions/Localspace/TransformVector.uasset" 78
"../../../Engine/Plugins/FX/Niagara/Content/Functions/Localspace/TransformVector.uexp" 79
"../../../Engine/Plugins/FX/Niagara/Content/Modules/Update/Renderers/Sprite/SpriteFacingAndAlignment.uasset" 80
"../../../Engine/Plugins/FX/Niagara/Content/Modules/Update/Renderers/Sprite/SpriteFacingAndAlignment.uexp" 81
"../../../Engine/Plugins/FX/Niagara/Content/Modules/Update/Lifetime/ParticleState.uasset" 82
"../../../Engine/Plugins/FX/Niagara/Content/Modules/Update/Lifetime/ParticleState.uexp" 83
"../../../Engine/Plugins/FX/Niagara/Content/VectorFields/Assets/TilingCurl32.uasset" 84
"../../../Engine/Plugins/FX/Niagara/Content/VectorFields/Assets/TilingCurl32.uexp" 85
"../../../Engine/Plugins/FX/Niagara/Content/Enums/ENiagaraCurlNoiseQuality.uasset" 86
"../../../Engine/Plugins/FX/Niagara/Content/Enums/ENiagaraCurlNoiseQuality.uexp" 87
"../../../Engine/Plugins/FX/Niagara/Content/VectorFields/Assets/TilingCurl64.uasset" 88
"../../../Engine/Plugins/FX/Niagara/Content/VectorFields/Assets/TilingCurl64.uexp" 89
"../../../Engine/Plugins/FX/Niagara/Content/VectorFields/Assets/TilingCurl16.uasset" 90
"../../../Engine/Plugins/FX/Niagara/Content/VectorFields/Assets/TilingCurl16.uexp" 91
"../../../Engine/Plugins/FX/Niagara/Content/Functions/V2/RemapRange.uasset" 92
"../../../Engine/Plugins/FX/Niagara/Content/Functions/V2/RemapRange.uexp" 93
"../../../Engine/Plugins/FX/Niagara/Content/Functions/FindAngleBetweenVectors.uasset" 94
"../../../Engine/Plugins/FX/Niagara/Content/Functions/FindAngleBetweenVectors.uexp" 95
"../../../Engine/Plugins/FX/Niagara/Content/Functions/DirectionAndLengthSafe.uasset" 96
"../../../Engine/Plugins/FX/Niagara/Content/Functions/DirectionAndLengthSafe.uexp" 97
"../../../Engine/Plugins/FX/Niagara/Content/Functions/V2/ConeMask.uasset" 98
"../../../Engine/Plugins/FX/Niagara/Content/Functions/V2/ConeMask.uexp" 99
"../../../Engine/Plugins/FX/Niagara/Content/Functions/Localspace/TransformPosition.uasset" 100
"../../../Engine/Plugins/FX/Niagara/Content/Functions/Localspace/TransformPosition.uexp" 101
"../../../Engine/Plugins/FX/Niagara/Content/Functions/Localspace/SimulationPosition.uasset" 102
"../../../Engine/Plugins/FX/Niagara/Content/Functions/Localspace/SimulationPosition.uexp" 103
"../../../Engine/Plugins/FX/Niagara/Content/Modules/Update/Forces/V2/CurlNoiseForce.uasset" 104
"../../../Engine/Plugins/FX/Niagara/Content/Modules/Update/Forces/V2/CurlNoiseForce.uexp" 105
"../../../Engine/Plugins/FX/Niagara/Content/Modules/Update/Forces/GravityForce.uasset" 106
"../../../Engine/Plugins/FX/Niagara/Content/Modules/Update/Forces/GravityForce.uexp" 107
"../../../Engine/Plugins/FX/Niagara/Content/Modules/Update/Forces/Drag.uasset" 108
"../../../Engine/Plugins/FX/Niagara/Content/Modules/Update/Forces/Drag.uexp" 109
"../../../Engine/Plugins/FX/Niagara/Content/Enums/ENiagaraScaleColorMode.uasset" 110
"../../../Engine/Plugins/FX/Niagara/Content/Enums/ENiagaraScaleColorMode.uexp" 111
"../../../Engine/Plugins/FX/Niagara/Content/Modules/Update/Color/ScaleColor.uasset" 112
"../../../Engine/Plugins/FX/Niagara/Content/Modules/Update/Color/ScaleColor.uexp" 113
"../../../Engine/Plugins/FX/Niagara/Content/Enums/ENiagaraSystemInactiveMode.uasset" 114
"../../../Engine/Plugins/FX/Niagara/Content/Enums/ENiagaraSystemInactiveMode.uexp" 115
"../../../Engine/Plugins/FX/Niagara/Content/Functions/System/SystemChangeState.uasset" 116
"../../../Engine/Plugins/FX/Niagara/Content/Functions/System/SystemChangeState.uexp" 117
"../../../Engine/Plugins/FX/Niagara/Content/Modules/System/SystemState.uasset" 118
"../../../Engine/Plugins/FX/Niagara/Content/Modules/System/SystemState.uexp" 119
"../../../Engine/Plugins/FX/Niagara/Content/Enums/ENiagaraRandomnessMode.uasset" 120
"../../../Engine/Plugins/FX/Niagara/Content/Enums/ENiagaraRandomnessMode.uexp" 121
"../../../Engine/Plugins/FX/Niagara/Content/Functions/Math/RemapValueRange.uasset" 122
"../../../Engine/Plugins/FX/Niagara/Content/Functions/Math/RemapValueRange.uexp" 123
"../../../Engine/Plugins/FX/Niagara/Content/Functions/Rotation/MultiplyVectorWithQuaternion.uasset" 124
"../../../Engine/Plugins/FX/Niagara/Content/Functions/Rotation/MultiplyVectorWithQuaternion.uexp" 125
"../../../Engine/Plugins/FX/Niagara/Content/Functions/Rotation/FindQuatBetween.uasset" 126
"../../../Engine/Plugins/FX/Niagara/Content/Functions/Rotation/FindQuatBetween.uexp" 127
"../../../Engine/Plugins/FX/Niagara/Content/Functions/GetRandomInfo.uasset" 128
"../../../Engine/Plugins/FX/Niagara/Content/Functions/GetRandomInfo.uexp" 129
"../../../Engine/Plugins/FX/Niagara/Content/Functions/RandomRangeFloat.uasset" 130
"../../../Engine/Plugins/FX/Niagara/Content/Functions/RandomRangeFloat.uexp" 131
"../../../Engine/Plugins/FX/Niagara/Content/Functions/PolarToCartesianCoordinates.uasset" 132
"../../../Engine/Plugins/FX/Niagara/Content/Functions/PolarToCartesianCoordinates.uexp" 133
"../../../Engine/Plugins/FX/Niagara/Content/Functions/RandomVectorInCone.uasset" 134
"../../../Engine/Plugins/FX/Niagara/Content/Functions/RandomVectorInCone.uexp" 135
"../../../Engine/Plugins/FX/Niagara/Content/Modules/Spawn/Velocity/AddVelocityInCone.uasset" 136
"../../../Engine/Plugins/FX/Niagara/Content/Modules/Spawn/Velocity/AddVelocityInCone.uexp" 137
"../../../Engine/Plugins/FX/Niagara/Content/Enums/ENiagaraSphereDistributionMode.uasset" 138
"../../../Engine/Plugins/FX/Niagara/Content/Enums/ENiagaraSphereDistributionMode.uexp" 139
"../../../Engine/Plugins/FX/Niagara/Content/Enums/ENiagaraRandomnessEvaluation.uasset" 140
"../../../Engine/Plugins/FX/Niagara/Content/Enums/ENiagaraRandomnessEvaluation.uexp" 141
"../../../Engine/Plugins/FX/Niagara/Content/Enums/ENiagaraExpansionMode.uasset" 142
"../../../Engine/Plugins/FX/Niagara/Content/Enums/ENiagaraExpansionMode.uexp" 143
"../../../Engine/Plugins/FX/Niagara/Content/Functions/V2/CalculateRandomRange.uasset" 144
"../../../Engine/Plugins/FX/Niagara/Content/Functions/V2/CalculateRandomRange.uexp" 145
"../../../Engine/Plugins/FX/Niagara/Content/Functions/V2/CalculateRandomPointInSphere.uasset" 146
"../../../Engine/Plugins/FX/Niagara/Content/Functions/V2/CalculateRandomPointInSphere.uexp" 147
"../../../Engine/Plugins/FX/Niagara/Content/Functions/SphericalToCartesianCoordinates.uasset" 148
"../../../Engine/Plugins/FX/Niagara/Content/Functions/SphericalToCartesianCoordinates.uexp" 149
"../../../Engine/Plugins/FX/Niagara/Content/Modules/Spawn/Location/V2/SphereLocation.uasset" 150
"../../../Engine/Plugins/FX/Niagara/Content/Modules/Spawn/Location/V2/SphereLocation.uexp" 151
"../../../Engine/Plugins/FX/Niagara/Content/Enums/Transforms/ENiagara_TransformType.uasset" 152
"../../../Engine/Plugins/FX/Niagara/Content/Enums/Transforms/ENiagara_TransformType.uexp" 153
"../../../Engine/Plugins/FX/Niagara/Content/Enums/Transforms/ENiagara_TransformOrder.uasset" 154
"../../../Engine/Plugins/FX/Niagara/Content/Enums/Transforms/ENiagara_TransformOrder.uexp" 155
"../../../Engine/Plugins/FX/Niagara/Content/Enums/Transforms/ENiagara_ScaleMode.uasset" 156
"../../../Engine/Plugins/FX/Niagara/Content/Enums/Transforms/ENiagara_ScaleMode.uexp" 157
"../../../Engine/Plugins/FX/Niagara/Content/Enums/Transforms/ENiagara_RotationMode.uasset" 158
"../../../Engine/Plugins/FX/Niagara/Content/Enums/Transforms/ENiagara_RotationMode.uexp" 159
"../../../Engine/Plugins/FX/Niagara/Content/Enums/Transforms/ENiagara_OffsetMode.uasset" 160
"../../../Engine/Plugins/FX/Niagara/Content/Enums/Transforms/ENiagara_OffsetMode.uexp" 161
"../../../Engine/Plugins/FX/Niagara/Content/Enums/Location/ENiagara_CylinderMode.uasset" 162
"../../../Engine/Plugins/FX/Niagara/Content/Enums/Location/ENiagara_CylinderMode.uexp" 163
"../../../Engine/Plugins/FX/Niagara/Content/Functions/V2/CalculateRandomRangeFloat.uasset" 164
"../../../Engine/Plugins/FX/Niagara/Content/Functions/V2/CalculateRandomRangeFloat.uexp" 165
"../../../Engine/Plugins/FX/Niagara/Content/Functions/Rotation/MatrixToQuaternion.uasset" 166
"../../../Engine/Plugins/FX/Niagara/Content/Functions/Rotation/MatrixToQuaternion.uexp" 167
"../../../Engine/Plugins/FX/Niagara/Content/Functions/Rotation/MakeQuaternionFrom3BasisVectors.uasset" 168
"../../../Engine/Plugins/FX/Niagara/Content/Functions/Rotation/MakeQuaternionFrom3BasisVectors.uexp" 169
"../../../Engine/Plugins/FX/Niagara/Content/Functions/Rotation/XYZRotationToQuaternion.uasset" 170
"../../../Engine/Plugins/FX/Niagara/Content/Functions/Rotation/XYZRotationToQuaternion.uexp" 171
"../../../Engine/Plugins/FX/Niagara/Content/Functions/Rotation/AngleUnitConverter.uasset" 172
"../../../Engine/Plugins/FX/Niagara/Content/Functions/Rotation/AngleUnitConverter.uexp" 173
"../../../Engine/Plugins/FX/Niagara/Content/Functions/Math/SaturateFloat.uasset" 174
"../../../Engine/Plugins/FX/Niagara/Content/Functions/Math/SaturateFloat.uexp" 175
"../../../Engine/Plugins/FX/Niagara/Content/Functions/Rotation/AxisAngleToQuaternion.uasset" 176
"../../../Engine/Plugins/FX/Niagara/Content/Functions/Rotation/AxisAngleToQuaternion.uexp" 177
"../../../Engine/Plugins/FX/Niagara/Content/Functions/RandomUnitVector.uasset" 178
"../../../Engine/Plugins/FX/Niagara/Content/Functions/RandomUnitVector.uexp" 179
"../../../Engine/Plugins/FX/Niagara/Content/Functions/RandomVector.uasset" 180
"../../../Engine/Plugins/FX/Niagara/Content/Functions/RandomVector.uexp" 181
"../../../Engine/Plugins/FX/Niagara/Content/Functions/Rotation/MultiplyQuaternion.uasset" 182
"../../../Engine/Plugins/FX/Niagara/Content/Functions/Rotation/MultiplyQuaternion.uexp" 183
"../../../Engine/Plugins/FX/Niagara/Content/Functions/V2/CalculateRandomRangeInteger.uasset" 184
"../../../Engine/Plugins/FX/Niagara/Content/Functions/V2/CalculateRandomRangeInteger.uexp" 185
"../../../Engine/Plugins/FX/Niagara/Content/Functions/V2/CalculateRandomBool.uasset" 186
"../../../Engine/Plugins/FX/Niagara/Content/Functions/V2/CalculateRandomBool.uexp" 187
"../../../Engine/Plugins/FX/Niagara/Content/Functions/Rotation/InvertQuaternion.uasset" 188
"../../../Engine/Plugins/FX/Niagara/Content/Functions/Rotation/InvertQuaternion.uexp" 189
"../../../Engine/Plugins/FX/Niagara/Content/Modules/Spawn/Location/CylinderLocation.uasset" 190
"../../../Engine/Plugins/FX/Niagara/Content/Modules/Spawn/Location/CylinderLocation.uexp" 191
"../../../Engine/Plugins/FX/Niagara/Content/Enums/Ribbons/ENiagara_UnsetDirectSetRandom.uasset" 192
"../../../Engine/Plugins/FX/Niagara/Content/Enums/Ribbons/ENiagara_UnsetDirectSetRandom.uexp" 193
"../../../Engine/Plugins/FX/Niagara/Content/Enums/ENiagaraChannelCorrelation.uasset" 194
"../../../Engine/Plugins/FX/Niagara/Content/Enums/ENiagaraChannelCorrelation.uexp" 195
"../../../Engine/Plugins/FX/Niagara/Content/Functions/LinearColor/HueShiftLinearColor.uasset" 196
"../../../Engine/Plugins/FX/Niagara/Content/Functions/LinearColor/HueShiftLinearColor.uexp" 197
"../../../Engine/Plugins/FX/Niagara/Content/Modules/Spawn/Initialization/V2/InitializeParticle.uasset" 198
"../../../Engine/Plugins/FX/Niagara/Content/Modules/Spawn/Initialization/V2/InitializeParticle.uexp" 199
"../../../Engine/Plugins/FX/Niagara/Content/Modules/Solvers/SolveForcesAndVelocity.uasset" 200
"../../../Engine/Plugins/FX/Niagara/Content/Modules/Solvers/SolveForcesAndVelocity.uexp" 201
"../../../Engine/Plugins/FX/Niagara/Content/Modules/Emitter/SpawnRate.uasset" 202
"../../../Engine/Plugins/FX/Niagara/Content/Modules/Emitter/SpawnRate.uexp" 203
"../../../Engine/Plugins/FX/Niagara/Content/Modules/Emitter/SpawnBurst_Instantaneous.uasset" 204
"../../../Engine/Plugins/FX/Niagara/Content/Modules/Emitter/SpawnBurst_Instantaneous.uexp" 205
"../../../Engine/Plugins/FX/Niagara/Content/Enums/ENiagaraInactiveMode.uasset" 206
"../../../Engine/Plugins/FX/Niagara/Content/Enums/ENiagaraInactiveMode.uexp" 207
"../../../Engine/Plugins/FX/Niagara/Content/Enums/ENiagaraEmitterScalabilityMode_Limited.uasset" 208
"../../../Engine/Plugins/FX/Niagara/Content/Enums/ENiagaraEmitterScalabilityMode_Limited.uexp" 209
"../../../Engine/Plugins/FX/Niagara/Content/Enums/ENiagaraEmitterLifeCycleMode.uasset" 210
"../../../Engine/Plugins/FX/Niagara/Content/Enums/ENiagaraEmitterLifeCycleMode.uexp" 211
"../../../Engine/Plugins/FX/Niagara/Content/Functions/Emitter/EmitterChangeState.uasset" 212
"../../../Engine/Plugins/FX/Niagara/Content/Functions/Emitter/EmitterChangeState.uexp" 213
"../../../Engine/Plugins/FX/Niagara/Content/Enums/ENiagaraExecutionStateManagement.uasset" 214
"../../../Engine/Plugins/FX/Niagara/Content/Enums/ENiagaraExecutionStateManagement.uexp" 215
"../../../Engine/Plugins/FX/Niagara/Content/Modules/Emitter/EmitterState.uasset" 216
"../../../Engine/Plugins/FX/Niagara/Content/Modules/Emitter/EmitterState.uexp" 217
"../../../Engine/Plugins/FX/Niagara/Content/DynamicInputs/ValueFromCurve/FloatFromCurve.uasset" 218
"../../../Engine/Plugins/FX/Niagara/Content/DynamicInputs/ValueFromCurve/FloatFromCurve.uexp" 219
"../../../Engine/Plugins/FX/Niagara/Content/DynamicInputs/UniformRange/V2/RandomRangeFloat.uasset" 220
"../../../Engine/Plugins/FX/Niagara/Content/DynamicInputs/UniformRange/V2/RandomRangeFloat.uexp" 221
"../../../Engine/Plugins/FX/Niagara/Content/Enums/ENiagaraArraySamplingMode.uasset" 222
"../../../Engine/Plugins/FX/Niagara/Content/Enums/ENiagaraArraySamplingMode.uexp" 223
"../../../Engine/Plugins/FX/Niagara/Content/DynamicInputs/Arrays/SelectVectorFromArray.uasset" 224
"../../../Engine/Plugins/FX/Niagara/Content/DynamicInputs/Arrays/SelectVectorFromArray.uexp" 225
"../../../Engine/Plugins/FX/Niagara/Content/Enums/SpriteRenderer/ENiagara_ScaleSpriteSize.uasset" 226
"../../../Engine/Plugins/FX/Niagara/Content/Enums/SpriteRenderer/ENiagara_ScaleSpriteSize.uexp" 227
"../../../Engine/Plugins/FX/Niagara/Content/Modules/Update/Size/ScaleSpriteSize.uasset" 228
"../../../Engine/Plugins/FX/Niagara/Content/Modules/Update/Size/ScaleSpriteSize.uexp" 229
"C:/Users/Public/Documents/Unreal Proejct/Zolup-Button_Project_MF/Project_MF/Content/Resource/Effects/Gun_effect_n.uasset" 230
"C:/Users/Public/Documents/Unreal Proejct/Zolup-Button_Project_MF/Project_MF/Content/Resource/Effects/Gun_effect_n.uexp" 231
"../../../Engine/Plugins/FX/Niagara/Content/Functions/V2/CalculateRandomUnitVector.uasset" 232
"../../../Engine/Plugins/FX/Niagara/Content/Functions/V2/CalculateRandomUnitVector.uexp" 233
"../../../Engine/Plugins/FX/Niagara/Content/DynamicInputs/Random/V2/RandomVector.uasset" 234
"../../../Engine/Plugins/FX/Niagara/Content/DynamicInputs/Random/V2/RandomVector.uexp" 235
"../../../Engine/Plugins/FX/Niagara/Content/Modules/Update/Forces/VectorNoiseForce.uasset" 236
"../../../Engine/Plugins/FX/Niagara/Content/Modules/Update/Forces/VectorNoiseForce.uexp" 237
"C:/Users/Public/Documents/Unreal Proejct/Zolup-Button_Project_MF/Project_MF/Content/Resource/Effects/Gun_effect_plasma_n.uasset" 238
"C:/Users/Public/Documents/Unreal Proejct/Zolup-Button_Project_MF/Project_MF/Content/Resource/Effects/Gun_effect_plasma_n.uexp" 239
"C:/Users/Public/Documents/Unreal Proejct/Zolup-Button_Project_MF/Project_MF/Content/Resource/Effects/Gun_effect_plasma_s.uasset" 240
"C:/Users/Public/Documents/Unreal Proejct/Zolup-Button_Project_MF/Project_MF/Content/Resource/Effects/Gun_effect_plasma_s.uexp" 241
"C:/Users/Public/Documents/Unreal Proejct/Zolup-Button_Project_MF/Project_MF/Content/Resource/Effects/Gun_effect_s.uasset" 242
"C:/Users/Public/Documents/Unreal Proejct/Zolup-Button_Project_MF/Project_MF/Content/Resource/Effects/Gun_effect_s.uexp" 243
"../../../Engine/Content/Functions/Engine_MaterialFunctions03/Procedurals/GeneratedBand.uasset" 244
"../../../Engine/Content/Functions/Engine_MaterialFunctions03/Procedurals/GeneratedBand.uexp" 245
"../../../Engine/Content/Functions/Engine_MaterialFunctions02/Utility/VectorLength.uasset" 246
"../../../Engine/Content/Functions/Engine_MaterialFunctions02/Utility/VectorLength.uexp" 247
"C:/Users/Public/Documents/Unreal Proejct/Zolup-Button_Project_MF/Project_MF/Content/Resource/Effects/Gun_material.uasset" 248
"C:/Users/Public/Documents/Unreal Proejct/Zolup-Button_Project_MF/Project_MF/Content/Resource/Effects/Gun_material.uexp" 249
"C:/Users/Public/Documents/Unreal Proejct/Zolup-Button_Project_MF/Project_MF/Content/Resource/Effects/Gun_material_Inst.uasset" 250
"C:/Users/Public/Documents/Unreal Proejct/Zolup-Button_Project_MF/Project_MF/Content/Resource/Effects/Gun_material_Inst.uexp" 251
"C:/Users/Public/Documents/Unreal Proejct/Zolup-Button_Project_MF/Project_MF/Content/Resource/Effects/Gun_plasma_ball_material.uasset" 252
"C:/Users/Public/Documents/Unreal Proejct/Zolup-Button_Project_MF/Project_MF/Content/Resource/Effects/Gun_plasma_ball_material.uexp" 253
"C:/Users/Public/Documents/Unreal Proejct/Zolup-Button_Project_MF/Project_MF/Content/Resource/Effects/Gun_plasma_ball_material_Inst.uasset" 254
"C:/Users/Public/Documents/Unreal Proejct/Zolup-Button_Project_MF/Project_MF/Content/Resource/Effects/Gun_plasma_ball_material_Inst.uexp" 255
"C:/Users/Public/Documents/Unreal Proejct/Zolup-Button_Project_MF/Project_MF/Content/Resource/Effects/Gun_plasma_material_Inst.uasset" 256
"C:/Users/Public/Documents/Unreal Proejct/Zolup-Button_Project_MF/Project_MF/Content/Resource/Effects/Gun_plasma_material_Inst.uexp" 257
"C:/Users/Public/Documents/Unreal Proejct/Zolup-Button_Project_MF/Project_MF/Content/Resource/Magnetic/NewBlueprint.uasset" 258
"C:/Users/Public/Documents/Unreal Proejct/Zolup-Button_Project_MF/Project_MF/Content/Resource/Magnetic/NewBlueprint.uexp" 259
"C:/Users/Public/Documents/Unreal Proejct/Zolup-Button_Project_MF/Project_MF/Content/Resource/Magnetic/NewMaterial.uasset" 260
"C:/Users/Public/Documents/Unreal Proejct/Zolup-Button_Project_MF/Project_MF/Content/Resource/Magnetic/NewMaterial.uexp" 261
"C:/Users/Public/Documents/Unreal Proejct/Zolup-Button_Project_MF/Project_MF/Content/Resource/Materials/M_MFMaterial.uasset" 262
"C:/Users/Public/Documents/Unreal Proejct/Zolup-Button_Project_MF/Project_MF/Content/Resource/Materials/M_MFMaterial.uexp" 263
"C:/Users/Public/Documents/Unreal Proejct/Zolup-Button_Project_MF/Project_MF/Content/Resource/PlayerCharacter/Meshs/Character_arm_Skeleton.uasset" 264
"C:/Users/Public/Documents/Unreal Proejct/Zolup-Button_Project_MF/Project_MF/Content/Resource/PlayerCharacter/Meshs/Character_arm_Skeleton.uexp" 265
"../../../Engine/Content/Animation/DefaultAnimCurveCompressionSettings.uasset" 266
"../../../Engine/Content/Animation/DefaultAnimCurveCompressionSettings.uexp" 267
"../../../Engine/Content/Animation/DefaultAnimBoneCompressionSettings.uasset" 268
"../../../Engine/Content/Animation/DefaultAnimBoneCompressionSettings.uexp" 269
"C:/Users/Public/Documents/Unreal Proejct/Zolup-Button_Project_MF/Project_MF/Content/Resource/PlayerCharacter/Animations/Jump_low_anima_Anim.uasset" 270
"C:/Users/Public/Documents/Unreal Proejct/Zolup-Button_Project_MF/Project_MF/Content/Resource/PlayerCharacter/Animations/Jump_low_anima_Anim.uexp" 271
"C:/Users/Public/Documents/Unreal Proejct/Zolup-Button_Project_MF/Project_MF/Content/Resource/PlayerCharacter/Animations/Jump_high_anima_Anim.uasset" 272
"C:/Users/Public/Documents/Unreal Proejct/Zolup-Button_Project_MF/Project_MF/Content/Resource/PlayerCharacter/Animations/Jump_high_anima_Anim.uexp" 273
"C:/Users/Public/Documents/Unreal Proejct/Zolup-Button_Project_MF/Project_MF/Content/Resource/PlayerCharacter/Animations/Idle_anima_Anim.uasset" 274
"C:/Users/Public/Documents/Unreal Proejct/Zolup-Button_Project_MF/Project_MF/Content/Resource/PlayerCharacter/Animations/Idle_anima_Anim.uexp" 275
"C:/Users/Public/Documents/Unreal Proejct/Zolup-Button_Project_MF/Project_MF/Content/Resource/PlayerCharacter/Animations/PlayerCharacterBlueprint.uasset" 276
"C:/Users/Public/Documents/Unreal Proejct/Zolup-Button_Project_MF/Project_MF/Content/Resource/PlayerCharacter/Animations/PlayerCharacterBlueprint.uexp" 277
"C:/Users/Public/Documents/Unreal Proejct/Zolup-Button_Project_MF/Project_MF/Content/Resource/PlayerCharacter/Animations/Reset_anima_Anim.uasset" 278
"C:/Users/Public/Documents/Unreal Proejct/Zolup-Button_Project_MF/Project_MF/Content/Resource/PlayerCharacter/Animations/Reset_anima_Anim.uexp" 279
"C:/Users/Public/Documents/Unreal Proejct/Zolup-Button_Project_MF/Project_MF/Content/Resource/PlayerCharacter/Animations/PlayerResetMontage.uasset" 280
"C:/Users/Public/Documents/Unreal Proejct/Zolup-Button_Project_MF/Project_MF/Content/Resource/PlayerCharacter/Animations/PlayerResetMontage.uexp" 281
"C:/Users/Public/Documents/Unreal Proejct/Zolup-Button_Project_MF/Project_MF/Content/Resource/PlayerCharacter/Animations/Shoot_anima.uasset" 282
"C:/Users/Public/Documents/Unreal Proejct/Zolup-Button_Project_MF/Project_MF/Content/Resource/PlayerCharacter/Animations/Shoot_anima.uexp" 283
"C:/Users/Public/Documents/Unreal Proejct/Zolup-Button_Project_MF/Project_MF/Content/Resource/PlayerCharacter/Animations/PlayerShootMontage.uasset" 284
"C:/Users/Public/Documents/Unreal Proejct/Zolup-Button_Project_MF/Project_MF/Content/Resource/PlayerCharacter/Animations/PlayerShootMontage.uexp" 285
"C:/Users/Public/Documents/Unreal Proejct/Zolup-Button_Project_MF/Project_MF/Content/Resource/PlayerCharacter/Meshs/Character_arm.uasset" 286
"C:/Users/Public/Documents/Unreal Proejct/Zolup-Button_Project_MF/Project_MF/Content/Resource/PlayerCharacter/Meshs/Character_arm.uexp" 287
"C:/Users/Public/Documents/Unreal Proejct/Zolup-Button_Project_MF/Project_MF/Content/UI/MainLevel_ModeSelectionButtons.uasset" 288
"C:/Users/Public/Documents/Unreal Proejct/Zolup-Button_Project_MF/Project_MF/Content/UI/MainLevel_ModeSelectionButtons.uexp" 289
"C:/Users/Public/Documents/Unreal Proejct/Zolup-Button_Project_MF/Project_MF/Content/UI/MainLevel_UICanvas.uasset" 290
"C:/Users/Public/Documents/Unreal Proejct/Zolup-Button_Project_MF/Project_MF/Content/UI/MainLevel_UICanvas.uexp" 291
"C:/Users/Public/Documents/Unreal Proejct/Zolup-Button_Project_MF/Project_MF/Content/UI/PlayerUI_MagneticInfo.uasset" 292
"C:/Users/Public/Documents/Unreal Proejct/Zolup-Button_Project_MF/Project_MF/Content/UI/PlayerUI_MagneticInfo.uexp" 293
"C:/Users/Public/Documents/Unreal Proejct/Zolup-Button_Project_MF/Project_MF/Content/Resource/UI/Aim/ProtoAim.uasset" 294
"C:/Users/Public/Documents/Unreal Proejct/Zolup-Button_Project_MF/Project_MF/Content/Resource/UI/Aim/ProtoAim.uexp" 295
"C:/Users/Public/Documents/Unreal Proejct/Zolup-Button_Project_MF/Project_MF/Content/UI/PlayerUI_Canvas.uasset" 296
"C:/Users/Public/Documents/Unreal Proejct/Zolup-Button_Project_MF/Project_MF/Content/UI/PlayerUI_Canvas.uexp" 297
"../../../Engine/Content/ArtTools/RenderToTexture/Meshes/S_1_Unit_Plane.uasset" 298
"../../../Engine/Content/ArtTools/RenderToTexture/Meshes/S_1_Unit_Plane.uexp" 299
"../../../Engine/Content/EngineMaterials/DefaultMaterial.uasset" 300
"../../../Engine/Content/EngineMaterials/DefaultMaterial.uexp" 301
"../../../Engine/Content/BasicShapes/Cone.uasset" 302
"../../../Engine/Content/BasicShapes/Cone.uexp" 303
"../../../Engine/Content/BasicShapes/Plane.uasset" 304
"../../../Engine/Content/BasicShapes/Plane.uexp" 305
"../../../Engine/Content/BasicShapes/Sphere.uasset" 306
"../../../Engine/Content/BasicShapes/Sphere.uexp" 307
"../../../Engine/Content/EditorLandscapeResources/DataLayer.uasset" 308
"../../../Engine/Content/EditorLandscapeResources/DataLayer.uexp" 309
"../../../Engine/Content/EditorLandscapeResources/DefaultAlphaTexture.uasset" 310
"../../../Engine/Content/EditorLandscapeResources/DefaultAlphaTexture.uexp" 311
"../../../Engine/Content/EditorMaterials/MAT_Groups_Toggle.uasset" 312
"../../../Engine/Content/EditorMaterials/MAT_Groups_Toggle.uexp" 313
"../../../Engine/Content/EditorMaterials/MAT_Groups_Visibility.uasset" 314
"../../../Engine/Content/EditorMaterials/MAT_Groups_Visibility.uexp" 315
"../../../Engine/Content/EditorMaterials/PreviewShadowIndicator.uasset" 316
"../../../Engine/Content/EditorMaterials/PreviewShadowIndicator.uexp" 317
"../../../Engine/Content/EditorMaterials/PreviewShadowIndicator.ubulk" 318
"../../../Engine/Content/EditorMaterials/PreviewShadowIndicatorMaterial.uasset" 319
"../../../Engine/Content/EditorMaterials/PreviewShadowIndicatorMaterial.uexp" 320
"../../../Engine/Content/EditorMaterials/MatineeGroups/MAT_ColorTrack.uasset" 321
"../../../Engine/Content/EditorMaterials/MatineeGroups/MAT_ColorTrack.uexp" 322
"../../../Engine/Content/EditorMaterials/MatineeGroups/MAT_Groups_Anim.uasset" 323
"../../../Engine/Content/EditorMaterials/MatineeGroups/MAT_Groups_Anim.uexp" 324
"../../../Engine/Content/EditorMaterials/MatineeGroups/MAT_Groups_AudioMaster.uasset" 325
"../../../Engine/Content/EditorMaterials/MatineeGroups/MAT_Groups_AudioMaster.uexp" 326
"../../../Engine/Content/EditorMaterials/MatineeGroups/MAT_Groups_Director.uasset" 327
"../../../Engine/Content/EditorMaterials/MatineeGroups/MAT_Groups_Director.uexp" 328
"../../../Engine/Content/EditorMaterials/MatineeGroups/MAT_Groups_Event.uasset" 329
"../../../Engine/Content/EditorMaterials/MatineeGroups/MAT_Groups_Event.uexp" 330
"../../../Engine/Content/EditorMaterials/MatineeGroups/MAT_Groups_Fade.uasset" 331
"../../../Engine/Content/EditorMaterials/MatineeGroups/MAT_Groups_Fade.uexp" 332
"../../../Engine/Content/EditorMaterials/MatineeGroups/MAT_Groups_Float.uasset" 333
"../../../Engine/Content/EditorMaterials/MatineeGroups/MAT_Groups_Float.uexp" 334
"../../../Engine/Content/EditorMaterials/MatineeGroups/MAT_Groups_Move.uasset" 335
"../../../Engine/Content/EditorMaterials/MatineeGroups/MAT_Groups_Move.uexp" 336
"../../../Engine/Content/EditorMaterials/MatineeGroups/MAT_Groups_Slomo.uasset" 337
"../../../Engine/Content/EditorMaterials/MatineeGroups/MAT_Groups_Slomo.uexp" 338
"../../../Engine/Content/EditorMaterials/MatineeGroups/MAT_Groups_Sound.uasset" 339
"../../../Engine/Content/EditorMaterials/MatineeGroups/MAT_Groups_Sound.uexp" 340
"../../../Engine/Content/EditorMaterials/MatineeGroups/MAT_Groups_Vector.uasset" 341
"../../../Engine/Content/EditorMaterials/MatineeGroups/MAT_Groups_Vector.uexp" 342
"../../../Engine/Content/EditorMaterials/ParticleSystems/PSysThumbnail_NoImage.uasset" 343
"../../../Engine/Content/EditorMaterials/ParticleSystems/PSysThumbnail_NoImage.uexp" 344
"../../../Engine/Content/EditorMaterials/ParticleSystems/PSysThumbnail_NoImage.ubulk" 345
"../../../Engine/Content/EditorMaterials/ParticleSystems/PSysThumbnail_OOD.uasset" 346
"../../../Engine/Content/EditorMaterials/ParticleSystems/PSysThumbnail_OOD.uexp" 347
"../../../Engine/Content/EditorMaterials/ParticleSystems/PSysThumbnail_OOD.ubulk" 348
"../../../Engine/Content/EditorMaterials/Camera/CineMat.uasset" 349
"../../../Engine/Content/EditorMaterials/Camera/CineMat.uexp" 350
"../../../Engine/Content/EditorMaterials/Camera/MI_CineMat_Rig.uasset" 351
"../../../Engine/Content/EditorMaterials/Camera/MI_CineMat_Rig.uexp" 352
"../../../Engine/Content/EditorMeshes/Camera/SM_CraneRig_Arm.uasset" 353
"../../../Engine/Content/EditorMeshes/Camera/SM_CraneRig_Arm.uexp" 354
"../../../Engine/Content/EditorMeshes/Camera/SM_CraneRig_Base.uasset" 355
"../../../Engine/Content/EditorMeshes/Camera/SM_CraneRig_Base.uexp" 356
"../../../Engine/Content/EditorMeshes/Camera/SM_CraneRig_Body.uasset" 357
"../../../Engine/Content/EditorMeshes/Camera/SM_CraneRig_Body.uexp" 358
"../../../Engine/Content/EditorMeshes/Camera/SM_CraneRig_Mount.uasset" 359
"../../../Engine/Content/EditorMeshes/Camera/SM_CraneRig_Mount.uexp" 360
"../../../Engine/Content/EditorMeshes/Camera/SM_RailRig_Mount.uasset" 361
"../../../Engine/Content/EditorMeshes/Camera/SM_RailRig_Mount.uexp" 362
"../../../Engine/Content/EditorMeshes/Camera/SM_RailRig_Track.uasset" 363
"../../../Engine/Content/EditorMeshes/Camera/SM_RailRig_Track.uexp" 364
"../../../Engine/Content/EditorResources/BSPVertex.uasset" 365
"../../../Engine/Content/EditorResources/BSPVertex.uexp" 366
"../../../Engine/Content/EditorResources/EmptyActor.uasset" 367
"../../../Engine/Content/EditorResources/EmptyActor.uexp" 368
"../../../Engine/Content/EditorResources/S_Actor.uasset" 369
"../../../Engine/Content/EditorResources/S_Actor.uexp" 370
"../../../Engine/Content/EditorResources/S_Actor.ubulk" 371
"../../../Engine/Content/EditorResources/S_Note.uasset" 372
"../../../Engine/Content/EditorResources/S_Note.uexp" 373
"../../../Engine/Content/EditorResources/S_Note.ubulk" 374
"../../../Engine/Content/EditorResources/S_Solver.uasset" 375
"../../../Engine/Content/EditorResources/S_Solver.uexp" 376
"../../../Engine/Content/EditorResources/S_Solver.ubulk" 377
"../../../Engine/Content/EditorResources/S_Terrain.uasset" 378
"../../../Engine/Content/EditorResources/S_Terrain.uexp" 379
"../../../Engine/Content/EditorResources/S_Terrain.ubulk" 380
"../../../Engine/Content/EditorResources/S_Trigger.uasset" 381
"../../../Engine/Content/EditorResources/S_Trigger.uexp" 382
"../../../Engine/Content/EditorResources/S_Trigger.ubulk" 383
"../../../Engine/Content/EditorResources/LightIcons/S_LightError.uasset" 384
"../../../Engine/Content/EditorResources/LightIcons/S_LightError.uexp" 385
"../../../Engine/Content/EditorResources/SequenceRecorder/Countdown.uasset" 386
"../../../Engine/Content/EditorResources/SequenceRecorder/Countdown.uexp" 387
"../../../Engine/Content/EditorResources/SequenceRecorder/RecordingIndicator.uasset" 388
"../../../Engine/Content/EditorResources/SequenceRecorder/RecordingIndicator.uexp" 389
"../../../Engine/Content/EngineDamageTypes/DmgTypeBP_Environmental.uasset" 390
"../../../Engine/Content/EngineDamageTypes/DmgTypeBP_Environmental.uexp" 391
"../../../Engine/Content/EngineDebugMaterials/DebugEditorMaterial.uasset" 392
"../../../Engine/Content/EngineDebugMaterials/DebugEditorMaterial.uexp" 393
"../../../Engine/Content/EngineDebugMaterials/DebugMeshMaterial.uasset" 394
"../../../Engine/Content/EngineDebugMaterials/DebugMeshMaterial.uexp" 395
"../../../Engine/Content/EngineDebugMaterials/M_SimpleUnlitTranslucent.uasset" 396
"../../../Engine/Content/EngineDebugMaterials/M_SimpleUnlitTranslucent.uexp" 397
"../../../Engine/Content/EngineDebugMaterials/VolumeToRender.uasset" 398
"../../../Engine/Content/EngineDebugMaterials/VolumeToRender.uexp" 399
"../../../Engine/Content/Functions/Engine_MaterialFunctions02/Utility/CameraDirectionVector.uasset" 400
"../../../Engine/Content/Functions/Engine_MaterialFunctions02/Utility/CameraDirectionVector.uexp" 401
"../../../Engine/Content/EngineDebugMaterials/M_VolumeRenderSphereTracePP.uasset" 402
"../../../Engine/Content/EngineDebugMaterials/M_VolumeRenderSphereTracePP.uexp" 403
"../../../Engine/Content/Functions/Engine_MaterialFunctions01/Shading/ConvertFromDiffSpec.uasset" 404
"../../../Engine/Content/Functions/Engine_MaterialFunctions01/Shading/ConvertFromDiffSpec.uexp" 405
"../../../Engine/Content/EngineDebugMaterials/VertexColorMaterial.uasset" 406
"../../../Engine/Content/EngineDebugMaterials/VertexColorMaterial.uexp" 407
"../../../Engine/Content/EngineDebugMaterials/WireframeMaterial.uasset" 408
"../../../Engine/Content/EngineDebugMaterials/WireframeMaterial.uexp" 409
"../../../Engine/Content/EngineFonts/Faces/RobotoRegular.uasset" 410
"../../../Engine/Content/EngineFonts/Faces/RobotoRegular.uexp" 411
"../../../Engine/Content/EngineFonts/Faces/RobotoRegular.ufont" 412
"../../../Engine/Content/EngineFonts/Faces/RobotoLight.uasset" 413
"../../../Engine/Content/EngineFonts/Faces/RobotoLight.uexp" 414
"../../../Engine/Content/EngineFonts/Faces/RobotoLight.ufont" 415
"../../../Engine/Content/EngineFonts/Faces/RobotoItalic.uasset" 416
"../../../Engine/Content/EngineFonts/Faces/RobotoItalic.uexp" 417
"../../../Engine/Content/EngineFonts/Faces/RobotoItalic.ufont" 418
"../../../Engine/Content/EngineFonts/Faces/RobotoBoldItalic.uasset" 419
"../../../Engine/Content/EngineFonts/Faces/RobotoBoldItalic.uexp" 420
"../../../Engine/Content/EngineFonts/Faces/RobotoBoldItalic.ufont" 421
"../../../Engine/Content/EngineFonts/Faces/RobotoBold.uasset" 422
"../../../Engine/Content/EngineFonts/Faces/RobotoBold.uexp" 423
"../../../Engine/Content/EngineFonts/Faces/RobotoBold.ufont" 424
"../../../Engine/Content/EngineFonts/Faces/DroidSansFallback.uasset" 425
"../../../Engine/Content/EngineFonts/Faces/DroidSansFallback.uexp" 426
"../../../Engine/Content/EngineFonts/Faces/DroidSansFallback.ufont" 427
"../../../Engine/Content/EngineFonts/Roboto.uasset" 428
"../../../Engine/Content/EngineFonts/Roboto.uexp" 429
"../../../Engine/Content/EngineMaterials/BaseFlattenNormalMap.uasset" 430
"../../../Engine/Content/EngineMaterials/BaseFlattenNormalMap.uexp" 431
"../../../Engine/Content/EngineMaterials/BaseFlattenGrayscaleMap.uasset" 432
"../../../Engine/Content/EngineMaterials/BaseFlattenGrayscaleMap.uexp" 433
"../../../Engine/Content/EngineMaterials/BaseFlattenEmissiveMap.uasset" 434
"../../../Engine/Content/EngineMaterials/BaseFlattenEmissiveMap.uexp" 435
"../../../Engine/Content/EngineMaterials/BaseFlattenDiffuseMap.uasset" 436
"../../../Engine/Content/EngineMaterials/BaseFlattenDiffuseMap.uexp" 437
"../../../Engine/Content/EngineMaterials/BaseFlattenMaterial.uasset" 438
"../../../Engine/Content/EngineMaterials/BaseFlattenMaterial.uexp" 439
"../../../Engine/Content/EngineMaterials/BlueNoise.uasset" 440
"../../../Engine/Content/EngineMaterials/BlueNoise.uexp" 441
"../../../Engine/Content/EngineMaterials/DefaultBloomKernel.uasset" 442
"../../../Engine/Content/EngineMaterials/DefaultBloomKernel.uexp" 443
"../../../Engine/Content/EngineMaterials/DefaultBokeh.uasset" 444
"../../../Engine/Content/EngineMaterials/DefaultBokeh.uexp" 445
"../../../Engine/Content/EngineMaterials/DefaultDiffuse.uasset" 446
"../../../Engine/Content/EngineMaterials/DefaultDiffuse.uexp" 447
"../../../Engine/Content/EngineMaterials/DefaultDiffuse.ubulk" 448
"../../../Engine/Content/EngineMaterials/DefaultDeferredDecalMaterial.uasset" 449
"../../../Engine/Content/EngineMaterials/DefaultDeferredDecalMaterial.uexp" 450
"../../../Engine/Content/EngineMaterials/DefaultLightFunctionMaterial.uasset" 451
"../../../Engine/Content/EngineMaterials/DefaultLightFunctionMaterial.uexp" 452
"../../../Engine/Content/EngineMaterials/DefaultPhysicalMaterial.uasset" 453
"../../../Engine/Content/EngineMaterials/DefaultPhysicalMaterial.uexp" 454
"../../../Engine/Content/EngineMaterials/DefaultPostProcessMaterial.uasset" 455
"../../../Engine/Content/EngineMaterials/DefaultPostProcessMaterial.uexp" 456
"../../../Engine/Content/EngineFonts/RobotoDistanceField.uasset" 457
"../../../Engine/Content/EngineFonts/RobotoDistanceField.uexp" 458
"../../../Engine/Content/EngineMaterials/DefaultTextMaterialOpaque.uasset" 459
"../../../Engine/Content/EngineMaterials/DefaultTextMaterialOpaque.uexp" 460
"../../../Engine/Content/EngineMaterials/DefaultWhiteGrid.uasset" 461
"../../../Engine/Content/EngineMaterials/DefaultWhiteGrid.uexp" 462
"../../../Engine/Content/EngineMaterials/DefaultWhiteGrid.ubulk" 463
"../../../Engine/Content/EngineMaterials/DefaultWhiteGrid_Low.uasset" 464
"../../../Engine/Content/EngineMaterials/DefaultWhiteGrid_Low.uexp" 465
"../../../Engine/Content/EngineMaterials/EmissiveMeshMaterial.uasset" 466
"../../../Engine/Content/EngineMaterials/EmissiveMeshMaterial.uexp" 467
"../../../Engine/Content/EngineMaterials/GizmoMaterial.uasset" 468
"../../../Engine/Content/EngineMaterials/GizmoMaterial.uexp" 469
"../../../Engine/Content/EngineMaterials/Good64x64TilingNoiseHighFreq.uasset" 470
"../../../Engine/Content/EngineMaterials/Good64x64TilingNoiseHighFreq.uexp" 471
"../../../Engine/Content/EngineMaterials/MiniFont.uasset" 472
"../../../Engine/Content/EngineMaterials/MiniFont.uexp" 473
"../../../Engine/Content/EngineMaterials/InvalidLightmapSettings.uasset" 474
"../../../Engine/Content/EngineMaterials/InvalidLightmapSettings.uexp" 475
"../../../Engine/Content/EngineMaterials/InvalidLightmapSettings.ubulk" 476
"../../../Engine/Content/EngineMaterials/M_InvalidLightmapSettings.uasset" 477
"../../../Engine/Content/EngineMaterials/M_InvalidLightmapSettings.uexp" 478
"../../../Engine/Content/Functions/Engine_MaterialFunctions02/WorldPositionOffset/CameraOffset.uasset" 479
"../../../Engine/Content/Functions/Engine_MaterialFunctions02/WorldPositionOffset/CameraOffset.uexp" 480
"../../../Engine/Content/EngineMaterials/PhAT_JointLimitMaterial.uasset" 481
"../../../Engine/Content/EngineMaterials/PhAT_JointLimitMaterial.uexp" 482
"../../../Engine/Content/EngineMaterials/DefaultCalibrationColor.uasset" 483
"../../../Engine/Content/EngineMaterials/DefaultCalibrationColor.uexp" 484
"../../../Engine/Content/EngineMaterials/PPM_DefaultCalibrationColor.uasset" 485
"../../../Engine/Content/EngineMaterials/PPM_DefaultCalibrationColor.uexp" 486
"../../../Engine/Content/EngineMaterials/DefaultCalibrationGrayscale.uasset" 487
"../../../Engine/Content/EngineMaterials/DefaultCalibrationGrayscale.uexp" 488
"../../../Engine/Content/EngineMaterials/PPM_DefaultCalibrationGrayscale.uasset" 489
"../../../Engine/Content/EngineMaterials/PPM_DefaultCalibrationGrayscale.uexp" 490
"../../../Engine/Content/EngineMaterials/PreintegratedSkinBRDF.uasset" 491
"../../../Engine/Content/EngineMaterials/PreintegratedSkinBRDF.uexp" 492
"../../../Engine/Content/EngineMaterials/RemoveSurfaceMaterial.uasset" 493
"../../../Engine/Content/EngineMaterials/RemoveSurfaceMaterial.uexp" 494
"../../../Engine/Content/EngineMaterials/WeightMapPlaceholderTexture.uasset" 495
"../../../Engine/Content/EngineMaterials/WeightMapPlaceholderTexture.uexp" 496
"../../../Engine/Content/EngineResources/WhiteSquareTexture.uasset" 497
"../../../Engine/Content/EngineResources/WhiteSquareTexture.uexp" 498
"../../../Engine/Content/EngineMaterials/Widget3DPassThrough.uasset" 499
"../../../Engine/Content/EngineMaterials/Widget3DPassThrough.uexp" 500
"../../../Engine/Content/EngineMaterials/Widget3DPassThrough_Opaque.uasset" 501
"../../../Engine/Content/EngineMaterials/Widget3DPassThrough_Opaque.uexp" 502
"../../../Engine/Content/EngineMaterials/Widget3DPassThrough_Opaque_OneSided.uasset" 503
"../../../Engine/Content/EngineMaterials/Widget3DPassThrough_Opaque_OneSided.uexp" 504
"../../../Engine/Content/EngineMaterials/Widget3DPassThrough_Translucent.uasset" 505
"../../../Engine/Content/EngineMaterials/Widget3DPassThrough_Translucent.uexp" 506
"../../../Engine/Content/EngineMaterials/Widget3DPassThrough_Translucent_OneSided.uasset" 507
"../../../Engine/Content/EngineMaterials/Widget3DPassThrough_Translucent_OneSided.uexp" 508
"../../../Engine/Content/EngineMeshes/Cylinder.uasset" 509
"../../../Engine/Content/EngineMeshes/Cylinder.uexp" 510
"../../../Engine/Content/EngineMeshes/Sphere.uasset" 511
"../../../Engine/Content/EngineMeshes/Sphere.uexp" 512
"../../../Engine/Content/EngineResources/DefaultTextureCube.uasset" 513
"../../../Engine/Content/EngineResources/DefaultTextureCube.uexp" 514
"../../../Engine/Content/EngineResources/DefaultVolumeTexture2D.uasset" 515
"../../../Engine/Content/EngineResources/DefaultVolumeTexture2D.uexp" 516
"../../../Engine/Content/EngineResources/DefaultVolumeTexture.uasset" 517
"../../../Engine/Content/EngineResources/DefaultVolumeTexture.uexp" 518
"../../../Engine/Content/EngineResources/GradientTexture0.uasset" 519
"../../../Engine/Content/EngineResources/GradientTexture0.uexp" 520
"../../../Engine/Content/EngineSky/VolumetricClouds/T_NoiseShape64.uasset" 521
"../../../Engine/Content/EngineSky/VolumetricClouds/T_NoiseShape64.uexp" 522
"../../../Engine/Content/EngineSky/VolumetricClouds/T_NoiseShape64.ubulk" 523
"../../../Engine/Content/EngineSky/VolumetricClouds/T_VolumeNoiseShape64.uasset" 524
"../../../Engine/Content/EngineSky/VolumetricClouds/T_VolumeNoiseShape64.uexp" 525
"../../../Engine/Content/EngineSky/VolumetricClouds/T_NoiseErosion.uasset" 526
"../../../Engine/Content/EngineSky/VolumetricClouds/T_NoiseErosion.uexp" 527
"../../../Engine/Content/EngineSky/VolumetricClouds/T_NoiseErosion.ubulk" 528
"../../../Engine/Content/EngineSky/VolumetricClouds/T_VolumeNoiseErosion32.uasset" 529
"../../../Engine/Content/EngineSky/VolumetricClouds/T_VolumeNoiseErosion32.uexp" 530
"../../../Engine/Content/EngineSky/VolumetricClouds/CloudWeatherTexture.uasset" 531
"../../../Engine/Content/EngineSky/VolumetricClouds/CloudWeatherTexture.uexp" 532
"../../../Engine/Content/EngineSky/VolumetricClouds/CloudGradientTexture.uasset" 533
"../../../Engine/Content/EngineSky/VolumetricClouds/CloudGradientTexture.uexp" 534
"../../../Engine/Content/Functions/Engine_MaterialFunctions02/Utility/MakeFloat2.uasset" 535
"../../../Engine/Content/Functions/Engine_MaterialFunctions02/Utility/MakeFloat2.uexp" 536
"../../../Engine/Content/EngineSky/VolumetricClouds/m_SimpleVolumetricCloud.uasset" 537
"../../../Engine/Content/EngineSky/VolumetricClouds/m_SimpleVolumetricCloud.uexp" 538
"../../../Engine/Content/EngineSky/VolumetricClouds/m_SimpleVolumetricCloud_Inst.uasset" 539
"../../../Engine/Content/EngineSky/VolumetricClouds/m_SimpleVolumetricCloud_Inst.uexp" 540
"../../../Engine/Content/EngineSounds/Master.uasset" 541
"../../../Engine/Content/EngineSounds/Master.uexp" 542
"../../../Engine/Content/Functions/Engine_MaterialFunctions01/Shading/PowerToRoughness.uasset" 543
"../../../Engine/Content/Functions/Engine_MaterialFunctions01/Shading/PowerToRoughness.uexp" 544
"../../../Engine/Content/Maps/Templates/Thumbnails/Default.uasset" 545
"../../../Engine/Content/Maps/Templates/Thumbnails/Default.uexp" 546
"../../../Engine/Content/Maps/Templates/Thumbnails/TimeOfDay.uasset" 547
"../../../Engine/Content/Maps/Templates/Thumbnails/TimeOfDay.uexp" 548
"../../../Engine/Content/Maps/Templates/Thumbnails/VR-Basic.uasset" 549
"../../../Engine/Content/Maps/Templates/Thumbnails/VR-Basic.uexp" 550
"../../../Engine/Content/MobileResources/T_MobileControls_texture.uasset" 551
"../../../Engine/Content/MobileResources/T_MobileControls_texture.uexp" 552
"../../../Engine/Content/MobileResources/T_MobileMenu2.uasset" 553
"../../../Engine/Content/MobileResources/T_MobileMenu2.uexp" 554
"../../../Engine/Content/MobileResources/HUD/AnalogHat.uasset" 555
"../../../Engine/Content/MobileResources/HUD/AnalogHat.uexp" 556
"../../../Engine/Content/MobileResources/HUD/VirtualJoystick_Thumb.uasset" 557
"../../../Engine/Content/MobileResources/HUD/VirtualJoystick_Thumb.uexp" 558
"../../../Engine/Content/MobileResources/HUD/VirtualJoystick_Background.uasset" 559
"../../../Engine/Content/MobileResources/HUD/VirtualJoystick_Background.uexp" 560
"../../../Engine/Content/MobileResources/HUD/DefaultVirtualJoysticks.uasset" 561
"../../../Engine/Content/MobileResources/HUD/DefaultVirtualJoysticks.uexp" 562
"../../../Engine/Content/MobileResources/HUD/LeftVirtualJoystickOnly.uasset" 563
"../../../Engine/Content/MobileResources/HUD/LeftVirtualJoystickOnly.uexp" 564
"../../../Engine/Content/MobileResources/HUD/MobileHUDButton1_off.uasset" 565
"../../../Engine/Content/MobileResources/HUD/MobileHUDButton1_off.uexp" 566
"../../../Engine/Content/MobileResources/HUD/MobileHUDButton1_on.uasset" 567
"../../../Engine/Content/MobileResources/HUD/MobileHUDButton1_on.uexp" 568
"../../../Engine/Content/MobileResources/HUD/MobileHUDButton2_off.uasset" 569
"../../../Engine/Content/MobileResources/HUD/MobileHUDButton2_off.uexp" 570
"../../../Engine/Content/MobileResources/HUD/MobileHUDButton2_on.uasset" 571
"../../../Engine/Content/MobileResources/HUD/MobileHUDButton2_on.uexp" 572
"../../../Engine/Content/MobileResources/HUD/MobileHUDButton3.uasset" 573
"../../../Engine/Content/MobileResources/HUD/MobileHUDButton3.uexp" 574
"../../../Engine/Content/MobileResources/HUD/MobileHUDButtonFire.uasset" 575
"../../../Engine/Content/MobileResources/HUD/MobileHUDButtonFire.uexp" 576
"../../../Engine/Content/MobileResources/HUD/MobileHUDDirectionPad.uasset" 577
"../../../Engine/Content/MobileResources/HUD/MobileHUDDirectionPad.uexp" 578
"../../../Engine/Content/MobileResources/HUD/MobileHUDDirectionPad2.uasset" 579
"../../../Engine/Content/MobileResources/HUD/MobileHUDDirectionPad2.uexp" 580
"../../../Engine/Content/MobileResources/HUD/MobileHUDDirectionPad3.uasset" 581
"../../../Engine/Content/MobileResources/HUD/MobileHUDDirectionPad3.uexp" 582
"../../../Engine/Content/MobileResources/HUD/MobileHUDDirectionStick.uasset" 583
"../../../Engine/Content/MobileResources/HUD/MobileHUDDirectionStick.uexp" 584
"../../../Engine/Content/MobileResources/HUD/T_Castle_ThumbstickInner.uasset" 585
"../../../Engine/Content/MobileResources/HUD/T_Castle_ThumbstickInner.uexp" 586
"../../../Engine/Content/MobileResources/HUD/T_Castle_ThumbstickOutter.uasset" 587
"../../../Engine/Content/MobileResources/HUD/T_Castle_ThumbstickOutter.uexp" 588
"../../../Engine/Content/Tutorial/ContentIntroCurve.uasset" 589
"../../../Engine/Content/Tutorial/ContentIntroCurve.uexp" 590
"../../../Engine/Content/Tutorial/Basics/TutorialAssets/icon_tab_Levels_40x.uasset" 591
"../../../Engine/Content/Tutorial/Basics/TutorialAssets/icon_tab_Levels_40x.uexp" 592
"../../../Engine/Content/Tutorial/BlueprintTutorials/TutorialAssets/Blueprint_64x.uasset" 593
"../../../Engine/Content/Tutorial/BlueprintTutorials/TutorialAssets/Blueprint_64x.uexp" 594
"../../../Engine/Content/VREditor/TransformGizmo/TranslucentTransformGizmoMaterial.uasset" 595
"../../../Engine/Content/VREditor/TransformGizmo/TranslucentTransformGizmoMaterial.uexp" 596
"../../../Engine/Content/VREditor/LaserPointer/VR_LaserPower_01.uasset" 597
"../../../Engine/Content/VREditor/LaserPointer/VR_LaserPower_01.uexp" 598
"../../../Engine/Content/VREditor/LaserPointer/VR_LaserPower_01.ubulk" 599
"../../../Engine/Content/VREditor/TransformGizmo/TransformGizmoMaterial.uasset" 600
"../../../Engine/Content/VREditor/TransformGizmo/TransformGizmoMaterial.uexp" 601
"../../../Engine/Content/VREditor/TransformGizmo/BoundingBoxCorner.uasset" 602
"../../../Engine/Content/VREditor/TransformGizmo/BoundingBoxCorner.uexp" 603
"../../../Engine/Content/VREditor/TransformGizmo/BoundingBoxEdge.uasset" 604
"../../../Engine/Content/VREditor/TransformGizmo/BoundingBoxEdge.uexp" 605
"../../../Engine/Content/VREditor/TransformGizmo/PlaneTranslationHandle.uasset" 606
"../../../Engine/Content/VREditor/TransformGizmo/PlaneTranslationHandle.uexp" 607
"../../../Engine/Content/VREditor/TransformGizmo/Xray.uasset" 608
"../../../Engine/Content/VREditor/TransformGizmo/Xray.uexp" 609
"../../../Engine/Content/VREditor/TransformGizmo/Main.uasset" 610
"../../../Engine/Content/VREditor/TransformGizmo/Main.uexp" 611
"../../../Engine/Content/VREditor/TransformGizmo/SM_Sequencer_Key.uasset" 612
"../../../Engine/Content/VREditor/TransformGizmo/SM_Sequencer_Key.uexp" 613
"../../../Engine/Content/VREditor/TransformGizmo/SM_Sequencer_Node.uasset" 614
"../../../Engine/Content/VREditor/TransformGizmo/SM_Sequencer_Node.uexp" 615
"../../../Engine/Plugins/2D/Paper2D/Content/PlaceholderTextures/DummySpriteTexture.uasset" 616
"../../../Engine/Plugins/2D/Paper2D/Content/PlaceholderTextures/DummySpriteTexture.uexp" 617
"../../../Engine/Plugins/2D/Paper2D/Content/PlaceholderTextures/DummySpriteTexture.ubulk" 618
"../../../Engine/Plugins/2D/Paper2D/Content/DummySprite.uasset" 619
"../../../Engine/Plugins/2D/Paper2D/Content/DummySprite.uexp" 620
"../../../Engine/Plugins/2D/Paper2D/Content/DefaultPaperTerrainMaterial.uasset" 621
"../../../Engine/Plugins/2D/Paper2D/Content/DefaultPaperTerrainMaterial.uexp" 622
"../../../Engine/Plugins/2D/Paper2D/Content/DefaultSpriteMaterial.uasset" 623
"../../../Engine/Plugins/2D/Paper2D/Content/DefaultSpriteMaterial.uexp" 624
"../../../Engine/Plugins/2D/Paper2D/Content/MaskedUnlitSpriteMaterial.uasset" 625
"../../../Engine/Plugins/2D/Paper2D/Content/MaskedUnlitSpriteMaterial.uexp" 626
"../../../Engine/Plugins/2D/Paper2D/Content/OpaqueUnlitSpriteMaterial.uasset" 627
"../../../Engine/Plugins/2D/Paper2D/Content/OpaqueUnlitSpriteMaterial.uexp" 628
"../../../Engine/Content/Functions/Engine_MaterialFunctions02/ObjectLocalBounds.uasset" 629
"../../../Engine/Content/Functions/Engine_MaterialFunctions02/ObjectLocalBounds.uexp" 630
"../../../Engine/Content/Functions/Engine_MaterialFunctions02/WorldPositionOffset/ObjectScale.uasset" 631
"../../../Engine/Content/Functions/Engine_MaterialFunctions02/WorldPositionOffset/ObjectScale.uexp" 632
"../../../Engine/Content/Functions/Engine_MaterialFunctions02/Utility/BreakOutFloat3Components.uasset" 633
"../../../Engine/Content/Functions/Engine_MaterialFunctions02/Utility/BreakOutFloat3Components.uexp" 634
"../../../Engine/Plugins/Editor/SpeedTreeImporter/Content/SpeedTree9/SpeedTreeBillboard.uasset" 635
"../../../Engine/Plugins/Editor/SpeedTreeImporter/Content/SpeedTree9/SpeedTreeBillboard.uexp" 636
"../../../Engine/Plugins/Editor/SpeedTreeImporter/Content/SpeedTree9/game_wind_noise.uasset" 637
"../../../Engine/Plugins/Editor/SpeedTreeImporter/Content/SpeedTree9/game_wind_noise.uexp" 638
"../../../Engine/Plugins/Editor/SpeedTreeImporter/Content/SpeedTree9/game_wind_noise.ubulk" 639
"../../../Engine/Plugins/Editor/SpeedTreeImporter/Content/SpeedTree9/EmptyNormal.uasset" 640
"../../../Engine/Plugins/Editor/SpeedTreeImporter/Content/SpeedTree9/EmptyNormal.uexp" 641
"../../../Engine/Plugins/Editor/SpeedTreeImporter/Content/SpeedTree9/Empty.uasset" 642
"../../../Engine/Plugins/Editor/SpeedTreeImporter/Content/SpeedTree9/Empty.uexp" 643
"../../../Engine/Plugins/Editor/SpeedTreeImporter/Content/SpeedTree9/UnpackInteger3.uasset" 644
"../../../Engine/Plugins/Editor/SpeedTreeImporter/Content/SpeedTree9/UnpackInteger3.uexp" 645
"../../../Engine/Plugins/Editor/SpeedTreeImporter/Content/SpeedTree9/UnpackDirection.uasset" 646
"../../../Engine/Plugins/Editor/SpeedTreeImporter/Content/SpeedTree9/UnpackDirection.uexp" 647
"../../../Engine/Content/Functions/Engine_MaterialFunctions02/SafeNormalize.uasset" 648
"../../../Engine/Content/Functions/Engine_MaterialFunctions02/SafeNormalize.uexp" 649
"../../../Engine/Plugins/Editor/SpeedTreeImporter/Content/SpeedTree9/SpeedTreeWindMotion.uasset" 650
"../../../Engine/Plugins/Editor/SpeedTreeImporter/Content/SpeedTree9/SpeedTreeWindMotion.uexp" 651
"../../../Engine/Plugins/Editor/SpeedTreeImporter/Content/SpeedTree9/SpeedTreeBranchMotion.uasset" 652
"../../../Engine/Plugins/Editor/SpeedTreeImporter/Content/SpeedTree9/SpeedTreeBranchMotion.uexp" 653
"../../../Engine/Content/Functions/Engine_MaterialFunctions02/UVs/BoundingBoxBased_0-1_UVW.uasset" 654
"../../../Engine/Content/Functions/Engine_MaterialFunctions02/UVs/BoundingBoxBased_0-1_UVW.uexp" 655
"../../../Engine/Plugins/Editor/SpeedTreeImporter/Content/SpeedTree9/SpeedTreeWind.uasset" 656
"../../../Engine/Plugins/Editor/SpeedTreeImporter/Content/SpeedTree9/SpeedTreeWind.uexp" 657
"../../../Engine/Plugins/Editor/SpeedTreeImporter/Content/SpeedTree9/SpeedTreeBillboardMaster.uasset" 658
"../../../Engine/Plugins/Editor/SpeedTreeImporter/Content/SpeedTree9/SpeedTreeBillboardMaster.uexp" 659
"../../../Engine/Plugins/Editor/SpeedTreeImporter/Content/SpeedTree9/SpeedTreeCameraFacing.uasset" 660
"../../../Engine/Plugins/Editor/SpeedTreeImporter/Content/SpeedTree9/SpeedTreeCameraFacing.uexp" 661
"../../../Engine/Plugins/Editor/SpeedTreeImporter/Content/SpeedTree9/SpeedTreeMaster.uasset" 662
"../../../Engine/Plugins/Editor/SpeedTreeImporter/Content/SpeedTree9/SpeedTreeMaster.uexp" 663
"../../../Engine/Content/BasicShapes/Cylinder.uasset" 664
"../../../Engine/Content/BasicShapes/Cylinder.uexp" 665
"../../../Engine/Content/ArtTools/RenderToTexture/Materials/Debug/M_Emissive_Color.uasset" 666
"../../../Engine/Content/ArtTools/RenderToTexture/Materials/Debug/M_Emissive_Color.uexp" 667
"../../../Engine/Plugins/Lumin/MagicLeapPassableWorld/Content/MagicLeapARPinInfoActor.uasset" 668
"../../../Engine/Plugins/Lumin/MagicLeapPassableWorld/Content/MagicLeapARPinInfoActor.uexp" 669
"../../../Engine/Content/EngineResources/Black.uasset" 670
"../../../Engine/Content/EngineResources/Black.uexp" 671
"../../../Engine/Plugins/Runtime/OpenXR/Content/Devices/GoogleDaydream/MRTexture.uasset" 672
"../../../Engine/Plugins/Runtime/OpenXR/Content/Devices/GoogleDaydream/MRTexture.uexp" 673
"../../../Engine/Plugins/Runtime/OpenXR/Content/Devices/GoogleDaydream/MRTexture.ubulk" 674
"../../../Engine/Plugins/Runtime/OpenXR/Content/Devices/GoogleDaydream/BaseTexture.uasset" 675
"../../../Engine/Plugins/Runtime/OpenXR/Content/Devices/GoogleDaydream/BaseTexture.uexp" 676
"../../../Engine/Plugins/Runtime/OpenXR/Content/Devices/GoogleDaydream/BaseTexture.ubulk" 677
"../../../Engine/Plugins/Runtime/OpenXR/Content/Devices/M_XRController.uasset" 678
"../../../Engine/Plugins/Runtime/OpenXR/Content/Devices/M_XRController.uexp" 679
"../../../Engine/Plugins/Runtime/OpenXR/Content/Devices/GoogleDaydream/MI_GoogleDaydream.uasset" 680
"../../../Engine/Plugins/Runtime/OpenXR/Content/Devices/GoogleDaydream/MI_GoogleDaydream.uexp" 681
"../../../Engine/Plugins/Runtime/OpenXR/Content/Devices/GoogleDaydream/GoogleDaydreamController.uasset" 682
"../../../Engine/Plugins/Runtime/OpenXR/Content/Devices/GoogleDaydream/GoogleDaydreamController.uexp" 683
"../../../Engine/Plugins/Runtime/OpenXR/Content/Devices/HTCVive/BaseTexture.uasset" 684
"../../../Engine/Plugins/Runtime/OpenXR/Content/Devices/HTCVive/BaseTexture.uexp" 685
"../../../Engine/Plugins/Runtime/OpenXR/Content/Devices/HTCVive/BaseTexture.ubulk" 686
"../../../Engine/Plugins/Runtime/OpenXR/Content/Devices/HTCVive/MI_HTCVive.uasset" 687
"../../../Engine/Plugins/Runtime/OpenXR/Content/Devices/HTCVive/MI_HTCVive.uexp" 688
"../../../Engine/Plugins/Runtime/OpenXR/Content/Devices/HTCVive/HTCViveController.uasset" 689
"../../../Engine/Plugins/Runtime/OpenXR/Content/Devices/HTCVive/HTCViveController.uexp" 690
"../../../Engine/Plugins/Runtime/OpenXR/Content/Devices/MicrosoftMixedReality/NormalTexture.uasset" 691
"../../../Engine/Plugins/Runtime/OpenXR/Content/Devices/MicrosoftMixedReality/NormalTexture.uexp" 692
"../../../Engine/Plugins/Runtime/OpenXR/Content/Devices/MicrosoftMixedReality/NormalTexture.ubulk" 693
"../../../Engine/Plugins/Runtime/OpenXR/Content/Devices/MicrosoftMixedReality/MRTexture.uasset" 694
"../../../Engine/Plugins/Runtime/OpenXR/Content/Devices/MicrosoftMixedReality/MRTexture.uexp" 695
"../../../Engine/Plugins/Runtime/OpenXR/Content/Devices/MicrosoftMixedReality/MRTexture.ubulk" 696
"../../../Engine/Plugins/Runtime/OpenXR/Content/Devices/MicrosoftMixedReality/EmissiveTexture.uasset" 697
"../../../Engine/Plugins/Runtime/OpenXR/Content/Devices/MicrosoftMixedReality/EmissiveTexture.uexp" 698
"../../../Engine/Plugins/Runtime/OpenXR/Content/Devices/MicrosoftMixedReality/EmissiveTexture.ubulk" 699
"../../../Engine/Plugins/Runtime/OpenXR/Content/Devices/MicrosoftMixedReality/BaseTexture.uasset" 700
"../../../Engine/Plugins/Runtime/OpenXR/Content/Devices/MicrosoftMixedReality/BaseTexture.uexp" 701
"../../../Engine/Plugins/Runtime/OpenXR/Content/Devices/MicrosoftMixedReality/BaseTexture.ubulk" 702
"../../../Engine/Plugins/Runtime/OpenXR/Content/Devices/MicrosoftMixedReality/MI_MicrosoftMixedReality.uasset" 703
"../../../Engine/Plugins/Runtime/OpenXR/Content/Devices/MicrosoftMixedReality/MI_MicrosoftMixedReality.uexp" 704
"../../../Engine/Plugins/Runtime/OpenXR/Content/Devices/MicrosoftMixedReality/Left/left_MicrosoftMixedRealityController.uasset" 705
"../../../Engine/Plugins/Runtime/OpenXR/Content/Devices/MicrosoftMixedReality/Left/left_MicrosoftMixedRealityController.uexp" 706
"../../../Engine/Plugins/Runtime/OpenXR/Content/Devices/MicrosoftMixedReality/Right/right_MicrosoftMixedRealityController.uasset" 707
"../../../Engine/Plugins/Runtime/OpenXR/Content/Devices/MicrosoftMixedReality/Right/right_MicrosoftMixedRealityController.uexp" 708
"../../../Engine/Plugins/Runtime/OpenXR/Content/Devices/OculusGo/BaseTexture.uasset" 709
"../../../Engine/Plugins/Runtime/OpenXR/Content/Devices/OculusGo/BaseTexture.uexp" 710
"../../../Engine/Plugins/Runtime/OpenXR/Content/Devices/OculusGo/BaseTexture.ubulk" 711
"../../../Engine/Plugins/Runtime/OpenXR/Content/Devices/OculusGo/MI_OculusGo.uasset" 712
"../../../Engine/Plugins/Runtime/OpenXR/Content/Devices/OculusGo/MI_OculusGo.uexp" 713
"../../../Engine/Plugins/Runtime/OpenXR/Content/Devices/OculusGo/OculusGoController.uasset" 714
"../../../Engine/Plugins/Runtime/OpenXR/Content/Devices/OculusGo/OculusGoController.uexp" 715
"../../../Engine/Plugins/Runtime/OpenXR/Content/Devices/OculusTouch/MRTexture.uasset" 716
"../../../Engine/Plugins/Runtime/OpenXR/Content/Devices/OculusTouch/MRTexture.uexp" 717
"../../../Engine/Plugins/Runtime/OpenXR/Content/Devices/OculusTouch/MRTexture.ubulk" 718
"../../../Engine/Plugins/Runtime/OpenXR/Content/Devices/OculusTouch/BaseTexture.uasset" 719
"../../../Engine/Plugins/Runtime/OpenXR/Content/Devices/OculusTouch/BaseTexture.uexp" 720
"../../../Engine/Plugins/Runtime/OpenXR/Content/Devices/OculusTouch/BaseTexture.ubulk" 721
"../../../Engine/Plugins/Runtime/OpenXR/Content/Devices/OculusTouch/MI_OculusTouch.uasset" 722
"../../../Engine/Plugins/Runtime/OpenXR/Content/Devices/OculusTouch/MI_OculusTouch.uexp" 723
"../../../Engine/Plugins/Runtime/OpenXR/Content/Devices/OculusTouch/Left/left_OculusTouchController.uasset" 724
"../../../Engine/Plugins/Runtime/OpenXR/Content/Devices/OculusTouch/Left/left_OculusTouchController.uexp" 725
"../../../Engine/Plugins/Runtime/OpenXR/Content/Devices/OculusTouch/Right/right_OculusTouchController.uasset" 726
"../../../Engine/Plugins/Runtime/OpenXR/Content/Devices/OculusTouch/Right/right_OculusTouchController.uexp" 727
"../../../Engine/Plugins/Runtime/OpenXR/Content/Devices/OculusTouch_v2/MRTexture.uasset" 728
"../../../Engine/Plugins/Runtime/OpenXR/Content/Devices/OculusTouch_v2/MRTexture.uexp" 729
"../../../Engine/Plugins/Runtime/OpenXR/Content/Devices/OculusTouch_v2/MRTexture.ubulk" 730
"../../../Engine/Plugins/Runtime/OpenXR/Content/Devices/OculusTouch_v2/BaseTexture.uasset" 731
"../../../Engine/Plugins/Runtime/OpenXR/Content/Devices/OculusTouch_v2/BaseTexture.uexp" 732
"../../../Engine/Plugins/Runtime/OpenXR/Content/Devices/OculusTouch_v2/BaseTexture.ubulk" 733
"../../../Engine/Plugins/Runtime/OpenXR/Content/Devices/OculusTouch_v2/MI_OculusTouch_v2.uasset" 734
"../../../Engine/Plugins/Runtime/OpenXR/Content/Devices/OculusTouch_v2/MI_OculusTouch_v2.uexp" 735
"../../../Engine/Plugins/Runtime/OpenXR/Content/Devices/OculusTouch_v2/Left/left_OculusTouch_v2Controller.uasset" 736
"../../../Engine/Plugins/Runtime/OpenXR/Content/Devices/OculusTouch_v2/Left/left_OculusTouch_v2Controller.uexp" 737
"../../../Engine/Plugins/Runtime/OpenXR/Content/Devices/OculusTouch_v2/Right/right_OculusTouch_v2Controller.uasset" 738
"../../../Engine/Plugins/Runtime/OpenXR/Content/Devices/OculusTouch_v2/Right/right_OculusTouch_v2Controller.uexp" 739
"../../../Engine/Plugins/Runtime/OpenXR/Content/Devices/OculusTouch_v3/MRTexture.uasset" 740
"../../../Engine/Plugins/Runtime/OpenXR/Content/Devices/OculusTouch_v3/MRTexture.uexp" 741
"../../../Engine/Plugins/Runtime/OpenXR/Content/Devices/OculusTouch_v3/MRTexture.ubulk" 742
"../../../Engine/Plugins/Runtime/OpenXR/Content/Devices/OculusTouch_v3/BaseTexture.uasset" 743
"../../../Engine/Plugins/Runtime/OpenXR/Content/Devices/OculusTouch_v3/BaseTexture.uexp" 744
"../../../Engine/Plugins/Runtime/OpenXR/Content/Devices/OculusTouch_v3/BaseTexture.ubulk" 745
"../../../Engine/Plugins/Runtime/OpenXR/Content/Devices/OculusTouch_v3/MI_OculusTouch_v3.uasset" 746
"../../../Engine/Plugins/Runtime/OpenXR/Content/Devices/OculusTouch_v3/MI_OculusTouch_v3.uexp" 747
"../../../Engine/Plugins/Runtime/OpenXR/Content/Devices/OculusTouch_v3/Left/left_OculusTouch_v3Controller.uasset" 748
"../../../Engine/Plugins/Runtime/OpenXR/Content/Devices/OculusTouch_v3/Left/left_OculusTouch_v3Controller.uexp" 749
"../../../Engine/Plugins/Runtime/OpenXR/Content/Devices/OculusTouch_v3/Right/right_OculusTouch_v3Controller.uasset" 750
"../../../Engine/Plugins/Runtime/OpenXR/Content/Devices/OculusTouch_v3/Right/right_OculusTouch_v3Controller.uexp" 751
"../../../Engine/Plugins/Runtime/OpenXR/Content/Devices/ValveIndex/MRTexture.uasset" 752
"../../../Engine/Plugins/Runtime/OpenXR/Content/Devices/ValveIndex/MRTexture.uexp" 753
"../../../Engine/Plugins/Runtime/OpenXR/Content/Devices/ValveIndex/MRTexture.ubulk" 754
"../../../Engine/Plugins/Runtime/OpenXR/Content/Devices/ValveIndex/BaseTexture.uasset" 755
"../../../Engine/Plugins/Runtime/OpenXR/Content/Devices/ValveIndex/BaseTexture.uexp" 756
"../../../Engine/Plugins/Runtime/OpenXR/Content/Devices/ValveIndex/BaseTexture.ubulk" 757
"../../../Engine/Plugins/Runtime/OpenXR/Content/Devices/ValveIndex/Left/MI_left_ValveIndex.uasset" 758
"../../../Engine/Plugins/Runtime/OpenXR/Content/Devices/ValveIndex/Left/MI_left_ValveIndex.uexp" 759
"../../../Engine/Plugins/Runtime/OpenXR/Content/Devices/ValveIndex/Left/left_ValveIndexController.uasset" 760
"../../../Engine/Plugins/Runtime/OpenXR/Content/Devices/ValveIndex/Left/left_ValveIndexController.uexp" 761
"../../../Engine/Plugins/Runtime/OpenXR/Content/Devices/ValveIndex/Right/MI_right_ValveIndex.uasset" 762
"../../../Engine/Plugins/Runtime/OpenXR/Content/Devices/ValveIndex/Right/MI_right_ValveIndex.uexp" 763
"../../../Engine/Plugins/Runtime/OpenXR/Content/Devices/ValveIndex/Right/right_ValveIndexController.uasset" 764
"../../../Engine/Plugins/Runtime/OpenXR/Content/Devices/ValveIndex/Right/right_ValveIndexController.uexp" 765
"../../../Engine/Content/Functions/Engine_MaterialFunctions02/Utility/BreakOutFloat4Components.uasset" 766
"../../../Engine/Content/Functions/Engine_MaterialFunctions02/Utility/BreakOutFloat4Components.uexp" 767
"../../../Engine/Content/Functions/Engine_MaterialFunctions02/Utility/MakeFloat3.uasset" 768
"../../../Engine/Content/Functions/Engine_MaterialFunctions02/Utility/MakeFloat3.uexp" 769
"../../../Engine/Plugins/Runtime/Oculus/OculusVR/Content/Materials/OculusMR_ChromaKey.uasset" 770
"../../../Engine/Plugins/Runtime/Oculus/OculusVR/Content/Materials/OculusMR_ChromaKey.uexp" 771
"../../../Engine/Plugins/Runtime/Oculus/OculusVR/Content/Materials/OculusMR_OpaqueColoredMaterial.uasset" 772
"../../../Engine/Plugins/Runtime/Oculus/OculusVR/Content/Materials/OculusMR_OpaqueColoredMaterial.uexp" 773
"../../../Engine/Plugins/Runtime/Oculus/OculusVR/Content/Materials/PokeAHoleMaterial.uasset" 774
"../../../Engine/Plugins/Runtime/Oculus/OculusVR/Content/Materials/PokeAHoleMaterial.uexp" 775
"../../../Engine/Plugins/Runtime/Oculus/OculusVR/Content/Textures/touchController_controlmap.uasset" 776
"../../../Engine/Plugins/Runtime/Oculus/OculusVR/Content/Textures/touchController_controlmap.uexp" 777
"../../../Engine/Plugins/Runtime/Oculus/OculusVR/Content/Textures/touchController_controlmap.ubulk" 778
"../../../Engine/Plugins/Runtime/Oculus/OculusVR/Content/Textures/touchController_albedo.uasset" 779
"../../../Engine/Plugins/Runtime/Oculus/OculusVR/Content/Textures/touchController_albedo.uexp" 780
"../../../Engine/Plugins/Runtime/Oculus/OculusVR/Content/Textures/touchController_albedo.ubulk" 781
"../../../Engine/Plugins/Runtime/Oculus/OculusVR/Content/Materials/touchController_mat.uasset" 782
"../../../Engine/Plugins/Runtime/Oculus/OculusVR/Content/Materials/touchController_mat.uexp" 783
"../../../Engine/Plugins/Runtime/Oculus/OculusVR/Content/Meshes/LeftTouchController.uasset" 784
"../../../Engine/Plugins/Runtime/Oculus/OculusVR/Content/Meshes/LeftTouchController.uexp" 785
"../../../Engine/Plugins/Runtime/Oculus/OculusVR/Content/Textures/TouchForQuestRiftSController_albedo.uasset" 786
"../../../Engine/Plugins/Runtime/Oculus/OculusVR/Content/Textures/TouchForQuestRiftSController_albedo.uexp" 787
"../../../Engine/Plugins/Runtime/Oculus/OculusVR/Content/Textures/TouchForQuestRiftSController_albedo.ubulk" 788
"../../../Engine/Plugins/Runtime/Oculus/OculusVR/Content/Materials/TouchForQuestRiftSControllerMaterial.uasset" 789
"../../../Engine/Plugins/Runtime/Oculus/OculusVR/Content/Materials/TouchForQuestRiftSControllerMaterial.uexp" 790
"../../../Engine/Plugins/Runtime/Oculus/OculusVR/Content/Meshes/LeftTouchForQuestRiftSController.uasset" 791
"../../../Engine/Plugins/Runtime/Oculus/OculusVR/Content/Meshes/LeftTouchForQuestRiftSController.uexp" 792
"../../../Engine/Plugins/Runtime/Oculus/OculusVR/Content/Meshes/RiftHMD.uasset" 793
"../../../Engine/Plugins/Runtime/Oculus/OculusVR/Content/Meshes/RiftHMD.uexp" 794
"../../../Engine/Plugins/Runtime/Oculus/OculusVR/Content/Meshes/RightTouchController.uasset" 795
"../../../Engine/Plugins/Runtime/Oculus/OculusVR/Content/Meshes/RightTouchController.uexp" 796
"../../../Engine/Plugins/Runtime/Oculus/OculusVR/Content/Meshes/RightTouchForQuestRiftSController.uasset" 797
"../../../Engine/Plugins/Runtime/Oculus/OculusVR/Content/Meshes/RightTouchForQuestRiftSController.uexp" 798
"../../../Engine/Content/MapTemplates/SM_Template_Map_Floor.uasset" 799
"../../../Engine/Content/MapTemplates/SM_Template_Map_Floor.uexp" 800
"../../../Engine/Content/EngineSky/T_Sky_Stars.uasset" 801
"../../../Engine/Content/EngineSky/T_Sky_Stars.uexp" 802
"../../../Engine/Content/EngineSky/T_Sky_Stars.ubulk" 803
"../../../Engine/Content/EngineSky/T_Sky_Clouds_M.uasset" 804
"../../../Engine/Content/EngineSky/T_Sky_Clouds_M.uexp" 805
"../../../Engine/Content/EngineSky/T_Sky_Clouds_M.ubulk" 806
"../../../Engine/Content/EngineSky/T_Sky_Blue.uasset" 807
"../../../Engine/Content/EngineSky/T_Sky_Blue.uexp" 808
"../../../Engine/Content/EngineSky/T_Sky_Blue.ubulk" 809
"../../../Engine/Content/EngineSky/M_Sky_Panning_Clouds2.uasset" 810
"../../../Engine/Content/EngineSky/M_Sky_Panning_Clouds2.uexp" 811
"C:/Users/Public/Documents/Unreal Proejct/Zolup-Button_Project_MF/Project_MF/Content/Levels/ContentLevel_BuiltData.uasset" 812
"C:/Users/Public/Documents/Unreal Proejct/Zolup-Button_Project_MF/Project_MF/Content/Levels/ContentLevel_BuiltData.uexp" 813
"C:/Users/Public/Documents/Unreal Proejct/Zolup-Button_Project_MF/Project_MF/Content/Levels/ContentLevel_BuiltData.ubulk" 814
"../../../Engine/Content/EditorBlueprintResources/StandardMacros.uasset" 815
"../../../Engine/Content/EditorBlueprintResources/StandardMacros.uexp" 816
"../../../Engine/Content/EngineSky/SM_SkySphere.uasset" 817
"../../../Engine/Content/EngineSky/SM_SkySphere.uexp" 818
"../../../Engine/Content/EngineSky/C_Sky_Zenith_Color.uasset" 819
"../../../Engine/Content/EngineSky/C_Sky_Zenith_Color.uexp" 820
"../../../Engine/Content/EngineSky/C_Sky_Horizon_Color.uasset" 821
"../../../Engine/Content/EngineSky/C_Sky_Horizon_Color.uexp" 822
"../../../Engine/Content/EngineSky/C_Sky_Cloud_Color.uasset" 823
"../../../Engine/Content/EngineSky/C_Sky_Cloud_Color.uexp" 824
"../../../Engine/Content/EngineSky/BP_Sky_Sphere.uasset" 825
"../../../Engine/Content/EngineSky/BP_Sky_Sphere.uexp" 826
"../../../Engine/Content/BasicShapes/Cube.uasset" 827
"../../../Engine/Content/BasicShapes/Cube.uexp" 828
"C:/Users/Public/Documents/Unreal Proejct/Zolup-Button_Project_MF/Project_MF/Content/Levels/ContentLevel.uexp" 829
"C:/Users/Public/Documents/Unreal Proejct/Zolup-Button_Project_MF/Project_MF/Content/Levels/ContentLevel.umap" 830
"C:/Users/Public/Documents/Unreal Proejct/Zolup-Button_Project_MF/Project_MF/Content/Blueprints/PowerGenerator.uasset" 831
"C:/Users/Public/Documents/Unreal Proejct/Zolup-Button_Project_MF/Project_MF/Content/Blueprints/PowerGenerator.uexp" 832
"C:/Users/Public/Documents/Unreal Proejct/Zolup-Button_Project_MF/Project_MF/Content/Blueprints/PowerExecutioner.uasset" 833
"C:/Users/Public/Documents/Unreal Proejct/Zolup-Button_Project_MF/Project_MF/Content/Blueprints/PowerExecutioner.uexp" 834
"C:/Users/Public/Documents/Unreal Proejct/Zolup-Button_Project_MF/Project_MF/Content/Blueprints/PowerConnector.uasset" 835
"C:/Users/Public/Documents/Unreal Proejct/Zolup-Button_Project_MF/Project_MF/Content/Blueprints/PowerConnector.uexp" 836
"C:/Users/Public/Documents/Unreal Proejct/Zolup-Button_Project_MF/Project_MF/Content/Levels/EditLevel.uexp" 837
"C:/Users/Public/Documents/Unreal Proejct/Zolup-Button_Project_MF/Project_MF/Content/Levels/EditLevel.umap" 838
"C:/Users/Public/Documents/Unreal Proejct/Zolup-Button_Project_MF/Project_MF/Content/Levels/GameLevel.uexp" 839
"C:/Users/Public/Documents/Unreal Proejct/Zolup-Button_Project_MF/Project_MF/Content/Levels/GameLevel.umap" 840
"C:/Users/Public/Documents/Unreal Proejct/Zolup-Button_Project_MF/Project_MF/Content/Levels/MainLevel.uexp" 841
"C:/Users/Public/Documents/Unreal Proejct/Zolup-Button_Project_MF/Project_MF/Content/Levels/MainLevel.umap" 842
"../../../Engine/Content/EngineMaterials/Widget3DPassThrough_Masked_OneSided.uasset" 843
"../../../Engine/Content/EngineMaterials/Widget3DPassThrough_Masked_OneSided.uexp" 844
"../../../Engine/Content/EngineMaterials/Widget3DPassThrough_Masked.uasset" 845
"../../../Engine/Content/EngineMaterials/Widget3DPassThrough_Masked.uexp" 846
"C:/Users/Public/Documents/Unreal Proejct/Zolup-Button_Project_MF/Project_MF/Content/Levels/Level_0_BuiltData.uasset" 847
"C:/Users/Public/Documents/Unreal Proejct/Zolup-Button_Project_MF/Project_MF/Content/Levels/Level_0_BuiltData.uexp" 848
"C:/Users/Public/Documents/Unreal Proejct/Zolup-Button_Project_MF/Project_MF/Content/Levels/Level_0_BuiltData.ubulk" 849
"C:/Users/Public/Documents/Unreal Proejct/Zolup-Button_Project_MF/Project_MF/Content/Blueprints/TestProppeller.uasset" 850
"C:/Users/Public/Documents/Unreal Proejct/Zolup-Button_Project_MF/Project_MF/Content/Blueprints/TestProppeller.uexp" 851
"C:/Users/Public/Documents/Unreal Proejct/Zolup-Button_Project_MF/Project_MF/Content/Levels/Level_0.uexp" 852
"C:/Users/Public/Documents/Unreal Proejct/Zolup-Button_Project_MF/Project_MF/Content/Levels/Level_0.umap" 853
"../../../Engine/Content/Maps/Entry_BuiltData.uasset" 854
"../../../Engine/Content/Maps/Entry_BuiltData.uexp" 855
"../../../Engine/Content/Maps/Entry.uexp" 856
"../../../Engine/Content/Maps/Entry.umap" 857
