  Cleaning Project_MFEditor and UnrealHeaderTool binaries...
  Using 'git status' to determine working set for adaptive non-unity build (D:\Users\qkrdl\Documents\GitHub\Zolup-Button_Project_MF).
  Creating makefile for Project_MFEditor (no existing makefile)
  Parsing headers for Project_MFEditor
    Running UnrealHeaderTool "D:\Users\qkrdl\Documents\GitHub\Zolup-Button_Project_MF\Project_MF\Project_MF.uproject" "D:\Users\qkrdl\Documents\GitHub\Zolup-Button_Project_MF\Project_MF\Intermediate\Build\Win64\Project_MFEditor\Development\Project_MFEditor.uhtmanifest" -LogCmds="loginit warning, logexit warning, logdatabase error" -Unattended -WarningsAsErrors -abslog="C:\Users\qkrdl\AppData\Local\UnrealBuildTool\Log_UHT.txt" -installed
  LogInit: Display: Loading text-based GConfig....
  Reflection code generated for Project_MFEditor in 4.1575739 seconds
  Building Project_MFEditor...
  Using Visual Studio 2019 14.29.30147 toolchain (C:\Program Files (x86)\Microsoft Visual Studio\2019\Community\VC\Tools\MSVC\14.29.30133) and Windows 10.0.22621.0 SDK (C:\Program Files (x86)\Windows Kits\10).
  [Adaptive unity build] Excluded from Project_MF unity file: PowerConveyorMovementComponent.cpp, PowerDirectionMovementComponent.cpp, PowerRotationMovementComponent.cpp
  [Adaptive unity build] Excluded from Project_MF.gen unity file: CustomGameInstance.gen.cpp, MainLevelGameMode.gen.cpp, MainLevelPawn.gen.cpp, MainLevelPawnController.gen.cpp, MainLevelScriptActor.gen.cpp, MainLevelUICanvasWidget.gen.cpp, Project_MF.init.gen.cpp, Project_MFGameModeBase.gen.cpp
  Building 18 actions with 8 processes...
    [1/18] Default.rc2
    [2/18] SharedPCH.Engine.ShadowErrors.cpp
    [3/18] PowerRotationMovementComponent.cpp
    [4/18] CustomGameInstance.gen.cpp
    [5/18] MainLevelScriptActor.gen.cpp
    [6/18] Project_MFGameModeBase.gen.cpp
    [7/18] MainLevelGameMode.gen.cpp
    [8/18] PowerConveyorMovementComponent.cpp
    [9/18] PowerDirectionMovementComponent.cpp
    [10/18] MainLevelPawn.gen.cpp
    [11/18] Project_MF.init.gen.cpp
    [12/18] MainLevelPawnController.gen.cpp
    [13/18] MainLevelUICanvasWidget.gen.cpp
    [14/18] Module.Project_MF.gen.cpp
    [15/18] Module.Project_MF.cpp
    [16/18] UE4Editor-Project_MF.lib
       D:\Users\qkrdl\Documents\GitHub\Zolup-Button_Project_MF\Project_MF\Intermediate\Build\Win64\UE4Editor\Development\Project_MF\UE4Editor-Project_MF.lib 라이브러리 및 D:\Users\qkrdl\Documents\GitHub\Zolup-Button_Project_MF\Project_MF\Intermediate\Build\Win64\UE4Editor\Development\Project_MF\UE4Editor-Project_MF.exp 개체를 생성하고 있습니다.
    [17/18] UE4Editor-Project_MF.dll
       D:\Users\qkrdl\Documents\GitHub\Zolup-Button_Project_MF\Project_MF\Intermediate\Build\Win64\UE4Editor\Development\Project_MF\UE4Editor-Project_MF.suppressed.lib 라이브러리 및 D:\Users\qkrdl\Documents\GitHub\Zolup-Button_Project_MF\Project_MF\Intermediate\Build\Win64\UE4Editor\Development\Project_MF\UE4Editor-Project_MF.suppressed.exp 개체를 생성하고 있습니다.
    [18/18] Project_MFEditor.target
  Total time in Parallel executor: 28.11 seconds
  Total execution time: 41.26 seconds
