Log file open, 03/11/23 19:09:04
LogWindows: Failed to load 'aqProf.dll' (GetLastError=126)
LogWindows: File 'aqProf.dll' does not exist
LogWindows: Failed to load 'VtuneApi.dll' (GetLastError=126)
LogWindows: File 'VtuneApi.dll' does not exist
LogWindows: Failed to load 'VtuneApi32e.dll' (GetLastError=126)
LogWindows: File 'VtuneApi32e.dll' does not exist
LogConsoleResponse: Display: Failed to find resolution value strings in scalability ini. Falling back to default.
LogConsoleResponse: Display: Failed to find resolution value strings in scalability ini. Falling back to default.
LogInit: Display: Running engine for game: Project_MF
LogPlatformFile: Not using cached read wrapper
LogTaskGraph: Started task graph with 5 named threads and 23 total threads with 3 sets of task threads.
LogStats: Stats thread started at 0.234137
LogICUInternationalization: ICU TimeZone Detection - Raw Offset: +9:00, Platform Override: ''
LogInit: Display: Loading text-based GConfig....
LogPluginManager: Mounting plugin MeshPainting
LogPluginManager: Mounting plugin XGEController
LogPluginManager: Mounting plugin Paper2D
LogPluginManager: Mounting plugin AISupport
LogPluginManager: Mounting plugin EnvironmentQueryEditor
LogPluginManager: Mounting plugin LightPropagationVolume
LogPluginManager: Mounting plugin LiveLink
LogPluginManager: Mounting plugin GameplayCameras
LogPluginManager: Mounting plugin AnimationSharing
LogPluginManager: Mounting plugin CameraShakePreviewer
LogPluginManager: Mounting plugin CLionSourceCodeAccess
LogPluginManager: Mounting plugin CodeLiteSourceCodeAccess
LogPluginManager: Mounting plugin NullSourceCodeAccess
LogPluginManager: Mounting plugin GitSourceControl
LogPluginManager: Mounting plugin KDevelopSourceCodeAccess
LogPluginManager: Mounting plugin PerforceSourceControl
LogPluginManager: Mounting plugin PixWinPlugin
LogPluginManager: Mounting plugin PlasticSourceControl
LogPluginManager: Mounting plugin PluginUtils
LogPluginManager: Mounting plugin PropertyAccessNode
LogPluginManager: Mounting plugin RiderSourceCodeAccess
LogPluginManager: Mounting plugin SubversionSourceControl
LogPluginManager: Mounting plugin TextureFormatOodle
LogPluginManager: Mounting plugin VisualStudioCodeSourceCodeAccess
LogPluginManager: Mounting plugin UObjectPlugin
LogPluginManager: Mounting plugin AssetManagerEditor
LogPluginManager: Mounting plugin VisualStudioSourceCodeAccess
LogPluginManager: Mounting plugin XCodeSourceCodeAccess
LogPluginManager: Mounting plugin CryptoKeys
LogPluginManager: Mounting plugin DataValidation
LogPluginManager: Mounting plugin CurveEditorTools
LogPluginManager: Mounting plugin FacialAnimation
LogPluginManager: Mounting plugin GameplayTagsEditor
LogPluginManager: Mounting plugin GeometryMode
LogPluginManager: Mounting plugin MacGraphicsSwitching
LogPluginManager: Mounting plugin MaterialAnalyzer
LogPluginManager: Mounting plugin MobileLauncherProfileWizard
LogPluginManager: Mounting plugin OodleData
LogPluginManager: Mounting plugin OodleNetwork
LogPluginManager: Mounting plugin PluginBrowser
LogPluginManager: Mounting plugin SpeedTreeImporter
LogPluginManager: Mounting plugin DatasmithContent
LogPluginManager: Mounting plugin Niagara
LogPluginManager: Mounting plugin VariantManagerContent
LogPluginManager: Mounting plugin AlembicImporter
LogPluginManager: Mounting plugin AutomationUtils
LogPluginManager: Mounting plugin BackChannel
LogPluginManager: Mounting plugin ChaosCloth
LogPluginManager: Mounting plugin ChaosClothEditor
LogPluginManager: Mounting plugin ChaosEditor
LogPluginManager: Mounting plugin ChaosNiagara
LogPluginManager: Mounting plugin ChaosSolverPlugin
LogPluginManager: Mounting plugin CharacterAI
LogPluginManager: Mounting plugin GeometryCache
LogPluginManager: Mounting plugin GeometryCollectionPlugin
LogPluginManager: Mounting plugin GeometryProcessing
LogPluginManager: Mounting plugin MotoSynth
LogPluginManager: Mounting plugin OpenImageDenoise
LogPluginManager: Mounting plugin PlatformCrypto
LogPluginManager: Mounting plugin PlanarCut
LogPluginManager: Mounting plugin ProxyLODPlugin
LogPluginManager: Mounting plugin PythonScriptPlugin
LogPluginManager: Mounting plugin SkeletalReduction
LogPluginManager: Mounting plugin LuminPlatformFeatures
LogPluginManager: Mounting plugin MagicLeap
LogPluginManager: Mounting plugin MagicLeapLightEstimation
LogPluginManager: Mounting plugin MagicLeapMedia
LogPluginManager: Mounting plugin MagicLeapPassableWorld
LogPluginManager: Mounting plugin MLSDK
LogPluginManager: Mounting plugin AndroidMedia
LogPluginManager: Mounting plugin AvfMedia
LogPluginManager: Mounting plugin ImgMedia
LogPluginManager: Mounting plugin MediaCompositing
LogPluginManager: Mounting plugin MediaPlayerEditor
LogPluginManager: Mounting plugin WebMMedia
LogPluginManager: Mounting plugin WmfMedia
LogPluginManager: Mounting plugin TcpMessaging
LogPluginManager: Mounting plugin UdpMessaging
LogPluginManager: Mounting plugin ActorSequence
LogPluginManager: Mounting plugin LevelSequenceEditor
LogPluginManager: Mounting plugin MatineeToLevelSequence
LogPluginManager: Mounting plugin TemplateSequence
LogPluginManager: Mounting plugin OnlineSubsystem
LogPluginManager: Mounting plugin OnlineSubsystemNull
LogPluginManager: Mounting plugin LauncherChunkInstaller
LogPluginManager: Mounting plugin ActorLayerUtilities
LogPluginManager: Mounting plugin OnlineSubsystemUtils
LogPluginManager: Mounting plugin AndroidDeviceProfileSelector
LogPluginManager: Mounting plugin AndroidMoviePlayer
LogPluginManager: Mounting plugin AndroidPermission
LogPluginManager: Mounting plugin AppleImageUtils
LogPluginManager: Mounting plugin AppleMoviePlayer
LogPluginManager: Mounting plugin ArchVisCharacter
LogPluginManager: Mounting plugin AssetTags
LogPluginManager: Mounting plugin AudioCapture
LogPluginManager: Mounting plugin AudioSynesthesia
LogPluginManager: Mounting plugin CableComponent
LogPluginManager: Mounting plugin ChunkDownloader
LogPluginManager: Mounting plugin CustomMeshComponent
LogPluginManager: Mounting plugin EditableMesh
LogPluginManager: Mounting plugin ExampleDeviceProfileSelector
LogPluginManager: Mounting plugin GoogleCloudMessaging
LogPluginManager: Mounting plugin GooglePAD
LogPluginManager: Mounting plugin IOSDeviceProfileSelector
LogPluginManager: Mounting plugin LinuxDeviceProfileSelector
LogPluginManager: Mounting plugin LocationServicesBPLibrary
LogPluginManager: Mounting plugin MobilePatchingUtils
LogPluginManager: Mounting plugin OpenXR
LogPluginManager: Mounting plugin OpenXREyeTracker
LogPluginManager: Mounting plugin OpenXRHandTracking
LogPluginManager: Mounting plugin PostSplashScreen
LogPluginManager: Mounting plugin ProceduralMeshComponent
LogPluginManager: Mounting plugin PhysXVehicles
LogPluginManager: Mounting plugin PropertyAccessEditor
LogPluginManager: Mounting plugin RuntimePhysXCooking
LogPluginManager: Mounting plugin SignificanceManager
LogPluginManager: Mounting plugin SoundFields
LogPluginManager: Mounting plugin Synthesis
LogPluginManager: Mounting plugin WebMMoviePlayer
LogPluginManager: Mounting plugin WindowsMoviePlayer
LogPluginManager: Mounting plugin ScreenshotTools
LogPluginManager: Mounting plugin Takes
LogPluginManager: Mounting plugin ContentBrowserAssetDataSource
LogPluginManager: Mounting plugin ContentBrowserClassDataSource
LogPluginManager: Mounting plugin ContentBrowserFileDataSource
LogPluginManager: Mounting plugin OnlineSubsystemIOS
LogPluginManager: Mounting plugin OnlineSubsystemGooglePlay
LogPluginManager: Mounting plugin OculusVR
LogPluginManager: Mounting plugin SteamVR
PixWinPlugin: PIX capture plugin failed to initialize! Check that the process is launched from PIX.
LogInit: Using libcurl 7.55.1-DEV
LogInit:  - built for x86_64-pc-win32
LogInit:  - supports SSL with OpenSSL/1.1.1
LogInit:  - supports HTTP deflate (compression) using libz 1.2.8
LogInit:  - other features:
LogInit:      CURL_VERSION_SSL
LogInit:      CURL_VERSION_LIBZ
LogInit:      CURL_VERSION_IPV6
LogInit:      CURL_VERSION_ASYNCHDNS
LogInit:      CURL_VERSION_LARGEFILE
LogInit:      CURL_VERSION_IDN
LogInit:  CurlRequestOptions (configurable via config and command line):
LogInit:  - bVerifyPeer = true  - Libcurl will verify peer certificate
LogInit:  - bUseHttpProxy = false  - Libcurl will NOT use HTTP proxy
LogInit:  - bDontReuseConnections = false  - Libcurl will reuse connections
LogInit:  - MaxHostConnections = 16  - Libcurl will limit the number of connections to a host
LogInit:  - LocalHostAddr = Default
LogInit:  - BufferSize = 65536
LogOnline: OSS: Creating online subsystem instance for: NULL
LogInit: WinSock: version 1.1 (2.2), MaxSocks=32767, MaxUdp=65467
LogOnline: OSS: TryLoadSubsystemAndSetDefault: Loaded subsystem for module [NULL]
LogOculusPluginWrapper: OculusPlugin initialized successfully
LogHMD: Failed initializing OVRPlugin 1.59.0
LogInit: Build: ++UE4+Release-4.27-CL-18319896
LogInit: Engine Version: 4.27.2-18319896+++UE4+Release-4.27
LogInit: Compatible Engine Version: 4.27.0-17155196+++UE4+Release-4.27
LogInit: Net CL: 17155196
LogInit: OS: Windows 10 (Release 2009) (), CPU: AMD Ryzen 3 3300X 4-Core Processor             , GPU: NVIDIA GeForce RTX 2060 SUPER
LogInit: Compiled (64-bit): Nov 30 2021 07:12:08
LogInit: Compiled with Visual C++: 19.24.28315.00
LogInit: Build Configuration: Development
LogInit: Branch Name: ++UE4+Release-4.27
LogInit: Command Line: 
LogInit: Base Directory: D:/Program Files/Epic Games/UE_4.27/Engine/Binaries/Win64/
LogInit: Allocator: TBB
LogInit: Installed Engine Build: 1
LogDevObjectVersion: Number of dev versions registered: 29
LogDevObjectVersion:   Dev-Blueprints (B0D832E4-1F89-4F0D-ACCF-7EB736FD4AA2): 10
LogDevObjectVersion:   Dev-Build (E1C64328-A22C-4D53-A36C-8E866417BD8C): 0
LogDevObjectVersion:   Dev-Core (375EC13C-06E4-48FB-B500-84F0262A717E): 4
LogDevObjectVersion:   Dev-Editor (E4B068ED-F494-42E9-A231-DA0B2E46BB41): 40
LogDevObjectVersion:   Dev-Framework (CFFC743F-43B0-4480-9391-14DF171D2073): 37
LogDevObjectVersion:   Dev-Mobile (B02B49B5-BB20-44E9-A304-32B752E40360): 3
LogDevObjectVersion:   Dev-Networking (A4E4105C-59A1-49B5-A7C5-40C4547EDFEE): 0
LogDevObjectVersion:   Dev-Online (39C831C9-5AE6-47DC-9A44-9C173E1C8E7C): 0
LogDevObjectVersion:   Dev-Physics (78F01B33-EBEA-4F98-B9B4-84EACCB95AA2): 14
LogDevObjectVersion:   Dev-Platform (6631380F-2D4D-43E0-8009-CF276956A95A): 0
LogDevObjectVersion:   Dev-Rendering (12F88B9F-8875-4AFC-A67C-D90C383ABD29): 45
LogDevObjectVersion:   Dev-Sequencer (7B5AE74C-D270-4C10-A958-57980B212A5A): 13
LogDevObjectVersion:   Dev-VR (D7296918-1DD6-4BDD-9DE2-64A83CC13884): 3
LogDevObjectVersion:   Dev-LoadTimes (C2A15278-BFE7-4AFE-6C17-90FF531DF755): 1
LogDevObjectVersion:   Private-Geometry (6EACA3D4-40EC-4CC1-B786-8BED09428FC5): 3
LogDevObjectVersion:   Dev-AnimPhys (29E575DD-E0A3-4627-9D10-D276232CDCEA): 17
LogDevObjectVersion:   Dev-Anim (AF43A65D-7FD3-4947-9873-3E8ED9C1BB05): 15
LogDevObjectVersion:   Dev-ReflectionCapture (6B266CEC-1EC7-4B8F-A30B-E4D90942FC07): 1
LogDevObjectVersion:   Dev-Automation (0DF73D61-A23F-47EA-B727-89E90C41499A): 1
LogDevObjectVersion:   FortniteMain (601D1886-AC64-4F84-AA16-D3DE0DEAC7D6): 47
LogDevObjectVersion:   FortniteRelease (E7086368-6B23-4C58-8439-1B7016265E91): 1
LogDevObjectVersion:   Dev-Enterprise (9DFFBCD6-494F-0158-E221-12823C92A888): 10
LogDevObjectVersion:   Dev-Niagara (F2AED0AC-9AFE-416F-8664-AA7FFA26D6FC): 1
LogDevObjectVersion:   Dev-Destruction (174F1F0B-B4C6-45A5-B13F-2EE8D0FB917D): 10
LogDevObjectVersion:   Dev-Physics-Ext (35F94A83-E258-406C-A318-09F59610247C): 41
LogDevObjectVersion:   Dev-PhysicsMaterial-Chaos (B68FC16E-8B1B-42E2-B453-215C058844FE): 1
LogDevObjectVersion:   Dev-CineCamera (B2E18506-4273-CFC2-A54E-F4BB758BBA07): 1
LogDevObjectVersion:   Dev-VirtualProduction (64F58936-FD1B-42BA-BA96-7289D5D0FA4E): 1
LogDevObjectVersion:   Dev-MediaFramework (6F0ED827-A609-4895-9C91-998D90180EA4): 2
LogInit: Presizing for max 25165824 objects, including 0 objects not considered by GC, pre-allocating 0 bytes for permanent pool.
LogConfig: Applying CVar settings from Section [/Script/Engine.StreamingSettings] File [D:/Users/qkrdl/Documents/GitHub/Zolup-Button_Project_MF/Project_MF/Saved/Config/Windows/Engine.ini]
LogConfig: Setting CVar [[s.MinBulkDataSizeForAsyncLoading:131072]]
LogConfig: Setting CVar [[s.AsyncLoadingThreadEnabled:0]]
LogConfig: Setting CVar [[s.EventDrivenLoaderEnabled:1]]
LogConfig: Setting CVar [[s.WarnIfTimeLimitExceeded:0]]
LogConfig: Setting CVar [[s.TimeLimitExceededMultiplier:1.5]]
LogConfig: Setting CVar [[s.TimeLimitExceededMinTime:0.005]]
LogConfig: Setting CVar [[s.UseBackgroundLevelStreaming:1]]
LogConfig: Setting CVar [[s.PriorityAsyncLoadingExtraTime:15.0]]
LogConfig: Setting CVar [[s.LevelStreamingActorsUpdateTimeLimit:5.0]]
LogConfig: Setting CVar [[s.PriorityLevelStreamingActorsUpdateExtraTime:5.0]]
LogConfig: Setting CVar [[s.LevelStreamingComponentsRegistrationGranularity:10]]
LogConfig: Setting CVar [[s.UnregisterComponentsTimeLimit:1.0]]
LogConfig: Setting CVar [[s.LevelStreamingComponentsUnregistrationGranularity:5]]
LogConfig: Setting CVar [[s.FlushStreamingOnExit:1]]
LogInit: Object subsystem initialized
LogConfig: Setting CVar [[con.DebugEarlyDefault:1]]
LogConfig: Setting CVar [[r.setres:1280x720]]
[2023.03.11-10.09.05:315][  0]LogConfig: Setting CVar [[r.VSync:0]]
[2023.03.11-10.09.05:315][  0]LogConfig: Setting CVar [[r.RHICmdBypass:0]]
[2023.03.11-10.09.05:315][  0]LogConfig: Applying CVar settings from Section [/Script/Engine.RendererSettings] File [D:/Users/qkrdl/Documents/GitHub/Zolup-Button_Project_MF/Project_MF/Saved/Config/Windows/Engine.ini]
[2023.03.11-10.09.05:315][  0]LogConfig: Setting CVar [[r.GPUCrashDebugging:0]]
[2023.03.11-10.09.05:315][  0]LogConfig: Applying CVar settings from Section [/Script/Engine.RendererOverrideSettings] File [D:/Users/qkrdl/Documents/GitHub/Zolup-Button_Project_MF/Project_MF/Saved/Config/Windows/Engine.ini]
[2023.03.11-10.09.05:315][  0]LogConfig: Applying CVar settings from Section [/Script/Engine.StreamingSettings] File [D:/Users/qkrdl/Documents/GitHub/Zolup-Button_Project_MF/Project_MF/Saved/Config/Windows/Engine.ini]
[2023.03.11-10.09.05:315][  0]LogConfig: Setting CVar [[s.MinBulkDataSizeForAsyncLoading:131072]]
[2023.03.11-10.09.05:315][  0]LogConfig: Setting CVar [[s.AsyncLoadingThreadEnabled:0]]
[2023.03.11-10.09.05:315][  0]LogConfig: Setting CVar [[s.EventDrivenLoaderEnabled:1]]
[2023.03.11-10.09.05:315][  0]LogConfig: Setting CVar [[s.WarnIfTimeLimitExceeded:0]]
[2023.03.11-10.09.05:315][  0]LogConfig: Setting CVar [[s.TimeLimitExceededMultiplier:1.5]]
[2023.03.11-10.09.05:315][  0]LogConfig: Setting CVar [[s.TimeLimitExceededMinTime:0.005]]
[2023.03.11-10.09.05:315][  0]LogConfig: Setting CVar [[s.UseBackgroundLevelStreaming:1]]
[2023.03.11-10.09.05:315][  0]LogConfig: Setting CVar [[s.PriorityAsyncLoadingExtraTime:15.0]]
[2023.03.11-10.09.05:315][  0]LogConfig: Setting CVar [[s.LevelStreamingActorsUpdateTimeLimit:5.0]]
[2023.03.11-10.09.05:315][  0]LogConfig: Setting CVar [[s.PriorityLevelStreamingActorsUpdateExtraTime:5.0]]
[2023.03.11-10.09.05:315][  0]LogConfig: Setting CVar [[s.LevelStreamingComponentsRegistrationGranularity:10]]
[2023.03.11-10.09.05:315][  0]LogConfig: Setting CVar [[s.UnregisterComponentsTimeLimit:1.0]]
[2023.03.11-10.09.05:315][  0]LogConfig: Setting CVar [[s.LevelStreamingComponentsUnregistrationGranularity:5]]
[2023.03.11-10.09.05:315][  0]LogConfig: Setting CVar [[s.FlushStreamingOnExit:1]]
[2023.03.11-10.09.05:315][  0]LogConfig: Applying CVar settings from Section [/Script/Engine.GarbageCollectionSettings] File [D:/Users/qkrdl/Documents/GitHub/Zolup-Button_Project_MF/Project_MF/Saved/Config/Windows/Engine.ini]
[2023.03.11-10.09.05:315][  0]LogConfig: Setting CVar [[gc.MaxObjectsNotConsideredByGC:1]]
[2023.03.11-10.09.05:315][  0]LogConfig: Setting CVar [[gc.SizeOfPermanentObjectPool:0]]
[2023.03.11-10.09.05:315][  0]LogConfig: Setting CVar [[gc.FlushStreamingOnGC:0]]
[2023.03.11-10.09.05:315][  0]LogConfig: Setting CVar [[gc.NumRetriesBeforeForcingGC:10]]
[2023.03.11-10.09.05:315][  0]LogConfig: Setting CVar [[gc.AllowParallelGC:1]]
[2023.03.11-10.09.05:315][  0]LogConfig: Setting CVar [[gc.TimeBetweenPurgingPendingKillObjects:61.1]]
[2023.03.11-10.09.05:315][  0]LogConfig: Setting CVar [[gc.MaxObjectsInEditor:25165824]]
[2023.03.11-10.09.05:315][  0]LogConfig: Setting CVar [[gc.IncrementalBeginDestroyEnabled:1]]
[2023.03.11-10.09.05:315][  0]LogConfig: Setting CVar [[gc.CreateGCClusters:1]]
[2023.03.11-10.09.05:315][  0]LogConfig: Setting CVar [[gc.MinGCClusterSize:5]]
[2023.03.11-10.09.05:315][  0]LogConfig: Setting CVar [[gc.ActorClusteringEnabled:0]]
[2023.03.11-10.09.05:315][  0]LogConfig: Setting CVar [[gc.BlueprintClusteringEnabled:0]]
[2023.03.11-10.09.05:315][  0]LogConfig: Setting CVar [[gc.UseDisregardForGCOnDedicatedServers:0]]
[2023.03.11-10.09.05:315][  0]LogConfig: Setting CVar [[gc.MultithreadedDestructionEnabled:1]]
[2023.03.11-10.09.05:315][  0]LogConfig: Applying CVar settings from Section [/Script/Engine.NetworkSettings] File [D:/Users/qkrdl/Documents/GitHub/Zolup-Button_Project_MF/Project_MF/Saved/Config/Windows/Engine.ini]
[2023.03.11-10.09.05:315][  0]LogConfig: Applying CVar settings from Section [/Script/UnrealEd.CookerSettings] File [D:/Users/qkrdl/Documents/GitHub/Zolup-Button_Project_MF/Project_MF/Saved/Config/Windows/Engine.ini]
[2023.03.11-10.09.05:326][  0]LogConfig: Applying CVar settings from Section [ViewDistanceQuality@3] File [D:/Users/qkrdl/Documents/GitHub/Zolup-Button_Project_MF/Project_MF/Saved/Config/Windows/Scalability.ini]
[2023.03.11-10.09.05:326][  0]LogConfig: Setting CVar [[r.SkeletalMeshLODBias:0]]
[2023.03.11-10.09.05:326][  0]LogConfig: Setting CVar [[r.ViewDistanceScale:1.0]]
[2023.03.11-10.09.05:326][  0]LogConfig: Applying CVar settings from Section [AntiAliasingQuality@3] File [D:/Users/qkrdl/Documents/GitHub/Zolup-Button_Project_MF/Project_MF/Saved/Config/Windows/Scalability.ini]
[2023.03.11-10.09.05:326][  0]LogConfig: Setting CVar [[r.PostProcessAAQuality:4]]
[2023.03.11-10.09.05:326][  0]LogConfig: Applying CVar settings from Section [ShadowQuality@3] File [D:/Users/qkrdl/Documents/GitHub/Zolup-Button_Project_MF/Project_MF/Saved/Config/Windows/Scalability.ini]
[2023.03.11-10.09.05:326][  0]LogConfig: Setting CVar [[r.LightFunctionQuality:1]]
[2023.03.11-10.09.05:327][  0]LogConfig: Setting CVar [[r.ShadowQuality:5]]
[2023.03.11-10.09.05:327][  0]LogConfig: Setting CVar [[r.Shadow.CSM.MaxCascades:10]]
[2023.03.11-10.09.05:327][  0]LogConfig: Setting CVar [[r.Shadow.MaxResolution:2048]]
[2023.03.11-10.09.05:327][  0]LogConfig: Setting CVar [[r.Shadow.MaxCSMResolution:2048]]
[2023.03.11-10.09.05:327][  0]LogConfig: Setting CVar [[r.Shadow.RadiusThreshold:0.01]]
[2023.03.11-10.09.05:327][  0]LogConfig: Setting CVar [[r.Shadow.DistanceScale:1.0]]
[2023.03.11-10.09.05:327][  0]LogConfig: Setting CVar [[r.Shadow.CSM.TransitionScale:1.0]]
[2023.03.11-10.09.05:327][  0]LogConfig: Setting CVar [[r.Shadow.PreShadowResolutionFactor:1.0]]
[2023.03.11-10.09.05:327][  0]LogConfig: Setting CVar [[r.DistanceFieldShadowing:1]]
[2023.03.11-10.09.05:327][  0]LogConfig: Setting CVar [[r.DistanceFieldAO:1]]
[2023.03.11-10.09.05:327][  0]LogConfig: Setting CVar [[r.AOQuality:2]]
[2023.03.11-10.09.05:327][  0]LogConfig: Setting CVar [[r.VolumetricFog:1]]
[2023.03.11-10.09.05:327][  0]LogConfig: Setting CVar [[r.VolumetricFog.GridPixelSize:8]]
[2023.03.11-10.09.05:327][  0]LogConfig: Setting CVar [[r.VolumetricFog.GridSizeZ:128]]
[2023.03.11-10.09.05:327][  0]LogConfig: Setting CVar [[r.VolumetricFog.HistoryMissSupersampleCount:4]]
[2023.03.11-10.09.05:327][  0]LogConfig: Setting CVar [[r.LightMaxDrawDistanceScale:1]]
[2023.03.11-10.09.05:327][  0]LogConfig: Setting CVar [[r.CapsuleShadows:1]]
[2023.03.11-10.09.05:327][  0]LogConfig: Applying CVar settings from Section [PostProcessQuality@3] File [D:/Users/qkrdl/Documents/GitHub/Zolup-Button_Project_MF/Project_MF/Saved/Config/Windows/Scalability.ini]
[2023.03.11-10.09.05:327][  0]LogConfig: Setting CVar [[r.MotionBlurQuality:4]]
[2023.03.11-10.09.05:327][  0]LogConfig: Setting CVar [[r.AmbientOcclusionMipLevelFactor:0.4]]
[2023.03.11-10.09.05:327][  0]LogConfig: Setting CVar [[r.AmbientOcclusionMaxQuality:100]]
[2023.03.11-10.09.05:327][  0]LogConfig: Setting CVar [[r.AmbientOcclusionLevels:-1]]
[2023.03.11-10.09.05:327][  0]LogConfig: Setting CVar [[r.AmbientOcclusionRadiusScale:1.0]]
[2023.03.11-10.09.05:327][  0]LogConfig: Setting CVar [[r.DepthOfFieldQuality:2]]
[2023.03.11-10.09.05:327][  0]LogConfig: Setting CVar [[r.RenderTargetPoolMin:400]]
[2023.03.11-10.09.05:327][  0]LogConfig: Setting CVar [[r.LensFlareQuality:2]]
[2023.03.11-10.09.05:327][  0]LogConfig: Setting CVar [[r.SceneColorFringeQuality:1]]
[2023.03.11-10.09.05:327][  0]LogConfig: Setting CVar [[r.EyeAdaptationQuality:2]]
[2023.03.11-10.09.05:327][  0]LogConfig: Setting CVar [[r.BloomQuality:5]]
[2023.03.11-10.09.05:327][  0]LogConfig: Setting CVar [[r.FastBlurThreshold:100]]
[2023.03.11-10.09.05:327][  0]LogConfig: Setting CVar [[r.Upscale.Quality:3]]
[2023.03.11-10.09.05:327][  0]LogConfig: Setting CVar [[r.Tonemapper.GrainQuantization:1]]
[2023.03.11-10.09.05:327][  0]LogConfig: Setting CVar [[r.LightShaftQuality:1]]
[2023.03.11-10.09.05:327][  0]LogConfig: Setting CVar [[r.Filter.SizeScale:1]]
[2023.03.11-10.09.05:327][  0]LogConfig: Setting CVar [[r.Tonemapper.Quality:5]]
[2023.03.11-10.09.05:327][  0]LogConfig: Setting CVar [[r.DOF.Gather.AccumulatorQuality:1        ; higher gathering accumulator quality]]
[2023.03.11-10.09.05:327][  0]LogConfig: Setting CVar [[r.DOF.Gather.PostfilterMethod:1          ; Median3x3 postfilering method]]
[2023.03.11-10.09.05:327][  0]LogConfig: Setting CVar [[r.DOF.Gather.EnableBokehSettings:0       ; no bokeh simulation when gathering]]
[2023.03.11-10.09.05:327][  0]LogConfig: Setting CVar [[r.DOF.Gather.RingCount:4                 ; medium number of samples when gathering]]
[2023.03.11-10.09.05:327][  0]LogConfig: Setting CVar [[r.DOF.Scatter.ForegroundCompositing:1    ; additive foreground scattering]]
[2023.03.11-10.09.05:327][  0]LogConfig: Setting CVar [[r.DOF.Scatter.BackgroundCompositing:2    ; additive background scattering]]
[2023.03.11-10.09.05:327][  0]LogConfig: Setting CVar [[r.DOF.Scatter.EnableBokehSettings:1      ; bokeh simulation when scattering]]
[2023.03.11-10.09.05:327][  0]LogConfig: Setting CVar [[r.DOF.Scatter.MaxSpriteRatio:0.1         ; only a maximum of 10% of scattered bokeh]]
[2023.03.11-10.09.05:327][  0]LogConfig: Setting CVar [[r.DOF.Recombine.Quality:1                ; cheap slight out of focus]]
[2023.03.11-10.09.05:327][  0]LogConfig: Setting CVar [[r.DOF.Recombine.EnableBokehSettings:0    ; no bokeh simulation on slight out of focus]]
[2023.03.11-10.09.05:327][  0]LogConfig: Setting CVar [[r.DOF.TemporalAAQuality:1                ; more stable temporal accumulation]]
[2023.03.11-10.09.05:327][  0]LogConfig: Setting CVar [[r.DOF.Kernel.MaxForegroundRadius:0.025]]
[2023.03.11-10.09.05:327][  0]LogConfig: Setting CVar [[r.DOF.Kernel.MaxBackgroundRadius:0.025]]
[2023.03.11-10.09.05:327][  0]LogConfig: Applying CVar settings from Section [TextureQuality@3] File [D:/Users/qkrdl/Documents/GitHub/Zolup-Button_Project_MF/Project_MF/Saved/Config/Windows/Scalability.ini]
[2023.03.11-10.09.05:327][  0]LogConfig: Setting CVar [[r.Streaming.MipBias:0]]
[2023.03.11-10.09.05:327][  0]LogConfig: Setting CVar [[r.Streaming.AmortizeCPUToGPUCopy:0]]
[2023.03.11-10.09.05:327][  0]LogConfig: Setting CVar [[r.Streaming.MaxNumTexturesToStreamPerFrame:0]]
[2023.03.11-10.09.05:327][  0]LogConfig: Setting CVar [[r.Streaming.Boost:1]]
[2023.03.11-10.09.05:327][  0]LogConfig: Setting CVar [[r.MaxAnisotropy:8]]
[2023.03.11-10.09.05:327][  0]LogConfig: Setting CVar [[r.VT.MaxAnisotropy:8]]
[2023.03.11-10.09.05:327][  0]LogConfig: Setting CVar [[r.Streaming.LimitPoolSizeToVRAM:0]]
[2023.03.11-10.09.05:327][  0]LogConfig: Setting CVar [[r.Streaming.PoolSize:1000]]
[2023.03.11-10.09.05:327][  0]LogConfig: Setting CVar [[r.Streaming.MaxEffectiveScreenSize:0]]
[2023.03.11-10.09.05:327][  0]LogConfig: Applying CVar settings from Section [EffectsQuality@3] File [D:/Users/qkrdl/Documents/GitHub/Zolup-Button_Project_MF/Project_MF/Saved/Config/Windows/Scalability.ini]
[2023.03.11-10.09.05:327][  0]LogConfig: Setting CVar [[r.TranslucencyLightingVolumeDim:64]]
[2023.03.11-10.09.05:327][  0]LogConfig: Setting CVar [[r.RefractionQuality:2]]
[2023.03.11-10.09.05:327][  0]LogConfig: Setting CVar [[r.SSR.Quality:3]]
[2023.03.11-10.09.05:327][  0]LogConfig: Setting CVar [[r.SSR.HalfResSceneColor:0]]
[2023.03.11-10.09.05:327][  0]LogConfig: Setting CVar [[r.SceneColorFormat:4]]
[2023.03.11-10.09.05:327][  0]LogConfig: Setting CVar [[r.DetailMode:2]]
[2023.03.11-10.09.05:327][  0]LogConfig: Setting CVar [[r.TranslucencyVolumeBlur:1]]
[2023.03.11-10.09.05:327][  0]LogConfig: Setting CVar [[r.MaterialQualityLevel:1 ; High quality]]
[2023.03.11-10.09.05:327][  0]LogConfig: Setting CVar [[r.AnisotropicMaterials:1]]
[2023.03.11-10.09.05:327][  0]LogConfig: Setting CVar [[r.SSS.Scale:1]]
[2023.03.11-10.09.05:327][  0]LogConfig: Setting CVar [[r.SSS.SampleSet:2]]
[2023.03.11-10.09.05:327][  0]LogConfig: Setting CVar [[r.SSS.Quality:1]]
[2023.03.11-10.09.05:327][  0]LogConfig: Setting CVar [[r.SSS.HalfRes:0]]
[2023.03.11-10.09.05:327][  0]LogConfig: Setting CVar [[r.SSGI.Quality:3]]
[2023.03.11-10.09.05:327][  0]LogConfig: Setting CVar [[r.EmitterSpawnRateScale:1.0]]
[2023.03.11-10.09.05:328][  0]LogConfig: Setting CVar [[r.ParticleLightQuality:2]]
[2023.03.11-10.09.05:328][  0]LogConfig: Setting CVar [[r.SkyAtmosphere.AerialPerspectiveLUT.FastApplyOnOpaque:1 ; Always have FastSkyLUT 1 in this case to avoid wrong sky]]
[2023.03.11-10.09.05:328][  0]LogConfig: Setting CVar [[r.SkyAtmosphere.AerialPerspectiveLUT.SampleCountMaxPerSlice:4]]
[2023.03.11-10.09.05:328][  0]LogConfig: Setting CVar [[r.SkyAtmosphere.AerialPerspectiveLUT.DepthResolution:16.0]]
[2023.03.11-10.09.05:328][  0]LogConfig: Setting CVar [[r.SkyAtmosphere.FastSkyLUT:1]]
[2023.03.11-10.09.05:328][  0]LogConfig: Setting CVar [[r.SkyAtmosphere.FastSkyLUT.SampleCountMin:4.0]]
[2023.03.11-10.09.05:328][  0]LogConfig: Setting CVar [[r.SkyAtmosphere.FastSkyLUT.SampleCountMax:128.0]]
[2023.03.11-10.09.05:328][  0]LogConfig: Setting CVar [[r.SkyAtmosphere.SampleCountMin:4.0]]
[2023.03.11-10.09.05:328][  0]LogConfig: Setting CVar [[r.SkyAtmosphere.SampleCountMax:128.0]]
[2023.03.11-10.09.05:328][  0]LogConfig: Setting CVar [[r.SkyAtmosphere.TransmittanceLUT.UseSmallFormat:0]]
[2023.03.11-10.09.05:328][  0]LogConfig: Setting CVar [[r.SkyAtmosphere.TransmittanceLUT.SampleCount:10.0]]
[2023.03.11-10.09.05:328][  0]LogConfig: Setting CVar [[r.SkyAtmosphere.MultiScatteringLUT.SampleCount:15.0]]
[2023.03.11-10.09.05:328][  0]LogConfig: Setting CVar [[r.SkyLight.RealTimeReflectionCapture:1]]
[2023.03.11-10.09.05:328][  0]LogConfig: Applying CVar settings from Section [FoliageQuality@3] File [D:/Users/qkrdl/Documents/GitHub/Zolup-Button_Project_MF/Project_MF/Saved/Config/Windows/Scalability.ini]
[2023.03.11-10.09.05:328][  0]LogConfig: Setting CVar [[foliage.DensityScale:1.0]]
[2023.03.11-10.09.05:328][  0]LogConfig: Setting CVar [[grass.DensityScale:1.0]]
[2023.03.11-10.09.05:328][  0]LogConfig: Applying CVar settings from Section [ShadingQuality@3] File [D:/Users/qkrdl/Documents/GitHub/Zolup-Button_Project_MF/Project_MF/Saved/Config/Windows/Scalability.ini]
[2023.03.11-10.09.05:328][  0]LogConfig: Setting CVar [[r.HairStrands.SkyLighting.IntegrationType:2]]
[2023.03.11-10.09.05:328][  0]LogConfig: Setting CVar [[r.HairStrands.SkyAO.SampleCount:4]]
[2023.03.11-10.09.05:328][  0]LogConfig: Setting CVar [[r.HairStrands.Visibility.MSAA.SamplePerPixel:4]]
[2023.03.11-10.09.05:328][  0]LogInit: Selected Device Profile: [Windows]
[2023.03.11-10.09.05:328][  0]LogInit: Applying CVar settings loaded from the selected device profile: [Windows]
[2023.03.11-10.09.05:328][  0]LogHAL: Display: Platform has ~ 32 GB [34266505216 / 34359738368 / 32], which maps to Largest [LargestMinGB=32, LargerMinGB=12, DefaultMinGB=8, SmallerMinGB=6, SmallestMinGB=0)
[2023.03.11-10.09.05:328][  0]LogInit: Going up to parent DeviceProfile []
[2023.03.11-10.09.05:328][  0]LogConfig: Applying CVar settings from Section [ViewDistanceQuality@3] File [D:/Users/qkrdl/Documents/GitHub/Zolup-Button_Project_MF/Project_MF/Saved/Config/Windows/Scalability.ini]
[2023.03.11-10.09.05:328][  0]LogConfig: Setting CVar [[r.SkeletalMeshLODBias:0]]
[2023.03.11-10.09.05:328][  0]LogConfig: Setting CVar [[r.ViewDistanceScale:1.0]]
[2023.03.11-10.09.05:328][  0]LogConfig: Applying CVar settings from Section [AntiAliasingQuality@3] File [D:/Users/qkrdl/Documents/GitHub/Zolup-Button_Project_MF/Project_MF/Saved/Config/Windows/Scalability.ini]
[2023.03.11-10.09.05:328][  0]LogConfig: Setting CVar [[r.PostProcessAAQuality:4]]
[2023.03.11-10.09.05:328][  0]LogConfig: Applying CVar settings from Section [ShadowQuality@3] File [D:/Users/qkrdl/Documents/GitHub/Zolup-Button_Project_MF/Project_MF/Saved/Config/Windows/Scalability.ini]
[2023.03.11-10.09.05:328][  0]LogConfig: Setting CVar [[r.LightFunctionQuality:1]]
[2023.03.11-10.09.05:328][  0]LogConfig: Setting CVar [[r.ShadowQuality:5]]
[2023.03.11-10.09.05:328][  0]LogConfig: Setting CVar [[r.Shadow.CSM.MaxCascades:10]]
[2023.03.11-10.09.05:328][  0]LogConfig: Setting CVar [[r.Shadow.MaxResolution:2048]]
[2023.03.11-10.09.05:328][  0]LogConfig: Setting CVar [[r.Shadow.MaxCSMResolution:2048]]
[2023.03.11-10.09.05:328][  0]LogConfig: Setting CVar [[r.Shadow.RadiusThreshold:0.01]]
[2023.03.11-10.09.05:328][  0]LogConfig: Setting CVar [[r.Shadow.DistanceScale:1.0]]
[2023.03.11-10.09.05:328][  0]LogConfig: Setting CVar [[r.Shadow.CSM.TransitionScale:1.0]]
[2023.03.11-10.09.05:328][  0]LogConfig: Setting CVar [[r.Shadow.PreShadowResolutionFactor:1.0]]
[2023.03.11-10.09.05:328][  0]LogConfig: Setting CVar [[r.DistanceFieldShadowing:1]]
[2023.03.11-10.09.05:328][  0]LogConfig: Setting CVar [[r.DistanceFieldAO:1]]
[2023.03.11-10.09.05:328][  0]LogConfig: Setting CVar [[r.AOQuality:2]]
[2023.03.11-10.09.05:328][  0]LogConfig: Setting CVar [[r.VolumetricFog:1]]
[2023.03.11-10.09.05:328][  0]LogConfig: Setting CVar [[r.VolumetricFog.GridPixelSize:8]]
[2023.03.11-10.09.05:328][  0]LogConfig: Setting CVar [[r.VolumetricFog.GridSizeZ:128]]
[2023.03.11-10.09.05:328][  0]LogConfig: Setting CVar [[r.VolumetricFog.HistoryMissSupersampleCount:4]]
[2023.03.11-10.09.05:328][  0]LogConfig: Setting CVar [[r.LightMaxDrawDistanceScale:1]]
[2023.03.11-10.09.05:328][  0]LogConfig: Setting CVar [[r.CapsuleShadows:1]]
[2023.03.11-10.09.05:328][  0]LogConfig: Applying CVar settings from Section [PostProcessQuality@3] File [D:/Users/qkrdl/Documents/GitHub/Zolup-Button_Project_MF/Project_MF/Saved/Config/Windows/Scalability.ini]
[2023.03.11-10.09.05:328][  0]LogConfig: Setting CVar [[r.MotionBlurQuality:4]]
[2023.03.11-10.09.05:328][  0]LogConfig: Setting CVar [[r.AmbientOcclusionMipLevelFactor:0.4]]
[2023.03.11-10.09.05:328][  0]LogConfig: Setting CVar [[r.AmbientOcclusionMaxQuality:100]]
[2023.03.11-10.09.05:328][  0]LogConfig: Setting CVar [[r.AmbientOcclusionLevels:-1]]
[2023.03.11-10.09.05:328][  0]LogConfig: Setting CVar [[r.AmbientOcclusionRadiusScale:1.0]]
[2023.03.11-10.09.05:328][  0]LogConfig: Setting CVar [[r.DepthOfFieldQuality:2]]
[2023.03.11-10.09.05:328][  0]LogConfig: Setting CVar [[r.RenderTargetPoolMin:400]]
[2023.03.11-10.09.05:328][  0]LogConfig: Setting CVar [[r.LensFlareQuality:2]]
[2023.03.11-10.09.05:328][  0]LogConfig: Setting CVar [[r.SceneColorFringeQuality:1]]
[2023.03.11-10.09.05:328][  0]LogConfig: Setting CVar [[r.EyeAdaptationQuality:2]]
[2023.03.11-10.09.05:328][  0]LogConfig: Setting CVar [[r.BloomQuality:5]]
[2023.03.11-10.09.05:328][  0]LogConfig: Setting CVar [[r.FastBlurThreshold:100]]
[2023.03.11-10.09.05:328][  0]LogConfig: Setting CVar [[r.Upscale.Quality:3]]
[2023.03.11-10.09.05:328][  0]LogConfig: Setting CVar [[r.Tonemapper.GrainQuantization:1]]
[2023.03.11-10.09.05:328][  0]LogConfig: Setting CVar [[r.LightShaftQuality:1]]
[2023.03.11-10.09.05:328][  0]LogConfig: Setting CVar [[r.Filter.SizeScale:1]]
[2023.03.11-10.09.05:328][  0]LogConfig: Setting CVar [[r.Tonemapper.Quality:5]]
[2023.03.11-10.09.05:328][  0]LogConfig: Setting CVar [[r.DOF.Gather.AccumulatorQuality:1        ; higher gathering accumulator quality]]
[2023.03.11-10.09.05:328][  0]LogConfig: Setting CVar [[r.DOF.Gather.PostfilterMethod:1          ; Median3x3 postfilering method]]
[2023.03.11-10.09.05:328][  0]LogConfig: Setting CVar [[r.DOF.Gather.EnableBokehSettings:0       ; no bokeh simulation when gathering]]
[2023.03.11-10.09.05:328][  0]LogConfig: Setting CVar [[r.DOF.Gather.RingCount:4                 ; medium number of samples when gathering]]
[2023.03.11-10.09.05:328][  0]LogConfig: Setting CVar [[r.DOF.Scatter.ForegroundCompositing:1    ; additive foreground scattering]]
[2023.03.11-10.09.05:328][  0]LogConfig: Setting CVar [[r.DOF.Scatter.BackgroundCompositing:2    ; additive background scattering]]
[2023.03.11-10.09.05:328][  0]LogConfig: Setting CVar [[r.DOF.Scatter.EnableBokehSettings:1      ; bokeh simulation when scattering]]
[2023.03.11-10.09.05:328][  0]LogConfig: Setting CVar [[r.DOF.Scatter.MaxSpriteRatio:0.1         ; only a maximum of 10% of scattered bokeh]]
[2023.03.11-10.09.05:328][  0]LogConfig: Setting CVar [[r.DOF.Recombine.Quality:1                ; cheap slight out of focus]]
[2023.03.11-10.09.05:328][  0]LogConfig: Setting CVar [[r.DOF.Recombine.EnableBokehSettings:0    ; no bokeh simulation on slight out of focus]]
[2023.03.11-10.09.05:328][  0]LogConfig: Setting CVar [[r.DOF.TemporalAAQuality:1                ; more stable temporal accumulation]]
[2023.03.11-10.09.05:328][  0]LogConfig: Setting CVar [[r.DOF.Kernel.MaxForegroundRadius:0.025]]
[2023.03.11-10.09.05:328][  0]LogConfig: Setting CVar [[r.DOF.Kernel.MaxBackgroundRadius:0.025]]
[2023.03.11-10.09.05:328][  0]LogConfig: Applying CVar settings from Section [TextureQuality@3] File [D:/Users/qkrdl/Documents/GitHub/Zolup-Button_Project_MF/Project_MF/Saved/Config/Windows/Scalability.ini]
[2023.03.11-10.09.05:328][  0]LogConfig: Setting CVar [[r.Streaming.MipBias:0]]
[2023.03.11-10.09.05:328][  0]LogConfig: Setting CVar [[r.Streaming.AmortizeCPUToGPUCopy:0]]
[2023.03.11-10.09.05:328][  0]LogConfig: Setting CVar [[r.Streaming.MaxNumTexturesToStreamPerFrame:0]]
[2023.03.11-10.09.05:328][  0]LogConfig: Setting CVar [[r.Streaming.Boost:1]]
[2023.03.11-10.09.05:328][  0]LogConfig: Setting CVar [[r.MaxAnisotropy:8]]
[2023.03.11-10.09.05:328][  0]LogConfig: Setting CVar [[r.VT.MaxAnisotropy:8]]
[2023.03.11-10.09.05:329][  0]LogConfig: Setting CVar [[r.Streaming.LimitPoolSizeToVRAM:0]]
[2023.03.11-10.09.05:329][  0]LogConfig: Setting CVar [[r.Streaming.PoolSize:1000]]
[2023.03.11-10.09.05:329][  0]LogConfig: Setting CVar [[r.Streaming.MaxEffectiveScreenSize:0]]
[2023.03.11-10.09.05:329][  0]LogConfig: Applying CVar settings from Section [EffectsQuality@3] File [D:/Users/qkrdl/Documents/GitHub/Zolup-Button_Project_MF/Project_MF/Saved/Config/Windows/Scalability.ini]
[2023.03.11-10.09.05:329][  0]LogConfig: Setting CVar [[r.TranslucencyLightingVolumeDim:64]]
[2023.03.11-10.09.05:329][  0]LogConfig: Setting CVar [[r.RefractionQuality:2]]
[2023.03.11-10.09.05:329][  0]LogConfig: Setting CVar [[r.SSR.Quality:3]]
[2023.03.11-10.09.05:329][  0]LogConfig: Setting CVar [[r.SSR.HalfResSceneColor:0]]
[2023.03.11-10.09.05:329][  0]LogConfig: Setting CVar [[r.SceneColorFormat:4]]
[2023.03.11-10.09.05:329][  0]LogConfig: Setting CVar [[r.DetailMode:2]]
[2023.03.11-10.09.05:329][  0]LogConfig: Setting CVar [[r.TranslucencyVolumeBlur:1]]
[2023.03.11-10.09.05:329][  0]LogConfig: Setting CVar [[r.MaterialQualityLevel:1 ; High quality]]
[2023.03.11-10.09.05:329][  0]LogConfig: Setting CVar [[r.AnisotropicMaterials:1]]
[2023.03.11-10.09.05:329][  0]LogConfig: Setting CVar [[r.SSS.Scale:1]]
[2023.03.11-10.09.05:329][  0]LogConfig: Setting CVar [[r.SSS.SampleSet:2]]
[2023.03.11-10.09.05:329][  0]LogConfig: Setting CVar [[r.SSS.Quality:1]]
[2023.03.11-10.09.05:329][  0]LogConfig: Setting CVar [[r.SSS.HalfRes:0]]
[2023.03.11-10.09.05:329][  0]LogConfig: Setting CVar [[r.SSGI.Quality:3]]
[2023.03.11-10.09.05:329][  0]LogConfig: Setting CVar [[r.EmitterSpawnRateScale:1.0]]
[2023.03.11-10.09.05:329][  0]LogConfig: Setting CVar [[r.ParticleLightQuality:2]]
[2023.03.11-10.09.05:329][  0]LogConfig: Setting CVar [[r.SkyAtmosphere.AerialPerspectiveLUT.FastApplyOnOpaque:1 ; Always have FastSkyLUT 1 in this case to avoid wrong sky]]
[2023.03.11-10.09.05:329][  0]LogConfig: Setting CVar [[r.SkyAtmosphere.AerialPerspectiveLUT.SampleCountMaxPerSlice:4]]
[2023.03.11-10.09.05:329][  0]LogConfig: Setting CVar [[r.SkyAtmosphere.AerialPerspectiveLUT.DepthResolution:16.0]]
[2023.03.11-10.09.05:329][  0]LogConfig: Setting CVar [[r.SkyAtmosphere.FastSkyLUT:1]]
[2023.03.11-10.09.05:329][  0]LogConfig: Setting CVar [[r.SkyAtmosphere.FastSkyLUT.SampleCountMin:4.0]]
[2023.03.11-10.09.05:329][  0]LogConfig: Setting CVar [[r.SkyAtmosphere.FastSkyLUT.SampleCountMax:128.0]]
[2023.03.11-10.09.05:329][  0]LogConfig: Setting CVar [[r.SkyAtmosphere.SampleCountMin:4.0]]
[2023.03.11-10.09.05:329][  0]LogConfig: Setting CVar [[r.SkyAtmosphere.SampleCountMax:128.0]]
[2023.03.11-10.09.05:329][  0]LogConfig: Setting CVar [[r.SkyAtmosphere.TransmittanceLUT.UseSmallFormat:0]]
[2023.03.11-10.09.05:329][  0]LogConfig: Setting CVar [[r.SkyAtmosphere.TransmittanceLUT.SampleCount:10.0]]
[2023.03.11-10.09.05:329][  0]LogConfig: Setting CVar [[r.SkyAtmosphere.MultiScatteringLUT.SampleCount:15.0]]
[2023.03.11-10.09.05:329][  0]LogConfig: Setting CVar [[r.SkyLight.RealTimeReflectionCapture:1]]
[2023.03.11-10.09.05:329][  0]LogConfig: Applying CVar settings from Section [FoliageQuality@3] File [D:/Users/qkrdl/Documents/GitHub/Zolup-Button_Project_MF/Project_MF/Saved/Config/Windows/Scalability.ini]
[2023.03.11-10.09.05:329][  0]LogConfig: Setting CVar [[foliage.DensityScale:1.0]]
[2023.03.11-10.09.05:329][  0]LogConfig: Setting CVar [[grass.DensityScale:1.0]]
[2023.03.11-10.09.05:329][  0]LogConfig: Applying CVar settings from Section [ShadingQuality@3] File [D:/Users/qkrdl/Documents/GitHub/Zolup-Button_Project_MF/Project_MF/Saved/Config/Windows/Scalability.ini]
[2023.03.11-10.09.05:329][  0]LogConfig: Setting CVar [[r.HairStrands.SkyLighting.IntegrationType:2]]
[2023.03.11-10.09.05:329][  0]LogConfig: Setting CVar [[r.HairStrands.SkyAO.SampleCount:4]]
[2023.03.11-10.09.05:329][  0]LogConfig: Setting CVar [[r.HairStrands.Visibility.MSAA.SamplePerPixel:4]]
[2023.03.11-10.09.05:329][  0]LogConfig: Applying CVar settings from Section [Startup] File [../../../Engine/Config/ConsoleVariables.ini]
[2023.03.11-10.09.05:330][  0]LogConfig: Setting CVar [[net.UseAdaptiveNetUpdateFrequency:0]]
[2023.03.11-10.09.05:330][  0]LogConfig: Setting CVar [[p.chaos.AllowCreatePhysxBodies:1]]
[2023.03.11-10.09.05:330][  0]LogConfig: Setting CVar [[fx.SkipVectorVMBackendOptimizations:1]]
[2023.03.11-10.09.05:330][  0]LogConfig: Applying CVar settings from Section [ConsoleVariables] File [D:/Users/qkrdl/Documents/GitHub/Zolup-Button_Project_MF/Project_MF/Saved/Config/Windows/Engine.ini]
[2023.03.11-10.09.05:330][  0]LogConfig: Applying CVar settings from Section [ConsoleVariables] File [D:/Users/qkrdl/Documents/GitHub/Zolup-Button_Project_MF/Project_MF/Saved/Config/Windows/Editor.ini]
[2023.03.11-10.09.05:330][  0]LogInit: Computer: DESKTOP-7O2N4A7
[2023.03.11-10.09.05:330][  0]LogInit: User: qkrdl
[2023.03.11-10.09.05:330][  0]LogInit: CPU Page size=4096, Cores=4
[2023.03.11-10.09.05:330][  0]LogInit: High frequency timer resolution =10.000000 MHz
[2023.03.11-10.09.05:330][  0]LogMemory: Memory total: Physical=31.9GB (32GB approx)
[2023.03.11-10.09.05:330][  0]LogMemory: Platform Memory Stats for Windows
[2023.03.11-10.09.05:330][  0]LogMemory: Process Physical Memory: 143.78 MB used, 143.78 MB peak
[2023.03.11-10.09.05:330][  0]LogMemory: Process Virtual Memory: 122.72 MB used, 122.72 MB peak
[2023.03.11-10.09.05:330][  0]LogMemory: Physical Memory: 18218.00 MB used,  14461.08 MB free, 32679.09 MB total
[2023.03.11-10.09.05:330][  0]LogMemory: Virtual Memory: 134208344.00 MB used,  9383.59 MB free, 134217728.00 MB total
[2023.03.11-10.09.05:335][  0]LogWindows: WindowsPlatformFeatures enabled
[2023.03.11-10.09.05:387][  0]LogInit: Physics initialised using underlying interface: PhysX
[2023.03.11-10.09.05:388][  0]LogInit: Using OS detected language (ko-KR).
[2023.03.11-10.09.05:388][  0]LogInit: Using OS detected locale (ko-KR).
[2023.03.11-10.09.05:391][  0]LogTextLocalizationManager: No specific localization for 'ko-KR' exists, so the 'ko' localization will be used.
[2023.03.11-10.09.05:597][  0]LogInit: Setting process to per monitor DPI aware
[2023.03.11-10.09.05:608][  0]LogWindowsTextInputMethodSystem: Display: IME system deactivated.
[2023.03.11-10.09.05:672][  0]LogSlate: New Slate User Created.  User Index 0, Is Virtual User: 0
[2023.03.11-10.09.05:672][  0]LogSlate: Slate User Registered.  User Index 0, Is Virtual User: 0
[2023.03.11-10.09.07:893][  0]LogD3D11RHI: Loaded GFSDK_Aftermath_Lib.x64.dll
[2023.03.11-10.09.07:897][  0]LogHMD: Failed to initialize OpenVR with code 110
[2023.03.11-10.09.07:897][  0]LogD3D11RHI: D3D11 min allowed feature level: 11_0
[2023.03.11-10.09.07:897][  0]LogD3D11RHI: D3D11 max allowed feature level: 11_0
[2023.03.11-10.09.07:897][  0]LogD3D11RHI: D3D11 adapters:
[2023.03.11-10.09.07:984][  0]LogD3D11RHI:    0. 'NVIDIA GeForce RTX 2060 SUPER' (Feature Level 11_0)
[2023.03.11-10.09.07:984][  0]LogD3D11RHI:       8019/0/16339 MB DedicatedVideo/DedicatedSystem/SharedSystem, Outputs:1, VendorId:0x10de
[2023.03.11-10.09.07:985][  0]LogD3D11RHI:    1. 'Microsoft Basic Render Driver' (Feature Level 11_0)
[2023.03.11-10.09.07:985][  0]LogD3D11RHI:       0/0/16339 MB DedicatedVideo/DedicatedSystem/SharedSystem, Outputs:0, VendorId:0x1414
[2023.03.11-10.09.07:985][  0]LogD3D11RHI: Chosen D3D11 Adapter:
[2023.03.11-10.09.07:985][  0]LogD3D11RHI:     Description : NVIDIA GeForce RTX 2060 SUPER
[2023.03.11-10.09.07:985][  0]LogD3D11RHI:     VendorId    : 10de
[2023.03.11-10.09.07:985][  0]LogD3D11RHI:     DeviceId    : 1f06
[2023.03.11-10.09.07:985][  0]LogD3D11RHI:     SubSysId    : 3ff11458
[2023.03.11-10.09.07:985][  0]LogD3D11RHI:     Revision    : 00a1
[2023.03.11-10.09.07:985][  0]LogD3D11RHI:     DedicatedVideoMemory : 8408530944 bytes
[2023.03.11-10.09.07:985][  0]LogD3D11RHI:     DedicatedSystemMemory : 0 bytes
[2023.03.11-10.09.07:985][  0]LogD3D11RHI:     SharedSystemMemory : 17133252608 bytes
[2023.03.11-10.09.07:985][  0]LogD3D11RHI:     AdapterLuid : 0 49961
[2023.03.11-10.09.07:993][  0]LogD3D11RHI: Creating new Direct3DDevice
[2023.03.11-10.09.07:993][  0]LogD3D11RHI:     GPU DeviceId: 0x1f06 (for the marketing name, search the web for "GPU Device Id")
[2023.03.11-10.09.07:993][  0]LogWindows: EnumDisplayDevices:
[2023.03.11-10.09.07:993][  0]LogWindows:    0. 'NVIDIA GeForce RTX 2060 SUPER' (P:1 D:1)
[2023.03.11-10.09.07:993][  0]LogWindows:    1. 'NVIDIA GeForce RTX 2060 SUPER' (P:0 D:0)
[2023.03.11-10.09.07:993][  0]LogWindows:    2. 'NVIDIA GeForce RTX 2060 SUPER' (P:0 D:0)
[2023.03.11-10.09.07:993][  0]LogWindows:    3. 'NVIDIA GeForce RTX 2060 SUPER' (P:0 D:0)
[2023.03.11-10.09.07:993][  0]LogWindows: DebugString: FoundDriverCount:4 
[2023.03.11-10.09.07:993][  0]LogD3D11RHI:     Adapter Name: NVIDIA GeForce RTX 2060 SUPER
[2023.03.11-10.09.07:993][  0]LogD3D11RHI:   Driver Version: 527.56 (internal:31.0.15.2756, unified:527.56)
[2023.03.11-10.09.07:993][  0]LogD3D11RHI:      Driver Date: 12-5-2022
[2023.03.11-10.09.07:993][  0]LogRHI: Texture pool is 5613 MB (70% of 8019 MB)
[2023.03.11-10.09.07:993][  0]LogD3D11RHI: Creating D3DDevice using adapter:
[2023.03.11-10.09.07:993][  0]LogD3D11RHI:     Description : NVIDIA GeForce RTX 2060 SUPER
[2023.03.11-10.09.07:993][  0]LogD3D11RHI:     VendorId    : 10de
[2023.03.11-10.09.07:993][  0]LogD3D11RHI:     DeviceId    : 1f06
[2023.03.11-10.09.07:993][  0]LogD3D11RHI:     SubSysId    : 3ff11458
[2023.03.11-10.09.07:994][  0]LogD3D11RHI:     Revision    : 00a1
[2023.03.11-10.09.07:994][  0]LogD3D11RHI:     DedicatedVideoMemory : 8408530944 bytes
[2023.03.11-10.09.07:994][  0]LogD3D11RHI:     DedicatedSystemMemory : 0 bytes
[2023.03.11-10.09.07:994][  0]LogD3D11RHI:     SharedSystemMemory : 17133252608 bytes
[2023.03.11-10.09.07:994][  0]LogD3D11RHI:     AdapterLuid : 0 49961
[2023.03.11-10.09.08:052][  0]LogD3D11RHI: RHI has support for 64 bit atomics
[2023.03.11-10.09.08:052][  0]LogD3D11RHI: Async texture creation enabled
[2023.03.11-10.09.08:052][  0]LogD3D11RHI: Array index from any shader is supported
[2023.03.11-10.09.08:053][  0]LogD3D11RHI: HDR output is supported on display 0 (NvId: 0x80061081).
[2023.03.11-10.09.08:073][  0]LogD3D11RHI: GPU Timing Frequency: 1000.000000 (Debug: 2 2)
[2023.03.11-10.09.08:107][  0]LogRHI: GeForceNow SDK initialized: 1
[2023.03.11-10.09.08:371][  0]LogTargetPlatformManager: Display: Loaded TargetPlatform 'AllDesktop'
[2023.03.11-10.09.08:394][  0]LogTargetPlatformManager: Display: Loaded TargetPlatform 'Android'
[2023.03.11-10.09.08:394][  0]LogTargetPlatformManager: Display: Loaded TargetPlatform 'Android_ASTC'
[2023.03.11-10.09.08:394][  0]LogTargetPlatformManager: Display: Loaded TargetPlatform 'Android_DXT'
[2023.03.11-10.09.08:394][  0]LogTargetPlatformManager: Display: Loaded TargetPlatform 'Android_ETC2'
[2023.03.11-10.09.08:394][  0]LogTargetPlatformManager: Display: Loaded TargetPlatform 'AndroidClient'
[2023.03.11-10.09.08:394][  0]LogTargetPlatformManager: Display: Loaded TargetPlatform 'Android_ASTCClient'
[2023.03.11-10.09.08:394][  0]LogTargetPlatformManager: Display: Loaded TargetPlatform 'Android_DXTClient'
[2023.03.11-10.09.08:394][  0]LogTargetPlatformManager: Display: Loaded TargetPlatform 'Android_ETC2Client'
[2023.03.11-10.09.08:394][  0]LogTargetPlatformManager: Display: Loaded TargetPlatform 'Android_Multi'
[2023.03.11-10.09.08:394][  0]LogTargetPlatformManager: Display: Loaded TargetPlatform 'Android_MultiClient'
[2023.03.11-10.09.08:411][  0]LogTargetPlatformManager: Display: Loaded TargetPlatform 'IOSClient'
[2023.03.11-10.09.08:411][  0]LogTargetPlatformManager: Display: Loaded TargetPlatform 'IOS'
[2023.03.11-10.09.08:421][  0]LogTargetPlatformManager: Display: Loaded TargetPlatform 'Linux'
[2023.03.11-10.09.08:426][  0]LogTargetPlatformManager: Display: Loaded TargetPlatform 'LinuxNoEditor'
[2023.03.11-10.09.08:430][  0]LogTargetPlatformManager: Display: Loaded TargetPlatform 'LinuxClient'
[2023.03.11-10.09.08:435][  0]LogTargetPlatformManager: Display: Loaded TargetPlatform 'LinuxServer'
[2023.03.11-10.09.08:444][  0]LogTargetPlatformManager: Display: Loaded TargetPlatform 'LinuxAArch64NoEditor'
[2023.03.11-10.09.08:449][  0]LogTargetPlatformManager: Display: Loaded TargetPlatform 'LinuxAArch64Client'
[2023.03.11-10.09.08:453][  0]LogTargetPlatformManager: Display: Loaded TargetPlatform 'LinuxAArch64Server'
[2023.03.11-10.09.08:479][  0]LogTargetPlatformManager: Display: Loaded TargetPlatform 'Lumin'
[2023.03.11-10.09.08:479][  0]LogTargetPlatformManager: Display: Loaded TargetPlatform 'LuminClient'
[2023.03.11-10.09.08:487][  0]LogTargetPlatformManager: Display: Loaded TargetPlatform 'MacNoEditor'
[2023.03.11-10.09.08:491][  0]LogTargetPlatformManager: Display: Loaded TargetPlatform 'Mac'
[2023.03.11-10.09.08:496][  0]LogTargetPlatformManager: Display: Loaded TargetPlatform 'MacClient'
[2023.03.11-10.09.08:500][  0]LogTargetPlatformManager: Display: Loaded TargetPlatform 'MacServer'
[2023.03.11-10.09.08:511][  0]LogTargetPlatformManager: Display: Loaded TargetPlatform 'TVOSClient'
[2023.03.11-10.09.08:511][  0]LogTargetPlatformManager: Display: Loaded TargetPlatform 'TVOS'
[2023.03.11-10.09.08:520][  0]LogTargetPlatformManager: Display: Loaded TargetPlatform 'WindowsNoEditor'
[2023.03.11-10.09.08:526][  0]LogTargetPlatformManager: Display: Loaded TargetPlatform 'Windows'
[2023.03.11-10.09.08:531][  0]LogTargetPlatformManager: Display: Loaded TargetPlatform 'WindowsClient'
[2023.03.11-10.09.08:535][  0]LogTargetPlatformManager: Display: Loaded TargetPlatform 'WindowsServer'
[2023.03.11-10.09.08:535][  0]LogTargetPlatformManager: Display: Building Assets For Windows
[2023.03.11-10.09.08:543][  0]LogAudioDebug: Display: Lib vorbis DLL was dynamically loaded.
[2023.03.11-10.09.08:572][  0]LogTextureFormatOodle: Display: Oodle Texture 2.9.0 init RDO Off
[2023.03.11-10.09.08:607][  0]LogRendererCore: Ray tracing is disabled. Reason: r.RayTracing=0.
[2023.03.11-10.09.08:607][  0]LogShaderCompilers: Guid format shader working directory is -36 characters bigger than the processId version (../../../../../../Users/qkrdl/Documents/GitHub/Zolup-Button_Project_MF/Project_MF/Intermediate/Shaders/WorkingDirectory/22644/).
[2023.03.11-10.09.08:607][  0]LogShaderCompilers: Cleaned the shader compiler working directory 'C:/Users/qkrdl/AppData/Local/Temp/UnrealShaderWorkingDir/CE5426644C0D14C3AA4F6A8094600303/'.
[2023.03.11-10.09.08:607][  0]LogXGEController: Cannot use XGE Controller as Incredibuild is not installed on this machine.
[2023.03.11-10.09.08:608][  0]LogShaderCompilers: Cannot use XGE Shader Compiler as Incredibuild is not installed on this machine.
[2023.03.11-10.09.08:608][  0]LogShaderCompilers: Display: Using Local Shader Compiler.
[2023.03.11-10.09.11:593][  0]LogDerivedDataCache: Display: Max Cache Size: 512 MB
[2023.03.11-10.09.11:642][  0]LogDerivedDataCache: Loaded boot cache 0.05s 94MB C:/Users/qkrdl/AppData/Local/UnrealEngine/4.27/DerivedDataCache/Boot.ddc.
[2023.03.11-10.09.11:642][  0]LogDerivedDataCache: Display: Loaded Boot cache: C:/Users/qkrdl/AppData/Local/UnrealEngine/4.27/DerivedDataCache/Boot.ddc
[2023.03.11-10.09.11:642][  0]LogDerivedDataCache: FDerivedDataBackendGraph:  Pak pak cache file ../../../../../../Users/qkrdl/Documents/GitHub/Zolup-Button_Project_MF/Project_MF/DerivedDataCache/DDC.ddp not found, will not use a pak cache.
[2023.03.11-10.09.11:642][  0]LogDerivedDataCache: Unable to find inner node Pak for hierarchical cache Hierarchy.
[2023.03.11-10.09.11:643][  0]LogDerivedDataCache: FDerivedDataBackendGraph:  CompressedPak pak cache file ../../../../../../Users/qkrdl/Documents/GitHub/Zolup-Button_Project_MF/Project_MF/DerivedDataCache/Compressed.ddp not found, will not use a pak cache.
[2023.03.11-10.09.11:643][  0]LogDerivedDataCache: Unable to find inner node CompressedPak for hierarchical cache Hierarchy.
[2023.03.11-10.09.11:672][  0]LogDerivedDataCache: Display: Pak cache opened for reading ../../../Engine/DerivedDataCache/Compressed.ddp.
[2023.03.11-10.09.11:672][  0]LogDerivedDataCache: FDerivedDataBackendGraph:  EnterprisePak pak cache file ../../../Enterprise/DerivedDataCache/Compressed.ddp not found, will not use a pak cache.
[2023.03.11-10.09.11:672][  0]LogDerivedDataCache: Unable to find inner node EnterprisePak for hierarchical cache Hierarchy.
[2023.03.11-10.09.11:681][  0]LogDerivedDataCache: Speed tests for C:/Users/qkrdl/AppData/Local/UnrealEngine/Common/DerivedDataCache took 0.01 seconds
[2023.03.11-10.09.11:681][  0]LogDerivedDataCache: Display: Performance to C:/Users/qkrdl/AppData/Local/UnrealEngine/Common/DerivedDataCache: Latency=0.05ms. RandomReadSpeed=234.41MBs, RandomWriteSpeed=169.43MBs. Assigned SpeedClass 'Local'
[2023.03.11-10.09.11:682][  0]LogDerivedDataCache: Using Local data cache path C:/Users/qkrdl/AppData/Local/UnrealEngine/Common/DerivedDataCache: Writable
[2023.03.11-10.09.11:682][  0]LogDerivedDataCache: Shared data cache path not found in *engine.ini, will not use an Shared cache.
[2023.03.11-10.09.11:682][  0]LogDerivedDataCache: Unable to find inner node Shared for hierarchical cache Hierarchy.
[2023.03.11-10.09.11:738][  0]LogSlate: Using FreeType 2.10.0
[2023.03.11-10.09.11:739][  0]LogSlate: SlateFontServices - WITH_FREETYPE: 1, WITH_HARFBUZZ: 1
[2023.03.11-10.09.11:793][  0]LogAssetRegistry: FAssetRegistry took 0.0032 seconds to start up
[2023.03.11-10.09.12:046][  0]LogInit: Selected Device Profile: [Windows]
[2023.03.11-10.09.12:046][  0]LogInit: Active device profile: [00000181B82CAC00][00000181B6C30900 49] Windows
[2023.03.11-10.09.12:046][  0]LogInit: Profiles: [00000181B82CAC00][00000181B6C30900 49] Windows, [00000181B825D400][00000181B690CA40 49] WindowsNoEditor, [00000181B82CA300][00000181B6C3AB80 49] WindowsServer, [00000181B825DC00][00000181AE77ACC0 49] WindowsClient, [00000181B82CB900][00000181AF092E40 49] IOS, [00000181B825F400][00000181AF096FC0 49] iPadAir, [00000181B825C500][00000181B6A31140 49] iPadAir2, [00000181B8205200][00000181B6A39400 49] IPadPro, [00000181B8205300][00000181B6A35440 49] iPadAir3, [00000181B82C9400][00000181AE9415C0 49] iPadAir4, [00000181B8204200][00000181AE945740 49] iPadMini2, [00000181B82C9300][00000181AE9498C0 49] iPadMini3, [00000181B8207100][00000181AE94DA40 49] iPadMini4, [00000181B825C700][00000181AE951BC0 49] iPadMini5, [00000181B8220B00][00000181AE958300 49] iPhone6, [00000181B8220C00][00000181AE954340 49] iPodTouch6, [00000181B8207A00][00000181AE960600 49] iPhone7, [00000181B8207900][00000181AE95C640 49] iPodTouch7, [00000181B8220400][00000181AE9647C0 49] iPhone5S, [00000181B8205D00][00000181B68A4940 49] iPhone6Plus, [00000181B8221400][00000181B68A8AC0 49] iPhone6S, [00000181B8205400][00000181AF08EC00 49] iPhone6SPlus, [00000181B8223F00][00000181B68ACD40 49] iPhone7Plus, [00000181B8207200][00000181B68B0E80 49] iPhoneSE, [00000181B8221C00][00000181B68B4FC0 49] iPhone8, [00000181B8204700][00000181B68BD140 49] iPhone8Plus, [00000181B8223400][00000181B68C12C0 49] iPhoneX, [00000181B8206500][00000181B68C5440 49] iPhoneXS, [00000181B8222300][00000181B68C95C0 49] iPhoneXSMax, [00000181B8205F00][00000181AE6F7740 49] iPhoneXR, [00000181B8223000][00000181AE6FB8C0 49] iPhone11, [00000181B8206800][00000181AE6FFA40 49] iPhone11Pro, [00000181B8220F00][00000181AE703BC0 49] iPhone11ProMax, [00000181B8205900][00000181AE7061C0 49] iPhoneSE2, [00000181B8221700][00000181AE70A340 49] iPhone12Mini, [00000181B8207800][00000181AE70E4C0 49] iPhone12, [00000181B8223E00][00000181AE712640 49] iPhone12Pro, [00000181B8207B00][00000181AE7167C0 49] iPhone12ProMax, [00000181B8220500][00000181AE71A940 49] iPadPro105, [00000181B8205B00][00000181AE71EAC0 49] iPadPro129, [00000181B8221500][00000181AE722C40 49] iPadPro97, [00000181B8206600][00000181B68B8D80 49] iPadPro2_129, [00000181B8222500][00000181AE726EC0 49] iPad5, [00000181B8207400][00000181AE72B000 49] iPad6, [00000181B8220A00][00000181AE72F140 49] iPad7, [00000181B8207700][00000181AE7372C0 49] iPad8, [00000181B8223700][00000181AE73B440 49] iPadPro11, [00000181B8206F00][00000181AE73F5C0 49] iPadPro2_11, [00000181B8221B00][00000181AE743740 49] iPadPro3_129, [00000181B8205000][00000181B76F78C0 49] iPadPro4_129, [00000181B8222D00][00000181B76FBA40 49] AppleTV, [00000181B8204600][00000181B76FFBC0 49] AppleTV4K, [00000181B8220600][00000181B77021C0 49] TVOS, [00000181B8206D00][00000181B7706340 49] Mac, [00000181B8222900][00000181B770A4C0 49] MacClient, [00000181B8207000][00000181B770E640 49] MacNoEditor, [00000181B8221900][00000181B77127C0 49] MacServer, [00000181B8204B00][00000181B7716940 49] Linux, [00000181B8220700][00000181B771AAC0 49] LinuxAArch64, [00000181B8205500][00000181B771EC40 49] LinuxNoEditor, [00000181B8222F00][00000181B7722DC0 49] LinuxAArch64NoEditor, [00000181B8205800][00000181B7726F40 49] LinuxClient, [00000181B8223500][00000181AE733080 49] LinuxAArch64Client, [00000181B8204A00][00000181B772B1C0 49] LinuxServer, [00000181B8221200][00000181B772F300 49] LinuxAArch64Server, [00000181B8206900][00000181B7737480 49] Android, [00000181B8221800][00000181B773B600 49] Android_Low, [00000181B8207600][00000181B773F780 49] Android_Mid, [00000181B8223200][00000181B7743900 49] Android_High, [00000181B8205700][00000181B7747A80 49] Android_Default, [00000181B8220D00][00000181B774BC00 49] Android_Adreno4xx, [00000181B8207C00][00000181B774E200 49] Android_Adreno5xx_Low, [00000181B82CB600][00000181B7752380 49] Android_Adreno5xx, [00000181B825FE00][00000181B7756500 49] Android_Adreno6xx, [00000181B82CA200][00000181B775A680 49] Android_Adreno6xx_Vulkan, [00000181B825E200][00000181B775E800 49] Android_Mali_T6xx, [00000181B82CB100][00000181B7762980 49] Android_Mali_T7xx, [00000181B825CE00][00000181B7766B00 49] Android_Mali_T8xx, [00000181B82C9800][00000181B776AC80 49] Android_Mali_G71, [00000181B825C600][00000181B776EE00 49] Android_Mali_G72, [00000181B82C9600][00000181B7772F80 49] Android_Mali_G72_Vulkan, [00000181B825D500][00000181B7777100 49] Android_Mali_G76, [00000181B82CB000][00000181B7733240 49] Android_Mali_G76_Vulkan, [00000181B825E300][00000181B777B380 49] Android_Mali_G77, [00000181B82C9C00][00000181B777F4C0 49] Android_Mali_G77_Vulkan, [00000181B825F600][00000181B7787640 49] Android_Mali_G78, [00000181B82C8F00][00000181B778B7C0 49] Android_Mali_G78_Vulkan, [00000181B825E700][00000181B778F940 49] Android_Mali_G710, [00000181B82CA600][00000181B7793AC0 49] Android_Mali_G710_Vulkan, [00000181B825FF00][00000181B77960C0 49] Android_Vulkan_SM5, [00000181B82C9D00][00000181B779A240 49] Android_PowerVR_G6xxx, [00000181B825C200][00000181B779E3C0 49] Android_PowerVR_GT7xxx, [00000181B82C8700][00000181B77A2540 49] Android_PowerVR_GE8xxx, [00000181B825FC00][00000181B77A66C0 49] Android_PowerVR_GM9xxx, [00000181B82C9E00][00000181B77AA840 49] Android_PowerVR_GM9xxx_Vulkan, [00000181B825D600][00000181B77AE9C0 49] Android_TegraK1, [00000181B82C8A00][00000181B77B2B40 49] Android_Unknown_Vulkan, [00000181B825CD00][00000181B77B6CC0 49] Lumin, [00000181B82C8500][00000181B77BAE40 49] Lumin_Desktop, [00000181B8223800][00000181B77BEFC0 49] HoloLens, 
[2023.03.11-10.09.12:248][  0]LogMeshReduction: Using QuadricMeshReduction for automatic static mesh reduction
[2023.03.11-10.09.12:248][  0]LogMeshReduction: Using SimplygonMeshReduction for automatic skeletal mesh reduction
[2023.03.11-10.09.12:249][  0]LogMeshReduction: Using ProxyLODMeshReduction for automatic mesh merging
[2023.03.11-10.09.12:249][  0]LogMeshReduction: No distributed automatic mesh merging module available
[2023.03.11-10.09.12:249][  0]LogMeshMerging: No distributed automatic mesh merging module available
[2023.03.11-10.09.12:290][  0]LogNetVersion: Project_MF 1.0.0, NetCL: 17155196, EngineNetVer: 17, GameNetVer: 0 (Checksum: 3145920875)
[2023.03.11-10.09.14:971][  0]LogTexture: Default maximum texture size for cubemaps generated from long-lat sources has been changed from 512 to unlimited. In order to preserve old behaiour for '/Engine/MapTemplates/Sky/DaylightAmbientCubemap.DaylightAmbientCubemap', its maximum texture size has been explicitly set to 512.
[2023.03.11-10.09.15:086][  0]LogHMD: PokeAHoleMaterial loaded successfully
[2023.03.11-10.09.15:091][  0]LogUObjectArray: 17178 objects as part of root set at end of initial load.
[2023.03.11-10.09.15:091][  0]LogUObjectAllocator: 4302048 out of 0 bytes used by permanent object pool.
[2023.03.11-10.09.15:091][  0]LogUObjectArray: CloseDisregardForGC: 0/0 objects in disregard for GC pool
[2023.03.11-10.09.15:640][  0]LogNiagaraDebuggerClient: Niagara Debugger Client Initialized | Session: BC2CD73C4116A5E0430E23B02DE061DF | Instance: 4ECB39514A50881629411FAEA501D2F3 (DESKTOP-7O2N4A7-22644).
[2023.03.11-10.09.15:708][  0]LogPython: Using Python 3.7.7
[2023.03.11-10.09.16:493][  0]LogTcpMessaging: Initializing TcpMessaging bridge
[2023.03.11-10.09.16:497][  0]LogUdpMessaging: Initializing bridge on interface 0.0.0.0:0 to multicast group 230.0.0.1:6666.
[2023.03.11-10.09.17:204][  0]LogWindows: Error: === Critical error: ===
[2023.03.11-10.09.17:204][  0]LogWindows: Error: 
[2023.03.11-10.09.17:204][  0]LogWindows: Error: Fatal error!
[2023.03.11-10.09.17:204][  0]LogWindows: Error: 
[2023.03.11-10.09.17:204][  0]LogWindows: Error: Unhandled Exception: EXCEPTION_ACCESS_VIOLATION reading address 0x000000000000013a
[2023.03.11-10.09.17:204][  0]LogWindows: Error: 
[2023.03.11-10.09.17:204][  0]LogWindows: Error: [Callstack] 0x00007ffea31d4d84 UE4Editor-Project_MF-9582.dll!AProject_MFGameModeBase::AProject_MFGameModeBase() [D:\Users\qkrdl\Documents\GitHub\Zolup-Button_Project_MF\Project_MF\Source\Project_MF\Project_MFGameModeBase.cpp:18]
[2023.03.11-10.09.17:204][  0]LogWindows: Error: [Callstack] 0x00007fffd43461d3 UE4Editor-CoreUObject.dll!UnknownFunction []
[2023.03.11-10.09.17:204][  0]LogWindows: Error: [Callstack] 0x00007fffd4668faf UE4Editor-CoreUObject.dll!UnknownFunction []
[2023.03.11-10.09.17:204][  0]LogWindows: Error: [Callstack] 0x00007fffd4645411 UE4Editor-CoreUObject.dll!UnknownFunction []
[2023.03.11-10.09.17:204][  0]LogWindows: Error: [Callstack] 0x00007fffd450ddc5 UE4Editor-CoreUObject.dll!UnknownFunction []
[2023.03.11-10.09.17:204][  0]LogWindows: Error: [Callstack] 0x00007fffc1e71bea UE4Editor-Core.dll!UnknownFunction []
[2023.03.11-10.09.17:204][  0]LogWindows: Error: [Callstack] 0x00007fffc1e915a3 UE4Editor-Core.dll!UnknownFunction []
[2023.03.11-10.09.17:204][  0]LogWindows: Error: [Callstack] 0x00007ff82b556433 UE4Editor-Projects.dll!UnknownFunction []
[2023.03.11-10.09.17:204][  0]LogWindows: Error: [Callstack] 0x00007ff82b55674f UE4Editor-Projects.dll!UnknownFunction []
[2023.03.11-10.09.17:204][  0]LogWindows: Error: [Callstack] 0x00007ff614905642 UE4Editor.exe!UnknownFunction []
[2023.03.11-10.09.17:204][  0]LogWindows: Error: [Callstack] 0x00007ff614909000 UE4Editor.exe!UnknownFunction []
[2023.03.11-10.09.17:204][  0]LogWindows: Error: [Callstack] 0x00007ff614900d2c UE4Editor.exe!UnknownFunction []
[2023.03.11-10.09.17:204][  0]LogWindows: Error: [Callstack] 0x00007ff6149010ba UE4Editor.exe!UnknownFunction []
[2023.03.11-10.09.17:204][  0]LogWindows: Error: [Callstack] 0x00007ff6149040dd UE4Editor.exe!UnknownFunction []
[2023.03.11-10.09.17:204][  0]LogWindows: Error: [Callstack] 0x00007ff614915984 UE4Editor.exe!UnknownFunction []
[2023.03.11-10.09.17:204][  0]LogWindows: Error: [Callstack] 0x00007ff61491853a UE4Editor.exe!UnknownFunction []
[2023.03.11-10.09.17:204][  0]LogWindows: Error: [Callstack] 0x00007ff84f0f26bd KERNEL32.DLL!UnknownFunction []
[2023.03.11-10.09.17:204][  0]LogWindows: Error: [Callstack] 0x00007ff84faedfb8 ntdll.dll!UnknownFunction []
[2023.03.11-10.09.17:204][  0]LogWindows: Error: 
[2023.03.11-10.09.17:220][  0]LogExit: Executing StaticShutdownAfterError
[2023.03.11-10.09.17:222][  0]LogWindows: FPlatformMisc::RequestExit(1)
[2023.03.11-10.09.17:222][  0]LogWindows: FPlatformMisc::RequestExitWithStatus(1, 3)
[2023.03.11-10.09.17:222][  0]LogCore: Engine exit requested (reason: Win RequestExit)
[2023.03.11-10.09.17:234][  0]Log file closed, 03/11/23 19:09:17
