Log file open, 03/31/23 16:35:53
LogWindows: Failed to load 'aqProf.dll' (GetLastError=126)
LogWindows: File 'aqProf.dll' does not exist
LogWindows: Failed to load 'VtuneApi.dll' (GetLastError=126)
LogWindows: File 'VtuneApi.dll' does not exist
LogWindows: Failed to load 'VtuneApi32e.dll' (GetLastError=126)
LogWindows: File 'VtuneApi32e.dll' does not exist
LogConsoleResponse: Display: Failed to find resolution value strings in scalability ini. Falling back to default.
LogConsoleResponse: Display: Failed to find resolution value strings in scalability ini. Falling back to default.
LogInit: Display: Running engine for game: Project_MF
LogPlatformFile: Not using cached read wrapper
LogTaskGraph: Started task graph with 5 named threads and 23 total threads with 3 sets of task threads.
LogStats: Stats thread started at 0.229999
LogICUInternationalization: ICU TimeZone Detection - Raw Offset: +9:00, Platform Override: ''
LogInit: Display: Loading text-based GConfig....
LogPluginManager: Mounting plugin MeshPainting
LogPluginManager: Mounting plugin XGEController
LogPluginManager: Mounting plugin Paper2D
LogPluginManager: Mounting plugin AISupport
LogPluginManager: Mounting plugin EnvironmentQueryEditor
LogPluginManager: Mounting plugin LightPropagationVolume
LogPluginManager: Mounting plugin CameraShakePreviewer
LogPluginManager: Mounting plugin LiveLink
LogPluginManager: Mounting plugin OodleData
LogPluginManager: Mounting plugin OodleNetwork
LogPluginManager: Mounting plugin AssetManagerEditor
LogPluginManager: Mounting plugin CryptoKeys
LogPluginManager: Mounting plugin CurveEditorTools
LogPluginManager: Mounting plugin DataValidation
LogPluginManager: Mounting plugin FacialAnimation
LogPluginManager: Mounting plugin GameplayTagsEditor
LogPluginManager: Mounting plugin GeometryMode
LogPluginManager: Mounting plugin MacGraphicsSwitching
LogPluginManager: Mounting plugin MaterialAnalyzer
LogPluginManager: Mounting plugin AnimationSharing
LogPluginManager: Mounting plugin MobileLauncherProfileWizard
LogPluginManager: Mounting plugin PluginBrowser
LogPluginManager: Mounting plugin CLionSourceCodeAccess
LogPluginManager: Mounting plugin SpeedTreeImporter
LogPluginManager: Mounting plugin CodeLiteSourceCodeAccess
LogPluginManager: Mounting plugin GitSourceControl
LogPluginManager: Mounting plugin NullSourceCodeAccess
LogPluginManager: Mounting plugin KDevelopSourceCodeAccess
LogPluginManager: Mounting plugin PerforceSourceControl
LogPluginManager: Mounting plugin PixWinPlugin
LogPluginManager: Mounting plugin PlasticSourceControl
LogPluginManager: Mounting plugin PluginUtils
LogPluginManager: Mounting plugin PropertyAccessNode
LogPluginManager: Mounting plugin RiderSourceCodeAccess
LogPluginManager: Mounting plugin TextureFormatOodle
LogPluginManager: Mounting plugin SubversionSourceControl
LogPluginManager: Mounting plugin UObjectPlugin
LogPluginManager: Mounting plugin VisualStudioCodeSourceCodeAccess
LogPluginManager: Mounting plugin VisualStudioSourceCodeAccess
LogPluginManager: Mounting plugin XCodeSourceCodeAccess
LogPluginManager: Mounting plugin DatasmithContent
LogPluginManager: Mounting plugin AlembicImporter
LogPluginManager: Mounting plugin VariantManagerContent
LogPluginManager: Mounting plugin AutomationUtils
LogPluginManager: Mounting plugin BackChannel
LogPluginManager: Mounting plugin ChaosCloth
LogPluginManager: Mounting plugin ChaosClothEditor
LogPluginManager: Mounting plugin ChaosEditor
LogPluginManager: Mounting plugin ChaosNiagara
LogPluginManager: Mounting plugin ChaosSolverPlugin
LogPluginManager: Mounting plugin CharacterAI
LogPluginManager: Mounting plugin GeometryCache
LogPluginManager: Mounting plugin Niagara
LogPluginManager: Mounting plugin GeometryCollectionPlugin
LogPluginManager: Mounting plugin GeometryProcessing
LogPluginManager: Mounting plugin MotoSynth
LogPluginManager: Mounting plugin OpenImageDenoise
LogPluginManager: Mounting plugin PlanarCut
LogPluginManager: Mounting plugin PlatformCrypto
LogPluginManager: Mounting plugin ProxyLODPlugin
LogPluginManager: Mounting plugin PythonScriptPlugin
LogPluginManager: Mounting plugin SkeletalReduction
LogPluginManager: Mounting plugin LuminPlatformFeatures
LogPluginManager: Mounting plugin MagicLeap
LogPluginManager: Mounting plugin MagicLeapLightEstimation
LogPluginManager: Mounting plugin MagicLeapMedia
LogPluginManager: Mounting plugin MagicLeapPassableWorld
LogPluginManager: Mounting plugin MLSDK
LogPluginManager: Mounting plugin AndroidMedia
LogPluginManager: Mounting plugin AvfMedia
LogPluginManager: Mounting plugin ImgMedia
LogPluginManager: Mounting plugin MediaCompositing
LogPluginManager: Mounting plugin MediaPlayerEditor
LogPluginManager: Mounting plugin WebMMedia
LogPluginManager: Mounting plugin WmfMedia
LogPluginManager: Mounting plugin ActorSequence
LogPluginManager: Mounting plugin TcpMessaging
LogPluginManager: Mounting plugin UdpMessaging
LogPluginManager: Mounting plugin LevelSequenceEditor
LogPluginManager: Mounting plugin MatineeToLevelSequence
LogPluginManager: Mounting plugin TemplateSequence
LogPluginManager: Mounting plugin OnlineSubsystem
LogPluginManager: Mounting plugin OnlineSubsystemNull
LogPluginManager: Mounting plugin OnlineSubsystemUtils
LogPluginManager: Mounting plugin LauncherChunkInstaller
LogPluginManager: Mounting plugin ActorLayerUtilities
LogPluginManager: Mounting plugin AndroidDeviceProfileSelector
LogPluginManager: Mounting plugin AndroidMoviePlayer
LogPluginManager: Mounting plugin AndroidPermission
LogPluginManager: Mounting plugin AppleImageUtils
LogPluginManager: Mounting plugin AppleMoviePlayer
LogPluginManager: Mounting plugin ArchVisCharacter
LogPluginManager: Mounting plugin AssetTags
LogPluginManager: Mounting plugin AudioCapture
LogPluginManager: Mounting plugin AudioSynesthesia
LogPluginManager: Mounting plugin CableComponent
LogPluginManager: Mounting plugin ChunkDownloader
LogPluginManager: Mounting plugin CustomMeshComponent
LogPluginManager: Mounting plugin ExampleDeviceProfileSelector
LogPluginManager: Mounting plugin EditableMesh
LogPluginManager: Mounting plugin GooglePAD
LogPluginManager: Mounting plugin GoogleCloudMessaging
LogPluginManager: Mounting plugin IOSDeviceProfileSelector
LogPluginManager: Mounting plugin LinuxDeviceProfileSelector
LogPluginManager: Mounting plugin LocationServicesBPLibrary
LogPluginManager: Mounting plugin MobilePatchingUtils
LogPluginManager: Mounting plugin OpenXR
LogPluginManager: Mounting plugin OpenXREyeTracker
LogPluginManager: Mounting plugin OpenXRHandTracking
LogPluginManager: Mounting plugin PhysXVehicles
LogPluginManager: Mounting plugin PostSplashScreen
LogPluginManager: Mounting plugin ProceduralMeshComponent
LogPluginManager: Mounting plugin PropertyAccessEditor
LogPluginManager: Mounting plugin RuntimePhysXCooking
LogPluginManager: Mounting plugin SignificanceManager
LogPluginManager: Mounting plugin SoundFields
LogPluginManager: Mounting plugin Synthesis
LogPluginManager: Mounting plugin WebMMoviePlayer
LogPluginManager: Mounting plugin WindowsMoviePlayer
LogPluginManager: Mounting plugin ScreenshotTools
LogPluginManager: Mounting plugin GameplayCameras
LogPluginManager: Mounting plugin Takes
LogPluginManager: Mounting plugin ContentBrowserAssetDataSource
LogPluginManager: Mounting plugin ContentBrowserClassDataSource
LogPluginManager: Mounting plugin ContentBrowserFileDataSource
LogPluginManager: Mounting plugin OnlineSubsystemGooglePlay
LogPluginManager: Mounting plugin OnlineSubsystemIOS
LogPluginManager: Mounting plugin OculusVR
LogPluginManager: Mounting plugin SteamVR
PixWinPlugin: PIX capture plugin failed to initialize! Check that the process is launched from PIX.
LogInit: Using libcurl 7.55.1-DEV
LogInit:  - built for x86_64-pc-win32
LogInit:  - supports SSL with OpenSSL/1.1.1
LogInit:  - supports HTTP deflate (compression) using libz 1.2.8
LogInit:  - other features:
LogInit:      CURL_VERSION_SSL
LogInit:      CURL_VERSION_LIBZ
LogInit:      CURL_VERSION_IPV6
LogInit:      CURL_VERSION_ASYNCHDNS
LogInit:      CURL_VERSION_LARGEFILE
LogInit:      CURL_VERSION_IDN
LogInit:  CurlRequestOptions (configurable via config and command line):
LogInit:  - bVerifyPeer = true  - Libcurl will verify peer certificate
LogInit:  - bUseHttpProxy = false  - Libcurl will NOT use HTTP proxy
LogInit:  - bDontReuseConnections = false  - Libcurl will reuse connections
LogInit:  - MaxHostConnections = 16  - Libcurl will limit the number of connections to a host
LogInit:  - LocalHostAddr = Default
LogInit:  - BufferSize = 65536
LogOnline: OSS: Creating online subsystem instance for: NULL
LogInit: WinSock: version 1.1 (2.2), MaxSocks=32767, MaxUdp=65467
LogOnline: OSS: TryLoadSubsystemAndSetDefault: Loaded subsystem for module [NULL]
LogOculusPluginWrapper: OculusPlugin initialized successfully
LogHMD: Failed initializing OVRPlugin 1.59.0
LogInit: Build: ++UE4+Release-4.27-CL-18319896
LogInit: Engine Version: 4.27.2-18319896+++UE4+Release-4.27
LogInit: Compatible Engine Version: 4.27.0-17155196+++UE4+Release-4.27
LogInit: Net CL: 17155196
LogInit: OS: Windows 10 (Release 2009) (), CPU: AMD Ryzen 3 3300X 4-Core Processor             , GPU: NVIDIA GeForce RTX 2060 SUPER
LogInit: Compiled (64-bit): Nov 30 2021 07:12:08
LogInit: Compiled with Visual C++: 19.24.28315.00
LogInit: Build Configuration: Development
LogInit: Branch Name: ++UE4+Release-4.27
LogInit: Command Line: 
LogInit: Base Directory: D:/Program Files/Epic Games/UE_4.27/Engine/Binaries/Win64/
LogInit: Allocator: TBB
LogInit: Installed Engine Build: 1
LogDevObjectVersion: Number of dev versions registered: 29
LogDevObjectVersion:   Dev-Blueprints (B0D832E4-1F89-4F0D-ACCF-7EB736FD4AA2): 10
LogDevObjectVersion:   Dev-Build (E1C64328-A22C-4D53-A36C-8E866417BD8C): 0
LogDevObjectVersion:   Dev-Core (375EC13C-06E4-48FB-B500-84F0262A717E): 4
LogDevObjectVersion:   Dev-Editor (E4B068ED-F494-42E9-A231-DA0B2E46BB41): 40
LogDevObjectVersion:   Dev-Framework (CFFC743F-43B0-4480-9391-14DF171D2073): 37
LogDevObjectVersion:   Dev-Mobile (B02B49B5-BB20-44E9-A304-32B752E40360): 3
LogDevObjectVersion:   Dev-Networking (A4E4105C-59A1-49B5-A7C5-40C4547EDFEE): 0
LogDevObjectVersion:   Dev-Online (39C831C9-5AE6-47DC-9A44-9C173E1C8E7C): 0
LogDevObjectVersion:   Dev-Physics (78F01B33-EBEA-4F98-B9B4-84EACCB95AA2): 14
LogDevObjectVersion:   Dev-Platform (6631380F-2D4D-43E0-8009-CF276956A95A): 0
LogDevObjectVersion:   Dev-Rendering (12F88B9F-8875-4AFC-A67C-D90C383ABD29): 45
LogDevObjectVersion:   Dev-Sequencer (7B5AE74C-D270-4C10-A958-57980B212A5A): 13
LogDevObjectVersion:   Dev-VR (D7296918-1DD6-4BDD-9DE2-64A83CC13884): 3
LogDevObjectVersion:   Dev-LoadTimes (C2A15278-BFE7-4AFE-6C17-90FF531DF755): 1
LogDevObjectVersion:   Private-Geometry (6EACA3D4-40EC-4CC1-B786-8BED09428FC5): 3
LogDevObjectVersion:   Dev-AnimPhys (29E575DD-E0A3-4627-9D10-D276232CDCEA): 17
LogDevObjectVersion:   Dev-Anim (AF43A65D-7FD3-4947-9873-3E8ED9C1BB05): 15
LogDevObjectVersion:   Dev-ReflectionCapture (6B266CEC-1EC7-4B8F-A30B-E4D90942FC07): 1
LogDevObjectVersion:   Dev-Automation (0DF73D61-A23F-47EA-B727-89E90C41499A): 1
LogDevObjectVersion:   FortniteMain (601D1886-AC64-4F84-AA16-D3DE0DEAC7D6): 47
LogDevObjectVersion:   FortniteRelease (E7086368-6B23-4C58-8439-1B7016265E91): 1
LogDevObjectVersion:   Dev-Enterprise (9DFFBCD6-494F-0158-E221-12823C92A888): 10
LogDevObjectVersion:   Dev-Niagara (F2AED0AC-9AFE-416F-8664-AA7FFA26D6FC): 1
LogDevObjectVersion:   Dev-Destruction (174F1F0B-B4C6-45A5-B13F-2EE8D0FB917D): 10
LogDevObjectVersion:   Dev-Physics-Ext (35F94A83-E258-406C-A318-09F59610247C): 41
LogDevObjectVersion:   Dev-PhysicsMaterial-Chaos (B68FC16E-8B1B-42E2-B453-215C058844FE): 1
LogDevObjectVersion:   Dev-CineCamera (B2E18506-4273-CFC2-A54E-F4BB758BBA07): 1
LogDevObjectVersion:   Dev-VirtualProduction (64F58936-FD1B-42BA-BA96-7289D5D0FA4E): 1
LogDevObjectVersion:   Dev-MediaFramework (6F0ED827-A609-4895-9C91-998D90180EA4): 2
LogInit: Presizing for max 25165824 objects, including 0 objects not considered by GC, pre-allocating 0 bytes for permanent pool.
LogConfig: Applying CVar settings from Section [/Script/Engine.StreamingSettings] File [D:/Users/qkrdl/Documents/GitHub/Zolup-Button_Project_MF/Project_MF/Saved/Config/Windows/Engine.ini]
LogConfig: Setting CVar [[s.MinBulkDataSizeForAsyncLoading:131072]]
LogConfig: Setting CVar [[s.AsyncLoadingThreadEnabled:0]]
LogConfig: Setting CVar [[s.EventDrivenLoaderEnabled:1]]
LogConfig: Setting CVar [[s.WarnIfTimeLimitExceeded:0]]
LogConfig: Setting CVar [[s.TimeLimitExceededMultiplier:1.5]]
LogConfig: Setting CVar [[s.TimeLimitExceededMinTime:0.005]]
LogConfig: Setting CVar [[s.UseBackgroundLevelStreaming:1]]
LogConfig: Setting CVar [[s.PriorityAsyncLoadingExtraTime:15.0]]
LogConfig: Setting CVar [[s.LevelStreamingActorsUpdateTimeLimit:5.0]]
LogConfig: Setting CVar [[s.PriorityLevelStreamingActorsUpdateExtraTime:5.0]]
LogConfig: Setting CVar [[s.LevelStreamingComponentsRegistrationGranularity:10]]
LogConfig: Setting CVar [[s.UnregisterComponentsTimeLimit:1.0]]
LogConfig: Setting CVar [[s.LevelStreamingComponentsUnregistrationGranularity:5]]
LogConfig: Setting CVar [[s.FlushStreamingOnExit:1]]
LogInit: Object subsystem initialized
LogConfig: Setting CVar [[con.DebugEarlyDefault:1]]
LogConfig: Setting CVar [[r.setres:1280x720]]
[2023.03.31-07.35.54:148][  0]LogConfig: Setting CVar [[r.VSync:0]]
[2023.03.31-07.35.54:148][  0]LogConfig: Setting CVar [[r.RHICmdBypass:0]]
[2023.03.31-07.35.54:148][  0]LogConfig: Applying CVar settings from Section [/Script/Engine.RendererSettings] File [D:/Users/qkrdl/Documents/GitHub/Zolup-Button_Project_MF/Project_MF/Saved/Config/Windows/Engine.ini]
[2023.03.31-07.35.54:148][  0]LogConfig: Setting CVar [[r.GPUCrashDebugging:0]]
[2023.03.31-07.35.54:148][  0]LogConfig: Applying CVar settings from Section [/Script/Engine.RendererOverrideSettings] File [D:/Users/qkrdl/Documents/GitHub/Zolup-Button_Project_MF/Project_MF/Saved/Config/Windows/Engine.ini]
[2023.03.31-07.35.54:148][  0]LogConfig: Applying CVar settings from Section [/Script/Engine.StreamingSettings] File [D:/Users/qkrdl/Documents/GitHub/Zolup-Button_Project_MF/Project_MF/Saved/Config/Windows/Engine.ini]
[2023.03.31-07.35.54:148][  0]LogConfig: Setting CVar [[s.MinBulkDataSizeForAsyncLoading:131072]]
[2023.03.31-07.35.54:148][  0]LogConfig: Setting CVar [[s.AsyncLoadingThreadEnabled:0]]
[2023.03.31-07.35.54:148][  0]LogConfig: Setting CVar [[s.EventDrivenLoaderEnabled:1]]
[2023.03.31-07.35.54:148][  0]LogConfig: Setting CVar [[s.WarnIfTimeLimitExceeded:0]]
[2023.03.31-07.35.54:148][  0]LogConfig: Setting CVar [[s.TimeLimitExceededMultiplier:1.5]]
[2023.03.31-07.35.54:148][  0]LogConfig: Setting CVar [[s.TimeLimitExceededMinTime:0.005]]
[2023.03.31-07.35.54:148][  0]LogConfig: Setting CVar [[s.UseBackgroundLevelStreaming:1]]
[2023.03.31-07.35.54:148][  0]LogConfig: Setting CVar [[s.PriorityAsyncLoadingExtraTime:15.0]]
[2023.03.31-07.35.54:148][  0]LogConfig: Setting CVar [[s.LevelStreamingActorsUpdateTimeLimit:5.0]]
[2023.03.31-07.35.54:148][  0]LogConfig: Setting CVar [[s.PriorityLevelStreamingActorsUpdateExtraTime:5.0]]
[2023.03.31-07.35.54:148][  0]LogConfig: Setting CVar [[s.LevelStreamingComponentsRegistrationGranularity:10]]
[2023.03.31-07.35.54:148][  0]LogConfig: Setting CVar [[s.UnregisterComponentsTimeLimit:1.0]]
[2023.03.31-07.35.54:148][  0]LogConfig: Setting CVar [[s.LevelStreamingComponentsUnregistrationGranularity:5]]
[2023.03.31-07.35.54:148][  0]LogConfig: Setting CVar [[s.FlushStreamingOnExit:1]]
[2023.03.31-07.35.54:148][  0]LogConfig: Applying CVar settings from Section [/Script/Engine.GarbageCollectionSettings] File [D:/Users/qkrdl/Documents/GitHub/Zolup-Button_Project_MF/Project_MF/Saved/Config/Windows/Engine.ini]
[2023.03.31-07.35.54:148][  0]LogConfig: Setting CVar [[gc.MaxObjectsNotConsideredByGC:1]]
[2023.03.31-07.35.54:148][  0]LogConfig: Setting CVar [[gc.SizeOfPermanentObjectPool:0]]
[2023.03.31-07.35.54:148][  0]LogConfig: Setting CVar [[gc.FlushStreamingOnGC:0]]
[2023.03.31-07.35.54:148][  0]LogConfig: Setting CVar [[gc.NumRetriesBeforeForcingGC:10]]
[2023.03.31-07.35.54:148][  0]LogConfig: Setting CVar [[gc.AllowParallelGC:1]]
[2023.03.31-07.35.54:148][  0]LogConfig: Setting CVar [[gc.TimeBetweenPurgingPendingKillObjects:61.1]]
[2023.03.31-07.35.54:148][  0]LogConfig: Setting CVar [[gc.MaxObjectsInEditor:25165824]]
[2023.03.31-07.35.54:148][  0]LogConfig: Setting CVar [[gc.IncrementalBeginDestroyEnabled:1]]
[2023.03.31-07.35.54:148][  0]LogConfig: Setting CVar [[gc.CreateGCClusters:1]]
[2023.03.31-07.35.54:148][  0]LogConfig: Setting CVar [[gc.MinGCClusterSize:5]]
[2023.03.31-07.35.54:148][  0]LogConfig: Setting CVar [[gc.ActorClusteringEnabled:0]]
[2023.03.31-07.35.54:148][  0]LogConfig: Setting CVar [[gc.BlueprintClusteringEnabled:0]]
[2023.03.31-07.35.54:148][  0]LogConfig: Setting CVar [[gc.UseDisregardForGCOnDedicatedServers:0]]
[2023.03.31-07.35.54:148][  0]LogConfig: Setting CVar [[gc.MultithreadedDestructionEnabled:1]]
[2023.03.31-07.35.54:148][  0]LogConfig: Applying CVar settings from Section [/Script/Engine.NetworkSettings] File [D:/Users/qkrdl/Documents/GitHub/Zolup-Button_Project_MF/Project_MF/Saved/Config/Windows/Engine.ini]
[2023.03.31-07.35.54:148][  0]LogConfig: Applying CVar settings from Section [/Script/UnrealEd.CookerSettings] File [D:/Users/qkrdl/Documents/GitHub/Zolup-Button_Project_MF/Project_MF/Saved/Config/Windows/Engine.ini]
[2023.03.31-07.35.54:159][  0]LogConfig: Applying CVar settings from Section [ViewDistanceQuality@3] File [D:/Users/qkrdl/Documents/GitHub/Zolup-Button_Project_MF/Project_MF/Saved/Config/Windows/Scalability.ini]
[2023.03.31-07.35.54:159][  0]LogConfig: Setting CVar [[r.SkeletalMeshLODBias:0]]
[2023.03.31-07.35.54:159][  0]LogConfig: Setting CVar [[r.ViewDistanceScale:1.0]]
[2023.03.31-07.35.54:159][  0]LogConfig: Applying CVar settings from Section [AntiAliasingQuality@3] File [D:/Users/qkrdl/Documents/GitHub/Zolup-Button_Project_MF/Project_MF/Saved/Config/Windows/Scalability.ini]
[2023.03.31-07.35.54:159][  0]LogConfig: Setting CVar [[r.PostProcessAAQuality:4]]
[2023.03.31-07.35.54:159][  0]LogConfig: Applying CVar settings from Section [ShadowQuality@3] File [D:/Users/qkrdl/Documents/GitHub/Zolup-Button_Project_MF/Project_MF/Saved/Config/Windows/Scalability.ini]
[2023.03.31-07.35.54:159][  0]LogConfig: Setting CVar [[r.LightFunctionQuality:1]]
[2023.03.31-07.35.54:159][  0]LogConfig: Setting CVar [[r.ShadowQuality:5]]
[2023.03.31-07.35.54:159][  0]LogConfig: Setting CVar [[r.Shadow.CSM.MaxCascades:10]]
[2023.03.31-07.35.54:159][  0]LogConfig: Setting CVar [[r.Shadow.MaxResolution:2048]]
[2023.03.31-07.35.54:159][  0]LogConfig: Setting CVar [[r.Shadow.MaxCSMResolution:2048]]
[2023.03.31-07.35.54:159][  0]LogConfig: Setting CVar [[r.Shadow.RadiusThreshold:0.01]]
[2023.03.31-07.35.54:159][  0]LogConfig: Setting CVar [[r.Shadow.DistanceScale:1.0]]
[2023.03.31-07.35.54:159][  0]LogConfig: Setting CVar [[r.Shadow.CSM.TransitionScale:1.0]]
[2023.03.31-07.35.54:159][  0]LogConfig: Setting CVar [[r.Shadow.PreShadowResolutionFactor:1.0]]
[2023.03.31-07.35.54:159][  0]LogConfig: Setting CVar [[r.DistanceFieldShadowing:1]]
[2023.03.31-07.35.54:159][  0]LogConfig: Setting CVar [[r.DistanceFieldAO:1]]
[2023.03.31-07.35.54:159][  0]LogConfig: Setting CVar [[r.AOQuality:2]]
[2023.03.31-07.35.54:159][  0]LogConfig: Setting CVar [[r.VolumetricFog:1]]
[2023.03.31-07.35.54:159][  0]LogConfig: Setting CVar [[r.VolumetricFog.GridPixelSize:8]]
[2023.03.31-07.35.54:159][  0]LogConfig: Setting CVar [[r.VolumetricFog.GridSizeZ:128]]
[2023.03.31-07.35.54:159][  0]LogConfig: Setting CVar [[r.VolumetricFog.HistoryMissSupersampleCount:4]]
[2023.03.31-07.35.54:159][  0]LogConfig: Setting CVar [[r.LightMaxDrawDistanceScale:1]]
[2023.03.31-07.35.54:159][  0]LogConfig: Setting CVar [[r.CapsuleShadows:1]]
[2023.03.31-07.35.54:159][  0]LogConfig: Applying CVar settings from Section [PostProcessQuality@3] File [D:/Users/qkrdl/Documents/GitHub/Zolup-Button_Project_MF/Project_MF/Saved/Config/Windows/Scalability.ini]
[2023.03.31-07.35.54:159][  0]LogConfig: Setting CVar [[r.MotionBlurQuality:4]]
[2023.03.31-07.35.54:159][  0]LogConfig: Setting CVar [[r.AmbientOcclusionMipLevelFactor:0.4]]
[2023.03.31-07.35.54:159][  0]LogConfig: Setting CVar [[r.AmbientOcclusionMaxQuality:100]]
[2023.03.31-07.35.54:159][  0]LogConfig: Setting CVar [[r.AmbientOcclusionLevels:-1]]
[2023.03.31-07.35.54:159][  0]LogConfig: Setting CVar [[r.AmbientOcclusionRadiusScale:1.0]]
[2023.03.31-07.35.54:159][  0]LogConfig: Setting CVar [[r.DepthOfFieldQuality:2]]
[2023.03.31-07.35.54:159][  0]LogConfig: Setting CVar [[r.RenderTargetPoolMin:400]]
[2023.03.31-07.35.54:160][  0]LogConfig: Setting CVar [[r.LensFlareQuality:2]]
[2023.03.31-07.35.54:160][  0]LogConfig: Setting CVar [[r.SceneColorFringeQuality:1]]
[2023.03.31-07.35.54:160][  0]LogConfig: Setting CVar [[r.EyeAdaptationQuality:2]]
[2023.03.31-07.35.54:160][  0]LogConfig: Setting CVar [[r.BloomQuality:5]]
[2023.03.31-07.35.54:160][  0]LogConfig: Setting CVar [[r.FastBlurThreshold:100]]
[2023.03.31-07.35.54:160][  0]LogConfig: Setting CVar [[r.Upscale.Quality:3]]
[2023.03.31-07.35.54:160][  0]LogConfig: Setting CVar [[r.Tonemapper.GrainQuantization:1]]
[2023.03.31-07.35.54:160][  0]LogConfig: Setting CVar [[r.LightShaftQuality:1]]
[2023.03.31-07.35.54:160][  0]LogConfig: Setting CVar [[r.Filter.SizeScale:1]]
[2023.03.31-07.35.54:160][  0]LogConfig: Setting CVar [[r.Tonemapper.Quality:5]]
[2023.03.31-07.35.54:160][  0]LogConfig: Setting CVar [[r.DOF.Gather.AccumulatorQuality:1        ; higher gathering accumulator quality]]
[2023.03.31-07.35.54:160][  0]LogConfig: Setting CVar [[r.DOF.Gather.PostfilterMethod:1          ; Median3x3 postfilering method]]
[2023.03.31-07.35.54:160][  0]LogConfig: Setting CVar [[r.DOF.Gather.EnableBokehSettings:0       ; no bokeh simulation when gathering]]
[2023.03.31-07.35.54:160][  0]LogConfig: Setting CVar [[r.DOF.Gather.RingCount:4                 ; medium number of samples when gathering]]
[2023.03.31-07.35.54:160][  0]LogConfig: Setting CVar [[r.DOF.Scatter.ForegroundCompositing:1    ; additive foreground scattering]]
[2023.03.31-07.35.54:160][  0]LogConfig: Setting CVar [[r.DOF.Scatter.BackgroundCompositing:2    ; additive background scattering]]
[2023.03.31-07.35.54:160][  0]LogConfig: Setting CVar [[r.DOF.Scatter.EnableBokehSettings:1      ; bokeh simulation when scattering]]
[2023.03.31-07.35.54:160][  0]LogConfig: Setting CVar [[r.DOF.Scatter.MaxSpriteRatio:0.1         ; only a maximum of 10% of scattered bokeh]]
[2023.03.31-07.35.54:160][  0]LogConfig: Setting CVar [[r.DOF.Recombine.Quality:1                ; cheap slight out of focus]]
[2023.03.31-07.35.54:160][  0]LogConfig: Setting CVar [[r.DOF.Recombine.EnableBokehSettings:0    ; no bokeh simulation on slight out of focus]]
[2023.03.31-07.35.54:160][  0]LogConfig: Setting CVar [[r.DOF.TemporalAAQuality:1                ; more stable temporal accumulation]]
[2023.03.31-07.35.54:160][  0]LogConfig: Setting CVar [[r.DOF.Kernel.MaxForegroundRadius:0.025]]
[2023.03.31-07.35.54:160][  0]LogConfig: Setting CVar [[r.DOF.Kernel.MaxBackgroundRadius:0.025]]
[2023.03.31-07.35.54:160][  0]LogConfig: Applying CVar settings from Section [TextureQuality@3] File [D:/Users/qkrdl/Documents/GitHub/Zolup-Button_Project_MF/Project_MF/Saved/Config/Windows/Scalability.ini]
[2023.03.31-07.35.54:160][  0]LogConfig: Setting CVar [[r.Streaming.MipBias:0]]
[2023.03.31-07.35.54:160][  0]LogConfig: Setting CVar [[r.Streaming.AmortizeCPUToGPUCopy:0]]
[2023.03.31-07.35.54:160][  0]LogConfig: Setting CVar [[r.Streaming.MaxNumTexturesToStreamPerFrame:0]]
[2023.03.31-07.35.54:160][  0]LogConfig: Setting CVar [[r.Streaming.Boost:1]]
[2023.03.31-07.35.54:160][  0]LogConfig: Setting CVar [[r.MaxAnisotropy:8]]
[2023.03.31-07.35.54:160][  0]LogConfig: Setting CVar [[r.VT.MaxAnisotropy:8]]
[2023.03.31-07.35.54:160][  0]LogConfig: Setting CVar [[r.Streaming.LimitPoolSizeToVRAM:0]]
[2023.03.31-07.35.54:160][  0]LogConfig: Setting CVar [[r.Streaming.PoolSize:1000]]
[2023.03.31-07.35.54:160][  0]LogConfig: Setting CVar [[r.Streaming.MaxEffectiveScreenSize:0]]
[2023.03.31-07.35.54:160][  0]LogConfig: Applying CVar settings from Section [EffectsQuality@3] File [D:/Users/qkrdl/Documents/GitHub/Zolup-Button_Project_MF/Project_MF/Saved/Config/Windows/Scalability.ini]
[2023.03.31-07.35.54:160][  0]LogConfig: Setting CVar [[r.TranslucencyLightingVolumeDim:64]]
[2023.03.31-07.35.54:160][  0]LogConfig: Setting CVar [[r.RefractionQuality:2]]
[2023.03.31-07.35.54:160][  0]LogConfig: Setting CVar [[r.SSR.Quality:3]]
[2023.03.31-07.35.54:160][  0]LogConfig: Setting CVar [[r.SSR.HalfResSceneColor:0]]
[2023.03.31-07.35.54:160][  0]LogConfig: Setting CVar [[r.SceneColorFormat:4]]
[2023.03.31-07.35.54:160][  0]LogConfig: Setting CVar [[r.DetailMode:2]]
[2023.03.31-07.35.54:160][  0]LogConfig: Setting CVar [[r.TranslucencyVolumeBlur:1]]
[2023.03.31-07.35.54:160][  0]LogConfig: Setting CVar [[r.MaterialQualityLevel:1 ; High quality]]
[2023.03.31-07.35.54:160][  0]LogConfig: Setting CVar [[r.AnisotropicMaterials:1]]
[2023.03.31-07.35.54:160][  0]LogConfig: Setting CVar [[r.SSS.Scale:1]]
[2023.03.31-07.35.54:160][  0]LogConfig: Setting CVar [[r.SSS.SampleSet:2]]
[2023.03.31-07.35.54:160][  0]LogConfig: Setting CVar [[r.SSS.Quality:1]]
[2023.03.31-07.35.54:160][  0]LogConfig: Setting CVar [[r.SSS.HalfRes:0]]
[2023.03.31-07.35.54:160][  0]LogConfig: Setting CVar [[r.SSGI.Quality:3]]
[2023.03.31-07.35.54:160][  0]LogConfig: Setting CVar [[r.EmitterSpawnRateScale:1.0]]
[2023.03.31-07.35.54:160][  0]LogConfig: Setting CVar [[r.ParticleLightQuality:2]]
[2023.03.31-07.35.54:160][  0]LogConfig: Setting CVar [[r.SkyAtmosphere.AerialPerspectiveLUT.FastApplyOnOpaque:1 ; Always have FastSkyLUT 1 in this case to avoid wrong sky]]
[2023.03.31-07.35.54:160][  0]LogConfig: Setting CVar [[r.SkyAtmosphere.AerialPerspectiveLUT.SampleCountMaxPerSlice:4]]
[2023.03.31-07.35.54:160][  0]LogConfig: Setting CVar [[r.SkyAtmosphere.AerialPerspectiveLUT.DepthResolution:16.0]]
[2023.03.31-07.35.54:160][  0]LogConfig: Setting CVar [[r.SkyAtmosphere.FastSkyLUT:1]]
[2023.03.31-07.35.54:160][  0]LogConfig: Setting CVar [[r.SkyAtmosphere.FastSkyLUT.SampleCountMin:4.0]]
[2023.03.31-07.35.54:160][  0]LogConfig: Setting CVar [[r.SkyAtmosphere.FastSkyLUT.SampleCountMax:128.0]]
[2023.03.31-07.35.54:160][  0]LogConfig: Setting CVar [[r.SkyAtmosphere.SampleCountMin:4.0]]
[2023.03.31-07.35.54:160][  0]LogConfig: Setting CVar [[r.SkyAtmosphere.SampleCountMax:128.0]]
[2023.03.31-07.35.54:160][  0]LogConfig: Setting CVar [[r.SkyAtmosphere.TransmittanceLUT.UseSmallFormat:0]]
[2023.03.31-07.35.54:160][  0]LogConfig: Setting CVar [[r.SkyAtmosphere.TransmittanceLUT.SampleCount:10.0]]
[2023.03.31-07.35.54:160][  0]LogConfig: Setting CVar [[r.SkyAtmosphere.MultiScatteringLUT.SampleCount:15.0]]
[2023.03.31-07.35.54:160][  0]LogConfig: Setting CVar [[r.SkyLight.RealTimeReflectionCapture:1]]
[2023.03.31-07.35.54:160][  0]LogConfig: Applying CVar settings from Section [FoliageQuality@3] File [D:/Users/qkrdl/Documents/GitHub/Zolup-Button_Project_MF/Project_MF/Saved/Config/Windows/Scalability.ini]
[2023.03.31-07.35.54:160][  0]LogConfig: Setting CVar [[foliage.DensityScale:1.0]]
[2023.03.31-07.35.54:160][  0]LogConfig: Setting CVar [[grass.DensityScale:1.0]]
[2023.03.31-07.35.54:160][  0]LogConfig: Applying CVar settings from Section [ShadingQuality@3] File [D:/Users/qkrdl/Documents/GitHub/Zolup-Button_Project_MF/Project_MF/Saved/Config/Windows/Scalability.ini]
[2023.03.31-07.35.54:160][  0]LogConfig: Setting CVar [[r.HairStrands.SkyLighting.IntegrationType:2]]
[2023.03.31-07.35.54:160][  0]LogConfig: Setting CVar [[r.HairStrands.SkyAO.SampleCount:4]]
[2023.03.31-07.35.54:160][  0]LogConfig: Setting CVar [[r.HairStrands.Visibility.MSAA.SamplePerPixel:4]]
[2023.03.31-07.35.54:160][  0]LogInit: Selected Device Profile: [Windows]
[2023.03.31-07.35.54:160][  0]LogInit: Applying CVar settings loaded from the selected device profile: [Windows]
[2023.03.31-07.35.54:160][  0]LogHAL: Display: Platform has ~ 32 GB [34266505216 / 34359738368 / 32], which maps to Largest [LargestMinGB=32, LargerMinGB=12, DefaultMinGB=8, SmallerMinGB=6, SmallestMinGB=0)
[2023.03.31-07.35.54:160][  0]LogInit: Going up to parent DeviceProfile []
[2023.03.31-07.35.54:160][  0]LogConfig: Applying CVar settings from Section [ViewDistanceQuality@3] File [D:/Users/qkrdl/Documents/GitHub/Zolup-Button_Project_MF/Project_MF/Saved/Config/Windows/Scalability.ini]
[2023.03.31-07.35.54:160][  0]LogConfig: Setting CVar [[r.SkeletalMeshLODBias:0]]
[2023.03.31-07.35.54:160][  0]LogConfig: Setting CVar [[r.ViewDistanceScale:1.0]]
[2023.03.31-07.35.54:160][  0]LogConfig: Applying CVar settings from Section [AntiAliasingQuality@3] File [D:/Users/qkrdl/Documents/GitHub/Zolup-Button_Project_MF/Project_MF/Saved/Config/Windows/Scalability.ini]
[2023.03.31-07.35.54:160][  0]LogConfig: Setting CVar [[r.PostProcessAAQuality:4]]
[2023.03.31-07.35.54:160][  0]LogConfig: Applying CVar settings from Section [ShadowQuality@3] File [D:/Users/qkrdl/Documents/GitHub/Zolup-Button_Project_MF/Project_MF/Saved/Config/Windows/Scalability.ini]
[2023.03.31-07.35.54:160][  0]LogConfig: Setting CVar [[r.LightFunctionQuality:1]]
[2023.03.31-07.35.54:160][  0]LogConfig: Setting CVar [[r.ShadowQuality:5]]
[2023.03.31-07.35.54:160][  0]LogConfig: Setting CVar [[r.Shadow.CSM.MaxCascades:10]]
[2023.03.31-07.35.54:160][  0]LogConfig: Setting CVar [[r.Shadow.MaxResolution:2048]]
[2023.03.31-07.35.54:160][  0]LogConfig: Setting CVar [[r.Shadow.MaxCSMResolution:2048]]
[2023.03.31-07.35.54:160][  0]LogConfig: Setting CVar [[r.Shadow.RadiusThreshold:0.01]]
[2023.03.31-07.35.54:160][  0]LogConfig: Setting CVar [[r.Shadow.DistanceScale:1.0]]
[2023.03.31-07.35.54:160][  0]LogConfig: Setting CVar [[r.Shadow.CSM.TransitionScale:1.0]]
[2023.03.31-07.35.54:160][  0]LogConfig: Setting CVar [[r.Shadow.PreShadowResolutionFactor:1.0]]
[2023.03.31-07.35.54:161][  0]LogConfig: Setting CVar [[r.DistanceFieldShadowing:1]]
[2023.03.31-07.35.54:161][  0]LogConfig: Setting CVar [[r.DistanceFieldAO:1]]
[2023.03.31-07.35.54:161][  0]LogConfig: Setting CVar [[r.AOQuality:2]]
[2023.03.31-07.35.54:161][  0]LogConfig: Setting CVar [[r.VolumetricFog:1]]
[2023.03.31-07.35.54:161][  0]LogConfig: Setting CVar [[r.VolumetricFog.GridPixelSize:8]]
[2023.03.31-07.35.54:161][  0]LogConfig: Setting CVar [[r.VolumetricFog.GridSizeZ:128]]
[2023.03.31-07.35.54:161][  0]LogConfig: Setting CVar [[r.VolumetricFog.HistoryMissSupersampleCount:4]]
[2023.03.31-07.35.54:161][  0]LogConfig: Setting CVar [[r.LightMaxDrawDistanceScale:1]]
[2023.03.31-07.35.54:161][  0]LogConfig: Setting CVar [[r.CapsuleShadows:1]]
[2023.03.31-07.35.54:161][  0]LogConfig: Applying CVar settings from Section [PostProcessQuality@3] File [D:/Users/qkrdl/Documents/GitHub/Zolup-Button_Project_MF/Project_MF/Saved/Config/Windows/Scalability.ini]
[2023.03.31-07.35.54:161][  0]LogConfig: Setting CVar [[r.MotionBlurQuality:4]]
[2023.03.31-07.35.54:161][  0]LogConfig: Setting CVar [[r.AmbientOcclusionMipLevelFactor:0.4]]
[2023.03.31-07.35.54:161][  0]LogConfig: Setting CVar [[r.AmbientOcclusionMaxQuality:100]]
[2023.03.31-07.35.54:161][  0]LogConfig: Setting CVar [[r.AmbientOcclusionLevels:-1]]
[2023.03.31-07.35.54:161][  0]LogConfig: Setting CVar [[r.AmbientOcclusionRadiusScale:1.0]]
[2023.03.31-07.35.54:161][  0]LogConfig: Setting CVar [[r.DepthOfFieldQuality:2]]
[2023.03.31-07.35.54:161][  0]LogConfig: Setting CVar [[r.RenderTargetPoolMin:400]]
[2023.03.31-07.35.54:161][  0]LogConfig: Setting CVar [[r.LensFlareQuality:2]]
[2023.03.31-07.35.54:161][  0]LogConfig: Setting CVar [[r.SceneColorFringeQuality:1]]
[2023.03.31-07.35.54:161][  0]LogConfig: Setting CVar [[r.EyeAdaptationQuality:2]]
[2023.03.31-07.35.54:161][  0]LogConfig: Setting CVar [[r.BloomQuality:5]]
[2023.03.31-07.35.54:161][  0]LogConfig: Setting CVar [[r.FastBlurThreshold:100]]
[2023.03.31-07.35.54:161][  0]LogConfig: Setting CVar [[r.Upscale.Quality:3]]
[2023.03.31-07.35.54:161][  0]LogConfig: Setting CVar [[r.Tonemapper.GrainQuantization:1]]
[2023.03.31-07.35.54:161][  0]LogConfig: Setting CVar [[r.LightShaftQuality:1]]
[2023.03.31-07.35.54:161][  0]LogConfig: Setting CVar [[r.Filter.SizeScale:1]]
[2023.03.31-07.35.54:161][  0]LogConfig: Setting CVar [[r.Tonemapper.Quality:5]]
[2023.03.31-07.35.54:161][  0]LogConfig: Setting CVar [[r.DOF.Gather.AccumulatorQuality:1        ; higher gathering accumulator quality]]
[2023.03.31-07.35.54:161][  0]LogConfig: Setting CVar [[r.DOF.Gather.PostfilterMethod:1          ; Median3x3 postfilering method]]
[2023.03.31-07.35.54:161][  0]LogConfig: Setting CVar [[r.DOF.Gather.EnableBokehSettings:0       ; no bokeh simulation when gathering]]
[2023.03.31-07.35.54:161][  0]LogConfig: Setting CVar [[r.DOF.Gather.RingCount:4                 ; medium number of samples when gathering]]
[2023.03.31-07.35.54:161][  0]LogConfig: Setting CVar [[r.DOF.Scatter.ForegroundCompositing:1    ; additive foreground scattering]]
[2023.03.31-07.35.54:161][  0]LogConfig: Setting CVar [[r.DOF.Scatter.BackgroundCompositing:2    ; additive background scattering]]
[2023.03.31-07.35.54:161][  0]LogConfig: Setting CVar [[r.DOF.Scatter.EnableBokehSettings:1      ; bokeh simulation when scattering]]
[2023.03.31-07.35.54:161][  0]LogConfig: Setting CVar [[r.DOF.Scatter.MaxSpriteRatio:0.1         ; only a maximum of 10% of scattered bokeh]]
[2023.03.31-07.35.54:161][  0]LogConfig: Setting CVar [[r.DOF.Recombine.Quality:1                ; cheap slight out of focus]]
[2023.03.31-07.35.54:161][  0]LogConfig: Setting CVar [[r.DOF.Recombine.EnableBokehSettings:0    ; no bokeh simulation on slight out of focus]]
[2023.03.31-07.35.54:161][  0]LogConfig: Setting CVar [[r.DOF.TemporalAAQuality:1                ; more stable temporal accumulation]]
[2023.03.31-07.35.54:161][  0]LogConfig: Setting CVar [[r.DOF.Kernel.MaxForegroundRadius:0.025]]
[2023.03.31-07.35.54:161][  0]LogConfig: Setting CVar [[r.DOF.Kernel.MaxBackgroundRadius:0.025]]
[2023.03.31-07.35.54:161][  0]LogConfig: Applying CVar settings from Section [TextureQuality@3] File [D:/Users/qkrdl/Documents/GitHub/Zolup-Button_Project_MF/Project_MF/Saved/Config/Windows/Scalability.ini]
[2023.03.31-07.35.54:161][  0]LogConfig: Setting CVar [[r.Streaming.MipBias:0]]
[2023.03.31-07.35.54:161][  0]LogConfig: Setting CVar [[r.Streaming.AmortizeCPUToGPUCopy:0]]
[2023.03.31-07.35.54:161][  0]LogConfig: Setting CVar [[r.Streaming.MaxNumTexturesToStreamPerFrame:0]]
[2023.03.31-07.35.54:161][  0]LogConfig: Setting CVar [[r.Streaming.Boost:1]]
[2023.03.31-07.35.54:161][  0]LogConfig: Setting CVar [[r.MaxAnisotropy:8]]
[2023.03.31-07.35.54:161][  0]LogConfig: Setting CVar [[r.VT.MaxAnisotropy:8]]
[2023.03.31-07.35.54:161][  0]LogConfig: Setting CVar [[r.Streaming.LimitPoolSizeToVRAM:0]]
[2023.03.31-07.35.54:161][  0]LogConfig: Setting CVar [[r.Streaming.PoolSize:1000]]
[2023.03.31-07.35.54:161][  0]LogConfig: Setting CVar [[r.Streaming.MaxEffectiveScreenSize:0]]
[2023.03.31-07.35.54:161][  0]LogConfig: Applying CVar settings from Section [EffectsQuality@3] File [D:/Users/qkrdl/Documents/GitHub/Zolup-Button_Project_MF/Project_MF/Saved/Config/Windows/Scalability.ini]
[2023.03.31-07.35.54:161][  0]LogConfig: Setting CVar [[r.TranslucencyLightingVolumeDim:64]]
[2023.03.31-07.35.54:161][  0]LogConfig: Setting CVar [[r.RefractionQuality:2]]
[2023.03.31-07.35.54:161][  0]LogConfig: Setting CVar [[r.SSR.Quality:3]]
[2023.03.31-07.35.54:161][  0]LogConfig: Setting CVar [[r.SSR.HalfResSceneColor:0]]
[2023.03.31-07.35.54:161][  0]LogConfig: Setting CVar [[r.SceneColorFormat:4]]
[2023.03.31-07.35.54:161][  0]LogConfig: Setting CVar [[r.DetailMode:2]]
[2023.03.31-07.35.54:161][  0]LogConfig: Setting CVar [[r.TranslucencyVolumeBlur:1]]
[2023.03.31-07.35.54:161][  0]LogConfig: Setting CVar [[r.MaterialQualityLevel:1 ; High quality]]
[2023.03.31-07.35.54:161][  0]LogConfig: Setting CVar [[r.AnisotropicMaterials:1]]
[2023.03.31-07.35.54:161][  0]LogConfig: Setting CVar [[r.SSS.Scale:1]]
[2023.03.31-07.35.54:161][  0]LogConfig: Setting CVar [[r.SSS.SampleSet:2]]
[2023.03.31-07.35.54:161][  0]LogConfig: Setting CVar [[r.SSS.Quality:1]]
[2023.03.31-07.35.54:161][  0]LogConfig: Setting CVar [[r.SSS.HalfRes:0]]
[2023.03.31-07.35.54:161][  0]LogConfig: Setting CVar [[r.SSGI.Quality:3]]
[2023.03.31-07.35.54:161][  0]LogConfig: Setting CVar [[r.EmitterSpawnRateScale:1.0]]
[2023.03.31-07.35.54:161][  0]LogConfig: Setting CVar [[r.ParticleLightQuality:2]]
[2023.03.31-07.35.54:161][  0]LogConfig: Setting CVar [[r.SkyAtmosphere.AerialPerspectiveLUT.FastApplyOnOpaque:1 ; Always have FastSkyLUT 1 in this case to avoid wrong sky]]
[2023.03.31-07.35.54:161][  0]LogConfig: Setting CVar [[r.SkyAtmosphere.AerialPerspectiveLUT.SampleCountMaxPerSlice:4]]
[2023.03.31-07.35.54:161][  0]LogConfig: Setting CVar [[r.SkyAtmosphere.AerialPerspectiveLUT.DepthResolution:16.0]]
[2023.03.31-07.35.54:161][  0]LogConfig: Setting CVar [[r.SkyAtmosphere.FastSkyLUT:1]]
[2023.03.31-07.35.54:161][  0]LogConfig: Setting CVar [[r.SkyAtmosphere.FastSkyLUT.SampleCountMin:4.0]]
[2023.03.31-07.35.54:161][  0]LogConfig: Setting CVar [[r.SkyAtmosphere.FastSkyLUT.SampleCountMax:128.0]]
[2023.03.31-07.35.54:161][  0]LogConfig: Setting CVar [[r.SkyAtmosphere.SampleCountMin:4.0]]
[2023.03.31-07.35.54:161][  0]LogConfig: Setting CVar [[r.SkyAtmosphere.SampleCountMax:128.0]]
[2023.03.31-07.35.54:161][  0]LogConfig: Setting CVar [[r.SkyAtmosphere.TransmittanceLUT.UseSmallFormat:0]]
[2023.03.31-07.35.54:161][  0]LogConfig: Setting CVar [[r.SkyAtmosphere.TransmittanceLUT.SampleCount:10.0]]
[2023.03.31-07.35.54:161][  0]LogConfig: Setting CVar [[r.SkyAtmosphere.MultiScatteringLUT.SampleCount:15.0]]
[2023.03.31-07.35.54:161][  0]LogConfig: Setting CVar [[r.SkyLight.RealTimeReflectionCapture:1]]
[2023.03.31-07.35.54:161][  0]LogConfig: Applying CVar settings from Section [FoliageQuality@3] File [D:/Users/qkrdl/Documents/GitHub/Zolup-Button_Project_MF/Project_MF/Saved/Config/Windows/Scalability.ini]
[2023.03.31-07.35.54:161][  0]LogConfig: Setting CVar [[foliage.DensityScale:1.0]]
[2023.03.31-07.35.54:161][  0]LogConfig: Setting CVar [[grass.DensityScale:1.0]]
[2023.03.31-07.35.54:161][  0]LogConfig: Applying CVar settings from Section [ShadingQuality@3] File [D:/Users/qkrdl/Documents/GitHub/Zolup-Button_Project_MF/Project_MF/Saved/Config/Windows/Scalability.ini]
[2023.03.31-07.35.54:161][  0]LogConfig: Setting CVar [[r.HairStrands.SkyLighting.IntegrationType:2]]
[2023.03.31-07.35.54:161][  0]LogConfig: Setting CVar [[r.HairStrands.SkyAO.SampleCount:4]]
[2023.03.31-07.35.54:161][  0]LogConfig: Setting CVar [[r.HairStrands.Visibility.MSAA.SamplePerPixel:4]]
[2023.03.31-07.35.54:161][  0]LogConfig: Applying CVar settings from Section [Startup] File [../../../Engine/Config/ConsoleVariables.ini]
[2023.03.31-07.35.54:162][  0]LogConfig: Setting CVar [[net.UseAdaptiveNetUpdateFrequency:0]]
[2023.03.31-07.35.54:162][  0]LogConfig: Setting CVar [[p.chaos.AllowCreatePhysxBodies:1]]
[2023.03.31-07.35.54:162][  0]LogConfig: Setting CVar [[fx.SkipVectorVMBackendOptimizations:1]]
[2023.03.31-07.35.54:162][  0]LogConfig: Applying CVar settings from Section [ConsoleVariables] File [D:/Users/qkrdl/Documents/GitHub/Zolup-Button_Project_MF/Project_MF/Saved/Config/Windows/Engine.ini]
[2023.03.31-07.35.54:162][  0]LogConfig: Applying CVar settings from Section [ConsoleVariables] File [D:/Users/qkrdl/Documents/GitHub/Zolup-Button_Project_MF/Project_MF/Saved/Config/Windows/Editor.ini]
[2023.03.31-07.35.54:162][  0]LogInit: Computer: DESKTOP-7O2N4A7
[2023.03.31-07.35.54:162][  0]LogInit: User: qkrdl
[2023.03.31-07.35.54:162][  0]LogInit: CPU Page size=4096, Cores=4
[2023.03.31-07.35.54:162][  0]LogInit: High frequency timer resolution =10.000000 MHz
[2023.03.31-07.35.54:162][  0]LogMemory: Memory total: Physical=31.9GB (32GB approx)
[2023.03.31-07.35.54:162][  0]LogMemory: Platform Memory Stats for Windows
[2023.03.31-07.35.54:162][  0]LogMemory: Process Physical Memory: 144.34 MB used, 144.34 MB peak
[2023.03.31-07.35.54:162][  0]LogMemory: Process Virtual Memory: 114.79 MB used, 114.79 MB peak
[2023.03.31-07.35.54:162][  0]LogMemory: Physical Memory: 13682.23 MB used,  18996.85 MB free, 32679.09 MB total
[2023.03.31-07.35.54:162][  0]LogMemory: Virtual Memory: 134193240.00 MB used,  24489.44 MB free, 134217728.00 MB total
[2023.03.31-07.35.54:167][  0]LogWindows: WindowsPlatformFeatures enabled
[2023.03.31-07.35.54:205][  0]LogInit: Physics initialised using underlying interface: PhysX
[2023.03.31-07.35.54:206][  0]LogInit: Using OS detected language (ko-KR).
[2023.03.31-07.35.54:206][  0]LogInit: Using OS detected locale (ko-KR).
[2023.03.31-07.35.54:209][  0]LogTextLocalizationManager: No specific localization for 'ko-KR' exists, so the 'ko' localization will be used.
[2023.03.31-07.35.54:337][  0]LogInit: Setting process to per monitor DPI aware
[2023.03.31-07.35.54:357][  0]LogWindowsTextInputMethodSystem: Display: IME system deactivated.
[2023.03.31-07.35.54:373][  0]LogSlate: New Slate User Created.  User Index 0, Is Virtual User: 0
[2023.03.31-07.35.54:373][  0]LogSlate: Slate User Registered.  User Index 0, Is Virtual User: 0
[2023.03.31-07.35.54:616][  0]LogD3D11RHI: Loaded GFSDK_Aftermath_Lib.x64.dll
[2023.03.31-07.35.54:620][  0]LogHMD: Failed to initialize OpenVR with code 110
[2023.03.31-07.35.54:620][  0]LogD3D11RHI: D3D11 min allowed feature level: 11_0
[2023.03.31-07.35.54:620][  0]LogD3D11RHI: D3D11 max allowed feature level: 11_0
[2023.03.31-07.35.54:620][  0]LogD3D11RHI: D3D11 adapters:
[2023.03.31-07.35.54:722][  0]LogD3D11RHI:    0. 'NVIDIA GeForce RTX 2060 SUPER' (Feature Level 11_0)
[2023.03.31-07.35.54:722][  0]LogD3D11RHI:       8019/0/16339 MB DedicatedVideo/DedicatedSystem/SharedSystem, Outputs:1, VendorId:0x10de
[2023.03.31-07.35.54:724][  0]LogD3D11RHI:    1. 'Microsoft Basic Render Driver' (Feature Level 11_0)
[2023.03.31-07.35.54:724][  0]LogD3D11RHI:       0/0/16339 MB DedicatedVideo/DedicatedSystem/SharedSystem, Outputs:0, VendorId:0x1414
[2023.03.31-07.35.54:724][  0]LogD3D11RHI: Chosen D3D11 Adapter:
[2023.03.31-07.35.54:724][  0]LogD3D11RHI:     Description : NVIDIA GeForce RTX 2060 SUPER
[2023.03.31-07.35.54:724][  0]LogD3D11RHI:     VendorId    : 10de
[2023.03.31-07.35.54:724][  0]LogD3D11RHI:     DeviceId    : 1f06
[2023.03.31-07.35.54:724][  0]LogD3D11RHI:     SubSysId    : 3ff11458
[2023.03.31-07.35.54:724][  0]LogD3D11RHI:     Revision    : 00a1
[2023.03.31-07.35.54:724][  0]LogD3D11RHI:     DedicatedVideoMemory : 8408530944 bytes
[2023.03.31-07.35.54:724][  0]LogD3D11RHI:     DedicatedSystemMemory : 0 bytes
[2023.03.31-07.35.54:724][  0]LogD3D11RHI:     SharedSystemMemory : 17133252608 bytes
[2023.03.31-07.35.54:724][  0]LogD3D11RHI:     AdapterLuid : 0 42837
[2023.03.31-07.35.54:731][  0]LogD3D11RHI: Creating new Direct3DDevice
[2023.03.31-07.35.54:731][  0]LogD3D11RHI:     GPU DeviceId: 0x1f06 (for the marketing name, search the web for "GPU Device Id")
[2023.03.31-07.35.54:731][  0]LogWindows: EnumDisplayDevices:
[2023.03.31-07.35.54:731][  0]LogWindows:    0. 'NVIDIA GeForce RTX 2060 SUPER' (P:1 D:1)
[2023.03.31-07.35.54:731][  0]LogWindows:    1. 'NVIDIA GeForce RTX 2060 SUPER' (P:0 D:0)
[2023.03.31-07.35.54:731][  0]LogWindows:    2. 'NVIDIA GeForce RTX 2060 SUPER' (P:0 D:0)
[2023.03.31-07.35.54:731][  0]LogWindows:    3. 'NVIDIA GeForce RTX 2060 SUPER' (P:0 D:0)
[2023.03.31-07.35.54:732][  0]LogWindows: DebugString: FoundDriverCount:4 
[2023.03.31-07.35.54:732][  0]LogD3D11RHI:     Adapter Name: NVIDIA GeForce RTX 2060 SUPER
[2023.03.31-07.35.54:732][  0]LogD3D11RHI:   Driver Version: 527.56 (internal:31.0.15.2756, unified:527.56)
[2023.03.31-07.35.54:732][  0]LogD3D11RHI:      Driver Date: 12-5-2022
[2023.03.31-07.35.54:732][  0]LogRHI: Texture pool is 5613 MB (70% of 8019 MB)
[2023.03.31-07.35.54:732][  0]LogD3D11RHI: Creating D3DDevice using adapter:
[2023.03.31-07.35.54:732][  0]LogD3D11RHI:     Description : NVIDIA GeForce RTX 2060 SUPER
[2023.03.31-07.35.54:732][  0]LogD3D11RHI:     VendorId    : 10de
[2023.03.31-07.35.54:732][  0]LogD3D11RHI:     DeviceId    : 1f06
[2023.03.31-07.35.54:732][  0]LogD3D11RHI:     SubSysId    : 3ff11458
[2023.03.31-07.35.54:732][  0]LogD3D11RHI:     Revision    : 00a1
[2023.03.31-07.35.54:732][  0]LogD3D11RHI:     DedicatedVideoMemory : 8408530944 bytes
[2023.03.31-07.35.54:732][  0]LogD3D11RHI:     DedicatedSystemMemory : 0 bytes
[2023.03.31-07.35.54:732][  0]LogD3D11RHI:     SharedSystemMemory : 17133252608 bytes
[2023.03.31-07.35.54:732][  0]LogD3D11RHI:     AdapterLuid : 0 42837
[2023.03.31-07.35.54:794][  0]LogD3D11RHI: RHI has support for 64 bit atomics
[2023.03.31-07.35.54:794][  0]LogD3D11RHI: Async texture creation enabled
[2023.03.31-07.35.54:794][  0]LogD3D11RHI: Array index from any shader is supported
[2023.03.31-07.35.54:797][  0]LogD3D11RHI: HDR output is supported on display 0 (NvId: 0x80061081).
[2023.03.31-07.35.54:817][  0]LogD3D11RHI: GPU Timing Frequency: 1000.000000 (Debug: 2 2)
[2023.03.31-07.35.54:844][  0]LogRHI: GeForceNow SDK initialized: 1
[2023.03.31-07.35.55:127][  0]LogTargetPlatformManager: Display: Loaded TargetPlatform 'AllDesktop'
[2023.03.31-07.35.55:148][  0]LogTargetPlatformManager: Display: Loaded TargetPlatform 'Android'
[2023.03.31-07.35.55:148][  0]LogTargetPlatformManager: Display: Loaded TargetPlatform 'Android_ASTC'
[2023.03.31-07.35.55:148][  0]LogTargetPlatformManager: Display: Loaded TargetPlatform 'Android_DXT'
[2023.03.31-07.35.55:148][  0]LogTargetPlatformManager: Display: Loaded TargetPlatform 'Android_ETC2'
[2023.03.31-07.35.55:148][  0]LogTargetPlatformManager: Display: Loaded TargetPlatform 'AndroidClient'
[2023.03.31-07.35.55:148][  0]LogTargetPlatformManager: Display: Loaded TargetPlatform 'Android_ASTCClient'
[2023.03.31-07.35.55:148][  0]LogTargetPlatformManager: Display: Loaded TargetPlatform 'Android_DXTClient'
[2023.03.31-07.35.55:148][  0]LogTargetPlatformManager: Display: Loaded TargetPlatform 'Android_ETC2Client'
[2023.03.31-07.35.55:148][  0]LogTargetPlatformManager: Display: Loaded TargetPlatform 'Android_Multi'
[2023.03.31-07.35.55:148][  0]LogTargetPlatformManager: Display: Loaded TargetPlatform 'Android_MultiClient'
[2023.03.31-07.35.55:167][  0]LogTargetPlatformManager: Display: Loaded TargetPlatform 'IOSClient'
[2023.03.31-07.35.55:167][  0]LogTargetPlatformManager: Display: Loaded TargetPlatform 'IOS'
[2023.03.31-07.35.55:176][  0]LogTargetPlatformManager: Display: Loaded TargetPlatform 'Linux'
[2023.03.31-07.35.55:181][  0]LogTargetPlatformManager: Display: Loaded TargetPlatform 'LinuxNoEditor'
[2023.03.31-07.35.55:186][  0]LogTargetPlatformManager: Display: Loaded TargetPlatform 'LinuxClient'
[2023.03.31-07.35.55:191][  0]LogTargetPlatformManager: Display: Loaded TargetPlatform 'LinuxServer'
[2023.03.31-07.35.55:202][  0]LogTargetPlatformManager: Display: Loaded TargetPlatform 'LinuxAArch64NoEditor'
[2023.03.31-07.35.55:206][  0]LogTargetPlatformManager: Display: Loaded TargetPlatform 'LinuxAArch64Client'
[2023.03.31-07.35.55:212][  0]LogTargetPlatformManager: Display: Loaded TargetPlatform 'LinuxAArch64Server'
[2023.03.31-07.35.55:233][  0]LogTargetPlatformManager: Display: Loaded TargetPlatform 'Lumin'
[2023.03.31-07.35.55:233][  0]LogTargetPlatformManager: Display: Loaded TargetPlatform 'LuminClient'
[2023.03.31-07.35.55:242][  0]LogTargetPlatformManager: Display: Loaded TargetPlatform 'MacNoEditor'
[2023.03.31-07.35.55:250][  0]LogTargetPlatformManager: Display: Loaded TargetPlatform 'Mac'
[2023.03.31-07.35.55:254][  0]LogTargetPlatformManager: Display: Loaded TargetPlatform 'MacClient'
[2023.03.31-07.35.55:259][  0]LogTargetPlatformManager: Display: Loaded TargetPlatform 'MacServer'
[2023.03.31-07.35.55:269][  0]LogTargetPlatformManager: Display: Loaded TargetPlatform 'TVOSClient'
[2023.03.31-07.35.55:269][  0]LogTargetPlatformManager: Display: Loaded TargetPlatform 'TVOS'
[2023.03.31-07.35.55:278][  0]LogTargetPlatformManager: Display: Loaded TargetPlatform 'WindowsNoEditor'
[2023.03.31-07.35.55:283][  0]LogTargetPlatformManager: Display: Loaded TargetPlatform 'Windows'
[2023.03.31-07.35.55:288][  0]LogTargetPlatformManager: Display: Loaded TargetPlatform 'WindowsClient'
[2023.03.31-07.35.55:293][  0]LogTargetPlatformManager: Display: Loaded TargetPlatform 'WindowsServer'
[2023.03.31-07.35.55:293][  0]LogTargetPlatformManager: Display: Building Assets For Windows
[2023.03.31-07.35.55:301][  0]LogAudioDebug: Display: Lib vorbis DLL was dynamically loaded.
[2023.03.31-07.35.55:333][  0]LogTextureFormatOodle: Display: Oodle Texture 2.9.0 init RDO Off
[2023.03.31-07.35.55:366][  0]LogRendererCore: Ray tracing is disabled. Reason: r.RayTracing=0.
[2023.03.31-07.35.55:367][  0]LogShaderCompilers: Guid format shader working directory is -36 characters bigger than the processId version (../../../../../../Users/qkrdl/Documents/GitHub/Zolup-Button_Project_MF/Project_MF/Intermediate/Shaders/WorkingDirectory/11028/).
[2023.03.31-07.35.55:367][  0]LogShaderCompilers: Cleaned the shader compiler working directory 'C:/Users/qkrdl/AppData/Local/Temp/UnrealShaderWorkingDir/E5FBD9084D992BCB56A7369519B2D291/'.
[2023.03.31-07.35.55:367][  0]LogXGEController: Cannot use XGE Controller as Incredibuild is not installed on this machine.
[2023.03.31-07.35.55:367][  0]LogShaderCompilers: Cannot use XGE Shader Compiler as Incredibuild is not installed on this machine.
[2023.03.31-07.35.55:367][  0]LogShaderCompilers: Display: Using Local Shader Compiler.
[2023.03.31-07.35.56:169][  0]LogDerivedDataCache: Display: Max Cache Size: 512 MB
[2023.03.31-07.35.56:219][  0]LogDerivedDataCache: Loaded boot cache 0.05s 95MB C:/Users/qkrdl/AppData/Local/UnrealEngine/4.27/DerivedDataCache/Boot.ddc.
[2023.03.31-07.35.56:220][  0]LogDerivedDataCache: Display: Loaded Boot cache: C:/Users/qkrdl/AppData/Local/UnrealEngine/4.27/DerivedDataCache/Boot.ddc
[2023.03.31-07.35.56:220][  0]LogDerivedDataCache: FDerivedDataBackendGraph:  Pak pak cache file ../../../../../../Users/qkrdl/Documents/GitHub/Zolup-Button_Project_MF/Project_MF/DerivedDataCache/DDC.ddp not found, will not use a pak cache.
[2023.03.31-07.35.56:220][  0]LogDerivedDataCache: Unable to find inner node Pak for hierarchical cache Hierarchy.
[2023.03.31-07.35.56:220][  0]LogDerivedDataCache: FDerivedDataBackendGraph:  CompressedPak pak cache file ../../../../../../Users/qkrdl/Documents/GitHub/Zolup-Button_Project_MF/Project_MF/DerivedDataCache/Compressed.ddp not found, will not use a pak cache.
[2023.03.31-07.35.56:220][  0]LogDerivedDataCache: Unable to find inner node CompressedPak for hierarchical cache Hierarchy.
[2023.03.31-07.35.56:237][  0]LogDerivedDataCache: Display: Pak cache opened for reading ../../../Engine/DerivedDataCache/Compressed.ddp.
[2023.03.31-07.35.56:237][  0]LogDerivedDataCache: FDerivedDataBackendGraph:  EnterprisePak pak cache file ../../../Enterprise/DerivedDataCache/Compressed.ddp not found, will not use a pak cache.
[2023.03.31-07.35.56:237][  0]LogDerivedDataCache: Unable to find inner node EnterprisePak for hierarchical cache Hierarchy.
[2023.03.31-07.35.56:245][  0]LogDerivedDataCache: Speed tests for C:/Users/qkrdl/AppData/Local/UnrealEngine/Common/DerivedDataCache took 0.01 seconds
[2023.03.31-07.35.56:245][  0]LogDerivedDataCache: Display: Performance to C:/Users/qkrdl/AppData/Local/UnrealEngine/Common/DerivedDataCache: Latency=0.02ms. RandomReadSpeed=1019.95MBs, RandomWriteSpeed=146.21MBs. Assigned SpeedClass 'Local'
[2023.03.31-07.35.56:247][  0]LogDerivedDataCache: Using Local data cache path C:/Users/qkrdl/AppData/Local/UnrealEngine/Common/DerivedDataCache: Writable
[2023.03.31-07.35.56:247][  0]LogDerivedDataCache: Shared data cache path not found in *engine.ini, will not use an Shared cache.
[2023.03.31-07.35.56:247][  0]LogDerivedDataCache: Unable to find inner node Shared for hierarchical cache Hierarchy.
[2023.03.31-07.35.56:300][  0]LogSlate: Using FreeType 2.10.0
[2023.03.31-07.35.56:300][  0]LogSlate: SlateFontServices - WITH_FREETYPE: 1, WITH_HARFBUZZ: 1
[2023.03.31-07.35.56:330][  0]LogAssetRegistry: FAssetRegistry took 0.0028 seconds to start up
[2023.03.31-07.35.56:594][  0]LogInit: Selected Device Profile: [Windows]
[2023.03.31-07.35.56:594][  0]LogInit: Active device profile: [000001AA67175100][000001AA5FC749C0 49] Windows
[2023.03.31-07.35.56:594][  0]LogInit: Profiles: [000001AA67175100][000001AA5FC749C0 49] Windows, [000001AA6716A700][000001AA643C4B40 49] WindowsNoEditor, [000001AA67176200][000001AA5FC70C80 49] WindowsServer, [000001AA67169900][000001AA643C0DC0 49] WindowsClient, [000001AA67175700][000001AA65A0AF00 49] IOS, [000001AA6716A900][000001AA5FC7D080 49] iPadAir, [000001AA67177C00][000001AA63083200 49] iPadAir2, [000001AA67109400][000001AA645FD4C0 49] IPadPro, [000001AA67109500][000001AA645F9500 49] iPadAir3, [000001AA6716BA00][000001AA656A1680 49] iPadAir4, [000001AA6710A300][000001AA64519800 49] iPadMini2, [000001AA6716B100][000001AA6451D980 49] iPadMini3, [000001AA6710AF00][000001AA64521B00 49] iPadMini4, [000001AA67169E00][000001AA64524100 49] iPadMini5, [000001AA6711D000][000001AA5DC483C0 49] iPhone6, [000001AA6711D100][000001AA5DC44400 49] iPodTouch6, [000001AA67177900][000001AA5DC506C0 49] iPhone7, [000001AA67176900][000001AA5DC4C700 49] iPodTouch7, [000001AA67109000][000001AA5DC54880 49] iPhone5S, [000001AA67176F00][000001AA5DC58A00 49] iPhone6Plus, [000001AA6710B600][000001AA5DC5CB80 49] iPhone6S, [000001AA67174C00][000001AA5DC60D00 49] iPhone6SPlus, [000001AA67175D00][000001AA659F8E40 49] iPhone7Plus, [000001AA6711C800][000001AA5DC64F80 49] iPhoneSE, [000001AA67174400][000001AA5DC690C0 49] iPhone8, [000001AA6711C900][000001AA5DC71240 49] iPhone8Plus, [000001AA6711EE00][000001AA5DE4F3C0 49] iPhoneX, [000001AA67109D00][000001AA5DE53540 49] iPhoneXS, [000001AA6711E700][000001AA5DE576C0 49] iPhoneXSMax, [000001AA67109C00][000001AA5DE5B840 49] iPhoneXR, [000001AA6711E800][000001AA5DE5F9C0 49] iPhone11, [000001AA67108F00][000001AA5DE63B40 49] iPhone11Pro, [000001AA6711CB00][000001AA5DE66140 49] iPhone11ProMax, [000001AA67108D00][000001AA5DE6A2C0 49] iPhoneSE2, [000001AA6711CE00][000001AA5DE6E440 49] iPhone12Mini, [000001AA67177800][000001AA5DE725C0 49] iPhone12, [000001AA6711F000][000001AA5DE76740 49] iPhone12Pro, [000001AA67177700][000001AA5DE7A8C0 49] iPhone12ProMax, [000001AA6711DE00][000001AA5DE7EA40 49] iPadPro105, [000001AA67175300][000001AA5DE82BC0 49] iPadPro129, [000001AA6711FE00][000001AA5DE86D40 49] iPadPro97, [000001AA67175C00][000001AA5DE8AEC0 49] iPadPro2_129, [000001AA6711E000][000001AA5DC6D000 49] iPad5, [000001AA67176300][000001AA5DE8F140 49] iPad6, [000001AA6711FB00][000001AA65611280 49] iPad7, [000001AA67175E00][000001AA656153C0 49] iPad8, [000001AA6711CA00][000001AA6561D540 49] iPadPro11, [000001AA67176600][000001AA656216C0 49] iPadPro2_11, [000001AA6711CF00][000001AA65625840 49] iPadPro3_129, [000001AA67176800][000001AA656299C0 49] iPadPro4_129, [000001AA6711FC00][000001AA6562DB40 49] AppleTV, [000001AA67175A00][000001AA65630140 49] AppleTV4K, [000001AA6711E600][000001AA656342C0 49] TVOS, [000001AA67176100][000001AA65638440 49] Mac, [000001AA6711EF00][000001AA6563C5C0 49] MacClient, [000001AA67176A00][000001AA65640740 49] MacNoEditor, [000001AA6711EC00][000001AA656448C0 49] MacServer, [000001AA67177000][000001AA65648A40 49] Linux, [000001AA6711C400][000001AA6564CBC0 49] LinuxAArch64, [000001AA67174700][000001AA65650D40 49] LinuxNoEditor, [000001AA6711F700][000001AA65654EC0 49] LinuxAArch64NoEditor, [000001AA67177B00][000001AA65659040 49] LinuxClient, [000001AA6711F400][000001AA65619180 49] LinuxAArch64Client, [000001AA67177E00][000001AA6565D2C0 49] LinuxServer, [000001AA6711C700][000001AA65661400 49] LinuxAArch64Server, [000001AA67175F00][000001AA65665540 49] Android, [000001AA6711EA00][000001AA6566D6C0 49] Android_Low, [000001AA67176D00][000001AA65671840 49] Android_Mid, [000001AA6711DF00][000001AA681AF9C0 49] Android_High, [000001AA67176B00][000001AA681B3B40 49] Android_Default, [000001AA6711C100][000001AA681B6140 49] Android_Adreno4xx, [000001AA67174500][000001AA681BA2C0 49] Android_Adreno5xx_Low, [000001AA6711D400][000001AA681BE440 49] Android_Adreno5xx, [000001AA67177400][000001AA681C25C0 49] Android_Adreno6xx, [000001AA6711E300][000001AA681C6740 49] Android_Adreno6xx_Vulkan, [000001AA67177D00][000001AA681CA8C0 49] Android_Mali_T6xx, [000001AA6711C200][000001AA681CEA40 49] Android_Mali_T7xx, [000001AA67177600][000001AA681D2BC0 49] Android_Mali_T8xx, [000001AA6711F200][000001AA681D6D40 49] Android_Mali_G71, [000001AA6710B100][000001AA681DAEC0 49] Android_Mali_G72, [000001AA6716AF00][000001AA681DF040 49] Android_Mali_G72_Vulkan, [000001AA6710AB00][000001AA681E31C0 49] Android_Mali_G76, [000001AA67168500][000001AA681E7340 49] Android_Mali_G76_Vulkan, [000001AA67108C00][000001AA65669480 49] Android_Mali_G77, [000001AA67168600][000001AA681EB5C0 49] Android_Mali_G77_Vulkan, [000001AA6710A400][000001AA681EF700 49] Android_Mali_G78, [000001AA67168D00][000001AA681F7880 49] Android_Mali_G78_Vulkan, [000001AA6710BD00][000001AA681FBA00 49] Android_Mali_G710, [000001AA6716AB00][000001AA681FFB80 49] Android_Mali_G710_Vulkan, [000001AA6710AA00][000001AA68202180 49] Android_Vulkan_SM5, [000001AA67169A00][000001AA68206300 49] Android_PowerVR_G6xxx, [000001AA67108500][000001AA6820A480 49] Android_PowerVR_GT7xxx, [000001AA67168200][000001AA6820E600 49] Android_PowerVR_GE8xxx, [000001AA6710BB00][000001AA68212780 49] Android_PowerVR_GM9xxx, [000001AA6716A100][000001AA68216900 49] Android_PowerVR_GM9xxx_Vulkan, [000001AA67109F00][000001AA6821AA80 49] Android_TegraK1, [000001AA67168A00][000001AA6821EC00 49] Android_Unknown_Vulkan, [000001AA6710B900][000001AA68222D80 49] Lumin, [000001AA67169100][000001AA68226F00 49] Lumin_Desktop, [000001AA6710A000][000001AA6822B080 49] HoloLens, 
[2023.03.31-07.35.56:727][  0]LogMeshReduction: Using QuadricMeshReduction for automatic static mesh reduction
[2023.03.31-07.35.56:727][  0]LogMeshReduction: Using SimplygonMeshReduction for automatic skeletal mesh reduction
[2023.03.31-07.35.56:727][  0]LogMeshReduction: Using ProxyLODMeshReduction for automatic mesh merging
[2023.03.31-07.35.56:727][  0]LogMeshReduction: No distributed automatic mesh merging module available
[2023.03.31-07.35.56:727][  0]LogMeshMerging: No distributed automatic mesh merging module available
[2023.03.31-07.35.56:745][  0]LogNetVersion: Project_MF 1.0.0, NetCL: 17155196, EngineNetVer: 17, GameNetVer: 0 (Checksum: 3145920875)
[2023.03.31-07.35.57:209][  0]LogTexture: Default maximum texture size for cubemaps generated from long-lat sources has been changed from 512 to unlimited. In order to preserve old behaiour for '/Engine/MapTemplates/Sky/DaylightAmbientCubemap.DaylightAmbientCubemap', its maximum texture size has been explicitly set to 512.
[2023.03.31-07.35.57:268][  0]LogHMD: PokeAHoleMaterial loaded successfully
[2023.03.31-07.35.57:274][  0]LogUObjectArray: 17178 objects as part of root set at end of initial load.
[2023.03.31-07.35.57:274][  0]LogUObjectAllocator: 4302048 out of 0 bytes used by permanent object pool.
[2023.03.31-07.35.57:274][  0]LogUObjectArray: CloseDisregardForGC: 0/0 objects in disregard for GC pool
[2023.03.31-07.35.57:557][  0]LogNiagaraDebuggerClient: Niagara Debugger Client Initialized | Session: 33784D2D4E17401BE89CC3AC9E5EF9B6 | Instance: 95F82FB340237DA21775F38EE62BE88A (DESKTOP-7O2N4A7-11028).
[2023.03.31-07.35.57:594][  0]LogPython: Using Python 3.7.7
[2023.03.31-07.35.58:255][  0]LogTcpMessaging: Initializing TcpMessaging bridge
[2023.03.31-07.35.58:260][  0]LogUdpMessaging: Initializing bridge on interface 0.0.0.0:0 to multicast group 230.0.0.1:6666.
[2023.03.31-07.35.59:031][  0]LogWindows: Error: === Critical error: ===
[2023.03.31-07.35.59:031][  0]LogWindows: Error: 
[2023.03.31-07.35.59:031][  0]LogWindows: Error: Fatal error!
[2023.03.31-07.35.59:031][  0]LogWindows: Error: 
[2023.03.31-07.35.59:031][  0]LogWindows: Error: Unhandled Exception: EXCEPTION_ACCESS_VIOLATION reading address 0x0000000000000150
[2023.03.31-07.35.59:031][  0]LogWindows: Error: 
[2023.03.31-07.35.59:031][  0]LogWindows: Error: [Callstack] 0x00007ffa09e84010 UE4Editor-Project_MF-5003.dll!UPowerConveyorMovementComponent::UPowerConveyorMovementComponent() [D:\Users\qkrdl\Documents\GitHub\Zolup-Button_Project_MF\Project_MF\Source\Project_MF\PowerConveyorMovementComponent.cpp:31]
[2023.03.31-07.35.59:031][  0]LogWindows: Error: [Callstack] 0x00007ffa9ddd61d3 UE4Editor-CoreUObject.dll!UnknownFunction []
[2023.03.31-07.35.59:031][  0]LogWindows: Error: [Callstack] 0x00007ffa9e0f8faf UE4Editor-CoreUObject.dll!UnknownFunction []
[2023.03.31-07.35.59:031][  0]LogWindows: Error: [Callstack] 0x00007ffa9e0d5411 UE4Editor-CoreUObject.dll!UnknownFunction []
[2023.03.31-07.35.59:031][  0]LogWindows: Error: [Callstack] 0x00007ffa9df9ddc5 UE4Editor-CoreUObject.dll!UnknownFunction []
[2023.03.31-07.35.59:031][  0]LogWindows: Error: [Callstack] 0x00007ffa9ced1bea UE4Editor-Core.dll!UnknownFunction []
[2023.03.31-07.35.59:031][  0]LogWindows: Error: [Callstack] 0x00007ffa9cef15a3 UE4Editor-Core.dll!UnknownFunction []
[2023.03.31-07.35.59:031][  0]LogWindows: Error: [Callstack] 0x00007ffaa3dc6433 UE4Editor-Projects.dll!UnknownFunction []
[2023.03.31-07.35.59:031][  0]LogWindows: Error: [Callstack] 0x00007ffaa3dc674f UE4Editor-Projects.dll!UnknownFunction []
[2023.03.31-07.35.59:031][  0]LogWindows: Error: [Callstack] 0x00007ff693f55642 UE4Editor.exe!UnknownFunction []
[2023.03.31-07.35.59:031][  0]LogWindows: Error: [Callstack] 0x00007ff693f59000 UE4Editor.exe!UnknownFunction []
[2023.03.31-07.35.59:031][  0]LogWindows: Error: [Callstack] 0x00007ff693f50d2c UE4Editor.exe!UnknownFunction []
[2023.03.31-07.35.59:031][  0]LogWindows: Error: [Callstack] 0x00007ff693f510ba UE4Editor.exe!UnknownFunction []
[2023.03.31-07.35.59:031][  0]LogWindows: Error: [Callstack] 0x00007ff693f540dd UE4Editor.exe!UnknownFunction []
[2023.03.31-07.35.59:031][  0]LogWindows: Error: [Callstack] 0x00007ff693f65984 UE4Editor.exe!UnknownFunction []
[2023.03.31-07.35.59:031][  0]LogWindows: Error: [Callstack] 0x00007ff693f6853a UE4Editor.exe!UnknownFunction []
[2023.03.31-07.35.59:031][  0]LogWindows: Error: [Callstack] 0x00007ffacbdb26bd KERNEL32.DLL!UnknownFunction []
[2023.03.31-07.35.59:031][  0]LogWindows: Error: [Callstack] 0x00007ffacd76a9f8 ntdll.dll!UnknownFunction []
[2023.03.31-07.35.59:031][  0]LogWindows: Error: 
[2023.03.31-07.35.59:039][  0]LogExit: Executing StaticShutdownAfterError
[2023.03.31-07.35.59:041][  0]LogWindows: FPlatformMisc::RequestExit(1)
[2023.03.31-07.35.59:041][  0]LogWindows: FPlatformMisc::RequestExitWithStatus(1, 3)
[2023.03.31-07.35.59:041][  0]LogCore: Engine exit requested (reason: Win RequestExit)
[2023.03.31-07.35.59:050][  0]Log file closed, 03/31/23 16:35:59
