Log file open, 04/17/23 12:30:30
LogWindows: Failed to load 'aqProf.dll' (GetLastError=126)
LogWindows: File 'aqProf.dll' does not exist
LogWindows: Failed to load 'VtuneApi.dll' (GetLastError=126)
LogWindows: File 'VtuneApi.dll' does not exist
LogWindows: Failed to load 'VtuneApi32e.dll' (GetLastError=126)
LogWindows: File 'VtuneApi32e.dll' does not exist
LogConsoleResponse: Display: Failed to find resolution value strings in scalability ini. Falling back to default.
LogConsoleResponse: Display: Failed to find resolution value strings in scalability ini. Falling back to default.
LogInit: Display: Running engine for game: Project_MF
LogPlatformFile: Not using cached read wrapper
LogTaskGraph: Started task graph with 5 named threads and 23 total threads with 3 sets of task threads.
LogStats: Stats thread started at 0.303804
LogICUInternationalization: ICU TimeZone Detection - Raw Offset: +9:00, Platform Override: ''
LogInit: Display: Loading text-based GConfig....
LogPluginManager: Mounting plugin MeshPainting
LogPluginManager: Mounting plugin XGEController
LogPluginManager: Mounting plugin Paper2D
LogPluginManager: Mounting plugin EnvironmentQueryEditor
LogPluginManager: Mounting plugin AISupport
LogPluginManager: Mounting plugin LightPropagationVolume
LogPluginManager: Mounting plugin LiveLink
LogPluginManager: Mounting plugin OodleData
LogPluginManager: Mounting plugin CameraShakePreviewer
LogPluginManager: Mounting plugin OodleNetwork
LogPluginManager: Mounting plugin GameplayCameras
LogPluginManager: Mounting plugin AssetManagerEditor
LogPluginManager: Mounting plugin CryptoKeys
LogPluginManager: Mounting plugin CurveEditorTools
LogPluginManager: Mounting plugin DataValidation
LogPluginManager: Mounting plugin FacialAnimation
LogPluginManager: Mounting plugin GameplayTagsEditor
LogPluginManager: Mounting plugin GeometryMode
LogPluginManager: Mounting plugin MacGraphicsSwitching
LogPluginManager: Mounting plugin MaterialAnalyzer
LogPluginManager: Mounting plugin MobileLauncherProfileWizard
LogPluginManager: Mounting plugin PluginBrowser
LogPluginManager: Mounting plugin SpeedTreeImporter
LogPluginManager: Mounting plugin AnimationSharing
LogPluginManager: Mounting plugin DatasmithContent
LogPluginManager: Mounting plugin CLionSourceCodeAccess
LogPluginManager: Mounting plugin VariantManagerContent
LogPluginManager: Mounting plugin CodeLiteSourceCodeAccess
LogPluginManager: Mounting plugin GitSourceControl
LogPluginManager: Mounting plugin KDevelopSourceCodeAccess
LogPluginManager: Mounting plugin NullSourceCodeAccess
LogPluginManager: Mounting plugin PerforceSourceControl
LogPluginManager: Mounting plugin PixWinPlugin
LogPluginManager: Mounting plugin PlasticSourceControl
LogPluginManager: Mounting plugin PluginUtils
LogPluginManager: Mounting plugin PropertyAccessNode
LogPluginManager: Mounting plugin RiderSourceCodeAccess
LogPluginManager: Mounting plugin SubversionSourceControl
LogPluginManager: Mounting plugin TextureFormatOodle
LogPluginManager: Mounting plugin AlembicImporter
LogPluginManager: Mounting plugin UObjectPlugin
LogPluginManager: Mounting plugin VisualStudioCodeSourceCodeAccess
LogPluginManager: Mounting plugin VisualStudioSourceCodeAccess
LogPluginManager: Mounting plugin XCodeSourceCodeAccess
LogPluginManager: Mounting plugin AutomationUtils
LogPluginManager: Mounting plugin BackChannel
LogPluginManager: Mounting plugin ChaosClothEditor
LogPluginManager: Mounting plugin ChaosCloth
LogPluginManager: Mounting plugin ChaosEditor
LogPluginManager: Mounting plugin ChaosNiagara
LogPluginManager: Mounting plugin ChaosSolverPlugin
LogPluginManager: Mounting plugin CharacterAI
LogPluginManager: Mounting plugin GeometryCache
LogPluginManager: Mounting plugin GeometryCollectionPlugin
LogPluginManager: Mounting plugin GeometryProcessing
LogPluginManager: Mounting plugin MotoSynth
LogPluginManager: Mounting plugin OpenImageDenoise
LogPluginManager: Mounting plugin PlanarCut
LogPluginManager: Mounting plugin PlatformCrypto
LogPluginManager: Mounting plugin ProxyLODPlugin
LogPluginManager: Mounting plugin PythonScriptPlugin
LogPluginManager: Mounting plugin SkeletalReduction
LogPluginManager: Mounting plugin Niagara
LogPluginManager: Mounting plugin LuminPlatformFeatures
LogPluginManager: Mounting plugin MagicLeap
LogPluginManager: Mounting plugin MagicLeapLightEstimation
LogPluginManager: Mounting plugin MagicLeapMedia
LogPluginManager: Mounting plugin MagicLeapPassableWorld
LogPluginManager: Mounting plugin AndroidMedia
LogPluginManager: Mounting plugin MLSDK
LogPluginManager: Mounting plugin AvfMedia
LogPluginManager: Mounting plugin ImgMedia
LogPluginManager: Mounting plugin MediaCompositing
LogPluginManager: Mounting plugin WebMMedia
LogPluginManager: Mounting plugin WmfMedia
LogPluginManager: Mounting plugin MediaPlayerEditor
LogPluginManager: Mounting plugin UdpMessaging
LogPluginManager: Mounting plugin TcpMessaging
LogPluginManager: Mounting plugin ActorSequence
LogPluginManager: Mounting plugin LevelSequenceEditor
LogPluginManager: Mounting plugin MatineeToLevelSequence
LogPluginManager: Mounting plugin TemplateSequence
LogPluginManager: Mounting plugin OnlineSubsystem
LogPluginManager: Mounting plugin OnlineSubsystemNull
LogPluginManager: Mounting plugin LauncherChunkInstaller
LogPluginManager: Mounting plugin ActorLayerUtilities
LogPluginManager: Mounting plugin OnlineSubsystemUtils
LogPluginManager: Mounting plugin AndroidDeviceProfileSelector
LogPluginManager: Mounting plugin AndroidMoviePlayer
LogPluginManager: Mounting plugin AndroidPermission
LogPluginManager: Mounting plugin AppleImageUtils
LogPluginManager: Mounting plugin AppleMoviePlayer
LogPluginManager: Mounting plugin ArchVisCharacter
LogPluginManager: Mounting plugin AssetTags
LogPluginManager: Mounting plugin AudioCapture
LogPluginManager: Mounting plugin AudioSynesthesia
LogPluginManager: Mounting plugin CableComponent
LogPluginManager: Mounting plugin ChunkDownloader
LogPluginManager: Mounting plugin CustomMeshComponent
LogPluginManager: Mounting plugin EditableMesh
LogPluginManager: Mounting plugin ExampleDeviceProfileSelector
LogPluginManager: Mounting plugin GoogleCloudMessaging
LogPluginManager: Mounting plugin GooglePAD
LogPluginManager: Mounting plugin IOSDeviceProfileSelector
LogPluginManager: Mounting plugin LinuxDeviceProfileSelector
LogPluginManager: Mounting plugin LocationServicesBPLibrary
LogPluginManager: Mounting plugin MobilePatchingUtils
LogPluginManager: Mounting plugin OpenXR
LogPluginManager: Mounting plugin OpenXREyeTracker
LogPluginManager: Mounting plugin OpenXRHandTracking
LogPluginManager: Mounting plugin PhysXVehicles
LogPluginManager: Mounting plugin PostSplashScreen
LogPluginManager: Mounting plugin ProceduralMeshComponent
LogPluginManager: Mounting plugin RuntimePhysXCooking
LogPluginManager: Mounting plugin PropertyAccessEditor
LogPluginManager: Mounting plugin SignificanceManager
LogPluginManager: Mounting plugin SoundFields
LogPluginManager: Mounting plugin Synthesis
LogPluginManager: Mounting plugin WebMMoviePlayer
LogPluginManager: Mounting plugin WindowsMoviePlayer
LogPluginManager: Mounting plugin ScreenshotTools
LogPluginManager: Mounting plugin Takes
LogPluginManager: Mounting plugin ContentBrowserAssetDataSource
LogPluginManager: Mounting plugin ContentBrowserClassDataSource
LogPluginManager: Mounting plugin ContentBrowserFileDataSource
LogPluginManager: Mounting plugin OnlineSubsystemGooglePlay
LogPluginManager: Mounting plugin OnlineSubsystemIOS
LogPluginManager: Mounting plugin OculusVR
LogPluginManager: Mounting plugin SteamVR
PixWinPlugin: PIX capture plugin failed to initialize! Check that the process is launched from PIX.
LogInit: Using libcurl 7.55.1-DEV
LogInit:  - built for x86_64-pc-win32
LogInit:  - supports SSL with OpenSSL/1.1.1
LogInit:  - supports HTTP deflate (compression) using libz 1.2.8
LogInit:  - other features:
LogInit:      CURL_VERSION_SSL
LogInit:      CURL_VERSION_LIBZ
LogInit:      CURL_VERSION_IPV6
LogInit:      CURL_VERSION_ASYNCHDNS
LogInit:      CURL_VERSION_LARGEFILE
LogInit:      CURL_VERSION_IDN
LogInit:  CurlRequestOptions (configurable via config and command line):
LogInit:  - bVerifyPeer = true  - Libcurl will verify peer certificate
LogInit:  - bUseHttpProxy = false  - Libcurl will NOT use HTTP proxy
LogInit:  - bDontReuseConnections = false  - Libcurl will reuse connections
LogInit:  - MaxHostConnections = 16  - Libcurl will limit the number of connections to a host
LogInit:  - LocalHostAddr = Default
LogInit:  - BufferSize = 65536
LogOnline: OSS: Creating online subsystem instance for: NULL
LogInit: WinSock: version 1.1 (2.2), MaxSocks=32767, MaxUdp=65467
LogOnline: OSS: TryLoadSubsystemAndSetDefault: Loaded subsystem for module [NULL]
LogOculusPluginWrapper: OculusPlugin initialized successfully
LogHMD: Failed initializing OVRPlugin 1.59.0
LogInit: Build: ++UE4+Release-4.27-CL-18319896
LogInit: Engine Version: 4.27.2-18319896+++UE4+Release-4.27
LogInit: Compatible Engine Version: 4.27.0-17155196+++UE4+Release-4.27
LogInit: Net CL: 17155196
LogInit: OS: Windows 10 (Release 2009) (), CPU: AMD Ryzen 3 3300X 4-Core Processor             , GPU: NVIDIA GeForce RTX 2060 SUPER
LogInit: Compiled (64-bit): Nov 30 2021 07:12:08
LogInit: Compiled with Visual C++: 19.24.28315.00
LogInit: Build Configuration: Development
LogInit: Branch Name: ++UE4+Release-4.27
LogInit: Command Line: 
LogInit: Base Directory: D:/Program Files/Epic Games/UE_4.27/Engine/Binaries/Win64/
LogInit: Allocator: TBB
LogInit: Installed Engine Build: 1
LogDevObjectVersion: Number of dev versions registered: 29
LogDevObjectVersion:   Dev-Blueprints (B0D832E4-1F89-4F0D-ACCF-7EB736FD4AA2): 10
LogDevObjectVersion:   Dev-Build (E1C64328-A22C-4D53-A36C-8E866417BD8C): 0
LogDevObjectVersion:   Dev-Core (375EC13C-06E4-48FB-B500-84F0262A717E): 4
LogDevObjectVersion:   Dev-Editor (E4B068ED-F494-42E9-A231-DA0B2E46BB41): 40
LogDevObjectVersion:   Dev-Framework (CFFC743F-43B0-4480-9391-14DF171D2073): 37
LogDevObjectVersion:   Dev-Mobile (B02B49B5-BB20-44E9-A304-32B752E40360): 3
LogDevObjectVersion:   Dev-Networking (A4E4105C-59A1-49B5-A7C5-40C4547EDFEE): 0
LogDevObjectVersion:   Dev-Online (39C831C9-5AE6-47DC-9A44-9C173E1C8E7C): 0
LogDevObjectVersion:   Dev-Physics (78F01B33-EBEA-4F98-B9B4-84EACCB95AA2): 14
LogDevObjectVersion:   Dev-Platform (6631380F-2D4D-43E0-8009-CF276956A95A): 0
LogDevObjectVersion:   Dev-Rendering (12F88B9F-8875-4AFC-A67C-D90C383ABD29): 45
LogDevObjectVersion:   Dev-Sequencer (7B5AE74C-D270-4C10-A958-57980B212A5A): 13
LogDevObjectVersion:   Dev-VR (D7296918-1DD6-4BDD-9DE2-64A83CC13884): 3
LogDevObjectVersion:   Dev-LoadTimes (C2A15278-BFE7-4AFE-6C17-90FF531DF755): 1
LogDevObjectVersion:   Private-Geometry (6EACA3D4-40EC-4CC1-B786-8BED09428FC5): 3
LogDevObjectVersion:   Dev-AnimPhys (29E575DD-E0A3-4627-9D10-D276232CDCEA): 17
LogDevObjectVersion:   Dev-Anim (AF43A65D-7FD3-4947-9873-3E8ED9C1BB05): 15
LogDevObjectVersion:   Dev-ReflectionCapture (6B266CEC-1EC7-4B8F-A30B-E4D90942FC07): 1
LogDevObjectVersion:   Dev-Automation (0DF73D61-A23F-47EA-B727-89E90C41499A): 1
LogDevObjectVersion:   FortniteMain (601D1886-AC64-4F84-AA16-D3DE0DEAC7D6): 47
LogDevObjectVersion:   FortniteRelease (E7086368-6B23-4C58-8439-1B7016265E91): 1
LogDevObjectVersion:   Dev-Enterprise (9DFFBCD6-494F-0158-E221-12823C92A888): 10
LogDevObjectVersion:   Dev-Niagara (F2AED0AC-9AFE-416F-8664-AA7FFA26D6FC): 1
LogDevObjectVersion:   Dev-Destruction (174F1F0B-B4C6-45A5-B13F-2EE8D0FB917D): 10
LogDevObjectVersion:   Dev-Physics-Ext (35F94A83-E258-406C-A318-09F59610247C): 41
LogDevObjectVersion:   Dev-PhysicsMaterial-Chaos (B68FC16E-8B1B-42E2-B453-215C058844FE): 1
LogDevObjectVersion:   Dev-CineCamera (B2E18506-4273-CFC2-A54E-F4BB758BBA07): 1
LogDevObjectVersion:   Dev-VirtualProduction (64F58936-FD1B-42BA-BA96-7289D5D0FA4E): 1
LogDevObjectVersion:   Dev-MediaFramework (6F0ED827-A609-4895-9C91-998D90180EA4): 2
LogInit: Presizing for max 25165824 objects, including 0 objects not considered by GC, pre-allocating 0 bytes for permanent pool.
LogConfig: Applying CVar settings from Section [/Script/Engine.StreamingSettings] File [D:/Users/qkrdl/Documents/GitHub/Zolup-Button_Project_MF/Project_MF/Saved/Config/Windows/Engine.ini]
LogConfig: Setting CVar [[s.MinBulkDataSizeForAsyncLoading:131072]]
LogConfig: Setting CVar [[s.AsyncLoadingThreadEnabled:0]]
LogConfig: Setting CVar [[s.EventDrivenLoaderEnabled:1]]
LogConfig: Setting CVar [[s.WarnIfTimeLimitExceeded:0]]
LogConfig: Setting CVar [[s.TimeLimitExceededMultiplier:1.5]]
LogConfig: Setting CVar [[s.TimeLimitExceededMinTime:0.005]]
LogConfig: Setting CVar [[s.UseBackgroundLevelStreaming:1]]
LogConfig: Setting CVar [[s.PriorityAsyncLoadingExtraTime:15.0]]
LogConfig: Setting CVar [[s.LevelStreamingActorsUpdateTimeLimit:5.0]]
LogConfig: Setting CVar [[s.PriorityLevelStreamingActorsUpdateExtraTime:5.0]]
LogConfig: Setting CVar [[s.LevelStreamingComponentsRegistrationGranularity:10]]
LogConfig: Setting CVar [[s.UnregisterComponentsTimeLimit:1.0]]
LogConfig: Setting CVar [[s.LevelStreamingComponentsUnregistrationGranularity:5]]
LogConfig: Setting CVar [[s.FlushStreamingOnExit:1]]
LogInit: Object subsystem initialized
LogConfig: Setting CVar [[con.DebugEarlyDefault:1]]
LogConfig: Setting CVar [[r.setres:1280x720]]
[2023.04.17-03.30.33:047][  0]LogConfig: Setting CVar [[r.VSync:0]]
[2023.04.17-03.30.33:047][  0]LogConfig: Setting CVar [[r.RHICmdBypass:0]]
[2023.04.17-03.30.33:047][  0]LogConfig: Applying CVar settings from Section [/Script/Engine.RendererSettings] File [D:/Users/qkrdl/Documents/GitHub/Zolup-Button_Project_MF/Project_MF/Saved/Config/Windows/Engine.ini]
[2023.04.17-03.30.33:047][  0]LogConfig: Setting CVar [[r.GPUCrashDebugging:0]]
[2023.04.17-03.30.33:047][  0]LogConfig: Applying CVar settings from Section [/Script/Engine.RendererOverrideSettings] File [D:/Users/qkrdl/Documents/GitHub/Zolup-Button_Project_MF/Project_MF/Saved/Config/Windows/Engine.ini]
[2023.04.17-03.30.33:047][  0]LogConfig: Applying CVar settings from Section [/Script/Engine.StreamingSettings] File [D:/Users/qkrdl/Documents/GitHub/Zolup-Button_Project_MF/Project_MF/Saved/Config/Windows/Engine.ini]
[2023.04.17-03.30.33:047][  0]LogConfig: Setting CVar [[s.MinBulkDataSizeForAsyncLoading:131072]]
[2023.04.17-03.30.33:047][  0]LogConfig: Setting CVar [[s.AsyncLoadingThreadEnabled:0]]
[2023.04.17-03.30.33:047][  0]LogConfig: Setting CVar [[s.EventDrivenLoaderEnabled:1]]
[2023.04.17-03.30.33:047][  0]LogConfig: Setting CVar [[s.WarnIfTimeLimitExceeded:0]]
[2023.04.17-03.30.33:047][  0]LogConfig: Setting CVar [[s.TimeLimitExceededMultiplier:1.5]]
[2023.04.17-03.30.33:047][  0]LogConfig: Setting CVar [[s.TimeLimitExceededMinTime:0.005]]
[2023.04.17-03.30.33:047][  0]LogConfig: Setting CVar [[s.UseBackgroundLevelStreaming:1]]
[2023.04.17-03.30.33:047][  0]LogConfig: Setting CVar [[s.PriorityAsyncLoadingExtraTime:15.0]]
[2023.04.17-03.30.33:047][  0]LogConfig: Setting CVar [[s.LevelStreamingActorsUpdateTimeLimit:5.0]]
[2023.04.17-03.30.33:047][  0]LogConfig: Setting CVar [[s.PriorityLevelStreamingActorsUpdateExtraTime:5.0]]
[2023.04.17-03.30.33:047][  0]LogConfig: Setting CVar [[s.LevelStreamingComponentsRegistrationGranularity:10]]
[2023.04.17-03.30.33:047][  0]LogConfig: Setting CVar [[s.UnregisterComponentsTimeLimit:1.0]]
[2023.04.17-03.30.33:047][  0]LogConfig: Setting CVar [[s.LevelStreamingComponentsUnregistrationGranularity:5]]
[2023.04.17-03.30.33:047][  0]LogConfig: Setting CVar [[s.FlushStreamingOnExit:1]]
[2023.04.17-03.30.33:047][  0]LogConfig: Applying CVar settings from Section [/Script/Engine.GarbageCollectionSettings] File [D:/Users/qkrdl/Documents/GitHub/Zolup-Button_Project_MF/Project_MF/Saved/Config/Windows/Engine.ini]
[2023.04.17-03.30.33:047][  0]LogConfig: Setting CVar [[gc.MaxObjectsNotConsideredByGC:1]]
[2023.04.17-03.30.33:047][  0]LogConfig: Setting CVar [[gc.SizeOfPermanentObjectPool:0]]
[2023.04.17-03.30.33:047][  0]LogConfig: Setting CVar [[gc.FlushStreamingOnGC:0]]
[2023.04.17-03.30.33:047][  0]LogConfig: Setting CVar [[gc.NumRetriesBeforeForcingGC:10]]
[2023.04.17-03.30.33:047][  0]LogConfig: Setting CVar [[gc.AllowParallelGC:1]]
[2023.04.17-03.30.33:047][  0]LogConfig: Setting CVar [[gc.TimeBetweenPurgingPendingKillObjects:61.1]]
[2023.04.17-03.30.33:047][  0]LogConfig: Setting CVar [[gc.MaxObjectsInEditor:25165824]]
[2023.04.17-03.30.33:047][  0]LogConfig: Setting CVar [[gc.IncrementalBeginDestroyEnabled:1]]
[2023.04.17-03.30.33:047][  0]LogConfig: Setting CVar [[gc.CreateGCClusters:1]]
[2023.04.17-03.30.33:047][  0]LogConfig: Setting CVar [[gc.MinGCClusterSize:5]]
[2023.04.17-03.30.33:047][  0]LogConfig: Setting CVar [[gc.ActorClusteringEnabled:0]]
[2023.04.17-03.30.33:047][  0]LogConfig: Setting CVar [[gc.BlueprintClusteringEnabled:0]]
[2023.04.17-03.30.33:047][  0]LogConfig: Setting CVar [[gc.UseDisregardForGCOnDedicatedServers:0]]
[2023.04.17-03.30.33:047][  0]LogConfig: Setting CVar [[gc.MultithreadedDestructionEnabled:1]]
[2023.04.17-03.30.33:047][  0]LogConfig: Applying CVar settings from Section [/Script/Engine.NetworkSettings] File [D:/Users/qkrdl/Documents/GitHub/Zolup-Button_Project_MF/Project_MF/Saved/Config/Windows/Engine.ini]
[2023.04.17-03.30.33:047][  0]LogConfig: Applying CVar settings from Section [/Script/UnrealEd.CookerSettings] File [D:/Users/qkrdl/Documents/GitHub/Zolup-Button_Project_MF/Project_MF/Saved/Config/Windows/Engine.ini]
[2023.04.17-03.30.33:060][  0]LogConfig: Applying CVar settings from Section [ViewDistanceQuality@3] File [D:/Users/qkrdl/Documents/GitHub/Zolup-Button_Project_MF/Project_MF/Saved/Config/Windows/Scalability.ini]
[2023.04.17-03.30.33:060][  0]LogConfig: Setting CVar [[r.SkeletalMeshLODBias:0]]
[2023.04.17-03.30.33:060][  0]LogConfig: Setting CVar [[r.ViewDistanceScale:1.0]]
[2023.04.17-03.30.33:060][  0]LogConfig: Applying CVar settings from Section [AntiAliasingQuality@3] File [D:/Users/qkrdl/Documents/GitHub/Zolup-Button_Project_MF/Project_MF/Saved/Config/Windows/Scalability.ini]
[2023.04.17-03.30.33:060][  0]LogConfig: Setting CVar [[r.PostProcessAAQuality:4]]
[2023.04.17-03.30.33:060][  0]LogConfig: Applying CVar settings from Section [ShadowQuality@3] File [D:/Users/qkrdl/Documents/GitHub/Zolup-Button_Project_MF/Project_MF/Saved/Config/Windows/Scalability.ini]
[2023.04.17-03.30.33:060][  0]LogConfig: Setting CVar [[r.LightFunctionQuality:1]]
[2023.04.17-03.30.33:060][  0]LogConfig: Setting CVar [[r.ShadowQuality:5]]
[2023.04.17-03.30.33:060][  0]LogConfig: Setting CVar [[r.Shadow.CSM.MaxCascades:10]]
[2023.04.17-03.30.33:060][  0]LogConfig: Setting CVar [[r.Shadow.MaxResolution:2048]]
[2023.04.17-03.30.33:060][  0]LogConfig: Setting CVar [[r.Shadow.MaxCSMResolution:2048]]
[2023.04.17-03.30.33:060][  0]LogConfig: Setting CVar [[r.Shadow.RadiusThreshold:0.01]]
[2023.04.17-03.30.33:060][  0]LogConfig: Setting CVar [[r.Shadow.DistanceScale:1.0]]
[2023.04.17-03.30.33:060][  0]LogConfig: Setting CVar [[r.Shadow.CSM.TransitionScale:1.0]]
[2023.04.17-03.30.33:060][  0]LogConfig: Setting CVar [[r.Shadow.PreShadowResolutionFactor:1.0]]
[2023.04.17-03.30.33:060][  0]LogConfig: Setting CVar [[r.DistanceFieldShadowing:1]]
[2023.04.17-03.30.33:060][  0]LogConfig: Setting CVar [[r.DistanceFieldAO:1]]
[2023.04.17-03.30.33:060][  0]LogConfig: Setting CVar [[r.AOQuality:2]]
[2023.04.17-03.30.33:060][  0]LogConfig: Setting CVar [[r.VolumetricFog:1]]
[2023.04.17-03.30.33:060][  0]LogConfig: Setting CVar [[r.VolumetricFog.GridPixelSize:8]]
[2023.04.17-03.30.33:060][  0]LogConfig: Setting CVar [[r.VolumetricFog.GridSizeZ:128]]
[2023.04.17-03.30.33:060][  0]LogConfig: Setting CVar [[r.VolumetricFog.HistoryMissSupersampleCount:4]]
[2023.04.17-03.30.33:060][  0]LogConfig: Setting CVar [[r.LightMaxDrawDistanceScale:1]]
[2023.04.17-03.30.33:060][  0]LogConfig: Setting CVar [[r.CapsuleShadows:1]]
[2023.04.17-03.30.33:060][  0]LogConfig: Applying CVar settings from Section [PostProcessQuality@3] File [D:/Users/qkrdl/Documents/GitHub/Zolup-Button_Project_MF/Project_MF/Saved/Config/Windows/Scalability.ini]
[2023.04.17-03.30.33:060][  0]LogConfig: Setting CVar [[r.MotionBlurQuality:4]]
[2023.04.17-03.30.33:060][  0]LogConfig: Setting CVar [[r.AmbientOcclusionMipLevelFactor:0.4]]
[2023.04.17-03.30.33:060][  0]LogConfig: Setting CVar [[r.AmbientOcclusionMaxQuality:100]]
[2023.04.17-03.30.33:060][  0]LogConfig: Setting CVar [[r.AmbientOcclusionLevels:-1]]
[2023.04.17-03.30.33:060][  0]LogConfig: Setting CVar [[r.AmbientOcclusionRadiusScale:1.0]]
[2023.04.17-03.30.33:061][  0]LogConfig: Setting CVar [[r.DepthOfFieldQuality:2]]
[2023.04.17-03.30.33:061][  0]LogConfig: Setting CVar [[r.RenderTargetPoolMin:400]]
[2023.04.17-03.30.33:061][  0]LogConfig: Setting CVar [[r.LensFlareQuality:2]]
[2023.04.17-03.30.33:061][  0]LogConfig: Setting CVar [[r.SceneColorFringeQuality:1]]
[2023.04.17-03.30.33:061][  0]LogConfig: Setting CVar [[r.EyeAdaptationQuality:2]]
[2023.04.17-03.30.33:061][  0]LogConfig: Setting CVar [[r.BloomQuality:5]]
[2023.04.17-03.30.33:061][  0]LogConfig: Setting CVar [[r.FastBlurThreshold:100]]
[2023.04.17-03.30.33:061][  0]LogConfig: Setting CVar [[r.Upscale.Quality:3]]
[2023.04.17-03.30.33:061][  0]LogConfig: Setting CVar [[r.Tonemapper.GrainQuantization:1]]
[2023.04.17-03.30.33:061][  0]LogConfig: Setting CVar [[r.LightShaftQuality:1]]
[2023.04.17-03.30.33:061][  0]LogConfig: Setting CVar [[r.Filter.SizeScale:1]]
[2023.04.17-03.30.33:061][  0]LogConfig: Setting CVar [[r.Tonemapper.Quality:5]]
[2023.04.17-03.30.33:061][  0]LogConfig: Setting CVar [[r.DOF.Gather.AccumulatorQuality:1        ; higher gathering accumulator quality]]
[2023.04.17-03.30.33:061][  0]LogConfig: Setting CVar [[r.DOF.Gather.PostfilterMethod:1          ; Median3x3 postfilering method]]
[2023.04.17-03.30.33:061][  0]LogConfig: Setting CVar [[r.DOF.Gather.EnableBokehSettings:0       ; no bokeh simulation when gathering]]
[2023.04.17-03.30.33:061][  0]LogConfig: Setting CVar [[r.DOF.Gather.RingCount:4                 ; medium number of samples when gathering]]
[2023.04.17-03.30.33:061][  0]LogConfig: Setting CVar [[r.DOF.Scatter.ForegroundCompositing:1    ; additive foreground scattering]]
[2023.04.17-03.30.33:061][  0]LogConfig: Setting CVar [[r.DOF.Scatter.BackgroundCompositing:2    ; additive background scattering]]
[2023.04.17-03.30.33:061][  0]LogConfig: Setting CVar [[r.DOF.Scatter.EnableBokehSettings:1      ; bokeh simulation when scattering]]
[2023.04.17-03.30.33:061][  0]LogConfig: Setting CVar [[r.DOF.Scatter.MaxSpriteRatio:0.1         ; only a maximum of 10% of scattered bokeh]]
[2023.04.17-03.30.33:061][  0]LogConfig: Setting CVar [[r.DOF.Recombine.Quality:1                ; cheap slight out of focus]]
[2023.04.17-03.30.33:061][  0]LogConfig: Setting CVar [[r.DOF.Recombine.EnableBokehSettings:0    ; no bokeh simulation on slight out of focus]]
[2023.04.17-03.30.33:061][  0]LogConfig: Setting CVar [[r.DOF.TemporalAAQuality:1                ; more stable temporal accumulation]]
[2023.04.17-03.30.33:061][  0]LogConfig: Setting CVar [[r.DOF.Kernel.MaxForegroundRadius:0.025]]
[2023.04.17-03.30.33:061][  0]LogConfig: Setting CVar [[r.DOF.Kernel.MaxBackgroundRadius:0.025]]
[2023.04.17-03.30.33:061][  0]LogConfig: Applying CVar settings from Section [TextureQuality@3] File [D:/Users/qkrdl/Documents/GitHub/Zolup-Button_Project_MF/Project_MF/Saved/Config/Windows/Scalability.ini]
[2023.04.17-03.30.33:061][  0]LogConfig: Setting CVar [[r.Streaming.MipBias:0]]
[2023.04.17-03.30.33:061][  0]LogConfig: Setting CVar [[r.Streaming.AmortizeCPUToGPUCopy:0]]
[2023.04.17-03.30.33:061][  0]LogConfig: Setting CVar [[r.Streaming.MaxNumTexturesToStreamPerFrame:0]]
[2023.04.17-03.30.33:061][  0]LogConfig: Setting CVar [[r.Streaming.Boost:1]]
[2023.04.17-03.30.33:061][  0]LogConfig: Setting CVar [[r.MaxAnisotropy:8]]
[2023.04.17-03.30.33:061][  0]LogConfig: Setting CVar [[r.VT.MaxAnisotropy:8]]
[2023.04.17-03.30.33:061][  0]LogConfig: Setting CVar [[r.Streaming.LimitPoolSizeToVRAM:0]]
[2023.04.17-03.30.33:061][  0]LogConfig: Setting CVar [[r.Streaming.PoolSize:1000]]
[2023.04.17-03.30.33:061][  0]LogConfig: Setting CVar [[r.Streaming.MaxEffectiveScreenSize:0]]
[2023.04.17-03.30.33:061][  0]LogConfig: Applying CVar settings from Section [EffectsQuality@3] File [D:/Users/qkrdl/Documents/GitHub/Zolup-Button_Project_MF/Project_MF/Saved/Config/Windows/Scalability.ini]
[2023.04.17-03.30.33:061][  0]LogConfig: Setting CVar [[r.TranslucencyLightingVolumeDim:64]]
[2023.04.17-03.30.33:061][  0]LogConfig: Setting CVar [[r.RefractionQuality:2]]
[2023.04.17-03.30.33:061][  0]LogConfig: Setting CVar [[r.SSR.Quality:3]]
[2023.04.17-03.30.33:061][  0]LogConfig: Setting CVar [[r.SSR.HalfResSceneColor:0]]
[2023.04.17-03.30.33:061][  0]LogConfig: Setting CVar [[r.SceneColorFormat:4]]
[2023.04.17-03.30.33:061][  0]LogConfig: Setting CVar [[r.DetailMode:2]]
[2023.04.17-03.30.33:061][  0]LogConfig: Setting CVar [[r.TranslucencyVolumeBlur:1]]
[2023.04.17-03.30.33:061][  0]LogConfig: Setting CVar [[r.MaterialQualityLevel:1 ; High quality]]
[2023.04.17-03.30.33:061][  0]LogConfig: Setting CVar [[r.AnisotropicMaterials:1]]
[2023.04.17-03.30.33:061][  0]LogConfig: Setting CVar [[r.SSS.Scale:1]]
[2023.04.17-03.30.33:061][  0]LogConfig: Setting CVar [[r.SSS.SampleSet:2]]
[2023.04.17-03.30.33:061][  0]LogConfig: Setting CVar [[r.SSS.Quality:1]]
[2023.04.17-03.30.33:061][  0]LogConfig: Setting CVar [[r.SSS.HalfRes:0]]
[2023.04.17-03.30.33:061][  0]LogConfig: Setting CVar [[r.SSGI.Quality:3]]
[2023.04.17-03.30.33:061][  0]LogConfig: Setting CVar [[r.EmitterSpawnRateScale:1.0]]
[2023.04.17-03.30.33:061][  0]LogConfig: Setting CVar [[r.ParticleLightQuality:2]]
[2023.04.17-03.30.33:061][  0]LogConfig: Setting CVar [[r.SkyAtmosphere.AerialPerspectiveLUT.FastApplyOnOpaque:1 ; Always have FastSkyLUT 1 in this case to avoid wrong sky]]
[2023.04.17-03.30.33:061][  0]LogConfig: Setting CVar [[r.SkyAtmosphere.AerialPerspectiveLUT.SampleCountMaxPerSlice:4]]
[2023.04.17-03.30.33:061][  0]LogConfig: Setting CVar [[r.SkyAtmosphere.AerialPerspectiveLUT.DepthResolution:16.0]]
[2023.04.17-03.30.33:061][  0]LogConfig: Setting CVar [[r.SkyAtmosphere.FastSkyLUT:1]]
[2023.04.17-03.30.33:061][  0]LogConfig: Setting CVar [[r.SkyAtmosphere.FastSkyLUT.SampleCountMin:4.0]]
[2023.04.17-03.30.33:061][  0]LogConfig: Setting CVar [[r.SkyAtmosphere.FastSkyLUT.SampleCountMax:128.0]]
[2023.04.17-03.30.33:061][  0]LogConfig: Setting CVar [[r.SkyAtmosphere.SampleCountMin:4.0]]
[2023.04.17-03.30.33:061][  0]LogConfig: Setting CVar [[r.SkyAtmosphere.SampleCountMax:128.0]]
[2023.04.17-03.30.33:061][  0]LogConfig: Setting CVar [[r.SkyAtmosphere.TransmittanceLUT.UseSmallFormat:0]]
[2023.04.17-03.30.33:061][  0]LogConfig: Setting CVar [[r.SkyAtmosphere.TransmittanceLUT.SampleCount:10.0]]
[2023.04.17-03.30.33:061][  0]LogConfig: Setting CVar [[r.SkyAtmosphere.MultiScatteringLUT.SampleCount:15.0]]
[2023.04.17-03.30.33:061][  0]LogConfig: Setting CVar [[r.SkyLight.RealTimeReflectionCapture:1]]
[2023.04.17-03.30.33:061][  0]LogConfig: Applying CVar settings from Section [FoliageQuality@3] File [D:/Users/qkrdl/Documents/GitHub/Zolup-Button_Project_MF/Project_MF/Saved/Config/Windows/Scalability.ini]
[2023.04.17-03.30.33:061][  0]LogConfig: Setting CVar [[foliage.DensityScale:1.0]]
[2023.04.17-03.30.33:061][  0]LogConfig: Setting CVar [[grass.DensityScale:1.0]]
[2023.04.17-03.30.33:061][  0]LogConfig: Applying CVar settings from Section [ShadingQuality@3] File [D:/Users/qkrdl/Documents/GitHub/Zolup-Button_Project_MF/Project_MF/Saved/Config/Windows/Scalability.ini]
[2023.04.17-03.30.33:061][  0]LogConfig: Setting CVar [[r.HairStrands.SkyLighting.IntegrationType:2]]
[2023.04.17-03.30.33:061][  0]LogConfig: Setting CVar [[r.HairStrands.SkyAO.SampleCount:4]]
[2023.04.17-03.30.33:061][  0]LogConfig: Setting CVar [[r.HairStrands.Visibility.MSAA.SamplePerPixel:4]]
[2023.04.17-03.30.33:061][  0]LogInit: Selected Device Profile: [Windows]
[2023.04.17-03.30.33:061][  0]LogInit: Applying CVar settings loaded from the selected device profile: [Windows]
[2023.04.17-03.30.33:061][  0]LogHAL: Display: Platform has ~ 32 GB [34266505216 / 34359738368 / 32], which maps to Largest [LargestMinGB=32, LargerMinGB=12, DefaultMinGB=8, SmallerMinGB=6, SmallestMinGB=0)
[2023.04.17-03.30.33:061][  0]LogInit: Going up to parent DeviceProfile []
[2023.04.17-03.30.33:061][  0]LogConfig: Applying CVar settings from Section [ViewDistanceQuality@3] File [D:/Users/qkrdl/Documents/GitHub/Zolup-Button_Project_MF/Project_MF/Saved/Config/Windows/Scalability.ini]
[2023.04.17-03.30.33:061][  0]LogConfig: Setting CVar [[r.SkeletalMeshLODBias:0]]
[2023.04.17-03.30.33:061][  0]LogConfig: Setting CVar [[r.ViewDistanceScale:1.0]]
[2023.04.17-03.30.33:061][  0]LogConfig: Applying CVar settings from Section [AntiAliasingQuality@3] File [D:/Users/qkrdl/Documents/GitHub/Zolup-Button_Project_MF/Project_MF/Saved/Config/Windows/Scalability.ini]
[2023.04.17-03.30.33:061][  0]LogConfig: Setting CVar [[r.PostProcessAAQuality:4]]
[2023.04.17-03.30.33:061][  0]LogConfig: Applying CVar settings from Section [ShadowQuality@3] File [D:/Users/qkrdl/Documents/GitHub/Zolup-Button_Project_MF/Project_MF/Saved/Config/Windows/Scalability.ini]
[2023.04.17-03.30.33:061][  0]LogConfig: Setting CVar [[r.LightFunctionQuality:1]]
[2023.04.17-03.30.33:061][  0]LogConfig: Setting CVar [[r.ShadowQuality:5]]
[2023.04.17-03.30.33:061][  0]LogConfig: Setting CVar [[r.Shadow.CSM.MaxCascades:10]]
[2023.04.17-03.30.33:061][  0]LogConfig: Setting CVar [[r.Shadow.MaxResolution:2048]]
[2023.04.17-03.30.33:061][  0]LogConfig: Setting CVar [[r.Shadow.MaxCSMResolution:2048]]
[2023.04.17-03.30.33:061][  0]LogConfig: Setting CVar [[r.Shadow.RadiusThreshold:0.01]]
[2023.04.17-03.30.33:061][  0]LogConfig: Setting CVar [[r.Shadow.DistanceScale:1.0]]
[2023.04.17-03.30.33:061][  0]LogConfig: Setting CVar [[r.Shadow.CSM.TransitionScale:1.0]]
[2023.04.17-03.30.33:061][  0]LogConfig: Setting CVar [[r.Shadow.PreShadowResolutionFactor:1.0]]
[2023.04.17-03.30.33:061][  0]LogConfig: Setting CVar [[r.DistanceFieldShadowing:1]]
[2023.04.17-03.30.33:061][  0]LogConfig: Setting CVar [[r.DistanceFieldAO:1]]
[2023.04.17-03.30.33:061][  0]LogConfig: Setting CVar [[r.AOQuality:2]]
[2023.04.17-03.30.33:061][  0]LogConfig: Setting CVar [[r.VolumetricFog:1]]
[2023.04.17-03.30.33:061][  0]LogConfig: Setting CVar [[r.VolumetricFog.GridPixelSize:8]]
[2023.04.17-03.30.33:061][  0]LogConfig: Setting CVar [[r.VolumetricFog.GridSizeZ:128]]
[2023.04.17-03.30.33:061][  0]LogConfig: Setting CVar [[r.VolumetricFog.HistoryMissSupersampleCount:4]]
[2023.04.17-03.30.33:061][  0]LogConfig: Setting CVar [[r.LightMaxDrawDistanceScale:1]]
[2023.04.17-03.30.33:061][  0]LogConfig: Setting CVar [[r.CapsuleShadows:1]]
[2023.04.17-03.30.33:061][  0]LogConfig: Applying CVar settings from Section [PostProcessQuality@3] File [D:/Users/qkrdl/Documents/GitHub/Zolup-Button_Project_MF/Project_MF/Saved/Config/Windows/Scalability.ini]
[2023.04.17-03.30.33:061][  0]LogConfig: Setting CVar [[r.MotionBlurQuality:4]]
[2023.04.17-03.30.33:061][  0]LogConfig: Setting CVar [[r.AmbientOcclusionMipLevelFactor:0.4]]
[2023.04.17-03.30.33:061][  0]LogConfig: Setting CVar [[r.AmbientOcclusionMaxQuality:100]]
[2023.04.17-03.30.33:061][  0]LogConfig: Setting CVar [[r.AmbientOcclusionLevels:-1]]
[2023.04.17-03.30.33:061][  0]LogConfig: Setting CVar [[r.AmbientOcclusionRadiusScale:1.0]]
[2023.04.17-03.30.33:061][  0]LogConfig: Setting CVar [[r.DepthOfFieldQuality:2]]
[2023.04.17-03.30.33:061][  0]LogConfig: Setting CVar [[r.RenderTargetPoolMin:400]]
[2023.04.17-03.30.33:061][  0]LogConfig: Setting CVar [[r.LensFlareQuality:2]]
[2023.04.17-03.30.33:061][  0]LogConfig: Setting CVar [[r.SceneColorFringeQuality:1]]
[2023.04.17-03.30.33:061][  0]LogConfig: Setting CVar [[r.EyeAdaptationQuality:2]]
[2023.04.17-03.30.33:061][  0]LogConfig: Setting CVar [[r.BloomQuality:5]]
[2023.04.17-03.30.33:061][  0]LogConfig: Setting CVar [[r.FastBlurThreshold:100]]
[2023.04.17-03.30.33:061][  0]LogConfig: Setting CVar [[r.Upscale.Quality:3]]
[2023.04.17-03.30.33:061][  0]LogConfig: Setting CVar [[r.Tonemapper.GrainQuantization:1]]
[2023.04.17-03.30.33:061][  0]LogConfig: Setting CVar [[r.LightShaftQuality:1]]
[2023.04.17-03.30.33:061][  0]LogConfig: Setting CVar [[r.Filter.SizeScale:1]]
[2023.04.17-03.30.33:061][  0]LogConfig: Setting CVar [[r.Tonemapper.Quality:5]]
[2023.04.17-03.30.33:061][  0]LogConfig: Setting CVar [[r.DOF.Gather.AccumulatorQuality:1        ; higher gathering accumulator quality]]
[2023.04.17-03.30.33:061][  0]LogConfig: Setting CVar [[r.DOF.Gather.PostfilterMethod:1          ; Median3x3 postfilering method]]
[2023.04.17-03.30.33:061][  0]LogConfig: Setting CVar [[r.DOF.Gather.EnableBokehSettings:0       ; no bokeh simulation when gathering]]
[2023.04.17-03.30.33:061][  0]LogConfig: Setting CVar [[r.DOF.Gather.RingCount:4                 ; medium number of samples when gathering]]
[2023.04.17-03.30.33:061][  0]LogConfig: Setting CVar [[r.DOF.Scatter.ForegroundCompositing:1    ; additive foreground scattering]]
[2023.04.17-03.30.33:061][  0]LogConfig: Setting CVar [[r.DOF.Scatter.BackgroundCompositing:2    ; additive background scattering]]
[2023.04.17-03.30.33:061][  0]LogConfig: Setting CVar [[r.DOF.Scatter.EnableBokehSettings:1      ; bokeh simulation when scattering]]
[2023.04.17-03.30.33:061][  0]LogConfig: Setting CVar [[r.DOF.Scatter.MaxSpriteRatio:0.1         ; only a maximum of 10% of scattered bokeh]]
[2023.04.17-03.30.33:061][  0]LogConfig: Setting CVar [[r.DOF.Recombine.Quality:1                ; cheap slight out of focus]]
[2023.04.17-03.30.33:061][  0]LogConfig: Setting CVar [[r.DOF.Recombine.EnableBokehSettings:0    ; no bokeh simulation on slight out of focus]]
[2023.04.17-03.30.33:061][  0]LogConfig: Setting CVar [[r.DOF.TemporalAAQuality:1                ; more stable temporal accumulation]]
[2023.04.17-03.30.33:061][  0]LogConfig: Setting CVar [[r.DOF.Kernel.MaxForegroundRadius:0.025]]
[2023.04.17-03.30.33:061][  0]LogConfig: Setting CVar [[r.DOF.Kernel.MaxBackgroundRadius:0.025]]
[2023.04.17-03.30.33:061][  0]LogConfig: Applying CVar settings from Section [TextureQuality@3] File [D:/Users/qkrdl/Documents/GitHub/Zolup-Button_Project_MF/Project_MF/Saved/Config/Windows/Scalability.ini]
[2023.04.17-03.30.33:061][  0]LogConfig: Setting CVar [[r.Streaming.MipBias:0]]
[2023.04.17-03.30.33:061][  0]LogConfig: Setting CVar [[r.Streaming.AmortizeCPUToGPUCopy:0]]
[2023.04.17-03.30.33:061][  0]LogConfig: Setting CVar [[r.Streaming.MaxNumTexturesToStreamPerFrame:0]]
[2023.04.17-03.30.33:061][  0]LogConfig: Setting CVar [[r.Streaming.Boost:1]]
[2023.04.17-03.30.33:061][  0]LogConfig: Setting CVar [[r.MaxAnisotropy:8]]
[2023.04.17-03.30.33:061][  0]LogConfig: Setting CVar [[r.VT.MaxAnisotropy:8]]
[2023.04.17-03.30.33:061][  0]LogConfig: Setting CVar [[r.Streaming.LimitPoolSizeToVRAM:0]]
[2023.04.17-03.30.33:061][  0]LogConfig: Setting CVar [[r.Streaming.PoolSize:1000]]
[2023.04.17-03.30.33:061][  0]LogConfig: Setting CVar [[r.Streaming.MaxEffectiveScreenSize:0]]
[2023.04.17-03.30.33:062][  0]LogConfig: Applying CVar settings from Section [EffectsQuality@3] File [D:/Users/qkrdl/Documents/GitHub/Zolup-Button_Project_MF/Project_MF/Saved/Config/Windows/Scalability.ini]
[2023.04.17-03.30.33:062][  0]LogConfig: Setting CVar [[r.TranslucencyLightingVolumeDim:64]]
[2023.04.17-03.30.33:062][  0]LogConfig: Setting CVar [[r.RefractionQuality:2]]
[2023.04.17-03.30.33:062][  0]LogConfig: Setting CVar [[r.SSR.Quality:3]]
[2023.04.17-03.30.33:062][  0]LogConfig: Setting CVar [[r.SSR.HalfResSceneColor:0]]
[2023.04.17-03.30.33:062][  0]LogConfig: Setting CVar [[r.SceneColorFormat:4]]
[2023.04.17-03.30.33:062][  0]LogConfig: Setting CVar [[r.DetailMode:2]]
[2023.04.17-03.30.33:062][  0]LogConfig: Setting CVar [[r.TranslucencyVolumeBlur:1]]
[2023.04.17-03.30.33:062][  0]LogConfig: Setting CVar [[r.MaterialQualityLevel:1 ; High quality]]
[2023.04.17-03.30.33:062][  0]LogConfig: Setting CVar [[r.AnisotropicMaterials:1]]
[2023.04.17-03.30.33:062][  0]LogConfig: Setting CVar [[r.SSS.Scale:1]]
[2023.04.17-03.30.33:062][  0]LogConfig: Setting CVar [[r.SSS.SampleSet:2]]
[2023.04.17-03.30.33:062][  0]LogConfig: Setting CVar [[r.SSS.Quality:1]]
[2023.04.17-03.30.33:062][  0]LogConfig: Setting CVar [[r.SSS.HalfRes:0]]
[2023.04.17-03.30.33:062][  0]LogConfig: Setting CVar [[r.SSGI.Quality:3]]
[2023.04.17-03.30.33:062][  0]LogConfig: Setting CVar [[r.EmitterSpawnRateScale:1.0]]
[2023.04.17-03.30.33:062][  0]LogConfig: Setting CVar [[r.ParticleLightQuality:2]]
[2023.04.17-03.30.33:062][  0]LogConfig: Setting CVar [[r.SkyAtmosphere.AerialPerspectiveLUT.FastApplyOnOpaque:1 ; Always have FastSkyLUT 1 in this case to avoid wrong sky]]
[2023.04.17-03.30.33:062][  0]LogConfig: Setting CVar [[r.SkyAtmosphere.AerialPerspectiveLUT.SampleCountMaxPerSlice:4]]
[2023.04.17-03.30.33:062][  0]LogConfig: Setting CVar [[r.SkyAtmosphere.AerialPerspectiveLUT.DepthResolution:16.0]]
[2023.04.17-03.30.33:062][  0]LogConfig: Setting CVar [[r.SkyAtmosphere.FastSkyLUT:1]]
[2023.04.17-03.30.33:062][  0]LogConfig: Setting CVar [[r.SkyAtmosphere.FastSkyLUT.SampleCountMin:4.0]]
[2023.04.17-03.30.33:062][  0]LogConfig: Setting CVar [[r.SkyAtmosphere.FastSkyLUT.SampleCountMax:128.0]]
[2023.04.17-03.30.33:062][  0]LogConfig: Setting CVar [[r.SkyAtmosphere.SampleCountMin:4.0]]
[2023.04.17-03.30.33:062][  0]LogConfig: Setting CVar [[r.SkyAtmosphere.SampleCountMax:128.0]]
[2023.04.17-03.30.33:062][  0]LogConfig: Setting CVar [[r.SkyAtmosphere.TransmittanceLUT.UseSmallFormat:0]]
[2023.04.17-03.30.33:062][  0]LogConfig: Setting CVar [[r.SkyAtmosphere.TransmittanceLUT.SampleCount:10.0]]
[2023.04.17-03.30.33:062][  0]LogConfig: Setting CVar [[r.SkyAtmosphere.MultiScatteringLUT.SampleCount:15.0]]
[2023.04.17-03.30.33:062][  0]LogConfig: Setting CVar [[r.SkyLight.RealTimeReflectionCapture:1]]
[2023.04.17-03.30.33:062][  0]LogConfig: Applying CVar settings from Section [FoliageQuality@3] File [D:/Users/qkrdl/Documents/GitHub/Zolup-Button_Project_MF/Project_MF/Saved/Config/Windows/Scalability.ini]
[2023.04.17-03.30.33:062][  0]LogConfig: Setting CVar [[foliage.DensityScale:1.0]]
[2023.04.17-03.30.33:062][  0]LogConfig: Setting CVar [[grass.DensityScale:1.0]]
[2023.04.17-03.30.33:062][  0]LogConfig: Applying CVar settings from Section [ShadingQuality@3] File [D:/Users/qkrdl/Documents/GitHub/Zolup-Button_Project_MF/Project_MF/Saved/Config/Windows/Scalability.ini]
[2023.04.17-03.30.33:062][  0]LogConfig: Setting CVar [[r.HairStrands.SkyLighting.IntegrationType:2]]
[2023.04.17-03.30.33:062][  0]LogConfig: Setting CVar [[r.HairStrands.SkyAO.SampleCount:4]]
[2023.04.17-03.30.33:062][  0]LogConfig: Setting CVar [[r.HairStrands.Visibility.MSAA.SamplePerPixel:4]]
[2023.04.17-03.30.33:062][  0]LogConfig: Applying CVar settings from Section [Startup] File [../../../Engine/Config/ConsoleVariables.ini]
[2023.04.17-03.30.33:066][  0]LogConfig: Setting CVar [[net.UseAdaptiveNetUpdateFrequency:0]]
[2023.04.17-03.30.33:066][  0]LogConfig: Setting CVar [[p.chaos.AllowCreatePhysxBodies:1]]
[2023.04.17-03.30.33:066][  0]LogConfig: Setting CVar [[fx.SkipVectorVMBackendOptimizations:1]]
[2023.04.17-03.30.33:066][  0]LogConfig: Applying CVar settings from Section [ConsoleVariables] File [D:/Users/qkrdl/Documents/GitHub/Zolup-Button_Project_MF/Project_MF/Saved/Config/Windows/Engine.ini]
[2023.04.17-03.30.33:066][  0]LogConfig: Applying CVar settings from Section [ConsoleVariables] File [D:/Users/qkrdl/Documents/GitHub/Zolup-Button_Project_MF/Project_MF/Saved/Config/Windows/Editor.ini]
[2023.04.17-03.30.33:066][  0]LogInit: Computer: DESKTOP-7O2N4A7
[2023.04.17-03.30.33:066][  0]LogInit: User: qkrdl
[2023.04.17-03.30.33:066][  0]LogInit: CPU Page size=4096, Cores=4
[2023.04.17-03.30.33:066][  0]LogInit: High frequency timer resolution =10.000000 MHz
[2023.04.17-03.30.33:066][  0]LogMemory: Memory total: Physical=31.9GB (32GB approx)
[2023.04.17-03.30.33:066][  0]LogMemory: Platform Memory Stats for Windows
[2023.04.17-03.30.33:066][  0]LogMemory: Process Physical Memory: 144.75 MB used, 144.75 MB peak
[2023.04.17-03.30.33:066][  0]LogMemory: Process Virtual Memory: 122.73 MB used, 122.73 MB peak
[2023.04.17-03.30.33:066][  0]LogMemory: Physical Memory: 19159.95 MB used,  13519.14 MB free, 32679.09 MB total
[2023.04.17-03.30.33:066][  0]LogMemory: Virtual Memory: 134210272.00 MB used,  7455.30 MB free, 134217728.00 MB total
[2023.04.17-03.30.33:072][  0]LogWindows: WindowsPlatformFeatures enabled
[2023.04.17-03.30.33:298][  0]LogInit: Physics initialised using underlying interface: PhysX
[2023.04.17-03.30.33:299][  0]LogInit: Using OS detected language (ko-KR).
[2023.04.17-03.30.33:299][  0]LogInit: Using OS detected locale (ko-KR).
[2023.04.17-03.30.33:301][  0]LogTextLocalizationManager: No specific localization for 'ko-KR' exists, so the 'ko' localization will be used.
[2023.04.17-03.30.33:453][  0]LogInit: Setting process to per monitor DPI aware
[2023.04.17-03.30.33:474][  0]LogWindowsTextInputMethodSystem: Display: IME system deactivated.
[2023.04.17-03.30.33:551][  0]LogSlate: New Slate User Created.  User Index 0, Is Virtual User: 0
[2023.04.17-03.30.33:551][  0]LogSlate: Slate User Registered.  User Index 0, Is Virtual User: 0
[2023.04.17-03.30.35:909][  0]LogD3D11RHI: Loaded GFSDK_Aftermath_Lib.x64.dll
[2023.04.17-03.30.35:911][  0]LogHMD: Failed to initialize OpenVR with code 110
[2023.04.17-03.30.35:911][  0]LogD3D11RHI: D3D11 min allowed feature level: 11_0
[2023.04.17-03.30.35:911][  0]LogD3D11RHI: D3D11 max allowed feature level: 11_0
[2023.04.17-03.30.35:911][  0]LogD3D11RHI: D3D11 adapters:
[2023.04.17-03.30.36:036][  0]LogD3D11RHI:    0. 'NVIDIA GeForce RTX 2060 SUPER' (Feature Level 11_0)
[2023.04.17-03.30.36:036][  0]LogD3D11RHI:       8019/0/16339 MB DedicatedVideo/DedicatedSystem/SharedSystem, Outputs:1, VendorId:0x10de
[2023.04.17-03.30.36:038][  0]LogD3D11RHI:    1. 'Microsoft Basic Render Driver' (Feature Level 11_0)
[2023.04.17-03.30.36:038][  0]LogD3D11RHI:       0/0/16339 MB DedicatedVideo/DedicatedSystem/SharedSystem, Outputs:0, VendorId:0x1414
[2023.04.17-03.30.36:038][  0]LogD3D11RHI: Chosen D3D11 Adapter:
[2023.04.17-03.30.36:038][  0]LogD3D11RHI:     Description : NVIDIA GeForce RTX 2060 SUPER
[2023.04.17-03.30.36:038][  0]LogD3D11RHI:     VendorId    : 10de
[2023.04.17-03.30.36:038][  0]LogD3D11RHI:     DeviceId    : 1f06
[2023.04.17-03.30.36:038][  0]LogD3D11RHI:     SubSysId    : 3ff11458
[2023.04.17-03.30.36:038][  0]LogD3D11RHI:     Revision    : 00a1
[2023.04.17-03.30.36:038][  0]LogD3D11RHI:     DedicatedVideoMemory : 8408530944 bytes
[2023.04.17-03.30.36:038][  0]LogD3D11RHI:     DedicatedSystemMemory : 0 bytes
[2023.04.17-03.30.36:038][  0]LogD3D11RHI:     SharedSystemMemory : 17133252608 bytes
[2023.04.17-03.30.36:038][  0]LogD3D11RHI:     AdapterLuid : 0 338779442
[2023.04.17-03.30.36:045][  0]LogD3D11RHI: Creating new Direct3DDevice
[2023.04.17-03.30.36:045][  0]LogD3D11RHI:     GPU DeviceId: 0x1f06 (for the marketing name, search the web for "GPU Device Id")
[2023.04.17-03.30.36:045][  0]LogWindows: EnumDisplayDevices:
[2023.04.17-03.30.36:045][  0]LogWindows:    0. 'NVIDIA GeForce RTX 2060 SUPER' (P:1 D:1)
[2023.04.17-03.30.36:045][  0]LogWindows:    1. 'NVIDIA GeForce RTX 2060 SUPER' (P:0 D:0)
[2023.04.17-03.30.36:045][  0]LogWindows:    2. 'NVIDIA GeForce RTX 2060 SUPER' (P:0 D:0)
[2023.04.17-03.30.36:045][  0]LogWindows:    3. 'NVIDIA GeForce RTX 2060 SUPER' (P:0 D:0)
[2023.04.17-03.30.36:045][  0]LogWindows: DebugString: FoundDriverCount:4 
[2023.04.17-03.30.36:045][  0]LogD3D11RHI:     Adapter Name: NVIDIA GeForce RTX 2060 SUPER
[2023.04.17-03.30.36:045][  0]LogD3D11RHI:   Driver Version: 531.61 (internal:31.0.15.3161, unified:531.61)
[2023.04.17-03.30.36:045][  0]LogD3D11RHI:      Driver Date: 4-8-2023
[2023.04.17-03.30.36:045][  0]LogRHI: Texture pool is 5613 MB (70% of 8019 MB)
[2023.04.17-03.30.36:045][  0]LogD3D11RHI: Creating D3DDevice using adapter:
[2023.04.17-03.30.36:045][  0]LogD3D11RHI:     Description : NVIDIA GeForce RTX 2060 SUPER
[2023.04.17-03.30.36:045][  0]LogD3D11RHI:     VendorId    : 10de
[2023.04.17-03.30.36:045][  0]LogD3D11RHI:     DeviceId    : 1f06
[2023.04.17-03.30.36:045][  0]LogD3D11RHI:     SubSysId    : 3ff11458
[2023.04.17-03.30.36:045][  0]LogD3D11RHI:     Revision    : 00a1
[2023.04.17-03.30.36:045][  0]LogD3D11RHI:     DedicatedVideoMemory : 8408530944 bytes
[2023.04.17-03.30.36:045][  0]LogD3D11RHI:     DedicatedSystemMemory : 0 bytes
[2023.04.17-03.30.36:045][  0]LogD3D11RHI:     SharedSystemMemory : 17133252608 bytes
[2023.04.17-03.30.36:045][  0]LogD3D11RHI:     AdapterLuid : 0 338779442
[2023.04.17-03.30.36:109][  0]LogD3D11RHI: RHI has support for 64 bit atomics
[2023.04.17-03.30.36:109][  0]LogD3D11RHI: Async texture creation enabled
[2023.04.17-03.30.36:109][  0]LogD3D11RHI: Array index from any shader is supported
[2023.04.17-03.30.36:111][  0]LogD3D11RHI: HDR output is supported on display 0 (NvId: 0x80061081).
[2023.04.17-03.30.36:125][  0]LogD3D11RHI: GPU Timing Frequency: 1000.000000 (Debug: 2 1)
[2023.04.17-03.30.36:180][  0]LogRHI: GeForceNow SDK initialized: 1
[2023.04.17-03.30.36:926][  0]LogTargetPlatformManager: Display: Loaded TargetPlatform 'AllDesktop'
[2023.04.17-03.30.36:965][  0]LogTargetPlatformManager: Display: Loaded TargetPlatform 'Android'
[2023.04.17-03.30.36:965][  0]LogTargetPlatformManager: Display: Loaded TargetPlatform 'Android_ASTC'
[2023.04.17-03.30.36:965][  0]LogTargetPlatformManager: Display: Loaded TargetPlatform 'Android_DXT'
[2023.04.17-03.30.36:965][  0]LogTargetPlatformManager: Display: Loaded TargetPlatform 'Android_ETC2'
[2023.04.17-03.30.36:965][  0]LogTargetPlatformManager: Display: Loaded TargetPlatform 'AndroidClient'
[2023.04.17-03.30.36:965][  0]LogTargetPlatformManager: Display: Loaded TargetPlatform 'Android_ASTCClient'
[2023.04.17-03.30.36:965][  0]LogTargetPlatformManager: Display: Loaded TargetPlatform 'Android_DXTClient'
[2023.04.17-03.30.36:965][  0]LogTargetPlatformManager: Display: Loaded TargetPlatform 'Android_ETC2Client'
[2023.04.17-03.30.36:965][  0]LogTargetPlatformManager: Display: Loaded TargetPlatform 'Android_Multi'
[2023.04.17-03.30.36:965][  0]LogTargetPlatformManager: Display: Loaded TargetPlatform 'Android_MultiClient'
[2023.04.17-03.30.37:029][  0]LogTargetPlatformManager: Display: Loaded TargetPlatform 'IOSClient'
[2023.04.17-03.30.37:029][  0]LogTargetPlatformManager: Display: Loaded TargetPlatform 'IOS'
[2023.04.17-03.30.37:064][  0]LogTargetPlatformManager: Display: Loaded TargetPlatform 'Linux'
[2023.04.17-03.30.37:084][  0]LogTargetPlatformManager: Display: Loaded TargetPlatform 'LinuxNoEditor'
[2023.04.17-03.30.37:104][  0]LogTargetPlatformManager: Display: Loaded TargetPlatform 'LinuxClient'
[2023.04.17-03.30.37:123][  0]LogTargetPlatformManager: Display: Loaded TargetPlatform 'LinuxServer'
[2023.04.17-03.30.37:151][  0]LogTargetPlatformManager: Display: Loaded TargetPlatform 'LinuxAArch64NoEditor'
[2023.04.17-03.30.37:171][  0]LogTargetPlatformManager: Display: Loaded TargetPlatform 'LinuxAArch64Client'
[2023.04.17-03.30.37:210][  0]LogTargetPlatformManager: Display: Loaded TargetPlatform 'LinuxAArch64Server'
[2023.04.17-03.30.37:255][  0]LogTargetPlatformManager: Display: Loaded TargetPlatform 'Lumin'
[2023.04.17-03.30.37:255][  0]LogTargetPlatformManager: Display: Loaded TargetPlatform 'LuminClient'
[2023.04.17-03.30.37:286][  0]LogTargetPlatformManager: Display: Loaded TargetPlatform 'MacNoEditor'
[2023.04.17-03.30.37:307][  0]LogTargetPlatformManager: Display: Loaded TargetPlatform 'Mac'
[2023.04.17-03.30.37:326][  0]LogTargetPlatformManager: Display: Loaded TargetPlatform 'MacClient'
[2023.04.17-03.30.37:347][  0]LogTargetPlatformManager: Display: Loaded TargetPlatform 'MacServer'
[2023.04.17-03.30.37:369][  0]LogTargetPlatformManager: Display: Loaded TargetPlatform 'TVOSClient'
[2023.04.17-03.30.37:369][  0]LogTargetPlatformManager: Display: Loaded TargetPlatform 'TVOS'
[2023.04.17-03.30.37:394][  0]LogTargetPlatformManager: Display: Loaded TargetPlatform 'WindowsNoEditor'
[2023.04.17-03.30.37:415][  0]LogTargetPlatformManager: Display: Loaded TargetPlatform 'Windows'
[2023.04.17-03.30.37:436][  0]LogTargetPlatformManager: Display: Loaded TargetPlatform 'WindowsClient'
[2023.04.17-03.30.37:456][  0]LogTargetPlatformManager: Display: Loaded TargetPlatform 'WindowsServer'
[2023.04.17-03.30.37:456][  0]LogTargetPlatformManager: Display: Building Assets For Windows
[2023.04.17-03.30.37:529][  0]LogAudioDebug: Display: Lib vorbis DLL was dynamically loaded.
[2023.04.17-03.30.37:731][  0]LogTextureFormatOodle: Display: Oodle Texture 2.9.0 init RDO Off
[2023.04.17-03.30.37:978][  0]LogRendererCore: Ray tracing is disabled. Reason: r.RayTracing=0.
[2023.04.17-03.30.37:978][  0]LogShaderCompilers: Guid format shader working directory is -36 characters bigger than the processId version (../../../../../../Users/qkrdl/Documents/GitHub/Zolup-Button_Project_MF/Project_MF/Intermediate/Shaders/WorkingDirectory/16228/).
[2023.04.17-03.30.37:978][  0]LogShaderCompilers: Cleaned the shader compiler working directory 'C:/Users/qkrdl/AppData/Local/Temp/UnrealShaderWorkingDir/F57BEA19426E7606986F2E858183738E/'.
[2023.04.17-03.30.37:978][  0]LogXGEController: Cannot use XGE Controller as Incredibuild is not installed on this machine.
[2023.04.17-03.30.37:978][  0]LogShaderCompilers: Cannot use XGE Shader Compiler as Incredibuild is not installed on this machine.
[2023.04.17-03.30.37:978][  0]LogShaderCompilers: Display: Using Local Shader Compiler.
[2023.04.17-03.30.40:853][  0]LogDerivedDataCache: Display: Max Cache Size: 512 MB
[2023.04.17-03.30.40:902][  0]LogDerivedDataCache: Loaded boot cache 0.05s 96MB C:/Users/qkrdl/AppData/Local/UnrealEngine/4.27/DerivedDataCache/Boot.ddc.
[2023.04.17-03.30.40:902][  0]LogDerivedDataCache: Display: Loaded Boot cache: C:/Users/qkrdl/AppData/Local/UnrealEngine/4.27/DerivedDataCache/Boot.ddc
[2023.04.17-03.30.40:902][  0]LogDerivedDataCache: FDerivedDataBackendGraph:  Pak pak cache file ../../../../../../Users/qkrdl/Documents/GitHub/Zolup-Button_Project_MF/Project_MF/DerivedDataCache/DDC.ddp not found, will not use a pak cache.
[2023.04.17-03.30.40:902][  0]LogDerivedDataCache: Unable to find inner node Pak for hierarchical cache Hierarchy.
[2023.04.17-03.30.40:903][  0]LogDerivedDataCache: FDerivedDataBackendGraph:  CompressedPak pak cache file ../../../../../../Users/qkrdl/Documents/GitHub/Zolup-Button_Project_MF/Project_MF/DerivedDataCache/Compressed.ddp not found, will not use a pak cache.
[2023.04.17-03.30.40:903][  0]LogDerivedDataCache: Unable to find inner node CompressedPak for hierarchical cache Hierarchy.
[2023.04.17-03.30.40:928][  0]LogDerivedDataCache: Display: Pak cache opened for reading ../../../Engine/DerivedDataCache/Compressed.ddp.
[2023.04.17-03.30.40:928][  0]LogDerivedDataCache: FDerivedDataBackendGraph:  EnterprisePak pak cache file ../../../Enterprise/DerivedDataCache/Compressed.ddp not found, will not use a pak cache.
[2023.04.17-03.30.40:928][  0]LogDerivedDataCache: Unable to find inner node EnterprisePak for hierarchical cache Hierarchy.
[2023.04.17-03.30.40:968][  0]LogDerivedDataCache: Speed tests for C:/Users/qkrdl/AppData/Local/UnrealEngine/Common/DerivedDataCache took 0.04 seconds
[2023.04.17-03.30.40:968][  0]LogDerivedDataCache: Display: Performance to C:/Users/qkrdl/AppData/Local/UnrealEngine/Common/DerivedDataCache: Latency=0.03ms. RandomReadSpeed=26.96MBs, RandomWriteSpeed=176.33MBs. Assigned SpeedClass 'Local'
[2023.04.17-03.30.40:970][  0]LogDerivedDataCache: Using Local data cache path C:/Users/qkrdl/AppData/Local/UnrealEngine/Common/DerivedDataCache: Writable
[2023.04.17-03.30.40:970][  0]LogDerivedDataCache: Shared data cache path not found in *engine.ini, will not use an Shared cache.
[2023.04.17-03.30.40:970][  0]LogDerivedDataCache: Unable to find inner node Shared for hierarchical cache Hierarchy.
[2023.04.17-03.30.41:016][  0]LogSlate: Using FreeType 2.10.0
[2023.04.17-03.30.41:024][  0]LogSlate: SlateFontServices - WITH_FREETYPE: 1, WITH_HARFBUZZ: 1
[2023.04.17-03.30.41:210][  0]LogAssetRegistry: FAssetRegistry took 0.0026 seconds to start up
[2023.04.17-03.30.41:450][  0]LogInit: Selected Device Profile: [Windows]
[2023.04.17-03.30.41:450][  0]LogInit: Active device profile: [00000204C0BCF500][00000204BF384AC0 49] Windows
[2023.04.17-03.30.41:450][  0]LogInit: Profiles: [00000204C0BCF500][00000204BF384AC0 49] Windows, [00000204C0B6CD00][00000204BF388C00 49] WindowsNoEditor, [00000204C0BCCD00][00000204C1B30D40 49] WindowsServer, [00000204C0B6EE00][00000204BB3D6E80 49] WindowsClient, [00000204C0BCED00][00000204C1874FC0 49] IOS, [00000204C0B6D500][00000204C1881140 49] iPadAir, [00000204C0BCD400][00000204BB5652C0 49] iPadAir2, [00000204C271BE00][00000204C1E65580 49] IPadPro, [00000204C271BF00][00000204BB5735C0 49] iPadAir3, [00000204C0BCE800][00000204C1E6F740 49] iPadAir4, [00000204C2719200][00000204C1E738C0 49] iPadMini2, [00000204C0BCD800][00000204C1E77A40 49] iPadMini3, [00000204C271A800][00000204C1AC7BC0 49] iPadMini4, [00000204C0BCF700][00000204C1ACA1C0 49] iPadMini5, [00000204C275F700][00000204C1AD2480 49] iPhone6, [00000204C275F800][00000204C1ACE4C0 49] iPodTouch6, [00000204C2718100][00000204C1AF6780 49] iPhone7, [00000204C2719300][00000204C1AEA7C0 49] iPodTouch7, [00000204C275D100][00000204C1AFA940 49] iPhone5S, [00000204C271A900][00000204C2330AC0 49] iPhone6Plus, [00000204C275E900][00000204C2334C40 49] iPhone6S, [00000204C2718E00][00000204C187CD80 49] iPhone6SPlus, [00000204C275D800][00000204C2338EC0 49] iPhone7Plus, [00000204C271A400][00000204C2343000 49] iPhoneSE, [00000204C275F900][00000204C2347140 49] iPhone8, [00000204C271B500][00000204C234F2C0 49] iPhone8Plus, [00000204C275CF00][00000204C2353440 49] iPhoneX, [00000204C2719700][00000204C23575C0 49] iPhoneXS, [00000204C275EC00][00000204C235B740 49] iPhoneXSMax, [00000204C271AD00][00000204BB8478C0 49] iPhoneXR, [00000204C275E600][00000204C1F4BA40 49] iPhone11, [00000204C271B000][00000204BB381BC0 49] iPhone11Pro, [00000204C275D900][00000204BB3841C0 49] iPhone11ProMax, [00000204C271A600][00000204BB388340 49] iPhoneSE2, [00000204C275D400][00000204BB38C4C0 49] iPhone12Mini, [00000204C271AC00][00000204BB866640 49] iPhone12, [00000204C275E700][00000204BB8627C0 49] iPhone12Pro, [00000204C271B700][00000204BB842940 49] iPhone12ProMax, [00000204C275C900][00000204BB576AC0 49] iPadPro105, [00000204C271B400][00000204BB390C40 49] iPadPro129, [00000204C275E300][00000204BB394DC0 49] iPadPro97, [00000204C2718A00][00000204BB398F40 49] iPadPro2_129, [00000204C275E400][00000204C234B080 49] iPad5, [00000204C2719B00][00000204BB39D1C0 49] iPad6, [00000204C275ED00][00000204BB3A1300 49] iPad7, [00000204C2719400][00000204BB3A9480 49] iPad8, [00000204C275E100][00000204BB3AD600 49] iPadPro11, [00000204C2719600][00000204BB3B1780 49] iPadPro2_11, [00000204C275C700][00000204BF331900 49] iPadPro3_129, [00000204C271B300][00000204BF335A80 49] iPadPro4_129, [00000204C275E500][00000204BF339C00 49] AppleTV, [00000204C271AA00][00000204BF33C200 49] AppleTV4K, [00000204C275C800][00000204BF340380 49] TVOS, [00000204C271A000][00000204BF344500 49] Mac, [00000204C275DB00][00000204BF348680 49] MacClient, [00000204C271B800][00000204BF34C800 49] MacNoEditor, [00000204C275F500][00000204BF350980 49] MacServer, [00000204C271BC00][00000204BF354B00 49] Linux, [00000204C275F200][00000204C1A5AC80 49] LinuxAArch64, [00000204C271A200][00000204C1A5EE00 49] LinuxNoEditor, [00000204C0C38900][00000204C1A62F80 49] LinuxAArch64NoEditor, [00000204C0B6D600][00000204C1A67100 49] LinuxClient, [00000204C0C3A300][00000204BB3A5240 49] LinuxAArch64Client, [00000204C0B6CB00][00000204C1A6B380 49] LinuxServer, [00000204C0C39000][00000204C1A6F4C0 49] LinuxAArch64Server, [00000204C0B6F000][00000204C1A77640 49] Android, [00000204C0C38D00][00000204C1A7B7C0 49] Android_Low, [00000204C0B6D200][00000204C1A7F940 49] Android_Mid, [00000204C0C39800][00000204C1A83AC0 49] Android_High, [00000204C0B6CA00][00000204C1A860C0 49] Android_Default, [00000204C0C38B00][00000204C1A8A240 49] Android_Adreno4xx, [00000204C0B6E900][00000204C1A8E3C0 49] Android_Adreno5xx_Low, [00000204C0C38E00][00000204C1A92540 49] Android_Adreno5xx, [00000204C0B6D000][00000204C18066C0 49] Android_Adreno6xx, [00000204C0C38600][00000204C180A840 49] Android_Adreno6xx_Vulkan, [00000204C0B6E100][00000204C180E9C0 49] Android_Mali_T6xx, [00000204C0C39700][00000204C1812B40 49] Android_Mali_T7xx, [00000204C0B6EC00][00000204C1816CC0 49] Android_Mali_T8xx, [00000204C271AE00][00000204C181AE40 49] Android_Mali_G71, [00000204C275D300][00000204C181EFC0 49] Android_Mali_G72, [00000204C2719100][00000204C1823140 49] Android_Mali_G72_Vulkan, [00000204C275D000][00000204C18272C0 49] Android_Mali_G76, [00000204C2719F00][00000204C1A73400 49] Android_Mali_G76_Vulkan, [00000204C275FD00][00000204C182B540 49] Android_Mali_G77, [00000204C271B900][00000204C182F680 49] Android_Mali_G77_Vulkan, [00000204C275E200][00000204C18337C0 49] Android_Mali_G78, [00000204C271AF00][00000204C183B940 49] Android_Mali_G78_Vulkan, [00000204C275E000][00000204C183FAC0 49] Android_Mali_G710, [00000204C2719000][00000204C18420C0 49] Android_Mali_G710_Vulkan, [00000204C275FF00][00000204C1846240 49] Android_Vulkan_SM5, [00000204C2718900][00000204C184A3C0 49] Android_PowerVR_G6xxx, [00000204C0C39500][00000204C184E540 49] Android_PowerVR_GT7xxx, [00000204C2718700][00000204C18526C0 49] Android_PowerVR_GE8xxx, [00000204C0C39D00][00000204C1856840 49] Android_PowerVR_GM9xxx, [00000204C2718800][00000204C185A9C0 49] Android_PowerVR_GM9xxx_Vulkan, [00000204C0C38700][00000204C185EB40 49] Android_TegraK1, [00000204C271B100][00000204C1862CC0 49] Android_Unknown_Vulkan, [00000204C0C38100][00000204C1E7AE40 49] Lumin, [00000204C2719C00][00000204C1E7EFC0 49] Lumin_Desktop, [00000204C0C39A00][00000204C1E83140 49] HoloLens, 
[2023.04.17-03.30.41:825][  0]LogMeshReduction: Using QuadricMeshReduction for automatic static mesh reduction
[2023.04.17-03.30.41:825][  0]LogMeshReduction: Using SimplygonMeshReduction for automatic skeletal mesh reduction
[2023.04.17-03.30.41:825][  0]LogMeshReduction: Using ProxyLODMeshReduction for automatic mesh merging
[2023.04.17-03.30.41:825][  0]LogMeshReduction: No distributed automatic mesh merging module available
[2023.04.17-03.30.41:825][  0]LogMeshMerging: No distributed automatic mesh merging module available
[2023.04.17-03.30.41:877][  0]LogNetVersion: Project_MF 1.0.0, NetCL: 17155196, EngineNetVer: 17, GameNetVer: 0 (Checksum: 3145920875)
[2023.04.17-03.30.44:196][  0]LogTexture: Default maximum texture size for cubemaps generated from long-lat sources has been changed from 512 to unlimited. In order to preserve old behaiour for '/Engine/MapTemplates/Sky/DaylightAmbientCubemap.DaylightAmbientCubemap', its maximum texture size has been explicitly set to 512.
[2023.04.17-03.30.44:297][  0]LogHMD: PokeAHoleMaterial loaded successfully
[2023.04.17-03.30.44:303][  0]LogUObjectArray: 17178 objects as part of root set at end of initial load.
[2023.04.17-03.30.44:303][  0]LogUObjectAllocator: 4302048 out of 0 bytes used by permanent object pool.
[2023.04.17-03.30.44:303][  0]LogUObjectArray: CloseDisregardForGC: 0/0 objects in disregard for GC pool
