Log file open, 04/16/23 19:56:35
LogWindows: Failed to load 'aqProf.dll' (GetLastError=126)
LogWindows: File 'aqProf.dll' does not exist
LogWindows: Failed to load 'VtuneApi.dll' (GetLastError=126)
LogWindows: File 'VtuneApi.dll' does not exist
LogWindows: Failed to load 'VtuneApi32e.dll' (GetLastError=126)
LogWindows: File 'VtuneApi32e.dll' does not exist
LogConsoleResponse: Display: Failed to find resolution value strings in scalability ini. Falling back to default.
LogConsoleResponse: Display: Failed to find resolution value strings in scalability ini. Falling back to default.
LogInit: Display: Running engine for game: Project_MF
LogPlatformFile: Not using cached read wrapper
LogTaskGraph: Started task graph with 5 named threads and 23 total threads with 3 sets of task threads.
LogStats: Stats thread started at 0.322223
LogICUInternationalization: ICU TimeZone Detection - Raw Offset: +9:00, Platform Override: ''
LogInit: Display: Loading text-based GConfig....
LogPluginManager: Mounting plugin MeshPainting
LogPluginManager: Mounting plugin XGEController
LogPluginManager: Mounting plugin Paper2D
LogPluginManager: Mounting plugin AISupport
LogPluginManager: Mounting plugin EnvironmentQueryEditor
LogPluginManager: Mounting plugin LiveLink
LogPluginManager: Mounting plugin CameraShakePreviewer
LogPluginManager: Mounting plugin GameplayCameras
LogPluginManager: Mounting plugin OodleData
LogPluginManager: Mounting plugin LightPropagationVolume
LogPluginManager: Mounting plugin OodleNetwork
LogPluginManager: Mounting plugin AssetManagerEditor
LogPluginManager: Mounting plugin CryptoKeys
LogPluginManager: Mounting plugin CurveEditorTools
LogPluginManager: Mounting plugin DataValidation
LogPluginManager: Mounting plugin FacialAnimation
LogPluginManager: Mounting plugin GameplayTagsEditor
LogPluginManager: Mounting plugin GeometryMode
LogPluginManager: Mounting plugin MacGraphicsSwitching
LogPluginManager: Mounting plugin MobileLauncherProfileWizard
LogPluginManager: Mounting plugin MaterialAnalyzer
LogPluginManager: Mounting plugin PluginBrowser
LogPluginManager: Mounting plugin SpeedTreeImporter
LogPluginManager: Mounting plugin DatasmithContent
LogPluginManager: Mounting plugin VariantManagerContent
LogPluginManager: Mounting plugin BackChannel
LogPluginManager: Mounting plugin ChaosCloth
LogPluginManager: Mounting plugin ChaosClothEditor
LogPluginManager: Mounting plugin ChaosSolverPlugin
LogPluginManager: Mounting plugin ChaosNiagara
LogPluginManager: Mounting plugin CharacterAI
LogPluginManager: Mounting plugin AlembicImporter
LogPluginManager: Mounting plugin ChaosEditor
LogPluginManager: Mounting plugin GeometryCollectionPlugin
LogPluginManager: Mounting plugin GeometryProcessing
LogPluginManager: Mounting plugin GeometryCache
LogPluginManager: Mounting plugin AutomationUtils
LogPluginManager: Mounting plugin MotoSynth
LogPluginManager: Mounting plugin PlanarCut
LogPluginManager: Mounting plugin PlatformCrypto
LogPluginManager: Mounting plugin PythonScriptPlugin
LogPluginManager: Mounting plugin OpenImageDenoise
LogPluginManager: Mounting plugin Niagara
LogPluginManager: Mounting plugin SkeletalReduction
LogPluginManager: Mounting plugin LuminPlatformFeatures
LogPluginManager: Mounting plugin ProxyLODPlugin
LogPluginManager: Mounting plugin MagicLeap
LogPluginManager: Mounting plugin AnimationSharing
LogPluginManager: Mounting plugin CLionSourceCodeAccess
LogPluginManager: Mounting plugin KDevelopSourceCodeAccess
LogPluginManager: Mounting plugin NullSourceCodeAccess
LogPluginManager: Mounting plugin MagicLeapMedia
LogPluginManager: Mounting plugin CodeLiteSourceCodeAccess
LogPluginManager: Mounting plugin MagicLeapLightEstimation
LogPluginManager: Mounting plugin PerforceSourceControl
LogPluginManager: Mounting plugin MagicLeapPassableWorld
LogPluginManager: Mounting plugin PixWinPlugin
LogPluginManager: Mounting plugin PlasticSourceControl
LogPluginManager: Mounting plugin MLSDK
LogPluginManager: Mounting plugin PropertyAccessNode
LogPluginManager: Mounting plugin GitSourceControl
LogPluginManager: Mounting plugin SubversionSourceControl
LogPluginManager: Mounting plugin RiderSourceCodeAccess
LogPluginManager: Mounting plugin TextureFormatOodle
LogPluginManager: Mounting plugin UObjectPlugin
LogPluginManager: Mounting plugin PluginUtils
LogPluginManager: Mounting plugin AndroidMedia
LogPluginManager: Mounting plugin AvfMedia
LogPluginManager: Mounting plugin MediaCompositing
LogPluginManager: Mounting plugin ImgMedia
LogPluginManager: Mounting plugin MediaPlayerEditor
LogPluginManager: Mounting plugin WebMMedia
LogPluginManager: Mounting plugin TcpMessaging
LogPluginManager: Mounting plugin UdpMessaging
LogPluginManager: Mounting plugin WmfMedia
LogPluginManager: Mounting plugin LevelSequenceEditor
LogPluginManager: Mounting plugin MatineeToLevelSequence
LogPluginManager: Mounting plugin TemplateSequence
LogPluginManager: Mounting plugin OnlineSubsystem
LogPluginManager: Mounting plugin OnlineSubsystemNull
LogPluginManager: Mounting plugin ActorSequence
LogPluginManager: Mounting plugin ActorLayerUtilities
LogPluginManager: Mounting plugin LauncherChunkInstaller
LogPluginManager: Mounting plugin OnlineSubsystemUtils
LogPluginManager: Mounting plugin AndroidPermission
LogPluginManager: Mounting plugin AndroidDeviceProfileSelector
LogPluginManager: Mounting plugin AppleImageUtils
LogPluginManager: Mounting plugin AndroidMoviePlayer
LogPluginManager: Mounting plugin ArchVisCharacter
LogPluginManager: Mounting plugin AssetTags
LogPluginManager: Mounting plugin AudioCapture
LogPluginManager: Mounting plugin AudioSynesthesia
LogPluginManager: Mounting plugin CableComponent
LogPluginManager: Mounting plugin ChunkDownloader
LogPluginManager: Mounting plugin AppleMoviePlayer
LogPluginManager: Mounting plugin CustomMeshComponent
LogPluginManager: Mounting plugin EditableMesh
LogPluginManager: Mounting plugin ExampleDeviceProfileSelector
LogPluginManager: Mounting plugin GoogleCloudMessaging
LogPluginManager: Mounting plugin GooglePAD
LogPluginManager: Mounting plugin IOSDeviceProfileSelector
LogPluginManager: Mounting plugin LocationServicesBPLibrary
LogPluginManager: Mounting plugin LinuxDeviceProfileSelector
LogPluginManager: Mounting plugin MobilePatchingUtils
LogPluginManager: Mounting plugin OpenXR
LogPluginManager: Mounting plugin OpenXRHandTracking
LogPluginManager: Mounting plugin OpenXREyeTracker
LogPluginManager: Mounting plugin VisualStudioCodeSourceCodeAccess
LogPluginManager: Mounting plugin PhysXVehicles
LogPluginManager: Mounting plugin VisualStudioSourceCodeAccess
LogPluginManager: Mounting plugin XCodeSourceCodeAccess
LogPluginManager: Mounting plugin PostSplashScreen
LogPluginManager: Mounting plugin PropertyAccessEditor
LogPluginManager: Mounting plugin ProceduralMeshComponent
LogPluginManager: Mounting plugin RuntimePhysXCooking
LogPluginManager: Mounting plugin SignificanceManager
LogPluginManager: Mounting plugin SoundFields
LogPluginManager: Mounting plugin Synthesis
LogPluginManager: Mounting plugin WebMMoviePlayer
LogPluginManager: Mounting plugin WindowsMoviePlayer
LogPluginManager: Mounting plugin ScreenshotTools
LogPluginManager: Mounting plugin Takes
LogPluginManager: Mounting plugin ContentBrowserAssetDataSource
LogPluginManager: Mounting plugin ContentBrowserFileDataSource
LogPluginManager: Mounting plugin ContentBrowserClassDataSource
LogPluginManager: Mounting plugin OnlineSubsystemGooglePlay
LogPluginManager: Mounting plugin OnlineSubsystemIOS
LogPluginManager: Mounting plugin SteamVR
LogPluginManager: Mounting plugin OculusVR
PixWinPlugin: PIX capture plugin failed to initialize! Check that the process is launched from PIX.
LogInit: Using libcurl 7.55.1-DEV
LogInit:  - built for x86_64-pc-win32
LogInit:  - supports SSL with OpenSSL/1.1.1
LogInit:  - supports HTTP deflate (compression) using libz 1.2.8
LogInit:  - other features:
LogInit:      CURL_VERSION_SSL
LogInit:      CURL_VERSION_LIBZ
LogInit:      CURL_VERSION_IPV6
LogInit:      CURL_VERSION_ASYNCHDNS
LogInit:      CURL_VERSION_LARGEFILE
LogInit:      CURL_VERSION_IDN
LogInit:  CurlRequestOptions (configurable via config and command line):
LogInit:  - bVerifyPeer = true  - Libcurl will verify peer certificate
LogInit:  - bUseHttpProxy = false  - Libcurl will NOT use HTTP proxy
LogInit:  - bDontReuseConnections = false  - Libcurl will reuse connections
LogInit:  - MaxHostConnections = 16  - Libcurl will limit the number of connections to a host
LogInit:  - LocalHostAddr = Default
LogInit:  - BufferSize = 65536
LogOnline: OSS: Creating online subsystem instance for: NULL
LogInit: WinSock: version 1.1 (2.2), MaxSocks=32767, MaxUdp=65467
LogOnline: OSS: TryLoadSubsystemAndSetDefault: Loaded subsystem for module [NULL]
LogInit: Build: ++UE4+Release-4.27-CL-18319896
LogInit: Engine Version: 4.27.2-18319896+++UE4+Release-4.27
LogInit: Compatible Engine Version: 4.27.0-17155196+++UE4+Release-4.27
LogInit: Net CL: 17155196
LogInit: OS: Windows 10 (Release 2009) (), CPU: AMD Ryzen 3 3300X 4-Core Processor             , GPU: NVIDIA GeForce RTX 2060 SUPER
LogInit: Compiled (64-bit): Nov 30 2021 07:12:08
LogInit: Compiled with Visual C++: 19.24.28315.00
LogInit: Build Configuration: Development
LogInit: Branch Name: ++UE4+Release-4.27
LogInit: Command Line:  D:\Users\qkrdl\Documents\GitHub\Zolup-Button_Project_MF\Project_MF\Project_MF.uproject -run=VisualStudioTools -unattended -noshadercompile -noaudio -nullrhi -nocpuprofilertrace -nocrashreports -nosplash -output C:\Users\qkrdl\AppData\Local\Temp\tmpF0E0.tmp
LogInit: Base Directory: D:/Program Files/Epic Games/UE_4.27/Engine/Binaries/Win64/
LogInit: Allocator: TBB
LogInit: Installed Engine Build: 1
LogDevObjectVersion: Number of dev versions registered: 29
LogDevObjectVersion:   Dev-Blueprints (B0D832E4-1F89-4F0D-ACCF-7EB736FD4AA2): 10
LogDevObjectVersion:   Dev-Build (E1C64328-A22C-4D53-A36C-8E866417BD8C): 0
LogDevObjectVersion:   Dev-Core (375EC13C-06E4-48FB-B500-84F0262A717E): 4
LogDevObjectVersion:   Dev-Editor (E4B068ED-F494-42E9-A231-DA0B2E46BB41): 40
LogDevObjectVersion:   Dev-Framework (CFFC743F-43B0-4480-9391-14DF171D2073): 37
LogDevObjectVersion:   Dev-Mobile (B02B49B5-BB20-44E9-A304-32B752E40360): 3
LogDevObjectVersion:   Dev-Networking (A4E4105C-59A1-49B5-A7C5-40C4547EDFEE): 0
LogDevObjectVersion:   Dev-Online (39C831C9-5AE6-47DC-9A44-9C173E1C8E7C): 0
LogDevObjectVersion:   Dev-Physics (78F01B33-EBEA-4F98-B9B4-84EACCB95AA2): 14
LogDevObjectVersion:   Dev-Platform (6631380F-2D4D-43E0-8009-CF276956A95A): 0
LogDevObjectVersion:   Dev-Rendering (12F88B9F-8875-4AFC-A67C-D90C383ABD29): 45
LogDevObjectVersion:   Dev-Sequencer (7B5AE74C-D270-4C10-A958-57980B212A5A): 13
LogDevObjectVersion:   Dev-VR (D7296918-1DD6-4BDD-9DE2-64A83CC13884): 3
LogDevObjectVersion:   Dev-LoadTimes (C2A15278-BFE7-4AFE-6C17-90FF531DF755): 1
LogDevObjectVersion:   Private-Geometry (6EACA3D4-40EC-4CC1-B786-8BED09428FC5): 3
LogDevObjectVersion:   Dev-AnimPhys (29E575DD-E0A3-4627-9D10-D276232CDCEA): 17
LogDevObjectVersion:   Dev-Anim (AF43A65D-7FD3-4947-9873-3E8ED9C1BB05): 15
LogDevObjectVersion:   Dev-ReflectionCapture (6B266CEC-1EC7-4B8F-A30B-E4D90942FC07): 1
LogDevObjectVersion:   Dev-Automation (0DF73D61-A23F-47EA-B727-89E90C41499A): 1
LogDevObjectVersion:   FortniteMain (601D1886-AC64-4F84-AA16-D3DE0DEAC7D6): 47
LogDevObjectVersion:   FortniteRelease (E7086368-6B23-4C58-8439-1B7016265E91): 1
LogDevObjectVersion:   Dev-Enterprise (9DFFBCD6-494F-0158-E221-12823C92A888): 10
LogDevObjectVersion:   Dev-Niagara (F2AED0AC-9AFE-416F-8664-AA7FFA26D6FC): 1
LogDevObjectVersion:   Dev-Destruction (174F1F0B-B4C6-45A5-B13F-2EE8D0FB917D): 10
LogDevObjectVersion:   Dev-Physics-Ext (35F94A83-E258-406C-A318-09F59610247C): 41
LogDevObjectVersion:   Dev-PhysicsMaterial-Chaos (B68FC16E-8B1B-42E2-B453-215C058844FE): 1
LogDevObjectVersion:   Dev-CineCamera (B2E18506-4273-CFC2-A54E-F4BB758BBA07): 1
LogDevObjectVersion:   Dev-VirtualProduction (64F58936-FD1B-42BA-BA96-7289D5D0FA4E): 1
LogDevObjectVersion:   Dev-MediaFramework (6F0ED827-A609-4895-9C91-998D90180EA4): 2
LogInit: Presizing for max 25165824 objects, including 0 objects not considered by GC, pre-allocating 0 bytes for permanent pool.
LogConfig: Applying CVar settings from Section [/Script/Engine.StreamingSettings] File [D:/Users/qkrdl/Documents/GitHub/Zolup-Button_Project_MF/Project_MF/Saved/Config/Windows/Engine.ini]
LogConfig: Setting CVar [[s.MinBulkDataSizeForAsyncLoading:131072]]
LogConfig: Setting CVar [[s.AsyncLoadingThreadEnabled:0]]
LogConfig: Setting CVar [[s.EventDrivenLoaderEnabled:1]]
LogConfig: Setting CVar [[s.WarnIfTimeLimitExceeded:0]]
LogConfig: Setting CVar [[s.TimeLimitExceededMultiplier:1.5]]
LogConfig: Setting CVar [[s.TimeLimitExceededMinTime:0.005]]
LogConfig: Setting CVar [[s.UseBackgroundLevelStreaming:1]]
LogConfig: Setting CVar [[s.PriorityAsyncLoadingExtraTime:15.0]]
LogConfig: Setting CVar [[s.LevelStreamingActorsUpdateTimeLimit:5.0]]
LogConfig: Setting CVar [[s.PriorityLevelStreamingActorsUpdateExtraTime:5.0]]
LogConfig: Setting CVar [[s.LevelStreamingComponentsRegistrationGranularity:10]]
LogConfig: Setting CVar [[s.UnregisterComponentsTimeLimit:1.0]]
LogConfig: Setting CVar [[s.LevelStreamingComponentsUnregistrationGranularity:5]]
LogConfig: Setting CVar [[s.FlushStreamingOnExit:1]]
LogInit: Object subsystem initialized
LogConfig: Setting CVar [[con.DebugEarlyDefault:1]]
LogConfig: Setting CVar [[r.setres:1280x720]]
[2023.04.16-10.56.35:737][  0]LogConfig: Setting CVar [[con.DebugEarlyDefault:1]]
[2023.04.16-10.56.35:737][  0]LogConfig: Setting CVar [[r.setres:1280x720]]
[2023.04.16-10.56.35:737][  0]LogConfig: Applying CVar settings from Section [/Script/Engine.RendererSettings] File [D:/Users/qkrdl/Documents/GitHub/Zolup-Button_Project_MF/Project_MF/Saved/Config/Windows/Engine.ini]
[2023.04.16-10.56.35:737][  0]LogConfig: Setting CVar [[r.GPUCrashDebugging:0]]
[2023.04.16-10.56.35:737][  0]LogConfig: Applying CVar settings from Section [/Script/Engine.RendererOverrideSettings] File [D:/Users/qkrdl/Documents/GitHub/Zolup-Button_Project_MF/Project_MF/Saved/Config/Windows/Engine.ini]
[2023.04.16-10.56.35:737][  0]LogConfig: Applying CVar settings from Section [/Script/Engine.StreamingSettings] File [D:/Users/qkrdl/Documents/GitHub/Zolup-Button_Project_MF/Project_MF/Saved/Config/Windows/Engine.ini]
[2023.04.16-10.56.35:737][  0]LogConfig: Setting CVar [[s.MinBulkDataSizeForAsyncLoading:131072]]
[2023.04.16-10.56.35:737][  0]LogConfig: Setting CVar [[s.AsyncLoadingThreadEnabled:0]]
[2023.04.16-10.56.35:737][  0]LogConfig: Setting CVar [[s.EventDrivenLoaderEnabled:1]]
[2023.04.16-10.56.35:737][  0]LogConfig: Setting CVar [[s.WarnIfTimeLimitExceeded:0]]
[2023.04.16-10.56.35:737][  0]LogConfig: Setting CVar [[s.TimeLimitExceededMultiplier:1.5]]
[2023.04.16-10.56.35:737][  0]LogConfig: Setting CVar [[s.TimeLimitExceededMinTime:0.005]]
[2023.04.16-10.56.35:737][  0]LogConfig: Setting CVar [[s.UseBackgroundLevelStreaming:1]]
[2023.04.16-10.56.35:737][  0]LogConfig: Setting CVar [[s.PriorityAsyncLoadingExtraTime:15.0]]
[2023.04.16-10.56.35:737][  0]LogConfig: Setting CVar [[s.LevelStreamingActorsUpdateTimeLimit:5.0]]
[2023.04.16-10.56.35:737][  0]LogConfig: Setting CVar [[s.PriorityLevelStreamingActorsUpdateExtraTime:5.0]]
[2023.04.16-10.56.35:737][  0]LogConfig: Setting CVar [[s.LevelStreamingComponentsRegistrationGranularity:10]]
[2023.04.16-10.56.35:737][  0]LogConfig: Setting CVar [[s.UnregisterComponentsTimeLimit:1.0]]
[2023.04.16-10.56.35:737][  0]LogConfig: Setting CVar [[s.LevelStreamingComponentsUnregistrationGranularity:5]]
[2023.04.16-10.56.35:737][  0]LogConfig: Setting CVar [[s.FlushStreamingOnExit:1]]
[2023.04.16-10.56.35:737][  0]LogConfig: Applying CVar settings from Section [/Script/Engine.GarbageCollectionSettings] File [D:/Users/qkrdl/Documents/GitHub/Zolup-Button_Project_MF/Project_MF/Saved/Config/Windows/Engine.ini]
[2023.04.16-10.56.35:737][  0]LogConfig: Setting CVar [[gc.MaxObjectsNotConsideredByGC:1]]
[2023.04.16-10.56.35:737][  0]LogConfig: Setting CVar [[gc.SizeOfPermanentObjectPool:0]]
[2023.04.16-10.56.35:737][  0]LogConfig: Setting CVar [[gc.FlushStreamingOnGC:0]]
[2023.04.16-10.56.35:737][  0]LogConfig: Setting CVar [[gc.NumRetriesBeforeForcingGC:10]]
[2023.04.16-10.56.35:737][  0]LogConfig: Setting CVar [[gc.AllowParallelGC:1]]
[2023.04.16-10.56.35:737][  0]LogConfig: Setting CVar [[gc.TimeBetweenPurgingPendingKillObjects:61.1]]
[2023.04.16-10.56.35:737][  0]LogConfig: Setting CVar [[gc.MaxObjectsInEditor:25165824]]
[2023.04.16-10.56.35:737][  0]LogConfig: Setting CVar [[gc.IncrementalBeginDestroyEnabled:1]]
[2023.04.16-10.56.35:737][  0]LogConfig: Setting CVar [[gc.CreateGCClusters:1]]
[2023.04.16-10.56.35:737][  0]LogConfig: Setting CVar [[gc.MinGCClusterSize:5]]
[2023.04.16-10.56.35:737][  0]LogConfig: Setting CVar [[gc.ActorClusteringEnabled:0]]
[2023.04.16-10.56.35:737][  0]LogConfig: Setting CVar [[gc.BlueprintClusteringEnabled:0]]
[2023.04.16-10.56.35:737][  0]LogConfig: Setting CVar [[gc.UseDisregardForGCOnDedicatedServers:0]]
[2023.04.16-10.56.35:737][  0]LogConfig: Setting CVar [[gc.MultithreadedDestructionEnabled:1]]
[2023.04.16-10.56.35:737][  0]LogConfig: Applying CVar settings from Section [/Script/Engine.NetworkSettings] File [D:/Users/qkrdl/Documents/GitHub/Zolup-Button_Project_MF/Project_MF/Saved/Config/Windows/Engine.ini]
[2023.04.16-10.56.35:738][  0]LogConfig: Applying CVar settings from Section [/Script/UnrealEd.CookerSettings] File [D:/Users/qkrdl/Documents/GitHub/Zolup-Button_Project_MF/Project_MF/Saved/Config/Windows/Engine.ini]
[2023.04.16-10.56.35:738][  0]LogConfig: Applying CVar settings from Section [ViewDistanceQuality@3] File [D:/Users/qkrdl/Documents/GitHub/Zolup-Button_Project_MF/Project_MF/Saved/Config/Windows/Scalability.ini]
[2023.04.16-10.56.35:738][  0]LogConfig: Setting CVar [[r.SkeletalMeshLODBias:0]]
[2023.04.16-10.56.35:738][  0]LogConfig: Setting CVar [[r.ViewDistanceScale:1.0]]
[2023.04.16-10.56.35:738][  0]LogConfig: Applying CVar settings from Section [AntiAliasingQuality@3] File [D:/Users/qkrdl/Documents/GitHub/Zolup-Button_Project_MF/Project_MF/Saved/Config/Windows/Scalability.ini]
[2023.04.16-10.56.35:738][  0]LogConfig: Setting CVar [[r.PostProcessAAQuality:4]]
[2023.04.16-10.56.35:738][  0]LogConfig: Applying CVar settings from Section [ShadowQuality@3] File [D:/Users/qkrdl/Documents/GitHub/Zolup-Button_Project_MF/Project_MF/Saved/Config/Windows/Scalability.ini]
[2023.04.16-10.56.35:738][  0]LogConfig: Setting CVar [[r.LightFunctionQuality:1]]
[2023.04.16-10.56.35:738][  0]LogConfig: Setting CVar [[r.ShadowQuality:5]]
[2023.04.16-10.56.35:738][  0]LogConfig: Setting CVar [[r.Shadow.CSM.MaxCascades:10]]
[2023.04.16-10.56.35:738][  0]LogConfig: Setting CVar [[r.Shadow.MaxResolution:2048]]
[2023.04.16-10.56.35:738][  0]LogConfig: Setting CVar [[r.Shadow.MaxCSMResolution:2048]]
[2023.04.16-10.56.35:738][  0]LogConfig: Setting CVar [[r.Shadow.RadiusThreshold:0.01]]
[2023.04.16-10.56.35:738][  0]LogConfig: Setting CVar [[r.Shadow.DistanceScale:1.0]]
[2023.04.16-10.56.35:738][  0]LogConfig: Setting CVar [[r.Shadow.CSM.TransitionScale:1.0]]
[2023.04.16-10.56.35:738][  0]LogConfig: Setting CVar [[r.Shadow.PreShadowResolutionFactor:1.0]]
[2023.04.16-10.56.35:738][  0]LogConfig: Setting CVar [[r.DistanceFieldShadowing:1]]
[2023.04.16-10.56.35:738][  0]LogConfig: Setting CVar [[r.DistanceFieldAO:1]]
[2023.04.16-10.56.35:738][  0]LogConfig: Setting CVar [[r.AOQuality:2]]
[2023.04.16-10.56.35:738][  0]LogConfig: Setting CVar [[r.VolumetricFog:1]]
[2023.04.16-10.56.35:738][  0]LogConfig: Setting CVar [[r.VolumetricFog.GridPixelSize:8]]
[2023.04.16-10.56.35:738][  0]LogConfig: Setting CVar [[r.VolumetricFog.GridSizeZ:128]]
[2023.04.16-10.56.35:738][  0]LogConfig: Setting CVar [[r.VolumetricFog.HistoryMissSupersampleCount:4]]
[2023.04.16-10.56.35:738][  0]LogConfig: Setting CVar [[r.LightMaxDrawDistanceScale:1]]
[2023.04.16-10.56.35:738][  0]LogConfig: Setting CVar [[r.CapsuleShadows:1]]
[2023.04.16-10.56.35:738][  0]LogConfig: Applying CVar settings from Section [PostProcessQuality@3] File [D:/Users/qkrdl/Documents/GitHub/Zolup-Button_Project_MF/Project_MF/Saved/Config/Windows/Scalability.ini]
[2023.04.16-10.56.35:738][  0]LogConfig: Setting CVar [[r.MotionBlurQuality:4]]
[2023.04.16-10.56.35:738][  0]LogConfig: Setting CVar [[r.AmbientOcclusionMipLevelFactor:0.4]]
[2023.04.16-10.56.35:738][  0]LogConfig: Setting CVar [[r.AmbientOcclusionMaxQuality:100]]
[2023.04.16-10.56.35:738][  0]LogConfig: Setting CVar [[r.AmbientOcclusionLevels:-1]]
[2023.04.16-10.56.35:738][  0]LogConfig: Setting CVar [[r.AmbientOcclusionRadiusScale:1.0]]
[2023.04.16-10.56.35:738][  0]LogConfig: Setting CVar [[r.DepthOfFieldQuality:2]]
[2023.04.16-10.56.35:738][  0]LogConfig: Setting CVar [[r.RenderTargetPoolMin:400]]
[2023.04.16-10.56.35:738][  0]LogConfig: Setting CVar [[r.LensFlareQuality:2]]
[2023.04.16-10.56.35:738][  0]LogConfig: Setting CVar [[r.SceneColorFringeQuality:1]]
[2023.04.16-10.56.35:738][  0]LogConfig: Setting CVar [[r.EyeAdaptationQuality:2]]
[2023.04.16-10.56.35:738][  0]LogConfig: Setting CVar [[r.BloomQuality:5]]
[2023.04.16-10.56.35:738][  0]LogConfig: Setting CVar [[r.FastBlurThreshold:100]]
[2023.04.16-10.56.35:738][  0]LogConfig: Setting CVar [[r.Upscale.Quality:3]]
[2023.04.16-10.56.35:738][  0]LogConfig: Setting CVar [[r.Tonemapper.GrainQuantization:1]]
[2023.04.16-10.56.35:738][  0]LogConfig: Setting CVar [[r.LightShaftQuality:1]]
[2023.04.16-10.56.35:738][  0]LogConfig: Setting CVar [[r.Filter.SizeScale:1]]
[2023.04.16-10.56.35:738][  0]LogConfig: Setting CVar [[r.Tonemapper.Quality:5]]
[2023.04.16-10.56.35:738][  0]LogConfig: Setting CVar [[r.DOF.Gather.AccumulatorQuality:1        ; higher gathering accumulator quality]]
[2023.04.16-10.56.35:738][  0]LogConfig: Setting CVar [[r.DOF.Gather.PostfilterMethod:1          ; Median3x3 postfilering method]]
[2023.04.16-10.56.35:738][  0]LogConfig: Setting CVar [[r.DOF.Gather.EnableBokehSettings:0       ; no bokeh simulation when gathering]]
[2023.04.16-10.56.35:738][  0]LogConfig: Setting CVar [[r.DOF.Gather.RingCount:4                 ; medium number of samples when gathering]]
[2023.04.16-10.56.35:738][  0]LogConfig: Setting CVar [[r.DOF.Scatter.ForegroundCompositing:1    ; additive foreground scattering]]
[2023.04.16-10.56.35:738][  0]LogConfig: Setting CVar [[r.DOF.Scatter.BackgroundCompositing:2    ; additive background scattering]]
[2023.04.16-10.56.35:738][  0]LogConfig: Setting CVar [[r.DOF.Scatter.EnableBokehSettings:1      ; bokeh simulation when scattering]]
[2023.04.16-10.56.35:738][  0]LogConfig: Setting CVar [[r.DOF.Scatter.MaxSpriteRatio:0.1         ; only a maximum of 10% of scattered bokeh]]
[2023.04.16-10.56.35:738][  0]LogConfig: Setting CVar [[r.DOF.Recombine.Quality:1                ; cheap slight out of focus]]
[2023.04.16-10.56.35:738][  0]LogConfig: Setting CVar [[r.DOF.Recombine.EnableBokehSettings:0    ; no bokeh simulation on slight out of focus]]
[2023.04.16-10.56.35:738][  0]LogConfig: Setting CVar [[r.DOF.TemporalAAQuality:1                ; more stable temporal accumulation]]
[2023.04.16-10.56.35:738][  0]LogConfig: Setting CVar [[r.DOF.Kernel.MaxForegroundRadius:0.025]]
[2023.04.16-10.56.35:738][  0]LogConfig: Setting CVar [[r.DOF.Kernel.MaxBackgroundRadius:0.025]]
[2023.04.16-10.56.35:738][  0]LogConfig: Applying CVar settings from Section [TextureQuality@3] File [D:/Users/qkrdl/Documents/GitHub/Zolup-Button_Project_MF/Project_MF/Saved/Config/Windows/Scalability.ini]
[2023.04.16-10.56.35:738][  0]LogConfig: Setting CVar [[r.Streaming.MipBias:0]]
[2023.04.16-10.56.35:738][  0]LogConfig: Setting CVar [[r.Streaming.AmortizeCPUToGPUCopy:0]]
[2023.04.16-10.56.35:738][  0]LogConfig: Setting CVar [[r.Streaming.MaxNumTexturesToStreamPerFrame:0]]
[2023.04.16-10.56.35:738][  0]LogConfig: Setting CVar [[r.Streaming.Boost:1]]
[2023.04.16-10.56.35:738][  0]LogConfig: Setting CVar [[r.MaxAnisotropy:8]]
[2023.04.16-10.56.35:738][  0]LogConfig: Setting CVar [[r.VT.MaxAnisotropy:8]]
[2023.04.16-10.56.35:738][  0]LogConfig: Setting CVar [[r.Streaming.LimitPoolSizeToVRAM:0]]
[2023.04.16-10.56.35:738][  0]LogConfig: Setting CVar [[r.Streaming.PoolSize:1000]]
[2023.04.16-10.56.35:738][  0]LogConfig: Setting CVar [[r.Streaming.MaxEffectiveScreenSize:0]]
[2023.04.16-10.56.35:739][  0]LogConfig: Applying CVar settings from Section [EffectsQuality@3] File [D:/Users/qkrdl/Documents/GitHub/Zolup-Button_Project_MF/Project_MF/Saved/Config/Windows/Scalability.ini]
[2023.04.16-10.56.35:739][  0]LogConfig: Setting CVar [[r.TranslucencyLightingVolumeDim:64]]
[2023.04.16-10.56.35:739][  0]LogConfig: Setting CVar [[r.RefractionQuality:2]]
[2023.04.16-10.56.35:739][  0]LogConfig: Setting CVar [[r.SSR.Quality:3]]
[2023.04.16-10.56.35:739][  0]LogConfig: Setting CVar [[r.SSR.HalfResSceneColor:0]]
[2023.04.16-10.56.35:739][  0]LogConfig: Setting CVar [[r.SceneColorFormat:4]]
[2023.04.16-10.56.35:739][  0]LogConfig: Setting CVar [[r.DetailMode:2]]
[2023.04.16-10.56.35:739][  0]LogConfig: Setting CVar [[r.TranslucencyVolumeBlur:1]]
[2023.04.16-10.56.35:739][  0]LogConfig: Setting CVar [[r.MaterialQualityLevel:1 ; High quality]]
[2023.04.16-10.56.35:739][  0]LogConfig: Setting CVar [[r.AnisotropicMaterials:1]]
[2023.04.16-10.56.35:739][  0]LogConfig: Setting CVar [[r.SSS.Scale:1]]
[2023.04.16-10.56.35:739][  0]LogConfig: Setting CVar [[r.SSS.SampleSet:2]]
[2023.04.16-10.56.35:739][  0]LogConfig: Setting CVar [[r.SSS.Quality:1]]
[2023.04.16-10.56.35:739][  0]LogConfig: Setting CVar [[r.SSS.HalfRes:0]]
[2023.04.16-10.56.35:739][  0]LogConfig: Setting CVar [[r.SSGI.Quality:3]]
[2023.04.16-10.56.35:739][  0]LogConfig: Setting CVar [[r.EmitterSpawnRateScale:1.0]]
[2023.04.16-10.56.35:739][  0]LogConfig: Setting CVar [[r.ParticleLightQuality:2]]
[2023.04.16-10.56.35:739][  0]LogConfig: Setting CVar [[r.SkyAtmosphere.AerialPerspectiveLUT.FastApplyOnOpaque:1 ; Always have FastSkyLUT 1 in this case to avoid wrong sky]]
[2023.04.16-10.56.35:739][  0]LogConfig: Setting CVar [[r.SkyAtmosphere.AerialPerspectiveLUT.SampleCountMaxPerSlice:4]]
[2023.04.16-10.56.35:739][  0]LogConfig: Setting CVar [[r.SkyAtmosphere.AerialPerspectiveLUT.DepthResolution:16.0]]
[2023.04.16-10.56.35:739][  0]LogConfig: Setting CVar [[r.SkyAtmosphere.FastSkyLUT:1]]
[2023.04.16-10.56.35:739][  0]LogConfig: Setting CVar [[r.SkyAtmosphere.FastSkyLUT.SampleCountMin:4.0]]
[2023.04.16-10.56.35:739][  0]LogConfig: Setting CVar [[r.SkyAtmosphere.FastSkyLUT.SampleCountMax:128.0]]
[2023.04.16-10.56.35:739][  0]LogConfig: Setting CVar [[r.SkyAtmosphere.SampleCountMin:4.0]]
[2023.04.16-10.56.35:739][  0]LogConfig: Setting CVar [[r.SkyAtmosphere.SampleCountMax:128.0]]
[2023.04.16-10.56.35:739][  0]LogConfig: Setting CVar [[r.SkyAtmosphere.TransmittanceLUT.UseSmallFormat:0]]
[2023.04.16-10.56.35:739][  0]LogConfig: Setting CVar [[r.SkyAtmosphere.TransmittanceLUT.SampleCount:10.0]]
[2023.04.16-10.56.35:739][  0]LogConfig: Setting CVar [[r.SkyAtmosphere.MultiScatteringLUT.SampleCount:15.0]]
[2023.04.16-10.56.35:739][  0]LogConfig: Setting CVar [[r.SkyLight.RealTimeReflectionCapture:1]]
[2023.04.16-10.56.35:739][  0]LogConfig: Applying CVar settings from Section [FoliageQuality@3] File [D:/Users/qkrdl/Documents/GitHub/Zolup-Button_Project_MF/Project_MF/Saved/Config/Windows/Scalability.ini]
[2023.04.16-10.56.35:739][  0]LogConfig: Setting CVar [[foliage.DensityScale:1.0]]
[2023.04.16-10.56.35:739][  0]LogConfig: Setting CVar [[grass.DensityScale:1.0]]
[2023.04.16-10.56.35:739][  0]LogConfig: Applying CVar settings from Section [ShadingQuality@3] File [D:/Users/qkrdl/Documents/GitHub/Zolup-Button_Project_MF/Project_MF/Saved/Config/Windows/Scalability.ini]
[2023.04.16-10.56.35:739][  0]LogConfig: Setting CVar [[r.HairStrands.SkyLighting.IntegrationType:2]]
[2023.04.16-10.56.35:739][  0]LogConfig: Setting CVar [[r.HairStrands.SkyAO.SampleCount:4]]
[2023.04.16-10.56.35:739][  0]LogConfig: Setting CVar [[r.HairStrands.Visibility.MSAA.SamplePerPixel:4]]
[2023.04.16-10.56.35:744][  0]LogInit: Selected Device Profile: [Windows]
[2023.04.16-10.56.35:744][  0]LogInit: Applying CVar settings loaded from the selected device profile: [Windows]
[2023.04.16-10.56.35:744][  0]LogHAL: Display: Platform has ~ 32 GB [34266505216 / 34359738368 / 32], which maps to Largest [LargestMinGB=32, LargerMinGB=12, DefaultMinGB=8, SmallerMinGB=6, SmallestMinGB=0)
[2023.04.16-10.56.35:744][  0]LogInit: Going up to parent DeviceProfile []
[2023.04.16-10.56.35:744][  0]LogConfig: Applying CVar settings from Section [ViewDistanceQuality@3] File [D:/Users/qkrdl/Documents/GitHub/Zolup-Button_Project_MF/Project_MF/Saved/Config/Windows/Scalability.ini]
[2023.04.16-10.56.35:744][  0]LogConfig: Setting CVar [[r.SkeletalMeshLODBias:0]]
[2023.04.16-10.56.35:744][  0]LogConfig: Setting CVar [[r.ViewDistanceScale:1.0]]
[2023.04.16-10.56.35:744][  0]LogConfig: Applying CVar settings from Section [AntiAliasingQuality@3] File [D:/Users/qkrdl/Documents/GitHub/Zolup-Button_Project_MF/Project_MF/Saved/Config/Windows/Scalability.ini]
[2023.04.16-10.56.35:744][  0]LogConfig: Setting CVar [[r.PostProcessAAQuality:4]]
[2023.04.16-10.56.35:744][  0]LogConfig: Applying CVar settings from Section [ShadowQuality@3] File [D:/Users/qkrdl/Documents/GitHub/Zolup-Button_Project_MF/Project_MF/Saved/Config/Windows/Scalability.ini]
[2023.04.16-10.56.35:744][  0]LogConfig: Setting CVar [[r.LightFunctionQuality:1]]
[2023.04.16-10.56.35:744][  0]LogConfig: Setting CVar [[r.ShadowQuality:5]]
[2023.04.16-10.56.35:744][  0]LogConfig: Setting CVar [[r.Shadow.CSM.MaxCascades:10]]
[2023.04.16-10.56.35:744][  0]LogConfig: Setting CVar [[r.Shadow.MaxResolution:2048]]
[2023.04.16-10.56.35:744][  0]LogConfig: Setting CVar [[r.Shadow.MaxCSMResolution:2048]]
[2023.04.16-10.56.35:744][  0]LogConfig: Setting CVar [[r.Shadow.RadiusThreshold:0.01]]
[2023.04.16-10.56.35:744][  0]LogConfig: Setting CVar [[r.Shadow.DistanceScale:1.0]]
[2023.04.16-10.56.35:744][  0]LogConfig: Setting CVar [[r.Shadow.CSM.TransitionScale:1.0]]
[2023.04.16-10.56.35:744][  0]LogConfig: Setting CVar [[r.Shadow.PreShadowResolutionFactor:1.0]]
[2023.04.16-10.56.35:744][  0]LogConfig: Setting CVar [[r.DistanceFieldShadowing:1]]
[2023.04.16-10.56.35:744][  0]LogConfig: Setting CVar [[r.DistanceFieldAO:1]]
[2023.04.16-10.56.35:744][  0]LogConfig: Setting CVar [[r.AOQuality:2]]
[2023.04.16-10.56.35:744][  0]LogConfig: Setting CVar [[r.VolumetricFog:1]]
[2023.04.16-10.56.35:744][  0]LogConfig: Setting CVar [[r.VolumetricFog.GridPixelSize:8]]
[2023.04.16-10.56.35:744][  0]LogConfig: Setting CVar [[r.VolumetricFog.GridSizeZ:128]]
[2023.04.16-10.56.35:744][  0]LogConfig: Setting CVar [[r.VolumetricFog.HistoryMissSupersampleCount:4]]
[2023.04.16-10.56.35:744][  0]LogConfig: Setting CVar [[r.LightMaxDrawDistanceScale:1]]
[2023.04.16-10.56.35:744][  0]LogConfig: Setting CVar [[r.CapsuleShadows:1]]
[2023.04.16-10.56.35:744][  0]LogConfig: Applying CVar settings from Section [PostProcessQuality@3] File [D:/Users/qkrdl/Documents/GitHub/Zolup-Button_Project_MF/Project_MF/Saved/Config/Windows/Scalability.ini]
[2023.04.16-10.56.35:744][  0]LogConfig: Setting CVar [[r.MotionBlurQuality:4]]
[2023.04.16-10.56.35:744][  0]LogConfig: Setting CVar [[r.AmbientOcclusionMipLevelFactor:0.4]]
[2023.04.16-10.56.35:744][  0]LogConfig: Setting CVar [[r.AmbientOcclusionMaxQuality:100]]
[2023.04.16-10.56.35:744][  0]LogConfig: Setting CVar [[r.AmbientOcclusionLevels:-1]]
[2023.04.16-10.56.35:744][  0]LogConfig: Setting CVar [[r.AmbientOcclusionRadiusScale:1.0]]
[2023.04.16-10.56.35:744][  0]LogConfig: Setting CVar [[r.DepthOfFieldQuality:2]]
[2023.04.16-10.56.35:744][  0]LogConfig: Setting CVar [[r.RenderTargetPoolMin:400]]
[2023.04.16-10.56.35:744][  0]LogConfig: Setting CVar [[r.LensFlareQuality:2]]
[2023.04.16-10.56.35:744][  0]LogConfig: Setting CVar [[r.SceneColorFringeQuality:1]]
[2023.04.16-10.56.35:744][  0]LogConfig: Setting CVar [[r.EyeAdaptationQuality:2]]
[2023.04.16-10.56.35:744][  0]LogConfig: Setting CVar [[r.BloomQuality:5]]
[2023.04.16-10.56.35:744][  0]LogConfig: Setting CVar [[r.FastBlurThreshold:100]]
[2023.04.16-10.56.35:744][  0]LogConfig: Setting CVar [[r.Upscale.Quality:3]]
[2023.04.16-10.56.35:744][  0]LogConfig: Setting CVar [[r.Tonemapper.GrainQuantization:1]]
[2023.04.16-10.56.35:744][  0]LogConfig: Setting CVar [[r.LightShaftQuality:1]]
[2023.04.16-10.56.35:744][  0]LogConfig: Setting CVar [[r.Filter.SizeScale:1]]
[2023.04.16-10.56.35:744][  0]LogConfig: Setting CVar [[r.Tonemapper.Quality:5]]
[2023.04.16-10.56.35:744][  0]LogConfig: Setting CVar [[r.DOF.Gather.AccumulatorQuality:1        ; higher gathering accumulator quality]]
[2023.04.16-10.56.35:744][  0]LogConfig: Setting CVar [[r.DOF.Gather.PostfilterMethod:1          ; Median3x3 postfilering method]]
[2023.04.16-10.56.35:744][  0]LogConfig: Setting CVar [[r.DOF.Gather.EnableBokehSettings:0       ; no bokeh simulation when gathering]]
[2023.04.16-10.56.35:744][  0]LogConfig: Setting CVar [[r.DOF.Gather.RingCount:4                 ; medium number of samples when gathering]]
[2023.04.16-10.56.35:744][  0]LogConfig: Setting CVar [[r.DOF.Scatter.ForegroundCompositing:1    ; additive foreground scattering]]
[2023.04.16-10.56.35:744][  0]LogConfig: Setting CVar [[r.DOF.Scatter.BackgroundCompositing:2    ; additive background scattering]]
[2023.04.16-10.56.35:744][  0]LogConfig: Setting CVar [[r.DOF.Scatter.EnableBokehSettings:1      ; bokeh simulation when scattering]]
[2023.04.16-10.56.35:744][  0]LogConfig: Setting CVar [[r.DOF.Scatter.MaxSpriteRatio:0.1         ; only a maximum of 10% of scattered bokeh]]
[2023.04.16-10.56.35:744][  0]LogConfig: Setting CVar [[r.DOF.Recombine.Quality:1                ; cheap slight out of focus]]
[2023.04.16-10.56.35:744][  0]LogConfig: Setting CVar [[r.DOF.Recombine.EnableBokehSettings:0    ; no bokeh simulation on slight out of focus]]
[2023.04.16-10.56.35:744][  0]LogConfig: Setting CVar [[r.DOF.TemporalAAQuality:1                ; more stable temporal accumulation]]
[2023.04.16-10.56.35:744][  0]LogConfig: Setting CVar [[r.DOF.Kernel.MaxForegroundRadius:0.025]]
[2023.04.16-10.56.35:744][  0]LogConfig: Setting CVar [[r.DOF.Kernel.MaxBackgroundRadius:0.025]]
[2023.04.16-10.56.35:744][  0]LogConfig: Applying CVar settings from Section [TextureQuality@3] File [D:/Users/qkrdl/Documents/GitHub/Zolup-Button_Project_MF/Project_MF/Saved/Config/Windows/Scalability.ini]
[2023.04.16-10.56.35:744][  0]LogConfig: Setting CVar [[r.Streaming.MipBias:0]]
[2023.04.16-10.56.35:745][  0]LogConfig: Setting CVar [[r.Streaming.AmortizeCPUToGPUCopy:0]]
[2023.04.16-10.56.35:745][  0]LogConfig: Setting CVar [[r.Streaming.MaxNumTexturesToStreamPerFrame:0]]
[2023.04.16-10.56.35:745][  0]LogConfig: Setting CVar [[r.Streaming.Boost:1]]
[2023.04.16-10.56.35:745][  0]LogConfig: Setting CVar [[r.MaxAnisotropy:8]]
[2023.04.16-10.56.35:745][  0]LogConfig: Setting CVar [[r.VT.MaxAnisotropy:8]]
[2023.04.16-10.56.35:745][  0]LogConfig: Setting CVar [[r.Streaming.LimitPoolSizeToVRAM:0]]
[2023.04.16-10.56.35:745][  0]LogConfig: Setting CVar [[r.Streaming.PoolSize:1000]]
[2023.04.16-10.56.35:745][  0]LogConfig: Setting CVar [[r.Streaming.MaxEffectiveScreenSize:0]]
[2023.04.16-10.56.35:745][  0]LogConfig: Applying CVar settings from Section [EffectsQuality@3] File [D:/Users/qkrdl/Documents/GitHub/Zolup-Button_Project_MF/Project_MF/Saved/Config/Windows/Scalability.ini]
[2023.04.16-10.56.35:745][  0]LogConfig: Setting CVar [[r.TranslucencyLightingVolumeDim:64]]
[2023.04.16-10.56.35:745][  0]LogConfig: Setting CVar [[r.RefractionQuality:2]]
[2023.04.16-10.56.35:745][  0]LogConfig: Setting CVar [[r.SSR.Quality:3]]
[2023.04.16-10.56.35:745][  0]LogConfig: Setting CVar [[r.SSR.HalfResSceneColor:0]]
[2023.04.16-10.56.35:745][  0]LogConfig: Setting CVar [[r.SceneColorFormat:4]]
[2023.04.16-10.56.35:745][  0]LogConfig: Setting CVar [[r.DetailMode:2]]
[2023.04.16-10.56.35:745][  0]LogConfig: Setting CVar [[r.TranslucencyVolumeBlur:1]]
[2023.04.16-10.56.35:745][  0]LogConfig: Setting CVar [[r.MaterialQualityLevel:1 ; High quality]]
[2023.04.16-10.56.35:745][  0]LogConfig: Setting CVar [[r.AnisotropicMaterials:1]]
[2023.04.16-10.56.35:745][  0]LogConfig: Setting CVar [[r.SSS.Scale:1]]
[2023.04.16-10.56.35:745][  0]LogConfig: Setting CVar [[r.SSS.SampleSet:2]]
[2023.04.16-10.56.35:745][  0]LogConfig: Setting CVar [[r.SSS.Quality:1]]
[2023.04.16-10.56.35:745][  0]LogConfig: Setting CVar [[r.SSS.HalfRes:0]]
[2023.04.16-10.56.35:745][  0]LogConfig: Setting CVar [[r.SSGI.Quality:3]]
[2023.04.16-10.56.35:745][  0]LogConfig: Setting CVar [[r.EmitterSpawnRateScale:1.0]]
[2023.04.16-10.56.35:745][  0]LogConfig: Setting CVar [[r.ParticleLightQuality:2]]
[2023.04.16-10.56.35:745][  0]LogConfig: Setting CVar [[r.SkyAtmosphere.AerialPerspectiveLUT.FastApplyOnOpaque:1 ; Always have FastSkyLUT 1 in this case to avoid wrong sky]]
[2023.04.16-10.56.35:745][  0]LogConfig: Setting CVar [[r.SkyAtmosphere.AerialPerspectiveLUT.SampleCountMaxPerSlice:4]]
[2023.04.16-10.56.35:745][  0]LogConfig: Setting CVar [[r.SkyAtmosphere.AerialPerspectiveLUT.DepthResolution:16.0]]
[2023.04.16-10.56.35:745][  0]LogConfig: Setting CVar [[r.SkyAtmosphere.FastSkyLUT:1]]
[2023.04.16-10.56.35:745][  0]LogConfig: Setting CVar [[r.SkyAtmosphere.FastSkyLUT.SampleCountMin:4.0]]
[2023.04.16-10.56.35:745][  0]LogConfig: Setting CVar [[r.SkyAtmosphere.FastSkyLUT.SampleCountMax:128.0]]
[2023.04.16-10.56.35:745][  0]LogConfig: Setting CVar [[r.SkyAtmosphere.SampleCountMin:4.0]]
[2023.04.16-10.56.35:745][  0]LogConfig: Setting CVar [[r.SkyAtmosphere.SampleCountMax:128.0]]
[2023.04.16-10.56.35:745][  0]LogConfig: Setting CVar [[r.SkyAtmosphere.TransmittanceLUT.UseSmallFormat:0]]
[2023.04.16-10.56.35:745][  0]LogConfig: Setting CVar [[r.SkyAtmosphere.TransmittanceLUT.SampleCount:10.0]]
[2023.04.16-10.56.35:745][  0]LogConfig: Setting CVar [[r.SkyAtmosphere.MultiScatteringLUT.SampleCount:15.0]]
[2023.04.16-10.56.35:745][  0]LogConfig: Setting CVar [[r.SkyLight.RealTimeReflectionCapture:1]]
[2023.04.16-10.56.35:745][  0]LogConfig: Applying CVar settings from Section [FoliageQuality@3] File [D:/Users/qkrdl/Documents/GitHub/Zolup-Button_Project_MF/Project_MF/Saved/Config/Windows/Scalability.ini]
[2023.04.16-10.56.35:745][  0]LogConfig: Setting CVar [[foliage.DensityScale:1.0]]
[2023.04.16-10.56.35:745][  0]LogConfig: Setting CVar [[grass.DensityScale:1.0]]
[2023.04.16-10.56.35:745][  0]LogConfig: Applying CVar settings from Section [ShadingQuality@3] File [D:/Users/qkrdl/Documents/GitHub/Zolup-Button_Project_MF/Project_MF/Saved/Config/Windows/Scalability.ini]
[2023.04.16-10.56.35:745][  0]LogConfig: Setting CVar [[r.HairStrands.SkyLighting.IntegrationType:2]]
[2023.04.16-10.56.35:745][  0]LogConfig: Setting CVar [[r.HairStrands.SkyAO.SampleCount:4]]
[2023.04.16-10.56.35:745][  0]LogConfig: Setting CVar [[r.HairStrands.Visibility.MSAA.SamplePerPixel:4]]
[2023.04.16-10.56.35:745][  0]LogConfig: Applying CVar settings from Section [Startup] File [../../../Engine/Config/ConsoleVariables.ini]
[2023.04.16-10.56.35:745][  0]LogConfig: Setting CVar [[net.UseAdaptiveNetUpdateFrequency:0]]
[2023.04.16-10.56.35:745][  0]LogConfig: Setting CVar [[p.chaos.AllowCreatePhysxBodies:1]]
[2023.04.16-10.56.35:745][  0]LogConfig: Setting CVar [[fx.SkipVectorVMBackendOptimizations:1]]
[2023.04.16-10.56.35:745][  0]LogConfig: Applying CVar settings from Section [ConsoleVariables] File [D:/Users/qkrdl/Documents/GitHub/Zolup-Button_Project_MF/Project_MF/Saved/Config/Windows/Engine.ini]
[2023.04.16-10.56.35:745][  0]LogConfig: Applying CVar settings from Section [ConsoleVariables] File [D:/Users/qkrdl/Documents/GitHub/Zolup-Button_Project_MF/Project_MF/Saved/Config/Windows/Editor.ini]
[2023.04.16-10.56.35:746][  0]LogInit: Computer: DESKTOP-7O2N4A7
[2023.04.16-10.56.35:746][  0]LogInit: User: qkrdl
[2023.04.16-10.56.35:746][  0]LogInit: CPU Page size=4096, Cores=4
[2023.04.16-10.56.35:746][  0]LogInit: High frequency timer resolution =10.000000 MHz
[2023.04.16-10.56.35:746][  0]LogMemory: Memory total: Physical=31.9GB (32GB approx)
[2023.04.16-10.56.35:746][  0]LogMemory: Platform Memory Stats for Windows
[2023.04.16-10.56.35:746][  0]LogMemory: Process Physical Memory: 139.44 MB used, 139.44 MB peak
[2023.04.16-10.56.35:746][  0]LogMemory: Process Virtual Memory: 120.21 MB used, 120.21 MB peak
[2023.04.16-10.56.35:746][  0]LogMemory: Physical Memory: 18475.13 MB used,  14203.96 MB free, 32679.09 MB total
[2023.04.16-10.56.35:746][  0]LogMemory: Virtual Memory: 134208080.00 MB used,  9648.26 MB free, 134217728.00 MB total
[2023.04.16-10.56.35:753][  0]LogWindows: WindowsPlatformFeatures enabled
[2023.04.16-10.56.35:806][  0]LogInit: Physics initialised using underlying interface: PhysX
[2023.04.16-10.56.35:806][  0]LogInit: Using OS detected language (ko-KR).
[2023.04.16-10.56.35:806][  0]LogInit: Using OS detected locale (ko-KR).
[2023.04.16-10.56.35:810][  0]LogTextLocalizationManager: No specific localization for 'ko-KR' exists, so the 'ko' localization will be used.
[2023.04.16-10.56.36:629][  0]LogTargetPlatformManager: Display: Loaded TargetPlatform 'AllDesktop'
[2023.04.16-10.56.36:665][  0]LogTargetPlatformManager: Display: Loaded TargetPlatform 'Android'
[2023.04.16-10.56.36:665][  0]LogTargetPlatformManager: Display: Loaded TargetPlatform 'Android_ASTC'
[2023.04.16-10.56.36:665][  0]LogTargetPlatformManager: Display: Loaded TargetPlatform 'Android_DXT'
[2023.04.16-10.56.36:665][  0]LogTargetPlatformManager: Display: Loaded TargetPlatform 'Android_ETC2'
[2023.04.16-10.56.36:665][  0]LogTargetPlatformManager: Display: Loaded TargetPlatform 'AndroidClient'
[2023.04.16-10.56.36:665][  0]LogTargetPlatformManager: Display: Loaded TargetPlatform 'Android_ASTCClient'
[2023.04.16-10.56.36:665][  0]LogTargetPlatformManager: Display: Loaded TargetPlatform 'Android_DXTClient'
[2023.04.16-10.56.36:665][  0]LogTargetPlatformManager: Display: Loaded TargetPlatform 'Android_ETC2Client'
[2023.04.16-10.56.36:665][  0]LogTargetPlatformManager: Display: Loaded TargetPlatform 'Android_Multi'
[2023.04.16-10.56.36:665][  0]LogTargetPlatformManager: Display: Loaded TargetPlatform 'Android_MultiClient'
[2023.04.16-10.56.36:708][  0]LogTargetPlatformManager: Display: Loaded TargetPlatform 'IOSClient'
[2023.04.16-10.56.36:708][  0]LogTargetPlatformManager: Display: Loaded TargetPlatform 'IOS'
[2023.04.16-10.56.36:722][  0]LogTargetPlatformManager: Display: Loaded TargetPlatform 'Linux'
[2023.04.16-10.56.36:729][  0]LogTargetPlatformManager: Display: Loaded TargetPlatform 'LinuxNoEditor'
[2023.04.16-10.56.36:736][  0]LogTargetPlatformManager: Display: Loaded TargetPlatform 'LinuxClient'
[2023.04.16-10.56.36:743][  0]LogTargetPlatformManager: Display: Loaded TargetPlatform 'LinuxServer'
[2023.04.16-10.56.36:757][  0]LogTargetPlatformManager: Display: Loaded TargetPlatform 'LinuxAArch64NoEditor'
[2023.04.16-10.56.36:764][  0]LogTargetPlatformManager: Display: Loaded TargetPlatform 'LinuxAArch64Client'
[2023.04.16-10.56.36:771][  0]LogTargetPlatformManager: Display: Loaded TargetPlatform 'LinuxAArch64Server'
[2023.04.16-10.56.36:808][  0]LogTargetPlatformManager: Display: Loaded TargetPlatform 'Lumin'
[2023.04.16-10.56.36:808][  0]LogTargetPlatformManager: Display: Loaded TargetPlatform 'LuminClient'
[2023.04.16-10.56.36:820][  0]LogTargetPlatformManager: Display: Loaded TargetPlatform 'MacNoEditor'
[2023.04.16-10.56.36:828][  0]LogTargetPlatformManager: Display: Loaded TargetPlatform 'Mac'
[2023.04.16-10.56.36:836][  0]LogTargetPlatformManager: Display: Loaded TargetPlatform 'MacClient'
[2023.04.16-10.56.36:843][  0]LogTargetPlatformManager: Display: Loaded TargetPlatform 'MacServer'
[2023.04.16-10.56.36:859][  0]LogTargetPlatformManager: Display: Loaded TargetPlatform 'TVOSClient'
[2023.04.16-10.56.36:859][  0]LogTargetPlatformManager: Display: Loaded TargetPlatform 'TVOS'
[2023.04.16-10.56.36:874][  0]LogTargetPlatformManager: Display: Loaded TargetPlatform 'WindowsNoEditor'
[2023.04.16-10.56.36:882][  0]LogTargetPlatformManager: Display: Loaded TargetPlatform 'Windows'
[2023.04.16-10.56.36:891][  0]LogTargetPlatformManager: Display: Loaded TargetPlatform 'WindowsClient'
[2023.04.16-10.56.36:898][  0]LogTargetPlatformManager: Display: Loaded TargetPlatform 'WindowsServer'
[2023.04.16-10.56.36:898][  0]LogTargetPlatformManager: Display: Building Assets For Windows
[2023.04.16-10.56.36:911][  0]LogAudioDebug: Display: Lib vorbis DLL was dynamically loaded.
[2023.04.16-10.56.36:963][  0]LogTextureFormatOodle: Display: Oodle Texture 2.9.0 init RDO Off
[2023.04.16-10.56.37:014][  0]LogRendererCore: Ray tracing is disabled. Reason: r.RayTracing=0.
[2023.04.16-10.56.37:015][  0]LogDerivedDataCache: Display: Max Cache Size: 512 MB
[2023.04.16-10.56.37:111][  0]LogDerivedDataCache: Loaded boot cache 0.09s 96MB C:/Users/qkrdl/AppData/Local/UnrealEngine/4.27/DerivedDataCache/Boot.ddc.
[2023.04.16-10.56.37:111][  0]LogDerivedDataCache: Display: Loaded Boot cache: C:/Users/qkrdl/AppData/Local/UnrealEngine/4.27/DerivedDataCache/Boot.ddc
[2023.04.16-10.56.37:111][  0]LogDerivedDataCache: FDerivedDataBackendGraph:  Pak pak cache file ../../../../../../Users/qkrdl/Documents/GitHub/Zolup-Button_Project_MF/Project_MF/DerivedDataCache/DDC.ddp not found, will not use a pak cache.
[2023.04.16-10.56.37:111][  0]LogDerivedDataCache: Unable to find inner node Pak for hierarchical cache Hierarchy.
[2023.04.16-10.56.37:111][  0]LogDerivedDataCache: FDerivedDataBackendGraph:  CompressedPak pak cache file ../../../../../../Users/qkrdl/Documents/GitHub/Zolup-Button_Project_MF/Project_MF/DerivedDataCache/Compressed.ddp not found, will not use a pak cache.
[2023.04.16-10.56.37:111][  0]LogDerivedDataCache: Unable to find inner node CompressedPak for hierarchical cache Hierarchy.
[2023.04.16-10.56.37:136][  0]LogDerivedDataCache: Display: Pak cache opened for reading ../../../Engine/DerivedDataCache/Compressed.ddp.
[2023.04.16-10.56.37:136][  0]LogDerivedDataCache: FDerivedDataBackendGraph:  EnterprisePak pak cache file ../../../Enterprise/DerivedDataCache/Compressed.ddp not found, will not use a pak cache.
[2023.04.16-10.56.37:136][  0]LogDerivedDataCache: Unable to find inner node EnterprisePak for hierarchical cache Hierarchy.
[2023.04.16-10.56.37:145][  0]LogDerivedDataCache: Speed tests for C:/Users/qkrdl/AppData/Local/UnrealEngine/Common/DerivedDataCache took 0.01 seconds
[2023.04.16-10.56.37:145][  0]LogDerivedDataCache: Display: Performance to C:/Users/qkrdl/AppData/Local/UnrealEngine/Common/DerivedDataCache: Latency=0.05ms. RandomReadSpeed=808.28MBs, RandomWriteSpeed=147.31MBs. Assigned SpeedClass 'Local'
[2023.04.16-10.56.37:156][  0]LogDerivedDataCache: Using Local data cache path C:/Users/qkrdl/AppData/Local/UnrealEngine/Common/DerivedDataCache: Writable
[2023.04.16-10.56.37:156][  0]LogDerivedDataCache: Shared data cache path not found in *engine.ini, will not use an Shared cache.
[2023.04.16-10.56.37:156][  0]LogDerivedDataCache: Unable to find inner node Shared for hierarchical cache Hierarchy.
[2023.04.16-10.56.37:166][  0]LogAssetRegistry: FAssetRegistry took 0.0029 seconds to start up
[2023.04.16-10.56.37:538][  0]LogInit: Selected Device Profile: [Windows]
[2023.04.16-10.56.37:538][  0]LogInit: Active device profile: [000002A207EFB000][000002A27F704FC0 49] Windows
[2023.04.16-10.56.37:538][  0]LogInit: Profiles: [000002A207EFB000][000002A27F704FC0 49] Windows, [000002A207EA5200][000002A27F709100 49] WindowsNoEditor, [000002A207EF9200][000002A203421240 49] WindowsServer, [000002A207EA6900][000002A203425380 49] WindowsClient, [000002A207EFA800][000002A20342D500 49] IOS, [000002A207EA5A00][000002A203431680 49] iPadAir, [000002A207EF9900][000002A203435800 49] iPadAir2, [000002A207E53900][000002A20343DAC0 49] IPadPro, [000002A207E53A00][000002A203439B00 49] iPadAir3, [000002A207EFA300][000002A206EF8100 49] iPadAir4, [000002A207E51700][000002A206EFC280 49] iPadMini2, [000002A207EF9D00][000002A206F00400 49] iPadMini3, [000002A207E52300][000002A206F04580 49] iPadMini4, [000002A207EFA900][000002A206F08700 49] iPadMini5, [000002A207E93200][000002A206F109C0 49] iPhone6, [000002A207E93300][000002A206F0CA00 49] iPodTouch6, [000002A207E50600][000002A206F18CC0 49] iPhone7, [000002A207E50500][000002A206F14D00 49] iPodTouch7, [000002A207E91600][000002A206F1CE80 49] iPhone5S, [000002A207E53600][000002A206F21000 49] iPhone6Plus, [000002A207E92400][000002A206F25180 49] iPhone6S, [000002A207E51300][000002A2034292C0 49] iPhone6SPlus, [000002A207E91D00][000002A206F29400 49] iPhone7Plus, [000002A207E51500][000002A206F2D540 49] iPhoneSE, [000002A207E92500][000002A206F356C0 49] iPhone8, [000002A207E52200][000002A206F39840 49] iPhone8Plus, [000002A207E91B00][000002A206F3D9C0 49] iPhoneX, [000002A207E50F00][000002A206F41B40 49] iPhoneXS, [000002A207E91300][000002A206F44140 49] iPhoneXSMax, [000002A207E51800][000002A206F482C0 49] iPhoneXR, [000002A207E92600][000002A206F4C440 49] iPhone11, [000002A207E51A00][000002A206F505C0 49] iPhone11Pro, [000002A207E91C00][000002A206F54740 49] iPhone11ProMax, [000002A207E53C00][000002A206F588C0 49] iPhoneSE2, [000002A207E93E00][000002A206F5CA40 49] iPhone12Mini, [000002A207E53500][000002A206F60BC0 49] iPhone12, [000002A207E92800][000002A206F64D40 49] iPhone12Pro, [000002A207E53E00][000002A206F68EC0 49] iPhone12ProMax, [000002A207E92D00][000002A206F6D040 49] iPadPro105, [000002A207E51600][000002A206F711C0 49] iPadPro129, [000002A207E90F00][000002A206F75340 49] iPadPro97, [000002A207E52900][000002A206F31480 49] iPadPro2_129, [000002A207E93000][000002A206F795C0 49] iPad5, [000002A207E50A00][000002A206F7D700 49] iPad6, [000002A207E90A00][000002A206F81840 49] iPad7, [000002A207E52500][000002A206F899C0 49] iPad8, [000002A207E92B00][000002A206F8DB40 49] iPadPro11, [000002A207E50100][000002A206F90140 49] iPadPro2_11, [000002A207E90800][000002A206F942C0 49] iPadPro3_129, [000002A207E53400][000002A206F98440 49] iPadPro4_129, [000002A207E90D00][000002A206F9C5C0 49] AppleTV, [000002A207E53800][000002A206FA0740 49] AppleTV4K, [000002A207E93C00][000002A206FA48C0 49] TVOS, [000002A207E53F00][000002A206FA8A40 49] Mac, [000002A207EA7000][000002A206FACBC0 49] MacClient, [000002A207F2C900][000002A206FB0D40 49] MacNoEditor, [000002A207EA4200][000002A206FB4EC0 49] MacServer, [000002A207F2C300][000002A206FB9040 49] Linux, [000002A207EA5E00][000002A206FBD1C0 49] LinuxAArch64, [000002A207F2C200][000002A206FC1340 49] LinuxNoEditor, [000002A207EA6F00][000002A206FC54C0 49] LinuxAArch64NoEditor, [000002A207F2D700][000002A206F85600 49] LinuxClient, [000002A207EA5C00][000002A206FC9740 49] LinuxAArch64Client, [000002A207F2D800][000002A206FCD880 49] LinuxServer, [000002A207EA6100][000002A206FD19C0 49] LinuxAArch64Server, [000002A207F2D100][000002A206FD9B40 49] Android, [000002A207EA4B00][000002A206FDC140 49] Android_Low, [000002A207F2C400][000002A206FE02C0 49] Android_Mid, [000002A207EA6600][000002A206FE4440 49] Android_High, [000002A207F2D500][000002A206FE85C0 49] Android_Default, [000002A207EA5600][000002A206FEC740 49] Android_Adreno4xx, [000002A207F2DA00][000002A206FF08C0 49] Android_Adreno5xx_Low, [000002A207EA7A00][000002A206FF4A40 49] Android_Adreno5xx, [000002A207E90900][000002A206FF8BC0 49] Android_Adreno6xx, [000002A207E53D00][000002A206FFCD40 49] Android_Adreno6xx_Vulkan, [000002A207E93500][000002A207000EC0 49] Android_Mali_T6xx, [000002A207E52C00][000002A207005040 49] Android_Mali_T7xx, [000002A207E93F00][000002A2070091C0 49] Android_Mali_T8xx, [000002A207E52600][000002A20700D340 49] Android_Mali_G71, [000002A207E91400][000002A2070114C0 49] Android_Mali_G72, [000002A207E53700][000002A207015640 49] Android_Mali_G72_Vulkan, [000002A207E91F00][000002A2070197C0 49] Android_Mali_G76, [000002A207E52F00][000002A206FD5900 49] Android_Mali_G76_Vulkan, [000002A207E92A00][000002A20701DA40 49] Android_Mali_G77, [000002A207E51D00][000002A207021B80 49] Android_Mali_G77_Vulkan, [000002A207E91100][000002A207028180 49] Android_Mali_G78, [000002A207E50200][000002A20702C300 49] Android_Mali_G78_Vulkan, [000002A207E93700][000002A207030480 49] Android_Mali_G710, [000002A207E51200][000002A207034600 49] Android_Mali_G710_Vulkan, [000002A207E93B00][000002A207038780 49] Android_Vulkan_SM5, [000002A207E53100][000002A20703C900 49] Android_PowerVR_G6xxx, [000002A207F2D900][000002A208050A80 49] Android_PowerVR_GT7xxx, [000002A207E50400][000002A208054C00 49] Android_PowerVR_GE8xxx, [000002A207F2D300][000002A208058D80 49] Android_PowerVR_GM9xxx, [000002A207E53300][000002A20805CF00 49] Android_PowerVR_GM9xxx_Vulkan, [000002A207F2CE00][000002A208061080 49] Android_TegraK1, [000002A207E50B00][000002A208065200 49] Android_Unknown_Vulkan, [000002A207F2C600][000002A208069380 49] Lumin, [000002A207E51F00][000002A20806D500 49] Lumin_Desktop, [000002A207F2DD00][000002A208071680 49] HoloLens, 
[2023.04.16-10.56.37:593][  0]LogMeshReduction: Using QuadricMeshReduction for automatic static mesh reduction
[2023.04.16-10.56.37:593][  0]LogMeshReduction: Using SimplygonMeshReduction for automatic skeletal mesh reduction
[2023.04.16-10.56.37:593][  0]LogMeshReduction: Using ProxyLODMeshReduction for automatic mesh merging
[2023.04.16-10.56.37:593][  0]LogMeshReduction: No distributed automatic mesh merging module available
[2023.04.16-10.56.37:593][  0]LogMeshMerging: No distributed automatic mesh merging module available
[2023.04.16-10.56.37:608][  0]LogNetVersion: Project_MF 1.0.0, NetCL: 17155196, EngineNetVer: 17, GameNetVer: 0 (Checksum: 3145920875)
[2023.04.16-10.56.37:860][  0]LogHMD: PokeAHoleMaterial loaded successfully
[2023.04.16-10.56.38:009][  0]LogCollectionManager: Loaded 0 collections in 0.001068 seconds
[2023.04.16-10.56.38:041][  0]LogFileCache: Scanning file cache for directory 'D:/Users/qkrdl/Documents/GitHub/Zolup-Button_Project_MF/Project_MF/Saved/Collections/' took 0.03s
[2023.04.16-10.56.38:041][  0]LogFileCache: Scanning file cache for directory 'D:/Users/qkrdl/Documents/GitHub/Zolup-Button_Project_MF/Project_MF/Content/Developers/qkrdl/Collections/' took 0.00s
[2023.04.16-10.56.38:041][  0]LogFileCache: Scanning file cache for directory 'D:/Users/qkrdl/Documents/GitHub/Zolup-Button_Project_MF/Project_MF/Content/Collections/' took 0.00s
[2023.04.16-10.56.38:041][  0]LogCollectionManager: Fixed up redirectors for 0 collections in 0.000002 seconds (updated 0 objects)
[2023.04.16-10.56.38:196][  0]LogPython: Using Python 3.7.7
[2023.04.16-10.56.38:973][  0]LogNiagaraDebuggerClient: Niagara Debugger Client Initialized | Session: 3F9907954CC514E5815CEB812579A4FA | Instance: 440AC00D45C081B490BEA68B2F2ADB1F (DESKTOP-7O2N4A7-20772).
[2023.04.16-10.56.39:504][  0]LogUObjectGlobals: Warning: 'ParticleSystem /Game/Resource/Effects/gun/Gun_effect_defalt_n.Gun_effect_defalt_n' 오브젝트를 찾는 데 실패했습니다.
[2023.04.16-10.56.39:504][  0]Error: CDO Constructor (GamePlayerCharacter): Failed to find /Game/Resource/Effects/gun/Gun_effect_defalt_n.Gun_effect_defalt_n

[2023.04.16-10.56.39:521][  0]LogUObjectBase: Warning: -------------- Default Property warnings and errors:
[2023.04.16-10.56.39:521][  0]LogUObjectBase: Warning: Error: CDO Constructor (GamePlayerCharacter): Failed to find /Game/Resource/Effects/gun/Gun_effect_defalt_n.Gun_effect_defalt_n

[2023.04.16-10.56.39:521][  0]Message dialog closed, result: Ok, title: 메시지, text: 디폴트 프로퍼티 경고 및 오류:
Error: CDO Constructor (GamePlayerCharacter): Failed to find /Game/Resource/Effects/gun/Gun_effect_defalt_n.Gun_effect_defalt_n


[2023.04.16-10.56.39:822][  0]LogOpenImageDenoise: OIDN starting up
[2023.04.16-10.56.39:855][  0]SourceControl: 소스 컨트롤이 꺼졌습니다.
[2023.04.16-10.56.39:855][  0]SourceControl: 소스 컨트롤이 꺼졌습니다.
[2023.04.16-10.56.39:863][  0]SourceControl: 소스 컨트롤이 꺼졌습니다.
[2023.04.16-10.56.39:867][  0]SourceControl: 소스 컨트롤이 꺼졌습니다.
[2023.04.16-10.56.39:870][  0]SourceControl: 소스 컨트롤이 꺼졌습니다.
[2023.04.16-10.56.39:890][  0]LogAndroidPermission: UAndroidPermissionCallbackProxy::GetInstance
[2023.04.16-10.56.39:918][  0]LogAudioCaptureCore: Display: No Audio Capture implementations found. Audio input will be silent.
[2023.04.16-10.56.39:918][  0]LogAudioCaptureCore: Display: No Audio Capture implementations found. Audio input will be silent.
[2023.04.16-10.56.40:009][  0]LogUProjectInfo: Found projects:
[2023.04.16-10.56.40:085][  0]LogOcInput: OculusInput pre-init called
[2023.04.16-10.56.40:122][  0]LogUObjectArray: 27066 objects as part of root set at end of initial load.
[2023.04.16-10.56.40:122][  0]LogUObjectAllocator: 8197152 out of 0 bytes used by permanent object pool.
[2023.04.16-10.56.40:122][  0]LogUObjectArray: CloseDisregardForGC: 0/0 objects in disregard for GC pool
[2023.04.16-10.56.40:124][  0]LogInit: Error: VisualStudioToolsCommandlet looked like a commandlet, but we could not find the class.
[2023.04.16-10.56.40:124][  0]LogCore: Engine exit requested (reason: Failed to find commandlet class VisualStudioToolsCommandlet)
[2023.04.16-10.56.40:124][  0]LogCore: Engine exit requested (reason: EngineExit() was called; note: exit was already requested)
[2023.04.16-10.56.40:124][  0]LogExit: Preparing to exit.
[2023.04.16-10.56.40:133][  0]LogUObjectHash: Compacting FUObjectHashTables data took   1.13ms
[2023.04.16-10.56.40:194][  0]LogDemo: Cleaned up 0 splitscreen connections with owner deletion
[2023.04.16-10.56.40:243][  0]LogExit: Object subsystem successfully closed.
[2023.04.16-10.56.40:262][  0]LogModuleManager: Shutting down and abandoning module AudioSynesthesiaEditor (596)
[2023.04.16-10.56.40:262][  0]LogModuleManager: Shutting down and abandoning module OculusEditor (594)
[2023.04.16-10.56.40:262][  0]LogModuleManager: Shutting down and abandoning module OculusInput (592)
[2023.04.16-10.56.40:262][  0]LogModuleManager: Shutting down and abandoning module ContentBrowserClassDataSource (590)
[2023.04.16-10.56.40:262][  0]LogModuleManager: Shutting down and abandoning module ContentBrowserFileDataSource (588)
[2023.04.16-10.56.40:262][  0]LogModuleManager: Shutting down and abandoning module ContentBrowserAssetDataSource (586)
[2023.04.16-10.56.40:262][  0]LogModuleManager: Shutting down and abandoning module ToolMenus (585)
[2023.04.16-10.56.40:262][  0]LogModuleManager: Shutting down and abandoning module TakeSequencer (582)
[2023.04.16-10.56.40:262][  0]LogModuleManager: Shutting down and abandoning module TakeMovieScene (580)
[2023.04.16-10.56.40:262][  0]LogModuleManager: Shutting down and abandoning module ScreenshotTools (578)
[2023.04.16-10.56.40:262][  0]LogModuleManager: Shutting down and abandoning module SynthesisEditor (576)
[2023.04.16-10.56.40:262][  0]LogModuleManager: Shutting down and abandoning module Synthesis (574)
[2023.04.16-10.56.40:262][  0]LogModuleManager: Shutting down and abandoning module ProceduralMeshComponentEditor (572)
[2023.04.16-10.56.40:262][  0]LogModuleManager: Shutting down and abandoning module ProceduralMeshComponent (570)
[2023.04.16-10.56.40:262][  0]LogModuleManager: Shutting down and abandoning module VisualStudioSourceCodeAccess (568)
[2023.04.16-10.56.40:262][  0]LogModuleManager: Shutting down and abandoning module VisualStudioCodeSourceCodeAccess (566)
[2023.04.16-10.56.40:262][  0]LogModuleManager: Shutting down and abandoning module OpenXREditor (564)
[2023.04.16-10.56.40:262][  0]LogModuleManager: Shutting down and abandoning module MobilePatchingUtils (562)
[2023.04.16-10.56.40:262][  0]LogModuleManager: Shutting down and abandoning module GooglePAD (560)
[2023.04.16-10.56.40:262][  0]LogModuleManager: Shutting down and abandoning module EditableMesh (558)
[2023.04.16-10.56.40:262][  0]LogModuleManager: Shutting down and abandoning module CustomMeshComponent (556)
[2023.04.16-10.56.40:262][  0]LogModuleManager: Shutting down and abandoning module CableComponent (554)
[2023.04.16-10.56.40:262][  0]LogModuleManager: Shutting down and abandoning module AudioCapture (552)
[2023.04.16-10.56.40:262][  0]LogModuleManager: Shutting down and abandoning module AudioCaptureRtAudio (551)
[2023.04.16-10.56.40:262][  0]LogModuleManager: Shutting down and abandoning module AssetTags (548)
[2023.04.16-10.56.40:262][  0]LogModuleManager: Shutting down and abandoning module ArchVisCharacter (546)
[2023.04.16-10.56.40:262][  0]LogModuleManager: Shutting down and abandoning module AppleImageUtilsBlueprintSupport (544)
[2023.04.16-10.56.40:262][  0]LogModuleManager: Shutting down and abandoning module AppleImageUtils (542)
[2023.04.16-10.56.40:262][  0]LogModuleManager: Shutting down and abandoning module AndroidPermission (540)
[2023.04.16-10.56.40:262][  0]LogModuleManager: Shutting down and abandoning module ActorLayerUtilitiesEditor (538)
[2023.04.16-10.56.40:262][  0]LogModuleManager: Shutting down and abandoning module ActorLayerUtilities (536)
[2023.04.16-10.56.40:264][  0]LogModuleManager: Shutting down and abandoning module TemplateSequence (534)
[2023.04.16-10.56.40:264][  0]LogModuleManager: Shutting down and abandoning module MediaCompositing (532)
[2023.04.16-10.56.40:264][  0]LogModuleManager: Shutting down and abandoning module PluginUtils (530)
[2023.04.16-10.56.40:264][  0]LogModuleManager: Shutting down and abandoning module UObjectPlugin (528)
[2023.04.16-10.56.40:264][  0]LogModuleManager: Shutting down and abandoning module SubversionSourceControl (526)
[2023.04.16-10.56.40:264][  0]LogModuleManager: Shutting down and abandoning module GitSourceControl (524)
[2023.04.16-10.56.40:264][  0]LogModuleManager: Shutting down and abandoning module PlasticSourceControl (522)
[2023.04.16-10.56.40:264][  0]LogModuleManager: Shutting down and abandoning module MagicLeapSharedWorld (520)
[2023.04.16-10.56.40:264][  0]LogModuleManager: Shutting down and abandoning module PerforceSourceControl (518)
[2023.04.16-10.56.40:264][  0]LogModuleManager: Shutting down and abandoning module SourceControl (517)
[2023.04.16-10.56.40:264][  0]LogModuleManager: Shutting down and abandoning module MagicLeapLightEstimation (514)
[2023.04.16-10.56.40:264][  0]LogModuleManager: Shutting down and abandoning module CLionSourceCodeAccess (512)
[2023.04.16-10.56.40:264][  0]LogModuleManager: Shutting down and abandoning module AnimationSharingEd (510)
[2023.04.16-10.56.40:264][  0]LogModuleManager: Shutting down and abandoning module MagicLeapHelperVulkan (508)
[2023.04.16-10.56.40:264][  0]LogModuleManager: Shutting down and abandoning module MagicLeapHelperOpenGL (506)
[2023.04.16-10.56.40:264][  0]LogModuleManager: Shutting down and abandoning module MagicLeapAudio (504)
[2023.04.16-10.56.40:264][  0]LogModuleManager: Shutting down and abandoning module NiagaraEditorWidgets (502)
[2023.04.16-10.56.40:264][  0]LogModuleManager: Shutting down and abandoning module OpenImageDenoise (500)
[2023.04.16-10.56.40:264][  0]LogOpenImageDenoise: OIDN shutting down
[2023.04.16-10.56.40:264][  0]LogModuleManager: Shutting down and abandoning module MotoSynthEditor (498)
[2023.04.16-10.56.40:264][  0]LogModuleManager: Shutting down and abandoning module MotoSynth (496)
[2023.04.16-10.56.40:264][  0]LogModuleManager: Shutting down and abandoning module AutomationUtilsEditor (494)
[2023.04.16-10.56.40:264][  0]LogModuleManager: Shutting down and abandoning module AutomationUtils (492)
[2023.04.16-10.56.40:264][  0]LogModuleManager: Shutting down and abandoning module GeometryCacheTracks (490)
[2023.04.16-10.56.40:264][  0]LogModuleManager: Shutting down and abandoning module GeometryCacheStreamer (488)
[2023.04.16-10.56.40:264][  0]LogModuleManager: Shutting down and abandoning module GeometryCacheSequencer (486)
[2023.04.16-10.56.40:264][  0]LogModuleManager: Shutting down and abandoning module MeshConversion (484)
[2023.04.16-10.56.40:264][  0]LogModuleManager: Shutting down and abandoning module DynamicMesh (482)
[2023.04.16-10.56.40:264][  0]LogModuleManager: Shutting down and abandoning module GeometryAlgorithms (480)
[2023.04.16-10.56.40:264][  0]LogModuleManager: Shutting down and abandoning module GeometricObjects (478)
[2023.04.16-10.56.40:264][  0]LogModuleManager: Shutting down and abandoning module GeometryCollectionTracks (476)
[2023.04.16-10.56.40:264][  0]LogModuleManager: Shutting down and abandoning module GeometryCollectionSequencer (475)
[2023.04.16-10.56.40:264][  0]LogModuleManager: Shutting down and abandoning module GeometryCollectionEditor (472)
[2023.04.16-10.56.40:264][  0]LogModuleManager: Shutting down and abandoning module FractureEditor (470)
[2023.04.16-10.56.40:264][  0]LogModuleManager: Shutting down and abandoning module AlembicImporter (468)
[2023.04.16-10.56.40:265][  0]LogModuleManager: Shutting down and abandoning module AlembicLibrary (467)
[2023.04.16-10.56.40:265][  0]LogModuleManager: Shutting down and abandoning module GeometryCache (466)
[2023.04.16-10.56.40:265][  0]LogModuleManager: Shutting down and abandoning module GeometryCacheEd (465)
[2023.04.16-10.56.40:265][  0]LogModuleManager: Shutting down and abandoning module ChaosNiagara (460)
[2023.04.16-10.56.40:265][  0]LogModuleManager: Shutting down and abandoning module ChaosSolverEditor (458)
[2023.04.16-10.56.40:265][  0]LogModuleManager: Shutting down and abandoning module FieldSystemEngine (457)
[2023.04.16-10.56.40:265][  0]LogModuleManager: Shutting down and abandoning module ChaosClothEditor (454)
[2023.04.16-10.56.40:265][  0]LogModuleManager: Shutting down and abandoning module VariantManagerContentEditor (452)
[2023.04.16-10.56.40:265][  0]LogModuleManager: Shutting down and abandoning module DatasmithContentEditor (450)
[2023.04.16-10.56.40:265][  0]LogModuleManager: Shutting down and abandoning module SpeedTreeImporter (448)
[2023.04.16-10.56.40:265][  0]LogModuleManager: Shutting down and abandoning module PluginBrowser (446)
[2023.04.16-10.56.40:265][  0]LogModuleManager: Shutting down and abandoning module MaterialAnalyzer (444)
[2023.04.16-10.56.40:265][  0]LogModuleManager: Shutting down and abandoning module MobileLauncherProfileWizard (442)
[2023.04.16-10.56.40:265][  0]LogModuleManager: Shutting down and abandoning module CurveEditorTools (440)
[2023.04.16-10.56.40:265][  0]LogModuleManager: Shutting down and abandoning module CryptoKeysOpenSSL (438)
[2023.04.16-10.56.40:265][  0]LogModuleManager: Shutting down and abandoning module CryptoKeys (436)
[2023.04.16-10.56.40:265][  0]LogModuleManager: Shutting down and abandoning module OodleNetworkHandlerComponent (434)
[2023.04.16-10.56.40:265][  0]LogModuleManager: Shutting down and abandoning module LightPropagationVolumeEditor (432)
[2023.04.16-10.56.40:265][  0]LogModuleManager: Shutting down and abandoning module LiveLinkSequencer (430)
[2023.04.16-10.56.40:265][  0]LogModuleManager: Shutting down and abandoning module LiveLinkMovieScene (428)
[2023.04.16-10.56.40:265][  0]LogModuleManager: Shutting down and abandoning module LiveLinkGraphNode (426)
[2023.04.16-10.56.40:265][  0]LogModuleManager: Shutting down and abandoning module LiveLinkEditor (424)
[2023.04.16-10.56.40:265][  0]LogModuleManager: Shutting down and abandoning module LiveLinkComponents (422)
[2023.04.16-10.56.40:265][  0]LogModuleManager: Shutting down and abandoning module LiveLink (420)
[2023.04.16-10.56.40:556][  0]LogModuleManager: Shutting down and abandoning module PaperTiledImporter (418)
[2023.04.16-10.56.40:556][  0]LogModuleManager: Shutting down and abandoning module PaperSpriteSheetImporter (416)
[2023.04.16-10.56.40:556][  0]LogModuleManager: Shutting down and abandoning module Paper2DEditor (414)
[2023.04.16-10.56.40:556][  0]LogModuleManager: Shutting down and abandoning module MeshPaintingToolset (412)
[2023.04.16-10.56.40:556][  0]LogModuleManager: Shutting down and abandoning module MeshPaintEditorMode (410)
[2023.04.16-10.56.40:556][  0]LogModuleManager: Shutting down and abandoning module Project_MF (408)
[2023.04.16-10.56.40:556][  0]LogModuleManager: Shutting down and abandoning module AnimGraph (407)
[2023.04.16-10.56.40:557][  0]LogModuleManager: Shutting down and abandoning module SoundFields (404)
[2023.04.16-10.56.40:557][  0]LogModuleManager: Shutting down and abandoning module SignificanceManager (402)
[2023.04.16-10.56.40:557][  0]LogModuleManager: Shutting down and abandoning module RuntimePhysXCooking (400)
[2023.04.16-10.56.40:557][  0]LogModuleManager: Shutting down and abandoning module PropertyAccessEditor (398)
[2023.04.16-10.56.40:557][  0]LogModuleManager: Shutting down and abandoning module PhysXVehiclesEditor (396)
[2023.04.16-10.56.40:557][  0]LogModuleManager: Shutting down and abandoning module LocationServicesBPLibrary (392)
[2023.04.16-10.56.40:557][  0]LogModuleManager: Shutting down and abandoning module AudioSynesthesia (390)
[2023.04.16-10.56.40:557][  0]LogModuleManager: Shutting down and abandoning module AudioSynesthesiaCore (388)
[2023.04.16-10.56.40:557][  0]LogModuleManager: Shutting down and abandoning module ActorSequence (386)
[2023.04.16-10.56.40:557][  0]LogModuleManager: Shutting down and abandoning module UdpMessaging (384)
[2023.04.16-10.56.40:557][  0]LogModuleManager: Shutting down and abandoning module TcpMessaging (382)
[2023.04.16-10.56.40:557][  0]LogModuleManager: Shutting down and abandoning module PropertyAccessNode (380)
[2023.04.16-10.56.40:557][  0]LogModuleManager: Shutting down and abandoning module MagicLeapARPin (378)
[2023.04.16-10.56.40:557][  0]LogModuleManager: Shutting down and abandoning module AnimationSharing (376)
[2023.04.16-10.56.40:557][  0]LogModuleManager: Shutting down and abandoning module MagicLeapHandMeshing (374)
[2023.04.16-10.56.40:557][  0]LogModuleManager: Shutting down and abandoning module MagicLeapSecureStorage (372)
[2023.04.16-10.56.40:557][  0]LogModuleManager: Shutting down and abandoning module MagicLeapPrivileges (370)
[2023.04.16-10.56.40:557][  0]LogModuleManager: Shutting down and abandoning module MagicLeapPlanes (368)
[2023.04.16-10.56.40:557][  0]LogMagicLeapPlanes: Planes tracker already destroyed.
[2023.04.16-10.56.40:557][  0]LogModuleManager: Shutting down and abandoning module MagicLeapImageTracker (366)
[2023.04.16-10.56.40:557][  0]LogModuleManager: Shutting down and abandoning module MagicLeapIdentity (364)
[2023.04.16-10.56.40:557][  0]LogModuleManager: Shutting down and abandoning module MagicLeapHandTracking (362)
[2023.04.16-10.56.40:557][  0]LogModuleManager: Shutting down and abandoning module MagicLeapEyeTracker (360)
[2023.04.16-10.56.40:557][  0]LogModuleManager: Shutting down and abandoning module MagicLeapController (358)
[2023.04.16-10.56.40:557][  0]LogModuleManager: Shutting down and abandoning module MagicLeapARPinImpl (356)
[2023.04.16-10.56.40:557][  0]LogModuleManager: Shutting down and abandoning module MagicLeapAR (354)
[2023.04.16-10.56.40:557][  0]LogModuleManager: Shutting down and abandoning module NiagaraAnimNotifies (352)
[2023.04.16-10.56.40:557][  0]LogModuleManager: Shutting down and abandoning module Niagara (350)
[2023.04.16-10.56.40:557][  0]LogModuleManager: Shutting down and abandoning module SignalProcessing (349)
[2023.04.16-10.56.40:557][  0]LogModuleManager: Shutting down and abandoning module NiagaraEditor (347)
[2023.04.16-10.56.40:557][  0]LogModuleManager: Shutting down and abandoning module NiagaraCore (344)
[2023.04.16-10.56.40:557][  0]LogModuleManager: Shutting down and abandoning module PythonScriptPlugin (342)
[2023.04.16-10.56.40:557][  0]LogModuleManager: Shutting down and abandoning module GameplayTagsEditor (340)
[2023.04.16-10.56.40:557][  0]LogModuleManager: Shutting down and abandoning module FacialAnimationEditor (338)
[2023.04.16-10.56.40:557][  0]LogModuleManager: Shutting down and abandoning module FacialAnimation (336)
[2023.04.16-10.56.40:557][  0]LogModuleManager: Shutting down and abandoning module DataValidation (334)
[2023.04.16-10.56.40:557][  0]LogModuleManager: Shutting down and abandoning module AssetManagerEditor (332)
[2023.04.16-10.56.40:557][  0]LogModuleManager: Shutting down and abandoning module TreeMap (331)
[2023.04.16-10.56.40:557][  0]LogModuleManager: Shutting down and abandoning module LightPropagationVolumeRuntime (328)
[2023.04.16-10.56.40:557][  0]LogModuleManager: Shutting down and abandoning module GameplayCameras (326)
[2023.04.16-10.56.40:557][  0]LogModuleManager: Shutting down and abandoning module EnvironmentQueryEditor (324)
[2023.04.16-10.56.40:557][  0]LogModuleManager: Shutting down and abandoning module Paper2D (322)
[2023.04.16-10.56.40:557][  0]LogModuleManager: Shutting down and abandoning module NetworkReplayStreaming (320)
[2023.04.16-10.56.40:557][  0]LogModuleManager: Shutting down and abandoning module PacketHandler (318)
[2023.04.16-10.56.40:557][  0]LogModuleManager: Shutting down and abandoning module ClothingSystemEditor (316)
[2023.04.16-10.56.40:558][  0]LogModuleManager: Shutting down and abandoning module ClothingSystemRuntimeNv (314)
[2023.04.16-10.56.40:558][  0]LogModuleManager: Shutting down and abandoning module MediaAssets (312)
[2023.04.16-10.56.40:558][  0]LogModuleManager: Shutting down and abandoning module Overlay (310)
[2023.04.16-10.56.40:558][  0]LogModuleManager: Shutting down and abandoning module OverlayEditor (309)
[2023.04.16-10.56.40:558][  0]LogModuleManager: Shutting down and abandoning module Blutility (306)
[2023.04.16-10.56.40:558][  0]LogModuleManager: Shutting down and abandoning module LevelEditor (305)
[2023.04.16-10.56.40:558][  0]LogModuleManager: Shutting down and abandoning module PixelInspectorModule (304)
[2023.04.16-10.56.40:558][  0]LogModuleManager: Shutting down and abandoning module CommonMenuExtensions (302)
[2023.04.16-10.56.40:558][  0]LogModuleManager: Shutting down and abandoning module MainFrame (300)
[2023.04.16-10.56.40:559][  0]LogModuleManager: Shutting down and abandoning module HotReload (299)
[2023.04.16-10.56.40:559][  0]LogModuleManager: Shutting down and abandoning module ContentBrowser (295)
[2023.04.16-10.56.40:559][  0]LogModuleManager: Shutting down and abandoning module CollectionManager (294)
[2023.04.16-10.56.40:559][  0]LogModuleManager: Shutting down and abandoning module ContentBrowserData (292)
[2023.04.16-10.56.40:559][  0]LogModuleManager: Shutting down and abandoning module IntroTutorials (288)
[2023.04.16-10.56.40:559][  0]LogModuleManager: Shutting down and abandoning module VREditor (286)
[2023.04.16-10.56.40:559][  0]LogModuleManager: Shutting down and abandoning module StringTableEditor (284)
[2023.04.16-10.56.40:559][  0]LogModuleManager: Shutting down and abandoning module GameplayTasksEditor (282)
[2023.04.16-10.56.40:559][  0]LogModuleManager: Shutting down and abandoning module BehaviorTreeEditor (280)
[2023.04.16-10.56.40:559][  0]LogModuleManager: Shutting down and abandoning module FunctionalTesting (278)
[2023.04.16-10.56.40:559][  0]LogModuleManager: Shutting down and abandoning module CollisionAnalyzer (276)
[2023.04.16-10.56.40:559][  0]LogModuleManager: Shutting down and abandoning module WorkspaceMenuStructure (275)
[2023.04.16-10.56.40:559][  0]LogModuleManager: Shutting down and abandoning module UMG (272)
[2023.04.16-10.56.40:559][  0]LogModuleManager: Shutting down and abandoning module UMGEditor (271)
[2023.04.16-10.56.40:559][  0]LogModuleManager: Shutting down and abandoning module MessageLog (269)
[2023.04.16-10.56.40:560][  0]LogModuleManager: Shutting down and abandoning module SlateReflector (264)
[2023.04.16-10.56.40:560][  0]LogModuleManager: Shutting down and abandoning module Slate (262)
[2023.04.16-10.56.40:560][  0]LogModuleManager: Shutting down and abandoning module SlateCore (260)
[2023.04.16-10.56.40:561][  0]LogModuleManager: Shutting down and abandoning module LandscapeEditorUtilities (258)
[2023.04.16-10.56.40:561][  0]LogModuleManager: Shutting down and abandoning module UnrealEd (256)
[2023.04.16-10.56.40:561][  0]LogModuleManager: Shutting down and abandoning module MRMesh (254)
[2023.04.16-10.56.40:561][  0]LogModuleManager: Shutting down and abandoning module SourceCodeAccess (252)
[2023.04.16-10.56.40:561][  0]LogModuleManager: Shutting down and abandoning module HeadMountedDisplay (250)
[2023.04.16-10.56.40:561][  0]LogModuleManager: Shutting down and abandoning module XAudio2 (248)
[2023.04.16-10.56.40:561][  0]LogModuleManager: Shutting down and abandoning module Networking (246)
[2023.04.16-10.56.40:561][  0]LogModuleManager: Shutting down and abandoning module Core (244)
[2023.04.16-10.56.40:561][  0]LogModuleManager: Shutting down and abandoning module MaterialEditor (242)
[2023.04.16-10.56.40:561][  0]LogModuleManager: Shutting down and abandoning module Settings (241)
[2023.04.16-10.56.40:561][  0]LogModuleManager: Shutting down and abandoning module MovieSceneTools (238)
[2023.04.16-10.56.40:561][  0]LogModuleManager: Shutting down and abandoning module CurveEditor (237)
[2023.04.16-10.56.40:561][  0]LogModuleManager: Shutting down and abandoning module Sequencer (235)
[2023.04.16-10.56.40:561][  0]LogModuleManager: Shutting down and abandoning module EditorStyle (234)
[2023.04.16-10.56.40:561][  0]LogModuleManager: Shutting down and abandoning module KismetCompiler (230)
[2023.04.16-10.56.40:561][  0]LogModuleManager: Shutting down and abandoning module MeshBuilder (228)
[2023.04.16-10.56.40:561][  0]LogModuleManager: Shutting down and abandoning module MeshUtilities (226)
[2023.04.16-10.56.40:561][  0]LogModuleManager: Shutting down and abandoning module MeshMergeUtilities (225)
[2023.04.16-10.56.40:561][  0]LogModuleManager: Shutting down and abandoning module MeshReductionInterface (224)
[2023.04.16-10.56.40:561][  0]LogModuleManager: Shutting down and abandoning module MeshBoneReduction (223)
[2023.04.16-10.56.40:561][  0]LogModuleManager: Shutting down and abandoning module ProxyLODMeshReduction (221)
[2023.04.16-10.56.40:561][  0]LogModuleManager: Shutting down and abandoning module SkeletalMeshReduction (219)
[2023.04.16-10.56.40:561][  0]LogModuleManager: Shutting down and abandoning module QuadricMeshReduction (217)
[2023.04.16-10.56.40:561][  0]LogModuleManager: Shutting down and abandoning module MaterialBaking (213)
[2023.04.16-10.56.40:563][  0]LogModuleManager: Shutting down and abandoning module DirectoryWatcher (209)
[2023.04.16-10.56.40:563][  0]LogModuleManager: Shutting down and abandoning module NullInstallBundleManager (206)
[2023.04.16-10.56.40:563][  0]LogModuleManager: Shutting down and abandoning module DerivedDataCache (204)
[2023.04.16-10.56.40:563][  0]LogModuleManager: Shutting down and abandoning module TargetPlatform (202)
[2023.04.16-10.56.40:563][  0]LogModuleManager: Shutting down and abandoning module VulkanShaderFormat (201)
[2023.04.16-10.56.40:563][  0]LogModuleManager: Shutting down and abandoning module ShaderFormatVectorVM (199)
[2023.04.16-10.56.40:563][  0]LogModuleManager: Shutting down and abandoning module ShaderFormatOpenGL (197)
[2023.04.16-10.56.40:563][  0]LogModuleManager: Shutting down and abandoning module ShaderFormatD3D (195)
[2023.04.16-10.56.40:563][  0]LogModuleManager: Shutting down and abandoning module MetalShaderFormat (193)
[2023.04.16-10.56.40:563][  0]LogModuleManager: Shutting down and abandoning module TextureFormatOodle (191)
[2023.04.16-10.56.40:563][  0]LogModuleManager: Shutting down and abandoning module TextureFormatUncompressed (189)
[2023.04.16-10.56.40:563][  0]LogModuleManager: Shutting down and abandoning module TextureFormatPVR (187)
[2023.04.16-10.56.40:563][  0]LogModuleManager: Shutting down and abandoning module TextureFormatETC2 (185)
[2023.04.16-10.56.40:563][  0]LogModuleManager: Shutting down and abandoning module TextureFormatDXT (183)
[2023.04.16-10.56.40:563][  0]LogModuleManager: Shutting down and abandoning module TextureFormatIntelISPCTexComp (181)
[2023.04.16-10.56.40:563][  0]LogModuleManager: Shutting down and abandoning module TextureFormatASTC (179)
[2023.04.16-10.56.40:563][  0]LogModuleManager: Shutting down and abandoning module ImageWrapper (178)
[2023.04.16-10.56.40:563][  0]LogModuleManager: Shutting down and abandoning module AudioFormatOpus (175)
[2023.04.16-10.56.40:563][  0]LogModuleManager: Shutting down and abandoning module AudioFormatOgg (173)
[2023.04.16-10.56.40:563][  0]LogModuleManager: Shutting down and abandoning module AudioFormatADPCM (171)
[2023.04.16-10.56.40:563][  0]LogModuleManager: Shutting down and abandoning module WindowsServerTargetPlatform (169)
[2023.04.16-10.56.40:563][  0]LogModuleManager: Shutting down and abandoning module WindowsClientTargetPlatform (167)
[2023.04.16-10.56.40:563][  0]LogModuleManager: Shutting down and abandoning module WindowsTargetPlatform (165)
[2023.04.16-10.56.40:563][  0]LogModuleManager: Shutting down and abandoning module WindowsNoEditorTargetPlatform (163)
[2023.04.16-10.56.40:563][  0]LogModuleManager: Shutting down and abandoning module TVOSTargetPlatform (161)
[2023.04.16-10.56.40:564][  0]LogModuleManager: Shutting down and abandoning module MacServerTargetPlatform (159)
[2023.04.16-10.56.40:564][  0]LogModuleManager: Shutting down and abandoning module MacClientTargetPlatform (157)
[2023.04.16-10.56.40:564][  0]LogModuleManager: Shutting down and abandoning module MacTargetPlatform (155)
[2023.04.16-10.56.40:564][  0]LogModuleManager: Shutting down and abandoning module MacNoEditorTargetPlatform (153)
[2023.04.16-10.56.40:564][  0]LogModuleManager: Shutting down and abandoning module LuminTargetPlatform (151)
[2023.04.16-10.56.40:565][  0]LogModuleManager: Shutting down and abandoning module LinuxAArch64ServerTargetPlatform (149)
[2023.04.16-10.56.40:565][  0]LogModuleManager: Shutting down and abandoning module LinuxAArch64ClientTargetPlatform (147)
[2023.04.16-10.56.40:565][  0]LogModuleManager: Shutting down and abandoning module LinuxAArch64NoEditorTargetPlatform (145)
[2023.04.16-10.56.40:565][  0]LogModuleManager: Shutting down and abandoning module LinuxServerTargetPlatform (143)
[2023.04.16-10.56.40:565][  0]LogModuleManager: Shutting down and abandoning module LinuxClientTargetPlatform (141)
[2023.04.16-10.56.40:565][  0]LogModuleManager: Shutting down and abandoning module LinuxNoEditorTargetPlatform (139)
[2023.04.16-10.56.40:565][  0]LogModuleManager: Shutting down and abandoning module LinuxTargetPlatform (137)
[2023.04.16-10.56.40:565][  0]LogModuleManager: Shutting down and abandoning module Messaging (135)
[2023.04.16-10.56.40:565][  0]LogModuleManager: Shutting down and abandoning module IOSTargetPlatform (133)
[2023.04.16-10.56.40:566][  0]LogModuleManager: Shutting down and abandoning module AndroidTargetPlatform (131)
[2023.04.16-10.56.40:569][  0]LogModuleManager: Shutting down and abandoning module AllDesktopTargetPlatform (129)
[2023.04.16-10.56.40:570][  0]LogModuleManager: Shutting down and abandoning module NullDrv (126)
[2023.04.16-10.56.40:570][  0]LogModuleManager: Shutting down and abandoning module PhysXCooking (124)
[2023.04.16-10.56.40:570][  0]LogModuleManager: Shutting down and abandoning module Chaos (122)
[2023.04.16-10.56.40:570][  0]LogModuleManager: Shutting down and abandoning module WindowsPlatformFeatures (120)
[2023.04.16-10.56.40:570][  0]LogModuleManager: Shutting down and abandoning module GameplayMediaEncoder (119)
[2023.04.16-10.56.40:570][  0]LogModuleManager: Shutting down and abandoning module AVEncoder (118)
[2023.04.16-10.56.40:570][  0]LogModuleManager: Shutting down and abandoning module ExampleDeviceProfileSelector (114)
[2023.04.16-10.56.40:570][  0]LogModuleManager: Shutting down and abandoning module OculusHMD (112)
[2023.04.16-10.56.40:570][  0]LogModuleManager: Shutting down and abandoning module SteamVRInputDevice (110)
[2023.04.16-10.56.40:570][  0]LogModuleManager: Shutting down and abandoning module SteamVRInput (108)
[2023.04.16-10.56.40:570][  0]LogModuleManager: Shutting down and abandoning module SteamVR (106)
[2023.04.16-10.56.40:570][  0]LogHMD: Freeing OpenVRDLLHandle.
[2023.04.16-10.56.40:570][  0]LogModuleManager: Shutting down and abandoning module OpenXREyeTracker (104)
[2023.04.16-10.56.40:570][  0]LogModuleManager: Shutting down and abandoning module OpenXRHandTracking (102)
[2023.04.16-10.56.40:570][  0]LogModuleManager: Shutting down and abandoning module OpenXRAR (100)
[2023.04.16-10.56.40:570][  0]LogModuleManager: Shutting down and abandoning module AugmentedReality (99)
[2023.04.16-10.56.40:570][  0]LogModuleManager: Shutting down and abandoning module OpenXRHMD (96)
[2023.04.16-10.56.40:570][  0]LogModuleManager: Shutting down and abandoning module ChunkDownloader (94)
[2023.04.16-10.56.40:570][  0]LogModuleManager: Shutting down and abandoning module OnlineBlueprintSupport (92)
[2023.04.16-10.56.40:570][  0]LogModuleManager: Shutting down and abandoning module LauncherChunkInstaller (88)
[2023.04.16-10.56.40:570][  0]LogModuleManager: Shutting down and abandoning module OnlineSubsystem (86)
[2023.04.16-10.56.40:571][  0]LogModuleManager: Shutting down and abandoning module XMPP (81)
[2023.04.16-10.56.40:571][  0]LogModuleManager: Shutting down and abandoning module WebSockets (80)
[2023.04.16-10.56.40:584][  0]LogModuleManager: Shutting down and abandoning module HTTP (77)
[2023.04.16-10.56.40:584][  0]LogHttp: Display: cleaning up 0 outstanding Http requests.
[2023.04.16-10.56.40:618][  0]LogModuleManager: Shutting down and abandoning module SSL (76)
[2023.04.16-10.56.40:619][  0]LogModuleManager: Shutting down and abandoning module WmfMedia (72)
[2023.04.16-10.56.40:620][  0]LogModuleManager: Shutting down and abandoning module Media (71)
[2023.04.16-10.56.40:621][  0]LogModuleManager: Shutting down and abandoning module MediaInfo (70)
[2023.04.16-10.56.40:621][  0]LogModuleManager: Shutting down and abandoning module ExrReaderGpu (66)
[2023.04.16-10.56.40:621][  0]LogModuleManager: Shutting down and abandoning module MLSDK (64)
[2023.04.16-10.56.40:621][  0]LogModuleManager: Shutting down and abandoning module PixWinPlugin (62)
[2023.04.16-10.56.40:621][  0]LogModuleManager: Shutting down and abandoning module MagicLeap (60)
[2023.04.16-10.56.40:621][  0]LogModuleManager: Shutting down and abandoning module NiagaraVertexFactories (58)
[2023.04.16-10.56.40:621][  0]LogModuleManager: Shutting down and abandoning module NiagaraShader (56)
[2023.04.16-10.56.40:621][  0]LogModuleManager: Shutting down and abandoning module ChaosCloth (54)
[2023.04.16-10.56.40:621][  0]LogModuleManager: Shutting down and abandoning module VariantManagerContent (52)
[2023.04.16-10.56.40:621][  0]LogModuleManager: Shutting down and abandoning module DatasmithContent (50)
[2023.04.16-10.56.40:621][  0]LogModuleManager: Shutting down and abandoning module AISupportModule (48)
[2023.04.16-10.56.40:621][  0]LogModuleManager: Shutting down and abandoning module PythonScriptPluginPreload (46)
[2023.04.16-10.56.40:621][  0]LogModuleManager: Shutting down and abandoning module PlatformCryptoOpenSSL (44)
[2023.04.16-10.56.40:621][  0]LogModuleManager: Shutting down and abandoning module PlatformCryptoTypes (42)
[2023.04.16-10.56.40:621][  0]LogModuleManager: Shutting down and abandoning module PlatformCrypto (40)
[2023.04.16-10.56.40:621][  0]LogModuleManager: Shutting down and abandoning module OodleDataCompressionFormat (38)
[2023.04.16-10.56.40:621][  0]LogModuleManager: Shutting down and abandoning module XGEController (36)
[2023.04.16-10.56.40:621][  0]LogXGEController: Cannot use XGE Controller as Incredibuild is not installed on this machine.
[2023.04.16-10.56.40:621][  0]LogModuleManager: Shutting down and abandoning module AnimationModifiers (34)
[2023.04.16-10.56.40:621][  0]LogModuleManager: Shutting down and abandoning module AudioEditor (32)
[2023.04.16-10.56.40:621][  0]LogModuleManager: Shutting down and abandoning module PropertyEditor (31)
[2023.04.16-10.56.40:621][  0]LogModuleManager: Shutting down and abandoning module TextureCompressor (28)
[2023.04.16-10.56.40:622][  0]LogModuleManager: Shutting down and abandoning module RenderCore (26)
[2023.04.16-10.56.40:622][  0]LogModuleManager: Shutting down and abandoning module Landscape (24)
[2023.04.16-10.56.40:622][  0]LogModuleManager: Shutting down and abandoning module SlateRHIRenderer (22)
[2023.04.16-10.56.40:622][  0]LogModuleManager: Shutting down and abandoning module AnimGraphRuntime (20)
[2023.04.16-10.56.40:622][  0]LogModuleManager: Shutting down and abandoning module Renderer (18)
[2023.04.16-10.56.40:622][  0]LogModuleManager: Shutting down and abandoning module Engine (16)
[2023.04.16-10.56.40:622][  0]LogModuleManager: Shutting down and abandoning module CoreUObject (14)
[2023.04.16-10.56.40:622][  0]LogModuleManager: Shutting down and abandoning module NetworkFile (12)
[2023.04.16-10.56.40:622][  0]LogModuleManager: Shutting down and abandoning module CookedIterativeFile (10)
[2023.04.16-10.56.40:622][  0]LogModuleManager: Shutting down and abandoning module StreamingFile (8)
[2023.04.16-10.56.40:622][  0]LogModuleManager: Shutting down and abandoning module SandboxFile (6)
[2023.04.16-10.56.40:622][  0]LogModuleManager: Shutting down and abandoning module PakFile (4)
[2023.04.16-10.56.40:622][  0]LogModuleManager: Shutting down and abandoning module RSA (3)
[2023.04.16-10.56.41:120][  0]LogContentStreaming: Display: There are 1 unreleased StreamingManagers
[2023.04.16-10.56.41:128][  0]LogExit: Exiting.
[2023.04.16-10.56.41:158][  0]Log file closed, 04/16/23 19:56:41
