Log file open, 03/30/23 14:39:18
LogWindows: Failed to load 'aqProf.dll' (GetLastError=126)
LogWindows: File 'aqProf.dll' does not exist
LogWindows: Failed to load 'VtuneApi.dll' (GetLastError=126)
LogWindows: File 'VtuneApi.dll' does not exist
LogWindows: Failed to load 'VtuneApi32e.dll' (GetLastError=126)
LogWindows: File 'VtuneApi32e.dll' does not exist
LogConsoleResponse: Display: Failed to find resolution value strings in scalability ini. Falling back to default.
LogConsoleResponse: Display: Failed to find resolution value strings in scalability ini. Falling back to default.
LogInit: Display: Running engine for game: Project_MF
LogPlatformFile: Not using cached read wrapper
LogTaskGraph: Started task graph with 5 named threads and 23 total threads with 3 sets of task threads.
LogStats: Stats thread started at 0.556049
LogICUInternationalization: ICU TimeZone Detection - Raw Offset: +9:00, Platform Override: ''
LogInit: Display: Loading text-based GConfig....
LogPluginManager: Mounting plugin MeshPainting
LogPluginManager: Mounting plugin XGEController
LogPluginManager: Mounting plugin Paper2D
LogPluginManager: Mounting plugin LightPropagationVolume
LogPluginManager: Mounting plugin AISupport
LogPluginManager: Mounting plugin LiveLink
LogPluginManager: Mounting plugin GameplayCameras
LogPluginManager: Mounting plugin EnvironmentQueryEditor
LogPluginManager: Mounting plugin CameraShakePreviewer
LogPluginManager: Mounting plugin AnimationSharing
LogPluginManager: Mounting plugin CLionSourceCodeAccess
LogPluginManager: Mounting plugin OodleData
LogPluginManager: Mounting plugin CodeLiteSourceCodeAccess
LogPluginManager: Mounting plugin KDevelopSourceCodeAccess
LogPluginManager: Mounting plugin NullSourceCodeAccess
LogPluginManager: Mounting plugin OodleNetwork
LogPluginManager: Mounting plugin GitSourceControl
LogPluginManager: Mounting plugin PerforceSourceControl
LogPluginManager: Mounting plugin PlasticSourceControl
LogPluginManager: Mounting plugin PixWinPlugin
LogPluginManager: Mounting plugin PluginUtils
LogPluginManager: Mounting plugin SubversionSourceControl
LogPluginManager: Mounting plugin TextureFormatOodle
LogPluginManager: Mounting plugin RiderSourceCodeAccess
LogPluginManager: Mounting plugin UObjectPlugin
LogPluginManager: Mounting plugin PropertyAccessNode
LogPluginManager: Mounting plugin VisualStudioSourceCodeAccess
LogPluginManager: Mounting plugin XCodeSourceCodeAccess
LogPluginManager: Mounting plugin CryptoKeys
LogPluginManager: Mounting plugin CurveEditorTools
LogPluginManager: Mounting plugin DataValidation
LogPluginManager: Mounting plugin DatasmithContent
LogPluginManager: Mounting plugin FacialAnimation
LogPluginManager: Mounting plugin GameplayTagsEditor
LogPluginManager: Mounting plugin GeometryMode
LogPluginManager: Mounting plugin MacGraphicsSwitching
LogPluginManager: Mounting plugin MaterialAnalyzer
LogPluginManager: Mounting plugin VariantManagerContent
LogPluginManager: Mounting plugin MobileLauncherProfileWizard
LogPluginManager: Mounting plugin PluginBrowser
LogPluginManager: Mounting plugin SpeedTreeImporter
LogPluginManager: Mounting plugin Niagara
LogPluginManager: Mounting plugin AssetManagerEditor
LogPluginManager: Mounting plugin AlembicImporter
LogPluginManager: Mounting plugin BackChannel
LogPluginManager: Mounting plugin ChaosCloth
LogPluginManager: Mounting plugin ChaosClothEditor
LogPluginManager: Mounting plugin VisualStudioCodeSourceCodeAccess
LogPluginManager: Mounting plugin AutomationUtils
LogPluginManager: Mounting plugin ChaosEditor
LogPluginManager: Mounting plugin ChaosNiagara
LogPluginManager: Mounting plugin ChaosSolverPlugin
LogPluginManager: Mounting plugin CharacterAI
LogPluginManager: Mounting plugin GeometryCache
LogPluginManager: Mounting plugin GeometryProcessing
LogPluginManager: Mounting plugin GeometryCollectionPlugin
LogPluginManager: Mounting plugin MotoSynth
LogPluginManager: Mounting plugin OpenImageDenoise
LogPluginManager: Mounting plugin LuminPlatformFeatures
LogPluginManager: Mounting plugin MagicLeap
LogPluginManager: Mounting plugin PlanarCut
LogPluginManager: Mounting plugin ProxyLODPlugin
LogPluginManager: Mounting plugin PythonScriptPlugin
LogPluginManager: Mounting plugin PlatformCrypto
LogPluginManager: Mounting plugin MagicLeapLightEstimation
LogPluginManager: Mounting plugin MagicLeapPassableWorld
LogPluginManager: Mounting plugin SkeletalReduction
LogPluginManager: Mounting plugin MagicLeapMedia
LogPluginManager: Mounting plugin MLSDK
LogPluginManager: Mounting plugin AndroidMedia
LogPluginManager: Mounting plugin AvfMedia
LogPluginManager: Mounting plugin ImgMedia
LogPluginManager: Mounting plugin MediaCompositing
LogPluginManager: Mounting plugin WebMMedia
LogPluginManager: Mounting plugin MediaPlayerEditor
LogPluginManager: Mounting plugin WmfMedia
LogPluginManager: Mounting plugin TcpMessaging
LogPluginManager: Mounting plugin UdpMessaging
LogPluginManager: Mounting plugin ActorSequence
LogPluginManager: Mounting plugin LevelSequenceEditor
LogPluginManager: Mounting plugin MatineeToLevelSequence
LogPluginManager: Mounting plugin TemplateSequence
LogPluginManager: Mounting plugin OnlineSubsystem
LogPluginManager: Mounting plugin OnlineSubsystemUtils
LogPluginManager: Mounting plugin OnlineSubsystemNull
LogPluginManager: Mounting plugin LauncherChunkInstaller
LogPluginManager: Mounting plugin ActorLayerUtilities
LogPluginManager: Mounting plugin AndroidMoviePlayer
LogPluginManager: Mounting plugin AndroidPermission
LogPluginManager: Mounting plugin AppleImageUtils
LogPluginManager: Mounting plugin AppleMoviePlayer
LogPluginManager: Mounting plugin AndroidDeviceProfileSelector
LogPluginManager: Mounting plugin AssetTags
LogPluginManager: Mounting plugin AudioCapture
LogPluginManager: Mounting plugin AudioSynesthesia
LogPluginManager: Mounting plugin ArchVisCharacter
LogPluginManager: Mounting plugin CableComponent
LogPluginManager: Mounting plugin ChunkDownloader
LogPluginManager: Mounting plugin CustomMeshComponent
LogPluginManager: Mounting plugin EditableMesh
LogPluginManager: Mounting plugin GoogleCloudMessaging
LogPluginManager: Mounting plugin GooglePAD
LogPluginManager: Mounting plugin ExampleDeviceProfileSelector
LogPluginManager: Mounting plugin IOSDeviceProfileSelector
LogPluginManager: Mounting plugin LinuxDeviceProfileSelector
LogPluginManager: Mounting plugin LocationServicesBPLibrary
LogPluginManager: Mounting plugin MobilePatchingUtils
LogPluginManager: Mounting plugin OpenXREyeTracker
LogPluginManager: Mounting plugin OpenXRHandTracking
LogPluginManager: Mounting plugin PhysXVehicles
LogPluginManager: Mounting plugin PostSplashScreen
LogPluginManager: Mounting plugin OpenXR
LogPluginManager: Mounting plugin ProceduralMeshComponent
LogPluginManager: Mounting plugin PropertyAccessEditor
LogPluginManager: Mounting plugin RuntimePhysXCooking
LogPluginManager: Mounting plugin SignificanceManager
LogPluginManager: Mounting plugin SoundFields
LogPluginManager: Mounting plugin Synthesis
LogPluginManager: Mounting plugin WindowsMoviePlayer
LogPluginManager: Mounting plugin WebMMoviePlayer
LogPluginManager: Mounting plugin ScreenshotTools
LogPluginManager: Mounting plugin Takes
LogPluginManager: Mounting plugin ContentBrowserAssetDataSource
LogPluginManager: Mounting plugin ContentBrowserFileDataSource
LogPluginManager: Mounting plugin ContentBrowserClassDataSource
LogPluginManager: Mounting plugin OnlineSubsystemGooglePlay
LogPluginManager: Mounting plugin OnlineSubsystemIOS
LogPluginManager: Mounting plugin OculusVR
LogPluginManager: Mounting plugin SteamVR
PixWinPlugin: PIX capture plugin failed to initialize! Check that the process is launched from PIX.
LogInit: Using libcurl 7.55.1-DEV
LogInit:  - built for x86_64-pc-win32
LogInit:  - supports SSL with OpenSSL/1.1.1
LogInit:  - supports HTTP deflate (compression) using libz 1.2.8
LogInit:  - other features:
LogInit:      CURL_VERSION_SSL
LogInit:      CURL_VERSION_LIBZ
LogInit:      CURL_VERSION_IPV6
LogInit:      CURL_VERSION_ASYNCHDNS
LogInit:      CURL_VERSION_LARGEFILE
LogInit:      CURL_VERSION_IDN
LogInit:  CurlRequestOptions (configurable via config and command line):
LogInit:  - bVerifyPeer = true  - Libcurl will verify peer certificate
LogInit:  - bUseHttpProxy = false  - Libcurl will NOT use HTTP proxy
LogInit:  - bDontReuseConnections = false  - Libcurl will reuse connections
LogInit:  - MaxHostConnections = 16  - Libcurl will limit the number of connections to a host
LogInit:  - LocalHostAddr = Default
LogInit:  - BufferSize = 65536
LogOnline: OSS: Creating online subsystem instance for: NULL
LogInit: WinSock: version 1.1 (2.2), MaxSocks=32767, MaxUdp=65467
LogOnline: OSS: TryLoadSubsystemAndSetDefault: Loaded subsystem for module [NULL]
LogInit: Build: ++UE4+Release-4.27-CL-18319896
LogInit: Engine Version: 4.27.2-18319896+++UE4+Release-4.27
LogInit: Compatible Engine Version: 4.27.0-17155196+++UE4+Release-4.27
LogInit: Net CL: 17155196
LogInit: OS: Windows 10 (Release 2009) (), CPU: AMD Ryzen 3 3300X 4-Core Processor             , GPU: NVIDIA GeForce RTX 2060 SUPER
LogInit: Compiled (64-bit): Nov 30 2021 07:12:08
LogInit: Compiled with Visual C++: 19.24.28315.00
LogInit: Build Configuration: Development
LogInit: Branch Name: ++UE4+Release-4.27
LogInit: Command Line:  D:\Users\qkrdl\Documents\GitHub\Zolup-Button_Project_MF\Project_MF\Project_MF.uproject -run=VisualStudioTools -unattended -noshadercompile -noaudio -nullrhi -nocpuprofilertrace -nocrashreports -nosplash -output C:\Users\qkrdl\AppData\Local\Temp\tmp50FF.tmp
LogInit: Base Directory: D:/Program Files/Epic Games/UE_4.27/Engine/Binaries/Win64/
LogInit: Allocator: TBB
LogInit: Installed Engine Build: 1
LogDevObjectVersion: Number of dev versions registered: 29
LogDevObjectVersion:   Dev-Blueprints (B0D832E4-1F89-4F0D-ACCF-7EB736FD4AA2): 10
LogDevObjectVersion:   Dev-Build (E1C64328-A22C-4D53-A36C-8E866417BD8C): 0
LogDevObjectVersion:   Dev-Core (375EC13C-06E4-48FB-B500-84F0262A717E): 4
LogDevObjectVersion:   Dev-Editor (E4B068ED-F494-42E9-A231-DA0B2E46BB41): 40
LogDevObjectVersion:   Dev-Framework (CFFC743F-43B0-4480-9391-14DF171D2073): 37
LogDevObjectVersion:   Dev-Mobile (B02B49B5-BB20-44E9-A304-32B752E40360): 3
LogDevObjectVersion:   Dev-Networking (A4E4105C-59A1-49B5-A7C5-40C4547EDFEE): 0
LogDevObjectVersion:   Dev-Online (39C831C9-5AE6-47DC-9A44-9C173E1C8E7C): 0
LogDevObjectVersion:   Dev-Physics (78F01B33-EBEA-4F98-B9B4-84EACCB95AA2): 14
LogDevObjectVersion:   Dev-Platform (6631380F-2D4D-43E0-8009-CF276956A95A): 0
LogDevObjectVersion:   Dev-Rendering (12F88B9F-8875-4AFC-A67C-D90C383ABD29): 45
LogDevObjectVersion:   Dev-Sequencer (7B5AE74C-D270-4C10-A958-57980B212A5A): 13
LogDevObjectVersion:   Dev-VR (D7296918-1DD6-4BDD-9DE2-64A83CC13884): 3
LogDevObjectVersion:   Dev-LoadTimes (C2A15278-BFE7-4AFE-6C17-90FF531DF755): 1
LogDevObjectVersion:   Private-Geometry (6EACA3D4-40EC-4CC1-B786-8BED09428FC5): 3
LogDevObjectVersion:   Dev-AnimPhys (29E575DD-E0A3-4627-9D10-D276232CDCEA): 17
LogDevObjectVersion:   Dev-Anim (AF43A65D-7FD3-4947-9873-3E8ED9C1BB05): 15
LogDevObjectVersion:   Dev-ReflectionCapture (6B266CEC-1EC7-4B8F-A30B-E4D90942FC07): 1
LogDevObjectVersion:   Dev-Automation (0DF73D61-A23F-47EA-B727-89E90C41499A): 1
LogDevObjectVersion:   FortniteMain (601D1886-AC64-4F84-AA16-D3DE0DEAC7D6): 47
LogDevObjectVersion:   FortniteRelease (E7086368-6B23-4C58-8439-1B7016265E91): 1
LogDevObjectVersion:   Dev-Enterprise (9DFFBCD6-494F-0158-E221-12823C92A888): 10
LogDevObjectVersion:   Dev-Niagara (F2AED0AC-9AFE-416F-8664-AA7FFA26D6FC): 1
LogDevObjectVersion:   Dev-Destruction (174F1F0B-B4C6-45A5-B13F-2EE8D0FB917D): 10
LogDevObjectVersion:   Dev-Physics-Ext (35F94A83-E258-406C-A318-09F59610247C): 41
LogDevObjectVersion:   Dev-PhysicsMaterial-Chaos (B68FC16E-8B1B-42E2-B453-215C058844FE): 1
LogDevObjectVersion:   Dev-CineCamera (B2E18506-4273-CFC2-A54E-F4BB758BBA07): 1
LogDevObjectVersion:   Dev-VirtualProduction (64F58936-FD1B-42BA-BA96-7289D5D0FA4E): 1
LogDevObjectVersion:   Dev-MediaFramework (6F0ED827-A609-4895-9C91-998D90180EA4): 2
LogInit: Presizing for max 25165824 objects, including 0 objects not considered by GC, pre-allocating 0 bytes for permanent pool.
LogConfig: Applying CVar settings from Section [/Script/Engine.StreamingSettings] File [D:/Users/qkrdl/Documents/GitHub/Zolup-Button_Project_MF/Project_MF/Saved/Config/Windows/Engine.ini]
LogConfig: Setting CVar [[s.MinBulkDataSizeForAsyncLoading:131072]]
LogConfig: Setting CVar [[s.AsyncLoadingThreadEnabled:0]]
LogConfig: Setting CVar [[s.EventDrivenLoaderEnabled:1]]
LogConfig: Setting CVar [[s.WarnIfTimeLimitExceeded:0]]
LogConfig: Setting CVar [[s.TimeLimitExceededMultiplier:1.5]]
LogConfig: Setting CVar [[s.TimeLimitExceededMinTime:0.005]]
LogConfig: Setting CVar [[s.UseBackgroundLevelStreaming:1]]
LogConfig: Setting CVar [[s.PriorityAsyncLoadingExtraTime:15.0]]
LogConfig: Setting CVar [[s.LevelStreamingActorsUpdateTimeLimit:5.0]]
LogConfig: Setting CVar [[s.PriorityLevelStreamingActorsUpdateExtraTime:5.0]]
LogConfig: Setting CVar [[s.LevelStreamingComponentsRegistrationGranularity:10]]
LogConfig: Setting CVar [[s.UnregisterComponentsTimeLimit:1.0]]
LogConfig: Setting CVar [[s.LevelStreamingComponentsUnregistrationGranularity:5]]
LogConfig: Setting CVar [[s.FlushStreamingOnExit:1]]
LogInit: Object subsystem initialized
LogConfig: Setting CVar [[con.DebugEarlyDefault:1]]
LogConfig: Setting CVar [[r.setres:1280x720]]
[2023.03.30-05.39.18:949][  0]LogConfig: Setting CVar [[con.DebugEarlyDefault:1]]
[2023.03.30-05.39.18:949][  0]LogConfig: Setting CVar [[r.setres:1280x720]]
[2023.03.30-05.39.18:949][  0]LogConfig: Applying CVar settings from Section [/Script/Engine.RendererSettings] File [D:/Users/qkrdl/Documents/GitHub/Zolup-Button_Project_MF/Project_MF/Saved/Config/Windows/Engine.ini]
[2023.03.30-05.39.18:949][  0]LogConfig: Setting CVar [[r.GPUCrashDebugging:0]]
[2023.03.30-05.39.18:949][  0]LogConfig: Applying CVar settings from Section [/Script/Engine.RendererOverrideSettings] File [D:/Users/qkrdl/Documents/GitHub/Zolup-Button_Project_MF/Project_MF/Saved/Config/Windows/Engine.ini]
[2023.03.30-05.39.18:949][  0]LogConfig: Applying CVar settings from Section [/Script/Engine.StreamingSettings] File [D:/Users/qkrdl/Documents/GitHub/Zolup-Button_Project_MF/Project_MF/Saved/Config/Windows/Engine.ini]
[2023.03.30-05.39.18:949][  0]LogConfig: Setting CVar [[s.MinBulkDataSizeForAsyncLoading:131072]]
[2023.03.30-05.39.18:949][  0]LogConfig: Setting CVar [[s.AsyncLoadingThreadEnabled:0]]
[2023.03.30-05.39.18:949][  0]LogConfig: Setting CVar [[s.EventDrivenLoaderEnabled:1]]
[2023.03.30-05.39.18:949][  0]LogConfig: Setting CVar [[s.WarnIfTimeLimitExceeded:0]]
[2023.03.30-05.39.18:949][  0]LogConfig: Setting CVar [[s.TimeLimitExceededMultiplier:1.5]]
[2023.03.30-05.39.18:949][  0]LogConfig: Setting CVar [[s.TimeLimitExceededMinTime:0.005]]
[2023.03.30-05.39.18:949][  0]LogConfig: Setting CVar [[s.UseBackgroundLevelStreaming:1]]
[2023.03.30-05.39.18:949][  0]LogConfig: Setting CVar [[s.PriorityAsyncLoadingExtraTime:15.0]]
[2023.03.30-05.39.18:949][  0]LogConfig: Setting CVar [[s.LevelStreamingActorsUpdateTimeLimit:5.0]]
[2023.03.30-05.39.18:949][  0]LogConfig: Setting CVar [[s.PriorityLevelStreamingActorsUpdateExtraTime:5.0]]
[2023.03.30-05.39.18:949][  0]LogConfig: Setting CVar [[s.LevelStreamingComponentsRegistrationGranularity:10]]
[2023.03.30-05.39.18:949][  0]LogConfig: Setting CVar [[s.UnregisterComponentsTimeLimit:1.0]]
[2023.03.30-05.39.18:949][  0]LogConfig: Setting CVar [[s.LevelStreamingComponentsUnregistrationGranularity:5]]
[2023.03.30-05.39.18:949][  0]LogConfig: Setting CVar [[s.FlushStreamingOnExit:1]]
[2023.03.30-05.39.18:949][  0]LogConfig: Applying CVar settings from Section [/Script/Engine.GarbageCollectionSettings] File [D:/Users/qkrdl/Documents/GitHub/Zolup-Button_Project_MF/Project_MF/Saved/Config/Windows/Engine.ini]
[2023.03.30-05.39.18:949][  0]LogConfig: Setting CVar [[gc.MaxObjectsNotConsideredByGC:1]]
[2023.03.30-05.39.18:949][  0]LogConfig: Setting CVar [[gc.SizeOfPermanentObjectPool:0]]
[2023.03.30-05.39.18:949][  0]LogConfig: Setting CVar [[gc.FlushStreamingOnGC:0]]
[2023.03.30-05.39.18:949][  0]LogConfig: Setting CVar [[gc.NumRetriesBeforeForcingGC:10]]
[2023.03.30-05.39.18:949][  0]LogConfig: Setting CVar [[gc.AllowParallelGC:1]]
[2023.03.30-05.39.18:949][  0]LogConfig: Setting CVar [[gc.TimeBetweenPurgingPendingKillObjects:61.1]]
[2023.03.30-05.39.18:949][  0]LogConfig: Setting CVar [[gc.MaxObjectsInEditor:25165824]]
[2023.03.30-05.39.18:949][  0]LogConfig: Setting CVar [[gc.IncrementalBeginDestroyEnabled:1]]
[2023.03.30-05.39.18:949][  0]LogConfig: Setting CVar [[gc.CreateGCClusters:1]]
[2023.03.30-05.39.18:949][  0]LogConfig: Setting CVar [[gc.MinGCClusterSize:5]]
[2023.03.30-05.39.18:949][  0]LogConfig: Setting CVar [[gc.ActorClusteringEnabled:0]]
[2023.03.30-05.39.18:949][  0]LogConfig: Setting CVar [[gc.BlueprintClusteringEnabled:0]]
[2023.03.30-05.39.18:949][  0]LogConfig: Setting CVar [[gc.UseDisregardForGCOnDedicatedServers:0]]
[2023.03.30-05.39.18:949][  0]LogConfig: Setting CVar [[gc.MultithreadedDestructionEnabled:1]]
[2023.03.30-05.39.18:949][  0]LogConfig: Applying CVar settings from Section [/Script/Engine.NetworkSettings] File [D:/Users/qkrdl/Documents/GitHub/Zolup-Button_Project_MF/Project_MF/Saved/Config/Windows/Engine.ini]
[2023.03.30-05.39.18:950][  0]LogConfig: Applying CVar settings from Section [/Script/UnrealEd.CookerSettings] File [D:/Users/qkrdl/Documents/GitHub/Zolup-Button_Project_MF/Project_MF/Saved/Config/Windows/Engine.ini]
[2023.03.30-05.39.18:950][  0]LogConfig: Applying CVar settings from Section [ViewDistanceQuality@3] File [D:/Users/qkrdl/Documents/GitHub/Zolup-Button_Project_MF/Project_MF/Saved/Config/Windows/Scalability.ini]
[2023.03.30-05.39.18:950][  0]LogConfig: Setting CVar [[r.SkeletalMeshLODBias:0]]
[2023.03.30-05.39.18:950][  0]LogConfig: Setting CVar [[r.ViewDistanceScale:1.0]]
[2023.03.30-05.39.18:950][  0]LogConfig: Applying CVar settings from Section [AntiAliasingQuality@3] File [D:/Users/qkrdl/Documents/GitHub/Zolup-Button_Project_MF/Project_MF/Saved/Config/Windows/Scalability.ini]
[2023.03.30-05.39.18:950][  0]LogConfig: Setting CVar [[r.PostProcessAAQuality:4]]
[2023.03.30-05.39.18:950][  0]LogConfig: Applying CVar settings from Section [ShadowQuality@3] File [D:/Users/qkrdl/Documents/GitHub/Zolup-Button_Project_MF/Project_MF/Saved/Config/Windows/Scalability.ini]
[2023.03.30-05.39.18:950][  0]LogConfig: Setting CVar [[r.LightFunctionQuality:1]]
[2023.03.30-05.39.18:950][  0]LogConfig: Setting CVar [[r.ShadowQuality:5]]
[2023.03.30-05.39.18:950][  0]LogConfig: Setting CVar [[r.Shadow.CSM.MaxCascades:10]]
[2023.03.30-05.39.18:950][  0]LogConfig: Setting CVar [[r.Shadow.MaxResolution:2048]]
[2023.03.30-05.39.18:950][  0]LogConfig: Setting CVar [[r.Shadow.MaxCSMResolution:2048]]
[2023.03.30-05.39.18:950][  0]LogConfig: Setting CVar [[r.Shadow.RadiusThreshold:0.01]]
[2023.03.30-05.39.18:950][  0]LogConfig: Setting CVar [[r.Shadow.DistanceScale:1.0]]
[2023.03.30-05.39.18:950][  0]LogConfig: Setting CVar [[r.Shadow.CSM.TransitionScale:1.0]]
[2023.03.30-05.39.18:950][  0]LogConfig: Setting CVar [[r.Shadow.PreShadowResolutionFactor:1.0]]
[2023.03.30-05.39.18:950][  0]LogConfig: Setting CVar [[r.DistanceFieldShadowing:1]]
[2023.03.30-05.39.18:950][  0]LogConfig: Setting CVar [[r.DistanceFieldAO:1]]
[2023.03.30-05.39.18:950][  0]LogConfig: Setting CVar [[r.AOQuality:2]]
[2023.03.30-05.39.18:950][  0]LogConfig: Setting CVar [[r.VolumetricFog:1]]
[2023.03.30-05.39.18:950][  0]LogConfig: Setting CVar [[r.VolumetricFog.GridPixelSize:8]]
[2023.03.30-05.39.18:950][  0]LogConfig: Setting CVar [[r.VolumetricFog.GridSizeZ:128]]
[2023.03.30-05.39.18:950][  0]LogConfig: Setting CVar [[r.VolumetricFog.HistoryMissSupersampleCount:4]]
[2023.03.30-05.39.18:950][  0]LogConfig: Setting CVar [[r.LightMaxDrawDistanceScale:1]]
[2023.03.30-05.39.18:950][  0]LogConfig: Setting CVar [[r.CapsuleShadows:1]]
[2023.03.30-05.39.18:950][  0]LogConfig: Applying CVar settings from Section [PostProcessQuality@3] File [D:/Users/qkrdl/Documents/GitHub/Zolup-Button_Project_MF/Project_MF/Saved/Config/Windows/Scalability.ini]
[2023.03.30-05.39.18:950][  0]LogConfig: Setting CVar [[r.MotionBlurQuality:4]]
[2023.03.30-05.39.18:950][  0]LogConfig: Setting CVar [[r.AmbientOcclusionMipLevelFactor:0.4]]
[2023.03.30-05.39.18:950][  0]LogConfig: Setting CVar [[r.AmbientOcclusionMaxQuality:100]]
[2023.03.30-05.39.18:950][  0]LogConfig: Setting CVar [[r.AmbientOcclusionLevels:-1]]
[2023.03.30-05.39.18:950][  0]LogConfig: Setting CVar [[r.AmbientOcclusionRadiusScale:1.0]]
[2023.03.30-05.39.18:950][  0]LogConfig: Setting CVar [[r.DepthOfFieldQuality:2]]
[2023.03.30-05.39.18:950][  0]LogConfig: Setting CVar [[r.RenderTargetPoolMin:400]]
[2023.03.30-05.39.18:950][  0]LogConfig: Setting CVar [[r.LensFlareQuality:2]]
[2023.03.30-05.39.18:950][  0]LogConfig: Setting CVar [[r.SceneColorFringeQuality:1]]
[2023.03.30-05.39.18:950][  0]LogConfig: Setting CVar [[r.EyeAdaptationQuality:2]]
[2023.03.30-05.39.18:950][  0]LogConfig: Setting CVar [[r.BloomQuality:5]]
[2023.03.30-05.39.18:950][  0]LogConfig: Setting CVar [[r.FastBlurThreshold:100]]
[2023.03.30-05.39.18:950][  0]LogConfig: Setting CVar [[r.Upscale.Quality:3]]
[2023.03.30-05.39.18:950][  0]LogConfig: Setting CVar [[r.Tonemapper.GrainQuantization:1]]
[2023.03.30-05.39.18:950][  0]LogConfig: Setting CVar [[r.LightShaftQuality:1]]
[2023.03.30-05.39.18:950][  0]LogConfig: Setting CVar [[r.Filter.SizeScale:1]]
[2023.03.30-05.39.18:950][  0]LogConfig: Setting CVar [[r.Tonemapper.Quality:5]]
[2023.03.30-05.39.18:950][  0]LogConfig: Setting CVar [[r.DOF.Gather.AccumulatorQuality:1        ; higher gathering accumulator quality]]
[2023.03.30-05.39.18:950][  0]LogConfig: Setting CVar [[r.DOF.Gather.PostfilterMethod:1          ; Median3x3 postfilering method]]
[2023.03.30-05.39.18:950][  0]LogConfig: Setting CVar [[r.DOF.Gather.EnableBokehSettings:0       ; no bokeh simulation when gathering]]
[2023.03.30-05.39.18:950][  0]LogConfig: Setting CVar [[r.DOF.Gather.RingCount:4                 ; medium number of samples when gathering]]
[2023.03.30-05.39.18:950][  0]LogConfig: Setting CVar [[r.DOF.Scatter.ForegroundCompositing:1    ; additive foreground scattering]]
[2023.03.30-05.39.18:950][  0]LogConfig: Setting CVar [[r.DOF.Scatter.BackgroundCompositing:2    ; additive background scattering]]
[2023.03.30-05.39.18:950][  0]LogConfig: Setting CVar [[r.DOF.Scatter.EnableBokehSettings:1      ; bokeh simulation when scattering]]
[2023.03.30-05.39.18:950][  0]LogConfig: Setting CVar [[r.DOF.Scatter.MaxSpriteRatio:0.1         ; only a maximum of 10% of scattered bokeh]]
[2023.03.30-05.39.18:951][  0]LogConfig: Setting CVar [[r.DOF.Recombine.Quality:1                ; cheap slight out of focus]]
[2023.03.30-05.39.18:951][  0]LogConfig: Setting CVar [[r.DOF.Recombine.EnableBokehSettings:0    ; no bokeh simulation on slight out of focus]]
[2023.03.30-05.39.18:951][  0]LogConfig: Setting CVar [[r.DOF.TemporalAAQuality:1                ; more stable temporal accumulation]]
[2023.03.30-05.39.18:951][  0]LogConfig: Setting CVar [[r.DOF.Kernel.MaxForegroundRadius:0.025]]
[2023.03.30-05.39.18:951][  0]LogConfig: Setting CVar [[r.DOF.Kernel.MaxBackgroundRadius:0.025]]
[2023.03.30-05.39.18:951][  0]LogConfig: Applying CVar settings from Section [TextureQuality@3] File [D:/Users/qkrdl/Documents/GitHub/Zolup-Button_Project_MF/Project_MF/Saved/Config/Windows/Scalability.ini]
[2023.03.30-05.39.18:951][  0]LogConfig: Setting CVar [[r.Streaming.MipBias:0]]
[2023.03.30-05.39.18:951][  0]LogConfig: Setting CVar [[r.Streaming.AmortizeCPUToGPUCopy:0]]
[2023.03.30-05.39.18:951][  0]LogConfig: Setting CVar [[r.Streaming.MaxNumTexturesToStreamPerFrame:0]]
[2023.03.30-05.39.18:951][  0]LogConfig: Setting CVar [[r.Streaming.Boost:1]]
[2023.03.30-05.39.18:951][  0]LogConfig: Setting CVar [[r.MaxAnisotropy:8]]
[2023.03.30-05.39.18:951][  0]LogConfig: Setting CVar [[r.VT.MaxAnisotropy:8]]
[2023.03.30-05.39.18:951][  0]LogConfig: Setting CVar [[r.Streaming.LimitPoolSizeToVRAM:0]]
[2023.03.30-05.39.18:951][  0]LogConfig: Setting CVar [[r.Streaming.PoolSize:1000]]
[2023.03.30-05.39.18:951][  0]LogConfig: Setting CVar [[r.Streaming.MaxEffectiveScreenSize:0]]
[2023.03.30-05.39.18:951][  0]LogConfig: Applying CVar settings from Section [EffectsQuality@3] File [D:/Users/qkrdl/Documents/GitHub/Zolup-Button_Project_MF/Project_MF/Saved/Config/Windows/Scalability.ini]
[2023.03.30-05.39.18:951][  0]LogConfig: Setting CVar [[r.TranslucencyLightingVolumeDim:64]]
[2023.03.30-05.39.18:951][  0]LogConfig: Setting CVar [[r.RefractionQuality:2]]
[2023.03.30-05.39.18:951][  0]LogConfig: Setting CVar [[r.SSR.Quality:3]]
[2023.03.30-05.39.18:951][  0]LogConfig: Setting CVar [[r.SSR.HalfResSceneColor:0]]
[2023.03.30-05.39.18:951][  0]LogConfig: Setting CVar [[r.SceneColorFormat:4]]
[2023.03.30-05.39.18:951][  0]LogConfig: Setting CVar [[r.DetailMode:2]]
[2023.03.30-05.39.18:951][  0]LogConfig: Setting CVar [[r.TranslucencyVolumeBlur:1]]
[2023.03.30-05.39.18:951][  0]LogConfig: Setting CVar [[r.MaterialQualityLevel:1 ; High quality]]
[2023.03.30-05.39.18:951][  0]LogConfig: Setting CVar [[r.AnisotropicMaterials:1]]
[2023.03.30-05.39.18:951][  0]LogConfig: Setting CVar [[r.SSS.Scale:1]]
[2023.03.30-05.39.18:951][  0]LogConfig: Setting CVar [[r.SSS.SampleSet:2]]
[2023.03.30-05.39.18:951][  0]LogConfig: Setting CVar [[r.SSS.Quality:1]]
[2023.03.30-05.39.18:951][  0]LogConfig: Setting CVar [[r.SSS.HalfRes:0]]
[2023.03.30-05.39.18:951][  0]LogConfig: Setting CVar [[r.SSGI.Quality:3]]
[2023.03.30-05.39.18:951][  0]LogConfig: Setting CVar [[r.EmitterSpawnRateScale:1.0]]
[2023.03.30-05.39.18:951][  0]LogConfig: Setting CVar [[r.ParticleLightQuality:2]]
[2023.03.30-05.39.18:951][  0]LogConfig: Setting CVar [[r.SkyAtmosphere.AerialPerspectiveLUT.FastApplyOnOpaque:1 ; Always have FastSkyLUT 1 in this case to avoid wrong sky]]
[2023.03.30-05.39.18:951][  0]LogConfig: Setting CVar [[r.SkyAtmosphere.AerialPerspectiveLUT.SampleCountMaxPerSlice:4]]
[2023.03.30-05.39.18:951][  0]LogConfig: Setting CVar [[r.SkyAtmosphere.AerialPerspectiveLUT.DepthResolution:16.0]]
[2023.03.30-05.39.18:951][  0]LogConfig: Setting CVar [[r.SkyAtmosphere.FastSkyLUT:1]]
[2023.03.30-05.39.18:951][  0]LogConfig: Setting CVar [[r.SkyAtmosphere.FastSkyLUT.SampleCountMin:4.0]]
[2023.03.30-05.39.18:951][  0]LogConfig: Setting CVar [[r.SkyAtmosphere.FastSkyLUT.SampleCountMax:128.0]]
[2023.03.30-05.39.18:951][  0]LogConfig: Setting CVar [[r.SkyAtmosphere.SampleCountMin:4.0]]
[2023.03.30-05.39.18:951][  0]LogConfig: Setting CVar [[r.SkyAtmosphere.SampleCountMax:128.0]]
[2023.03.30-05.39.18:951][  0]LogConfig: Setting CVar [[r.SkyAtmosphere.TransmittanceLUT.UseSmallFormat:0]]
[2023.03.30-05.39.18:951][  0]LogConfig: Setting CVar [[r.SkyAtmosphere.TransmittanceLUT.SampleCount:10.0]]
[2023.03.30-05.39.18:951][  0]LogConfig: Setting CVar [[r.SkyAtmosphere.MultiScatteringLUT.SampleCount:15.0]]
[2023.03.30-05.39.18:951][  0]LogConfig: Setting CVar [[r.SkyLight.RealTimeReflectionCapture:1]]
[2023.03.30-05.39.18:951][  0]LogConfig: Applying CVar settings from Section [FoliageQuality@3] File [D:/Users/qkrdl/Documents/GitHub/Zolup-Button_Project_MF/Project_MF/Saved/Config/Windows/Scalability.ini]
[2023.03.30-05.39.18:951][  0]LogConfig: Setting CVar [[foliage.DensityScale:1.0]]
[2023.03.30-05.39.18:951][  0]LogConfig: Setting CVar [[grass.DensityScale:1.0]]
[2023.03.30-05.39.18:951][  0]LogConfig: Applying CVar settings from Section [ShadingQuality@3] File [D:/Users/qkrdl/Documents/GitHub/Zolup-Button_Project_MF/Project_MF/Saved/Config/Windows/Scalability.ini]
[2023.03.30-05.39.18:951][  0]LogConfig: Setting CVar [[r.HairStrands.SkyLighting.IntegrationType:2]]
[2023.03.30-05.39.18:951][  0]LogConfig: Setting CVar [[r.HairStrands.SkyAO.SampleCount:4]]
[2023.03.30-05.39.18:951][  0]LogConfig: Setting CVar [[r.HairStrands.Visibility.MSAA.SamplePerPixel:4]]
[2023.03.30-05.39.18:956][  0]LogInit: Selected Device Profile: [Windows]
[2023.03.30-05.39.18:956][  0]LogInit: Applying CVar settings loaded from the selected device profile: [Windows]
[2023.03.30-05.39.18:956][  0]LogHAL: Display: Platform has ~ 32 GB [34266505216 / 34359738368 / 32], which maps to Largest [LargestMinGB=32, LargerMinGB=12, DefaultMinGB=8, SmallerMinGB=6, SmallestMinGB=0)
[2023.03.30-05.39.18:956][  0]LogInit: Going up to parent DeviceProfile []
[2023.03.30-05.39.18:956][  0]LogConfig: Applying CVar settings from Section [ViewDistanceQuality@3] File [D:/Users/qkrdl/Documents/GitHub/Zolup-Button_Project_MF/Project_MF/Saved/Config/Windows/Scalability.ini]
[2023.03.30-05.39.18:956][  0]LogConfig: Setting CVar [[r.SkeletalMeshLODBias:0]]
[2023.03.30-05.39.18:956][  0]LogConfig: Setting CVar [[r.ViewDistanceScale:1.0]]
[2023.03.30-05.39.18:956][  0]LogConfig: Applying CVar settings from Section [AntiAliasingQuality@3] File [D:/Users/qkrdl/Documents/GitHub/Zolup-Button_Project_MF/Project_MF/Saved/Config/Windows/Scalability.ini]
[2023.03.30-05.39.18:956][  0]LogConfig: Setting CVar [[r.PostProcessAAQuality:4]]
[2023.03.30-05.39.18:956][  0]LogConfig: Applying CVar settings from Section [ShadowQuality@3] File [D:/Users/qkrdl/Documents/GitHub/Zolup-Button_Project_MF/Project_MF/Saved/Config/Windows/Scalability.ini]
[2023.03.30-05.39.18:956][  0]LogConfig: Setting CVar [[r.LightFunctionQuality:1]]
[2023.03.30-05.39.18:956][  0]LogConfig: Setting CVar [[r.ShadowQuality:5]]
[2023.03.30-05.39.18:956][  0]LogConfig: Setting CVar [[r.Shadow.CSM.MaxCascades:10]]
[2023.03.30-05.39.18:956][  0]LogConfig: Setting CVar [[r.Shadow.MaxResolution:2048]]
[2023.03.30-05.39.18:956][  0]LogConfig: Setting CVar [[r.Shadow.MaxCSMResolution:2048]]
[2023.03.30-05.39.18:956][  0]LogConfig: Setting CVar [[r.Shadow.RadiusThreshold:0.01]]
[2023.03.30-05.39.18:956][  0]LogConfig: Setting CVar [[r.Shadow.DistanceScale:1.0]]
[2023.03.30-05.39.18:956][  0]LogConfig: Setting CVar [[r.Shadow.CSM.TransitionScale:1.0]]
[2023.03.30-05.39.18:956][  0]LogConfig: Setting CVar [[r.Shadow.PreShadowResolutionFactor:1.0]]
[2023.03.30-05.39.18:956][  0]LogConfig: Setting CVar [[r.DistanceFieldShadowing:1]]
[2023.03.30-05.39.18:956][  0]LogConfig: Setting CVar [[r.DistanceFieldAO:1]]
[2023.03.30-05.39.18:956][  0]LogConfig: Setting CVar [[r.AOQuality:2]]
[2023.03.30-05.39.18:956][  0]LogConfig: Setting CVar [[r.VolumetricFog:1]]
[2023.03.30-05.39.18:956][  0]LogConfig: Setting CVar [[r.VolumetricFog.GridPixelSize:8]]
[2023.03.30-05.39.18:956][  0]LogConfig: Setting CVar [[r.VolumetricFog.GridSizeZ:128]]
[2023.03.30-05.39.18:956][  0]LogConfig: Setting CVar [[r.VolumetricFog.HistoryMissSupersampleCount:4]]
[2023.03.30-05.39.18:956][  0]LogConfig: Setting CVar [[r.LightMaxDrawDistanceScale:1]]
[2023.03.30-05.39.18:956][  0]LogConfig: Setting CVar [[r.CapsuleShadows:1]]
[2023.03.30-05.39.18:956][  0]LogConfig: Applying CVar settings from Section [PostProcessQuality@3] File [D:/Users/qkrdl/Documents/GitHub/Zolup-Button_Project_MF/Project_MF/Saved/Config/Windows/Scalability.ini]
[2023.03.30-05.39.18:956][  0]LogConfig: Setting CVar [[r.MotionBlurQuality:4]]
[2023.03.30-05.39.18:956][  0]LogConfig: Setting CVar [[r.AmbientOcclusionMipLevelFactor:0.4]]
[2023.03.30-05.39.18:956][  0]LogConfig: Setting CVar [[r.AmbientOcclusionMaxQuality:100]]
[2023.03.30-05.39.18:956][  0]LogConfig: Setting CVar [[r.AmbientOcclusionLevels:-1]]
[2023.03.30-05.39.18:957][  0]LogConfig: Setting CVar [[r.AmbientOcclusionRadiusScale:1.0]]
[2023.03.30-05.39.18:957][  0]LogConfig: Setting CVar [[r.DepthOfFieldQuality:2]]
[2023.03.30-05.39.18:957][  0]LogConfig: Setting CVar [[r.RenderTargetPoolMin:400]]
[2023.03.30-05.39.18:957][  0]LogConfig: Setting CVar [[r.LensFlareQuality:2]]
[2023.03.30-05.39.18:957][  0]LogConfig: Setting CVar [[r.SceneColorFringeQuality:1]]
[2023.03.30-05.39.18:957][  0]LogConfig: Setting CVar [[r.EyeAdaptationQuality:2]]
[2023.03.30-05.39.18:957][  0]LogConfig: Setting CVar [[r.BloomQuality:5]]
[2023.03.30-05.39.18:957][  0]LogConfig: Setting CVar [[r.FastBlurThreshold:100]]
[2023.03.30-05.39.18:957][  0]LogConfig: Setting CVar [[r.Upscale.Quality:3]]
[2023.03.30-05.39.18:957][  0]LogConfig: Setting CVar [[r.Tonemapper.GrainQuantization:1]]
[2023.03.30-05.39.18:957][  0]LogConfig: Setting CVar [[r.LightShaftQuality:1]]
[2023.03.30-05.39.18:957][  0]LogConfig: Setting CVar [[r.Filter.SizeScale:1]]
[2023.03.30-05.39.18:957][  0]LogConfig: Setting CVar [[r.Tonemapper.Quality:5]]
[2023.03.30-05.39.18:957][  0]LogConfig: Setting CVar [[r.DOF.Gather.AccumulatorQuality:1        ; higher gathering accumulator quality]]
[2023.03.30-05.39.18:957][  0]LogConfig: Setting CVar [[r.DOF.Gather.PostfilterMethod:1          ; Median3x3 postfilering method]]
[2023.03.30-05.39.18:957][  0]LogConfig: Setting CVar [[r.DOF.Gather.EnableBokehSettings:0       ; no bokeh simulation when gathering]]
[2023.03.30-05.39.18:957][  0]LogConfig: Setting CVar [[r.DOF.Gather.RingCount:4                 ; medium number of samples when gathering]]
[2023.03.30-05.39.18:957][  0]LogConfig: Setting CVar [[r.DOF.Scatter.ForegroundCompositing:1    ; additive foreground scattering]]
[2023.03.30-05.39.18:957][  0]LogConfig: Setting CVar [[r.DOF.Scatter.BackgroundCompositing:2    ; additive background scattering]]
[2023.03.30-05.39.18:957][  0]LogConfig: Setting CVar [[r.DOF.Scatter.EnableBokehSettings:1      ; bokeh simulation when scattering]]
[2023.03.30-05.39.18:957][  0]LogConfig: Setting CVar [[r.DOF.Scatter.MaxSpriteRatio:0.1         ; only a maximum of 10% of scattered bokeh]]
[2023.03.30-05.39.18:957][  0]LogConfig: Setting CVar [[r.DOF.Recombine.Quality:1                ; cheap slight out of focus]]
[2023.03.30-05.39.18:957][  0]LogConfig: Setting CVar [[r.DOF.Recombine.EnableBokehSettings:0    ; no bokeh simulation on slight out of focus]]
[2023.03.30-05.39.18:957][  0]LogConfig: Setting CVar [[r.DOF.TemporalAAQuality:1                ; more stable temporal accumulation]]
[2023.03.30-05.39.18:957][  0]LogConfig: Setting CVar [[r.DOF.Kernel.MaxForegroundRadius:0.025]]
[2023.03.30-05.39.18:957][  0]LogConfig: Setting CVar [[r.DOF.Kernel.MaxBackgroundRadius:0.025]]
[2023.03.30-05.39.18:957][  0]LogConfig: Applying CVar settings from Section [TextureQuality@3] File [D:/Users/qkrdl/Documents/GitHub/Zolup-Button_Project_MF/Project_MF/Saved/Config/Windows/Scalability.ini]
[2023.03.30-05.39.18:957][  0]LogConfig: Setting CVar [[r.Streaming.MipBias:0]]
[2023.03.30-05.39.18:957][  0]LogConfig: Setting CVar [[r.Streaming.AmortizeCPUToGPUCopy:0]]
[2023.03.30-05.39.18:957][  0]LogConfig: Setting CVar [[r.Streaming.MaxNumTexturesToStreamPerFrame:0]]
[2023.03.30-05.39.18:957][  0]LogConfig: Setting CVar [[r.Streaming.Boost:1]]
[2023.03.30-05.39.18:957][  0]LogConfig: Setting CVar [[r.MaxAnisotropy:8]]
[2023.03.30-05.39.18:957][  0]LogConfig: Setting CVar [[r.VT.MaxAnisotropy:8]]
[2023.03.30-05.39.18:957][  0]LogConfig: Setting CVar [[r.Streaming.LimitPoolSizeToVRAM:0]]
[2023.03.30-05.39.18:957][  0]LogConfig: Setting CVar [[r.Streaming.PoolSize:1000]]
[2023.03.30-05.39.18:957][  0]LogConfig: Setting CVar [[r.Streaming.MaxEffectiveScreenSize:0]]
[2023.03.30-05.39.18:957][  0]LogConfig: Applying CVar settings from Section [EffectsQuality@3] File [D:/Users/qkrdl/Documents/GitHub/Zolup-Button_Project_MF/Project_MF/Saved/Config/Windows/Scalability.ini]
[2023.03.30-05.39.18:957][  0]LogConfig: Setting CVar [[r.TranslucencyLightingVolumeDim:64]]
[2023.03.30-05.39.18:957][  0]LogConfig: Setting CVar [[r.RefractionQuality:2]]
[2023.03.30-05.39.18:957][  0]LogConfig: Setting CVar [[r.SSR.Quality:3]]
[2023.03.30-05.39.18:957][  0]LogConfig: Setting CVar [[r.SSR.HalfResSceneColor:0]]
[2023.03.30-05.39.18:957][  0]LogConfig: Setting CVar [[r.SceneColorFormat:4]]
[2023.03.30-05.39.18:957][  0]LogConfig: Setting CVar [[r.DetailMode:2]]
[2023.03.30-05.39.18:957][  0]LogConfig: Setting CVar [[r.TranslucencyVolumeBlur:1]]
[2023.03.30-05.39.18:957][  0]LogConfig: Setting CVar [[r.MaterialQualityLevel:1 ; High quality]]
[2023.03.30-05.39.18:957][  0]LogConfig: Setting CVar [[r.AnisotropicMaterials:1]]
[2023.03.30-05.39.18:957][  0]LogConfig: Setting CVar [[r.SSS.Scale:1]]
[2023.03.30-05.39.18:957][  0]LogConfig: Setting CVar [[r.SSS.SampleSet:2]]
[2023.03.30-05.39.18:957][  0]LogConfig: Setting CVar [[r.SSS.Quality:1]]
[2023.03.30-05.39.18:957][  0]LogConfig: Setting CVar [[r.SSS.HalfRes:0]]
[2023.03.30-05.39.18:957][  0]LogConfig: Setting CVar [[r.SSGI.Quality:3]]
[2023.03.30-05.39.18:957][  0]LogConfig: Setting CVar [[r.EmitterSpawnRateScale:1.0]]
[2023.03.30-05.39.18:957][  0]LogConfig: Setting CVar [[r.ParticleLightQuality:2]]
[2023.03.30-05.39.18:957][  0]LogConfig: Setting CVar [[r.SkyAtmosphere.AerialPerspectiveLUT.FastApplyOnOpaque:1 ; Always have FastSkyLUT 1 in this case to avoid wrong sky]]
[2023.03.30-05.39.18:957][  0]LogConfig: Setting CVar [[r.SkyAtmosphere.AerialPerspectiveLUT.SampleCountMaxPerSlice:4]]
[2023.03.30-05.39.18:957][  0]LogConfig: Setting CVar [[r.SkyAtmosphere.AerialPerspectiveLUT.DepthResolution:16.0]]
[2023.03.30-05.39.18:957][  0]LogConfig: Setting CVar [[r.SkyAtmosphere.FastSkyLUT:1]]
[2023.03.30-05.39.18:957][  0]LogConfig: Setting CVar [[r.SkyAtmosphere.FastSkyLUT.SampleCountMin:4.0]]
[2023.03.30-05.39.18:957][  0]LogConfig: Setting CVar [[r.SkyAtmosphere.FastSkyLUT.SampleCountMax:128.0]]
[2023.03.30-05.39.18:957][  0]LogConfig: Setting CVar [[r.SkyAtmosphere.SampleCountMin:4.0]]
[2023.03.30-05.39.18:957][  0]LogConfig: Setting CVar [[r.SkyAtmosphere.SampleCountMax:128.0]]
[2023.03.30-05.39.18:957][  0]LogConfig: Setting CVar [[r.SkyAtmosphere.TransmittanceLUT.UseSmallFormat:0]]
[2023.03.30-05.39.18:957][  0]LogConfig: Setting CVar [[r.SkyAtmosphere.TransmittanceLUT.SampleCount:10.0]]
[2023.03.30-05.39.18:958][  0]LogConfig: Setting CVar [[r.SkyAtmosphere.MultiScatteringLUT.SampleCount:15.0]]
[2023.03.30-05.39.18:958][  0]LogConfig: Setting CVar [[r.SkyLight.RealTimeReflectionCapture:1]]
[2023.03.30-05.39.18:958][  0]LogConfig: Applying CVar settings from Section [FoliageQuality@3] File [D:/Users/qkrdl/Documents/GitHub/Zolup-Button_Project_MF/Project_MF/Saved/Config/Windows/Scalability.ini]
[2023.03.30-05.39.18:958][  0]LogConfig: Setting CVar [[foliage.DensityScale:1.0]]
[2023.03.30-05.39.18:958][  0]LogConfig: Setting CVar [[grass.DensityScale:1.0]]
[2023.03.30-05.39.18:958][  0]LogConfig: Applying CVar settings from Section [ShadingQuality@3] File [D:/Users/qkrdl/Documents/GitHub/Zolup-Button_Project_MF/Project_MF/Saved/Config/Windows/Scalability.ini]
[2023.03.30-05.39.18:958][  0]LogConfig: Setting CVar [[r.HairStrands.SkyLighting.IntegrationType:2]]
[2023.03.30-05.39.18:958][  0]LogConfig: Setting CVar [[r.HairStrands.SkyAO.SampleCount:4]]
[2023.03.30-05.39.18:958][  0]LogConfig: Setting CVar [[r.HairStrands.Visibility.MSAA.SamplePerPixel:4]]
[2023.03.30-05.39.18:958][  0]LogConfig: Applying CVar settings from Section [Startup] File [../../../Engine/Config/ConsoleVariables.ini]
[2023.03.30-05.39.18:958][  0]LogConfig: Setting CVar [[net.UseAdaptiveNetUpdateFrequency:0]]
[2023.03.30-05.39.18:958][  0]LogConfig: Setting CVar [[p.chaos.AllowCreatePhysxBodies:1]]
[2023.03.30-05.39.18:958][  0]LogConfig: Setting CVar [[fx.SkipVectorVMBackendOptimizations:1]]
[2023.03.30-05.39.18:958][  0]LogConfig: Applying CVar settings from Section [ConsoleVariables] File [D:/Users/qkrdl/Documents/GitHub/Zolup-Button_Project_MF/Project_MF/Saved/Config/Windows/Engine.ini]
[2023.03.30-05.39.18:958][  0]LogConfig: Applying CVar settings from Section [ConsoleVariables] File [D:/Users/qkrdl/Documents/GitHub/Zolup-Button_Project_MF/Project_MF/Saved/Config/Windows/Editor.ini]
[2023.03.30-05.39.18:958][  0]LogInit: Computer: DESKTOP-7O2N4A7
[2023.03.30-05.39.18:958][  0]LogInit: User: qkrdl
[2023.03.30-05.39.18:958][  0]LogInit: CPU Page size=4096, Cores=4
[2023.03.30-05.39.18:958][  0]LogInit: High frequency timer resolution =10.000000 MHz
[2023.03.30-05.39.18:958][  0]LogMemory: Memory total: Physical=31.9GB (32GB approx)
[2023.03.30-05.39.18:958][  0]LogMemory: Platform Memory Stats for Windows
[2023.03.30-05.39.18:958][  0]LogMemory: Process Physical Memory: 136.57 MB used, 136.57 MB peak
[2023.03.30-05.39.18:958][  0]LogMemory: Process Virtual Memory: 111.96 MB used, 111.96 MB peak
[2023.03.30-05.39.18:958][  0]LogMemory: Physical Memory: 11807.19 MB used,  20871.89 MB free, 32679.09 MB total
[2023.03.30-05.39.18:958][  0]LogMemory: Virtual Memory: 134191096.00 MB used,  26630.24 MB free, 134217728.00 MB total
[2023.03.30-05.39.18:966][  0]LogWindows: WindowsPlatformFeatures enabled
[2023.03.30-05.39.19:025][  0]LogInit: Physics initialised using underlying interface: PhysX
[2023.03.30-05.39.19:025][  0]LogInit: Using OS detected language (ko-KR).
[2023.03.30-05.39.19:025][  0]LogInit: Using OS detected locale (ko-KR).
[2023.03.30-05.39.19:030][  0]LogTextLocalizationManager: No specific localization for 'ko-KR' exists, so the 'ko' localization will be used.
[2023.03.30-05.39.19:881][  0]LogTargetPlatformManager: Display: Loaded TargetPlatform 'AllDesktop'
[2023.03.30-05.39.19:911][  0]LogTargetPlatformManager: Display: Loaded TargetPlatform 'Android'
[2023.03.30-05.39.19:911][  0]LogTargetPlatformManager: Display: Loaded TargetPlatform 'Android_ASTC'
[2023.03.30-05.39.19:911][  0]LogTargetPlatformManager: Display: Loaded TargetPlatform 'Android_DXT'
[2023.03.30-05.39.19:911][  0]LogTargetPlatformManager: Display: Loaded TargetPlatform 'Android_ETC2'
[2023.03.30-05.39.19:911][  0]LogTargetPlatformManager: Display: Loaded TargetPlatform 'AndroidClient'
[2023.03.30-05.39.19:911][  0]LogTargetPlatformManager: Display: Loaded TargetPlatform 'Android_ASTCClient'
[2023.03.30-05.39.19:912][  0]LogTargetPlatformManager: Display: Loaded TargetPlatform 'Android_DXTClient'
[2023.03.30-05.39.19:912][  0]LogTargetPlatformManager: Display: Loaded TargetPlatform 'Android_ETC2Client'
[2023.03.30-05.39.19:912][  0]LogTargetPlatformManager: Display: Loaded TargetPlatform 'Android_Multi'
[2023.03.30-05.39.19:912][  0]LogTargetPlatformManager: Display: Loaded TargetPlatform 'Android_MultiClient'
[2023.03.30-05.39.19:940][  0]LogTargetPlatformManager: Display: Loaded TargetPlatform 'IOSClient'
[2023.03.30-05.39.19:940][  0]LogTargetPlatformManager: Display: Loaded TargetPlatform 'IOS'
[2023.03.30-05.39.19:953][  0]LogTargetPlatformManager: Display: Loaded TargetPlatform 'Linux'
[2023.03.30-05.39.19:961][  0]LogTargetPlatformManager: Display: Loaded TargetPlatform 'LinuxNoEditor'
[2023.03.30-05.39.19:968][  0]LogTargetPlatformManager: Display: Loaded TargetPlatform 'LinuxClient'
[2023.03.30-05.39.19:974][  0]LogTargetPlatformManager: Display: Loaded TargetPlatform 'LinuxServer'
[2023.03.30-05.39.19:989][  0]LogTargetPlatformManager: Display: Loaded TargetPlatform 'LinuxAArch64NoEditor'
[2023.03.30-05.39.19:996][  0]LogTargetPlatformManager: Display: Loaded TargetPlatform 'LinuxAArch64Client'
[2023.03.30-05.39.20:004][  0]LogTargetPlatformManager: Display: Loaded TargetPlatform 'LinuxAArch64Server'
[2023.03.30-05.39.20:041][  0]LogTargetPlatformManager: Display: Loaded TargetPlatform 'Lumin'
[2023.03.30-05.39.20:041][  0]LogTargetPlatformManager: Display: Loaded TargetPlatform 'LuminClient'
[2023.03.30-05.39.20:054][  0]LogTargetPlatformManager: Display: Loaded TargetPlatform 'MacNoEditor'
[2023.03.30-05.39.20:061][  0]LogTargetPlatformManager: Display: Loaded TargetPlatform 'Mac'
[2023.03.30-05.39.20:070][  0]LogTargetPlatformManager: Display: Loaded TargetPlatform 'MacClient'
[2023.03.30-05.39.20:077][  0]LogTargetPlatformManager: Display: Loaded TargetPlatform 'MacServer'
[2023.03.30-05.39.20:092][  0]LogTargetPlatformManager: Display: Loaded TargetPlatform 'TVOSClient'
[2023.03.30-05.39.20:092][  0]LogTargetPlatformManager: Display: Loaded TargetPlatform 'TVOS'
[2023.03.30-05.39.20:107][  0]LogTargetPlatformManager: Display: Loaded TargetPlatform 'WindowsNoEditor'
[2023.03.30-05.39.20:114][  0]LogTargetPlatformManager: Display: Loaded TargetPlatform 'Windows'
[2023.03.30-05.39.20:122][  0]LogTargetPlatformManager: Display: Loaded TargetPlatform 'WindowsClient'
[2023.03.30-05.39.20:129][  0]LogTargetPlatformManager: Display: Loaded TargetPlatform 'WindowsServer'
[2023.03.30-05.39.20:129][  0]LogTargetPlatformManager: Display: Building Assets For Windows
[2023.03.30-05.39.20:140][  0]LogAudioDebug: Display: Lib vorbis DLL was dynamically loaded.
[2023.03.30-05.39.20:191][  0]LogTextureFormatOodle: Display: Oodle Texture 2.9.0 init RDO Off
[2023.03.30-05.39.20:245][  0]LogRendererCore: Ray tracing is disabled. Reason: r.RayTracing=0.
[2023.03.30-05.39.20:246][  0]LogDerivedDataCache: Display: Max Cache Size: 512 MB
[2023.03.30-05.39.20:310][  0]LogDerivedDataCache: Loaded boot cache 0.06s 95MB C:/Users/qkrdl/AppData/Local/UnrealEngine/4.27/DerivedDataCache/Boot.ddc.
[2023.03.30-05.39.20:310][  0]LogDerivedDataCache: Display: Loaded Boot cache: C:/Users/qkrdl/AppData/Local/UnrealEngine/4.27/DerivedDataCache/Boot.ddc
[2023.03.30-05.39.20:310][  0]LogDerivedDataCache: FDerivedDataBackendGraph:  Pak pak cache file ../../../../../../Users/qkrdl/Documents/GitHub/Zolup-Button_Project_MF/Project_MF/DerivedDataCache/DDC.ddp not found, will not use a pak cache.
[2023.03.30-05.39.20:310][  0]LogDerivedDataCache: Unable to find inner node Pak for hierarchical cache Hierarchy.
[2023.03.30-05.39.20:310][  0]LogDerivedDataCache: FDerivedDataBackendGraph:  CompressedPak pak cache file ../../../../../../Users/qkrdl/Documents/GitHub/Zolup-Button_Project_MF/Project_MF/DerivedDataCache/Compressed.ddp not found, will not use a pak cache.
[2023.03.30-05.39.20:310][  0]LogDerivedDataCache: Unable to find inner node CompressedPak for hierarchical cache Hierarchy.
[2023.03.30-05.39.20:339][  0]LogDerivedDataCache: Display: Pak cache opened for reading ../../../Engine/DerivedDataCache/Compressed.ddp.
[2023.03.30-05.39.20:339][  0]LogDerivedDataCache: FDerivedDataBackendGraph:  EnterprisePak pak cache file ../../../Enterprise/DerivedDataCache/Compressed.ddp not found, will not use a pak cache.
[2023.03.30-05.39.20:339][  0]LogDerivedDataCache: Unable to find inner node EnterprisePak for hierarchical cache Hierarchy.
[2023.03.30-05.39.20:381][  0]LogDerivedDataCache: Speed tests for C:/Users/qkrdl/AppData/Local/UnrealEngine/Common/DerivedDataCache took 0.04 seconds
[2023.03.30-05.39.20:381][  0]LogDerivedDataCache: Display: Performance to C:/Users/qkrdl/AppData/Local/UnrealEngine/Common/DerivedDataCache: Latency=0.03ms. RandomReadSpeed=873.36MBs, RandomWriteSpeed=23.41MBs. Assigned SpeedClass 'Local'
[2023.03.30-05.39.20:386][  0]LogDerivedDataCache: Using Local data cache path C:/Users/qkrdl/AppData/Local/UnrealEngine/Common/DerivedDataCache: Writable
[2023.03.30-05.39.20:386][  0]LogDerivedDataCache: Shared data cache path not found in *engine.ini, will not use an Shared cache.
[2023.03.30-05.39.20:386][  0]LogDerivedDataCache: Unable to find inner node Shared for hierarchical cache Hierarchy.
[2023.03.30-05.39.20:396][  0]LogAssetRegistry: FAssetRegistry took 0.0032 seconds to start up
[2023.03.30-05.39.20:770][  0]LogInit: Selected Device Profile: [Windows]
[2023.03.30-05.39.20:771][  0]LogInit: Active device profile: [00000145849C5100][0000014582AD6D40 49] Windows
[2023.03.30-05.39.20:771][  0]LogInit: Profiles: [00000145849C5100][0000014582AD6D40 49] Windows, [0000014584986400][00000145807EAEC0 49] WindowsNoEditor, [00000145849C6200][00000145807E1000 49] WindowsServer, [0000014584985600][00000145807EF140 49] WindowsClient, [00000145849C5700][00000145807F3280 49] IOS, [0000014584986600][00000145807F73C0 49] iPadAir, [00000145849C7C00][00000145807FF540 49] iPadAir2, [0000014584939400][000001458080D800 49] IPadPro, [0000014584939500][0000014580803840 49] iPadAir3, [0000014584987700][00000145808179C0 49] iPadAir4, [000001458493A300][000001458081BB40 49] iPadMini2, [0000014584986E00][000001458081E140 49] iPadMini3, [000001458493AF00][00000145808222C0 49] iPadMini4, [0000014584985B00][0000014580826440 49] iPadMini5, [000001458493D000][00000145850C0700 49] iPhone6, [000001458493D100][000001458082A740 49] iPodTouch6, [00000145849C7900][00000145850C8A00 49] iPhone7, [00000145849C6900][00000145850C4A40 49] iPodTouch7, [0000014584939000][00000145850CCBC0 49] iPhone5S, [00000145849C6F00][00000145850D0D40 49] iPhone6Plus, [000001458493B600][00000145850D4EC0 49] iPhone6S, [00000145849C4C00][00000145850D9040 49] iPhone6SPlus, [00000145849C5D00][00000145850DD1C0 49] iPhone7Plus, [000001458493C800][00000145807FB300 49] iPhoneSE, [00000145849C4400][00000145850E1440 49] iPhone8, [000001458493C900][00000145850E5580 49] iPhone8Plus, [000001458493EE00][00000145850ED700 49] iPhoneX, [0000014584939D00][00000145850F1880 49] iPhoneXS, [000001458493E700][00000145850F5A00 49] iPhoneXSMax, [0000014584939C00][00000145850F9B80 49] iPhoneXR, [000001458493E800][00000145850FC180 49] iPhone11, [0000014584938F00][0000014585100300 49] iPhone11Pro, [000001458493CB00][0000014585104480 49] iPhone11ProMax, [0000014584938D00][0000014585108600 49] iPhoneSE2, [000001458493CE00][000001458510C780 49] iPhone12Mini, [00000145849C7800][0000014585110900 49] iPhone12, [000001458493F000][0000014585114A80 49] iPhone12Pro, [00000145849C7700][0000014585118C00 49] iPhone12ProMax, [000001458493DE00][000001458511CD80 49] iPadPro105, [00000145849C5300][0000014585120F00 49] iPadPro129, [000001458493FE00][0000014585125080 49] iPadPro97, [00000145849C5C00][0000014585129200 49] iPadPro2_129, [000001458493E000][000001458512D380 49] iPad5, [00000145849C6300][00000145850E94C0 49] iPad6, [000001458493FB00][0000014585131600 49] iPad7, [00000145849C5E00][0000014585135740 49] iPad8, [000001458493CA00][000001458513D8C0 49] iPadPro11, [00000145849C6600][0000014585141A40 49] iPadPro2_11, [000001458493CF00][0000014585145BC0 49] iPadPro3_129, [00000145849C6800][00000145851481C0 49] iPadPro4_129, [000001458493FC00][000001458514C340 49] AppleTV, [00000145849C5A00][00000145851504C0 49] AppleTV4K, [000001458493E600][0000014585154640 49] TVOS, [00000145849C6100][00000145851587C0 49] Mac, [000001458493EF00][000001458515C940 49] MacClient, [00000145849C6A00][0000014585160AC0 49] MacNoEditor, [000001458493EC00][0000014585164C40 49] MacServer, [00000145849C7000][0000014585168DC0 49] Linux, [000001458493C400][000001458516CF40 49] LinuxAArch64, [00000145849C4700][00000145851710C0 49] LinuxNoEditor, [000001458493F700][0000014585175240 49] LinuxAArch64NoEditor, [00000145849C7B00][00000145851793C0 49] LinuxClient, [000001458493F400][000001458517D540 49] LinuxAArch64Client, [00000145849C7E00][0000014585139680 49] LinuxServer, [000001458493C700][00000145851817C0 49] LinuxAArch64Server, [00000145849C5F00][0000014585185900 49] Android, [000001458493EA00][0000014585189A40 49] Android_Low, [00000145849C6D00][0000014585191BC0 49] Android_Mid, [000001458493DF00][00000145851941C0 49] Android_High, [00000145849C6B00][0000014585198340 49] Android_Default, [000001458493C100][000001458519C4C0 49] Android_Adreno4xx, [00000145849C4500][00000145851A0640 49] Android_Adreno5xx_Low, [000001458493D400][00000145851A47C0 49] Android_Adreno5xx, [00000145849C7400][00000145851A8940 49] Android_Adreno6xx, [000001458493E300][00000145851ACAC0 49] Android_Adreno6xx_Vulkan, [00000145849C7D00][00000145851B0C40 49] Android_Mali_T6xx, [000001458493C200][00000145851B4DC0 49] Android_Mali_T7xx, [00000145849C7600][00000145851B8F40 49] Android_Mali_T8xx, [000001458493F200][00000145851BD0C0 49] Android_Mali_G71, [000001458493B100][00000145851C1240 49] Android_Mali_G72, [0000014584986C00][00000145851C53C0 49] Android_Mali_G72_Vulkan, [000001458493AB00][00000145851C9540 49] Android_Mali_G76, [0000014584984500][00000145851CD6C0 49] Android_Mali_G76_Vulkan, [0000014584938C00][000001458518D800 49] Android_Mali_G77, [0000014584984600][00000145851D1940 49] Android_Mali_G77_Vulkan, [000001458493A400][00000145851D5A80 49] Android_Mali_G78, [0000014584984D00][00000145851D9BC0 49] Android_Mali_G78_Vulkan, [000001458493BD00][00000145851E01C0 49] Android_Mali_G710, [0000014584986800][00000145851E4340 49] Android_Mali_G710_Vulkan, [000001458493AA00][00000145851E84C0 49] Android_Vulkan_SM5, [0000014584985700][00000145851EC640 49] Android_PowerVR_G6xxx, [0000014584938500][00000145851F07C0 49] Android_PowerVR_GT7xxx, [0000014584984200][00000145851F4940 49] Android_PowerVR_GE8xxx, [000001458493BB00][00000145851F8AC0 49] Android_PowerVR_GM9xxx, [0000014584985E00][00000145851FCC40 49] Android_PowerVR_GM9xxx_Vulkan, [0000014584939F00][0000014585200DC0 49] Android_TegraK1, [0000014584984A00][0000014585204F40 49] Android_Unknown_Vulkan, [000001458493B900][00000145852090C0 49] Lumin, [0000014584985100][000001458520D240 49] Lumin_Desktop, [000001458493A000][00000145852113C0 49] HoloLens, 
[2023.03.30-05.39.20:825][  0]LogMeshReduction: Using QuadricMeshReduction for automatic static mesh reduction
[2023.03.30-05.39.20:825][  0]LogMeshReduction: Using SimplygonMeshReduction for automatic skeletal mesh reduction
[2023.03.30-05.39.20:825][  0]LogMeshReduction: Using ProxyLODMeshReduction for automatic mesh merging
[2023.03.30-05.39.20:825][  0]LogMeshReduction: No distributed automatic mesh merging module available
[2023.03.30-05.39.20:825][  0]LogMeshMerging: No distributed automatic mesh merging module available
[2023.03.30-05.39.20:836][  0]LogNetVersion: Project_MF 1.0.0, NetCL: 17155196, EngineNetVer: 17, GameNetVer: 0 (Checksum: 3145920875)
[2023.03.30-05.39.21:037][  0]LogHMD: PokeAHoleMaterial loaded successfully
[2023.03.30-05.39.21:143][  0]LogCollectionManager: Loaded 0 collections in 0.001027 seconds
[2023.03.30-05.39.21:145][  0]LogFileCache: Scanning file cache for directory 'D:/Users/qkrdl/Documents/GitHub/Zolup-Button_Project_MF/Project_MF/Saved/Collections/' took 0.00s
[2023.03.30-05.39.21:145][  0]LogFileCache: Scanning file cache for directory 'D:/Users/qkrdl/Documents/GitHub/Zolup-Button_Project_MF/Project_MF/Content/Developers/qkrdl/Collections/' took 0.00s
[2023.03.30-05.39.21:145][  0]LogFileCache: Scanning file cache for directory 'D:/Users/qkrdl/Documents/GitHub/Zolup-Button_Project_MF/Project_MF/Content/Collections/' took 0.00s
[2023.03.30-05.39.21:145][  0]LogCollectionManager: Fixed up redirectors for 0 collections in 0.000001 seconds (updated 0 objects)
[2023.03.30-05.39.21:284][  0]LogNiagaraDebuggerClient: Niagara Debugger Client Initialized | Session: 2C69059F4BDAE26B74D1ADB997F26835 | Instance: E45CF0CA4CF118459ADA9D907518EE11 (DESKTOP-7O2N4A7-8636).
[2023.03.30-05.39.21:425][  0]LogPython: Using Python 3.7.7
[2023.03.30-05.39.22:228][  0]SourceControl: 소스 컨트롤이 꺼졌습니다.
[2023.03.30-05.39.22:228][  0]SourceControl: 소스 컨트롤이 꺼졌습니다.
[2023.03.30-05.39.22:232][  0]SourceControl: 소스 컨트롤이 꺼졌습니다.
[2023.03.30-05.39.22:236][  0]SourceControl: 소스 컨트롤이 꺼졌습니다.
[2023.03.30-05.39.22:243][  0]SourceControl: 소스 컨트롤이 꺼졌습니다.
[2023.03.30-05.39.22:253][  0]LogUProjectInfo: Found projects:
[2023.03.30-05.39.22:515][  0]LogOpenImageDenoise: OIDN starting up
[2023.03.30-05.39.22:560][  0]LogAndroidPermission: UAndroidPermissionCallbackProxy::GetInstance
[2023.03.30-05.39.22:587][  0]LogAudioCaptureCore: Display: No Audio Capture implementations found. Audio input will be silent.
[2023.03.30-05.39.22:587][  0]LogAudioCaptureCore: Display: No Audio Capture implementations found. Audio input will be silent.
[2023.03.30-05.39.22:779][  0]LogOcInput: OculusInput pre-init called
[2023.03.30-05.39.22:822][  0]LogUObjectArray: 23711 objects as part of root set at end of initial load.
[2023.03.30-05.39.22:822][  0]LogUObjectAllocator: 6761648 out of 0 bytes used by permanent object pool.
[2023.03.30-05.39.22:822][  0]LogUObjectArray: CloseDisregardForGC: 0/0 objects in disregard for GC pool
[2023.03.30-05.39.22:824][  0]LogInit: Error: VisualStudioToolsCommandlet looked like a commandlet, but we could not find the class.
[2023.03.30-05.39.22:824][  0]LogCore: Engine exit requested (reason: Failed to find commandlet class VisualStudioToolsCommandlet)
[2023.03.30-05.39.22:824][  0]LogCore: Engine exit requested (reason: EngineExit() was called; note: exit was already requested)
[2023.03.30-05.39.22:825][  0]LogExit: Preparing to exit.
[2023.03.30-05.39.22:834][  0]LogUObjectHash: Compacting FUObjectHashTables data took   1.12ms
[2023.03.30-05.39.22:894][  0]LogDemo: Cleaned up 0 splitscreen connections with owner deletion
[2023.03.30-05.39.22:958][  0]LogExit: Object subsystem successfully closed.
[2023.03.30-05.39.22:991][  0]LogModuleManager: Shutting down and abandoning module AudioSynesthesiaEditor (596)
[2023.03.30-05.39.22:991][  0]LogModuleManager: Shutting down and abandoning module OculusEditor (594)
[2023.03.30-05.39.22:991][  0]LogModuleManager: Shutting down and abandoning module OculusInput (592)
[2023.03.30-05.39.22:991][  0]LogModuleManager: Shutting down and abandoning module ContentBrowserClassDataSource (590)
[2023.03.30-05.39.22:991][  0]LogModuleManager: Shutting down and abandoning module ContentBrowserFileDataSource (588)
[2023.03.30-05.39.22:991][  0]LogModuleManager: Shutting down and abandoning module ContentBrowserAssetDataSource (586)
[2023.03.30-05.39.22:991][  0]LogModuleManager: Shutting down and abandoning module ToolMenus (585)
[2023.03.30-05.39.22:991][  0]LogModuleManager: Shutting down and abandoning module TakeSequencer (582)
[2023.03.30-05.39.22:991][  0]LogModuleManager: Shutting down and abandoning module TakeMovieScene (580)
[2023.03.30-05.39.22:991][  0]LogModuleManager: Shutting down and abandoning module ScreenshotTools (578)
[2023.03.30-05.39.22:991][  0]LogModuleManager: Shutting down and abandoning module SynthesisEditor (576)
[2023.03.30-05.39.22:992][  0]LogModuleManager: Shutting down and abandoning module Synthesis (574)
[2023.03.30-05.39.22:992][  0]LogModuleManager: Shutting down and abandoning module ProceduralMeshComponentEditor (572)
[2023.03.30-05.39.22:992][  0]LogModuleManager: Shutting down and abandoning module ProceduralMeshComponent (570)
[2023.03.30-05.39.22:992][  0]LogModuleManager: Shutting down and abandoning module OpenXREditor (568)
[2023.03.30-05.39.22:992][  0]LogModuleManager: Shutting down and abandoning module MobilePatchingUtils (566)
[2023.03.30-05.39.22:992][  0]LogModuleManager: Shutting down and abandoning module GooglePAD (564)
[2023.03.30-05.39.22:992][  0]LogModuleManager: Shutting down and abandoning module EditableMesh (562)
[2023.03.30-05.39.22:992][  0]LogModuleManager: Shutting down and abandoning module CustomMeshComponent (560)
[2023.03.30-05.39.22:992][  0]LogModuleManager: Shutting down and abandoning module CableComponent (558)
[2023.03.30-05.39.22:992][  0]LogModuleManager: Shutting down and abandoning module ArchVisCharacter (556)
[2023.03.30-05.39.22:992][  0]LogModuleManager: Shutting down and abandoning module AudioCapture (554)
[2023.03.30-05.39.22:992][  0]LogModuleManager: Shutting down and abandoning module AudioCaptureRtAudio (553)
[2023.03.30-05.39.22:992][  0]LogModuleManager: Shutting down and abandoning module AssetTags (550)
[2023.03.30-05.39.22:992][  0]LogModuleManager: Shutting down and abandoning module AppleImageUtilsBlueprintSupport (548)
[2023.03.30-05.39.22:992][  0]LogModuleManager: Shutting down and abandoning module AppleImageUtils (546)
[2023.03.30-05.39.22:992][  0]LogModuleManager: Shutting down and abandoning module AndroidPermission (544)
[2023.03.30-05.39.22:992][  0]LogModuleManager: Shutting down and abandoning module ActorLayerUtilitiesEditor (542)
[2023.03.30-05.39.22:992][  0]LogModuleManager: Shutting down and abandoning module ActorLayerUtilities (540)
[2023.03.30-05.39.22:992][  0]LogModuleManager: Shutting down and abandoning module TemplateSequence (538)
[2023.03.30-05.39.22:992][  0]LogModuleManager: Shutting down and abandoning module MediaCompositing (536)
[2023.03.30-05.39.22:992][  0]LogModuleManager: Shutting down and abandoning module MagicLeapSharedWorld (534)
[2023.03.30-05.39.22:993][  0]LogModuleManager: Shutting down and abandoning module MagicLeapLightEstimation (532)
[2023.03.30-05.39.22:993][  0]LogModuleManager: Shutting down and abandoning module MagicLeapHelperVulkan (530)
[2023.03.30-05.39.22:993][  0]LogModuleManager: Shutting down and abandoning module MagicLeapHelperOpenGL (528)
[2023.03.30-05.39.22:993][  0]LogModuleManager: Shutting down and abandoning module MagicLeapAudio (526)
[2023.03.30-05.39.22:993][  0]LogModuleManager: Shutting down and abandoning module OpenImageDenoise (524)
[2023.03.30-05.39.22:993][  0]LogOpenImageDenoise: OIDN shutting down
[2023.03.30-05.39.22:993][  0]LogModuleManager: Shutting down and abandoning module MotoSynthEditor (522)
[2023.03.30-05.39.22:993][  0]LogModuleManager: Shutting down and abandoning module MotoSynth (520)
[2023.03.30-05.39.22:993][  0]LogModuleManager: Shutting down and abandoning module GeometryCollectionTracks (518)
[2023.03.30-05.39.22:993][  0]LogModuleManager: Shutting down and abandoning module GeometryCollectionSequencer (517)
[2023.03.30-05.39.22:993][  0]LogModuleManager: Shutting down and abandoning module GeometryCollectionEditor (514)
[2023.03.30-05.39.22:993][  0]LogModuleManager: Shutting down and abandoning module MeshConversion (512)
[2023.03.30-05.39.22:993][  0]LogModuleManager: Shutting down and abandoning module DynamicMesh (510)
[2023.03.30-05.39.22:993][  0]LogModuleManager: Shutting down and abandoning module GeometryAlgorithms (508)
[2023.03.30-05.39.22:994][  0]LogModuleManager: Shutting down and abandoning module GeometricObjects (506)
[2023.03.30-05.39.22:994][  0]LogModuleManager: Shutting down and abandoning module GeometryCacheTracks (504)
[2023.03.30-05.39.22:994][  0]LogModuleManager: Shutting down and abandoning module GeometryCacheStreamer (502)
[2023.03.30-05.39.22:994][  0]LogModuleManager: Shutting down and abandoning module GeometryCacheSequencer (500)
[2023.03.30-05.39.22:994][  0]LogModuleManager: Shutting down and abandoning module ChaosSolverEditor (498)
[2023.03.30-05.39.22:994][  0]LogModuleManager: Shutting down and abandoning module ChaosNiagara (496)
[2023.03.30-05.39.22:994][  0]LogModuleManager: Shutting down and abandoning module FractureEditor (494)
[2023.03.30-05.39.22:994][  0]LogModuleManager: Shutting down and abandoning module FieldSystemEngine (493)
[2023.03.30-05.39.22:994][  0]LogModuleManager: Shutting down and abandoning module AutomationUtilsEditor (490)
[2023.03.30-05.39.22:994][  0]LogModuleManager: Shutting down and abandoning module AutomationUtils (488)
[2023.03.30-05.39.22:994][  0]LogModuleManager: Shutting down and abandoning module VisualStudioCodeSourceCodeAccess (486)
[2023.03.30-05.39.22:994][  0]LogModuleManager: Shutting down and abandoning module ChaosClothEditor (484)
[2023.03.30-05.39.22:995][  0]LogModuleManager: Shutting down and abandoning module AlembicImporter (482)
[2023.03.30-05.39.22:995][  0]LogModuleManager: Shutting down and abandoning module AlembicLibrary (481)
[2023.03.30-05.39.22:995][  0]LogModuleManager: Shutting down and abandoning module GeometryCache (480)
[2023.03.30-05.39.22:995][  0]LogModuleManager: Shutting down and abandoning module GeometryCacheEd (479)
[2023.03.30-05.39.22:995][  0]LogModuleManager: Shutting down and abandoning module NiagaraEditorWidgets (474)
[2023.03.30-05.39.22:995][  0]LogModuleManager: Shutting down and abandoning module SpeedTreeImporter (472)
[2023.03.30-05.39.22:995][  0]LogModuleManager: Shutting down and abandoning module PluginBrowser (470)
[2023.03.30-05.39.22:996][  0]LogModuleManager: Shutting down and abandoning module MobileLauncherProfileWizard (468)
[2023.03.30-05.39.22:996][  0]LogModuleManager: Shutting down and abandoning module VariantManagerContentEditor (466)
[2023.03.30-05.39.22:996][  0]LogModuleManager: Shutting down and abandoning module MaterialAnalyzer (464)
[2023.03.30-05.39.22:996][  0]LogModuleManager: Shutting down and abandoning module DatasmithContentEditor (462)
[2023.03.30-05.39.22:996][  0]LogModuleManager: Shutting down and abandoning module CurveEditorTools (460)
[2023.03.30-05.39.22:996][  0]LogModuleManager: Shutting down and abandoning module CryptoKeysOpenSSL (458)
[2023.03.30-05.39.22:996][  0]LogModuleManager: Shutting down and abandoning module CryptoKeys (456)
[2023.03.30-05.39.22:996][  0]LogModuleManager: Shutting down and abandoning module VisualStudioSourceCodeAccess (454)
[2023.03.30-05.39.22:996][  0]LogModuleManager: Shutting down and abandoning module UObjectPlugin (452)
[2023.03.30-05.39.22:996][  0]LogModuleManager: Shutting down and abandoning module SubversionSourceControl (450)
[2023.03.30-05.39.22:996][  0]LogModuleManager: Shutting down and abandoning module PluginUtils (448)
[2023.03.30-05.39.22:996][  0]LogModuleManager: Shutting down and abandoning module PlasticSourceControl (446)
[2023.03.30-05.39.22:996][  0]LogModuleManager: Shutting down and abandoning module PerforceSourceControl (444)
[2023.03.30-05.39.22:997][  0]LogModuleManager: Shutting down and abandoning module GitSourceControl (442)
[2023.03.30-05.39.22:997][  0]LogModuleManager: Shutting down and abandoning module SourceControl (441)
[2023.03.30-05.39.22:997][  0]LogModuleManager: Shutting down and abandoning module OodleNetworkHandlerComponent (438)
[2023.03.30-05.39.22:997][  0]LogModuleManager: Shutting down and abandoning module CLionSourceCodeAccess (436)
[2023.03.30-05.39.22:997][  0]LogModuleManager: Shutting down and abandoning module AnimationSharingEd (434)
[2023.03.30-05.39.22:997][  0]LogModuleManager: Shutting down and abandoning module LiveLinkSequencer (432)
[2023.03.30-05.39.22:997][  0]LogModuleManager: Shutting down and abandoning module LiveLinkMovieScene (430)
[2023.03.30-05.39.22:997][  0]LogModuleManager: Shutting down and abandoning module LiveLinkGraphNode (428)
[2023.03.30-05.39.22:997][  0]LogModuleManager: Shutting down and abandoning module LiveLinkEditor (426)
[2023.03.30-05.39.22:997][  0]LogModuleManager: Shutting down and abandoning module LiveLinkComponents (424)
[2023.03.30-05.39.22:997][  0]LogModuleManager: Shutting down and abandoning module LiveLink (422)
[2023.03.30-05.39.23:160][  0]LogModuleManager: Shutting down and abandoning module LightPropagationVolumeEditor (420)
[2023.03.30-05.39.23:160][  0]LogModuleManager: Shutting down and abandoning module PaperTiledImporter (418)
[2023.03.30-05.39.23:160][  0]LogModuleManager: Shutting down and abandoning module PaperSpriteSheetImporter (416)
[2023.03.30-05.39.23:160][  0]LogModuleManager: Shutting down and abandoning module Paper2DEditor (414)
[2023.03.30-05.39.23:160][  0]LogModuleManager: Shutting down and abandoning module MeshPaintingToolset (412)
[2023.03.30-05.39.23:161][  0]LogModuleManager: Shutting down and abandoning module MeshPaintEditorMode (410)
[2023.03.30-05.39.23:161][  0]LogModuleManager: Shutting down and abandoning module Project_MF (408)
[2023.03.30-05.39.23:161][  0]LogModuleManager: Shutting down and abandoning module AnimGraph (407)
[2023.03.30-05.39.23:161][  0]LogModuleManager: Shutting down and abandoning module SoundFields (404)
[2023.03.30-05.39.23:161][  0]LogModuleManager: Shutting down and abandoning module SignificanceManager (402)
[2023.03.30-05.39.23:161][  0]LogModuleManager: Shutting down and abandoning module RuntimePhysXCooking (400)
[2023.03.30-05.39.23:161][  0]LogModuleManager: Shutting down and abandoning module PropertyAccessEditor (398)
[2023.03.30-05.39.23:161][  0]LogModuleManager: Shutting down and abandoning module PhysXVehiclesEditor (396)
[2023.03.30-05.39.23:161][  0]LogModuleManager: Shutting down and abandoning module LocationServicesBPLibrary (392)
[2023.03.30-05.39.23:161][  0]LogModuleManager: Shutting down and abandoning module AudioSynesthesia (390)
[2023.03.30-05.39.23:161][  0]LogModuleManager: Shutting down and abandoning module AudioSynesthesiaCore (388)
[2023.03.30-05.39.23:161][  0]LogModuleManager: Shutting down and abandoning module ActorSequence (386)
[2023.03.30-05.39.23:161][  0]LogModuleManager: Shutting down and abandoning module UdpMessaging (384)
[2023.03.30-05.39.23:161][  0]LogModuleManager: Shutting down and abandoning module TcpMessaging (382)
[2023.03.30-05.39.23:161][  0]LogModuleManager: Shutting down and abandoning module MagicLeapARPin (380)
[2023.03.30-05.39.23:161][  0]LogModuleManager: Shutting down and abandoning module PythonScriptPlugin (378)
[2023.03.30-05.39.23:161][  0]LogModuleManager: Shutting down and abandoning module MagicLeapHandMeshing (376)
[2023.03.30-05.39.23:161][  0]LogModuleManager: Shutting down and abandoning module MagicLeapSecureStorage (374)
[2023.03.30-05.39.23:161][  0]LogModuleManager: Shutting down and abandoning module MagicLeapPrivileges (372)
[2023.03.30-05.39.23:161][  0]LogModuleManager: Shutting down and abandoning module MagicLeapPlanes (370)
[2023.03.30-05.39.23:161][  0]LogMagicLeapPlanes: Planes tracker already destroyed.
[2023.03.30-05.39.23:161][  0]LogModuleManager: Shutting down and abandoning module MagicLeapImageTracker (368)
[2023.03.30-05.39.23:161][  0]LogModuleManager: Shutting down and abandoning module MagicLeapIdentity (366)
[2023.03.30-05.39.23:161][  0]LogModuleManager: Shutting down and abandoning module MagicLeapHandTracking (364)
[2023.03.30-05.39.23:161][  0]LogModuleManager: Shutting down and abandoning module MagicLeapEyeTracker (362)
[2023.03.30-05.39.23:161][  0]LogModuleManager: Shutting down and abandoning module MagicLeapController (360)
[2023.03.30-05.39.23:161][  0]LogModuleManager: Shutting down and abandoning module MagicLeapARPinImpl (358)
[2023.03.30-05.39.23:161][  0]LogModuleManager: Shutting down and abandoning module MagicLeapAR (356)
[2023.03.30-05.39.23:161][  0]LogModuleManager: Shutting down and abandoning module AssetManagerEditor (354)
[2023.03.30-05.39.23:162][  0]LogModuleManager: Shutting down and abandoning module TreeMap (353)
[2023.03.30-05.39.23:162][  0]LogModuleManager: Shutting down and abandoning module NiagaraAnimNotifies (350)
[2023.03.30-05.39.23:162][  0]LogModuleManager: Shutting down and abandoning module Niagara (348)
[2023.03.30-05.39.23:162][  0]LogModuleManager: Shutting down and abandoning module SignalProcessing (347)
[2023.03.30-05.39.23:162][  0]LogModuleManager: Shutting down and abandoning module NiagaraEditor (345)
[2023.03.30-05.39.23:162][  0]LogModuleManager: Shutting down and abandoning module NiagaraCore (342)
[2023.03.30-05.39.23:162][  0]LogModuleManager: Shutting down and abandoning module GameplayTagsEditor (340)
[2023.03.30-05.39.23:162][  0]LogModuleManager: Shutting down and abandoning module FacialAnimationEditor (338)
[2023.03.30-05.39.23:162][  0]LogModuleManager: Shutting down and abandoning module FacialAnimation (336)
[2023.03.30-05.39.23:162][  0]LogModuleManager: Shutting down and abandoning module DataValidation (334)
[2023.03.30-05.39.23:162][  0]LogModuleManager: Shutting down and abandoning module PropertyAccessNode (332)
[2023.03.30-05.39.23:162][  0]LogModuleManager: Shutting down and abandoning module AnimationSharing (330)
[2023.03.30-05.39.23:162][  0]LogModuleManager: Shutting down and abandoning module EnvironmentQueryEditor (328)
[2023.03.30-05.39.23:163][  0]LogModuleManager: Shutting down and abandoning module GameplayCameras (326)
[2023.03.30-05.39.23:163][  0]LogModuleManager: Shutting down and abandoning module LightPropagationVolumeRuntime (324)
[2023.03.30-05.39.23:163][  0]LogModuleManager: Shutting down and abandoning module Paper2D (322)
[2023.03.30-05.39.23:163][  0]LogModuleManager: Shutting down and abandoning module NetworkReplayStreaming (320)
[2023.03.30-05.39.23:163][  0]LogModuleManager: Shutting down and abandoning module PacketHandler (318)
[2023.03.30-05.39.23:163][  0]LogModuleManager: Shutting down and abandoning module ClothingSystemEditor (316)
[2023.03.30-05.39.23:163][  0]LogModuleManager: Shutting down and abandoning module ClothingSystemRuntimeNv (314)
[2023.03.30-05.39.23:163][  0]LogModuleManager: Shutting down and abandoning module MediaAssets (312)
[2023.03.30-05.39.23:163][  0]LogModuleManager: Shutting down and abandoning module Overlay (310)
[2023.03.30-05.39.23:163][  0]LogModuleManager: Shutting down and abandoning module OverlayEditor (309)
[2023.03.30-05.39.23:163][  0]LogModuleManager: Shutting down and abandoning module Blutility (306)
[2023.03.30-05.39.23:163][  0]LogModuleManager: Shutting down and abandoning module LevelEditor (305)
[2023.03.30-05.39.23:164][  0]LogModuleManager: Shutting down and abandoning module PixelInspectorModule (304)
[2023.03.30-05.39.23:164][  0]LogModuleManager: Shutting down and abandoning module CommonMenuExtensions (302)
[2023.03.30-05.39.23:164][  0]LogModuleManager: Shutting down and abandoning module MainFrame (300)
[2023.03.30-05.39.23:164][  0]LogModuleManager: Shutting down and abandoning module HotReload (299)
[2023.03.30-05.39.23:165][  0]LogModuleManager: Shutting down and abandoning module ContentBrowser (295)
[2023.03.30-05.39.23:165][  0]LogModuleManager: Shutting down and abandoning module CollectionManager (294)
[2023.03.30-05.39.23:165][  0]LogModuleManager: Shutting down and abandoning module ContentBrowserData (292)
[2023.03.30-05.39.23:165][  0]LogModuleManager: Shutting down and abandoning module IntroTutorials (288)
[2023.03.30-05.39.23:165][  0]LogModuleManager: Shutting down and abandoning module VREditor (286)
[2023.03.30-05.39.23:165][  0]LogModuleManager: Shutting down and abandoning module StringTableEditor (284)
[2023.03.30-05.39.23:166][  0]LogModuleManager: Shutting down and abandoning module GameplayTasksEditor (282)
[2023.03.30-05.39.23:166][  0]LogModuleManager: Shutting down and abandoning module BehaviorTreeEditor (280)
[2023.03.30-05.39.23:166][  0]LogModuleManager: Shutting down and abandoning module FunctionalTesting (278)
[2023.03.30-05.39.23:166][  0]LogModuleManager: Shutting down and abandoning module CollisionAnalyzer (276)
[2023.03.30-05.39.23:166][  0]LogModuleManager: Shutting down and abandoning module WorkspaceMenuStructure (275)
[2023.03.30-05.39.23:166][  0]LogModuleManager: Shutting down and abandoning module UMG (272)
[2023.03.30-05.39.23:166][  0]LogModuleManager: Shutting down and abandoning module UMGEditor (271)
[2023.03.30-05.39.23:166][  0]LogModuleManager: Shutting down and abandoning module MessageLog (269)
[2023.03.30-05.39.23:166][  0]LogModuleManager: Shutting down and abandoning module SlateReflector (264)
[2023.03.30-05.39.23:167][  0]LogModuleManager: Shutting down and abandoning module Slate (262)
[2023.03.30-05.39.23:167][  0]LogModuleManager: Shutting down and abandoning module SlateCore (260)
[2023.03.30-05.39.23:168][  0]LogModuleManager: Shutting down and abandoning module LandscapeEditorUtilities (258)
[2023.03.30-05.39.23:168][  0]LogModuleManager: Shutting down and abandoning module UnrealEd (256)
[2023.03.30-05.39.23:168][  0]LogModuleManager: Shutting down and abandoning module MRMesh (254)
[2023.03.30-05.39.23:168][  0]LogModuleManager: Shutting down and abandoning module SourceCodeAccess (252)
[2023.03.30-05.39.23:168][  0]LogModuleManager: Shutting down and abandoning module HeadMountedDisplay (250)
[2023.03.30-05.39.23:168][  0]LogModuleManager: Shutting down and abandoning module XAudio2 (248)
[2023.03.30-05.39.23:168][  0]LogModuleManager: Shutting down and abandoning module Networking (246)
[2023.03.30-05.39.23:168][  0]LogModuleManager: Shutting down and abandoning module Core (244)
[2023.03.30-05.39.23:168][  0]LogModuleManager: Shutting down and abandoning module MaterialEditor (242)
[2023.03.30-05.39.23:169][  0]LogModuleManager: Shutting down and abandoning module Settings (241)
[2023.03.30-05.39.23:169][  0]LogModuleManager: Shutting down and abandoning module MovieSceneTools (238)
[2023.03.30-05.39.23:169][  0]LogModuleManager: Shutting down and abandoning module CurveEditor (237)
[2023.03.30-05.39.23:169][  0]LogModuleManager: Shutting down and abandoning module Sequencer (235)
[2023.03.30-05.39.23:170][  0]LogModuleManager: Shutting down and abandoning module EditorStyle (234)
[2023.03.30-05.39.23:171][  0]LogModuleManager: Shutting down and abandoning module KismetCompiler (230)
[2023.03.30-05.39.23:171][  0]LogModuleManager: Shutting down and abandoning module MeshBuilder (228)
[2023.03.30-05.39.23:171][  0]LogModuleManager: Shutting down and abandoning module MeshUtilities (226)
[2023.03.30-05.39.23:172][  0]LogModuleManager: Shutting down and abandoning module MeshMergeUtilities (225)
[2023.03.30-05.39.23:172][  0]LogModuleManager: Shutting down and abandoning module MeshReductionInterface (224)
[2023.03.30-05.39.23:172][  0]LogModuleManager: Shutting down and abandoning module MeshBoneReduction (223)
[2023.03.30-05.39.23:172][  0]LogModuleManager: Shutting down and abandoning module SkeletalMeshReduction (221)
[2023.03.30-05.39.23:172][  0]LogModuleManager: Shutting down and abandoning module ProxyLODMeshReduction (219)
[2023.03.30-05.39.23:172][  0]LogModuleManager: Shutting down and abandoning module QuadricMeshReduction (217)
[2023.03.30-05.39.23:172][  0]LogModuleManager: Shutting down and abandoning module MaterialBaking (213)
[2023.03.30-05.39.23:172][  0]LogModuleManager: Shutting down and abandoning module DirectoryWatcher (209)
[2023.03.30-05.39.23:172][  0]LogModuleManager: Shutting down and abandoning module NullInstallBundleManager (206)
[2023.03.30-05.39.23:172][  0]LogModuleManager: Shutting down and abandoning module DerivedDataCache (204)
[2023.03.30-05.39.23:172][  0]LogModuleManager: Shutting down and abandoning module TargetPlatform (202)
[2023.03.30-05.39.23:172][  0]LogModuleManager: Shutting down and abandoning module VulkanShaderFormat (201)
[2023.03.30-05.39.23:173][  0]LogModuleManager: Shutting down and abandoning module ShaderFormatVectorVM (199)
[2023.03.30-05.39.23:173][  0]LogModuleManager: Shutting down and abandoning module ShaderFormatOpenGL (197)
[2023.03.30-05.39.23:173][  0]LogModuleManager: Shutting down and abandoning module ShaderFormatD3D (195)
[2023.03.30-05.39.23:173][  0]LogModuleManager: Shutting down and abandoning module MetalShaderFormat (193)
[2023.03.30-05.39.23:173][  0]LogModuleManager: Shutting down and abandoning module TextureFormatOodle (191)
[2023.03.30-05.39.23:173][  0]LogModuleManager: Shutting down and abandoning module TextureFormatUncompressed (189)
[2023.03.30-05.39.23:173][  0]LogModuleManager: Shutting down and abandoning module TextureFormatPVR (187)
[2023.03.30-05.39.23:173][  0]LogModuleManager: Shutting down and abandoning module TextureFormatETC2 (185)
[2023.03.30-05.39.23:173][  0]LogModuleManager: Shutting down and abandoning module TextureFormatDXT (183)
[2023.03.30-05.39.23:173][  0]LogModuleManager: Shutting down and abandoning module TextureFormatIntelISPCTexComp (181)
[2023.03.30-05.39.23:173][  0]LogModuleManager: Shutting down and abandoning module TextureFormatASTC (179)
[2023.03.30-05.39.23:173][  0]LogModuleManager: Shutting down and abandoning module ImageWrapper (178)
[2023.03.30-05.39.23:173][  0]LogModuleManager: Shutting down and abandoning module AudioFormatOpus (175)
[2023.03.30-05.39.23:173][  0]LogModuleManager: Shutting down and abandoning module AudioFormatOgg (173)
[2023.03.30-05.39.23:173][  0]LogModuleManager: Shutting down and abandoning module AudioFormatADPCM (171)
[2023.03.30-05.39.23:173][  0]LogModuleManager: Shutting down and abandoning module WindowsServerTargetPlatform (169)
[2023.03.30-05.39.23:173][  0]LogModuleManager: Shutting down and abandoning module WindowsClientTargetPlatform (167)
[2023.03.30-05.39.23:173][  0]LogModuleManager: Shutting down and abandoning module WindowsTargetPlatform (165)
[2023.03.30-05.39.23:173][  0]LogModuleManager: Shutting down and abandoning module WindowsNoEditorTargetPlatform (163)
[2023.03.30-05.39.23:173][  0]LogModuleManager: Shutting down and abandoning module TVOSTargetPlatform (161)
[2023.03.30-05.39.23:175][  0]LogModuleManager: Shutting down and abandoning module MacServerTargetPlatform (159)
[2023.03.30-05.39.23:175][  0]LogModuleManager: Shutting down and abandoning module MacClientTargetPlatform (157)
[2023.03.30-05.39.23:175][  0]LogModuleManager: Shutting down and abandoning module MacTargetPlatform (155)
[2023.03.30-05.39.23:175][  0]LogModuleManager: Shutting down and abandoning module MacNoEditorTargetPlatform (153)
[2023.03.30-05.39.23:175][  0]LogModuleManager: Shutting down and abandoning module LuminTargetPlatform (151)
[2023.03.30-05.39.23:175][  0]LogModuleManager: Shutting down and abandoning module LinuxAArch64ServerTargetPlatform (149)
[2023.03.30-05.39.23:175][  0]LogModuleManager: Shutting down and abandoning module LinuxAArch64ClientTargetPlatform (147)
[2023.03.30-05.39.23:175][  0]LogModuleManager: Shutting down and abandoning module LinuxAArch64NoEditorTargetPlatform (145)
[2023.03.30-05.39.23:175][  0]LogModuleManager: Shutting down and abandoning module LinuxServerTargetPlatform (143)
[2023.03.30-05.39.23:175][  0]LogModuleManager: Shutting down and abandoning module LinuxClientTargetPlatform (141)
[2023.03.30-05.39.23:175][  0]LogModuleManager: Shutting down and abandoning module LinuxNoEditorTargetPlatform (139)
[2023.03.30-05.39.23:175][  0]LogModuleManager: Shutting down and abandoning module LinuxTargetPlatform (137)
[2023.03.30-05.39.23:175][  0]LogModuleManager: Shutting down and abandoning module Messaging (135)
[2023.03.30-05.39.23:175][  0]LogModuleManager: Shutting down and abandoning module IOSTargetPlatform (133)
[2023.03.30-05.39.23:176][  0]LogModuleManager: Shutting down and abandoning module AndroidTargetPlatform (131)
[2023.03.30-05.39.23:179][  0]LogModuleManager: Shutting down and abandoning module AllDesktopTargetPlatform (129)
[2023.03.30-05.39.23:179][  0]LogModuleManager: Shutting down and abandoning module NullDrv (126)
[2023.03.30-05.39.23:179][  0]LogModuleManager: Shutting down and abandoning module PhysXCooking (124)
[2023.03.30-05.39.23:179][  0]LogModuleManager: Shutting down and abandoning module Chaos (122)
[2023.03.30-05.39.23:179][  0]LogModuleManager: Shutting down and abandoning module WindowsPlatformFeatures (120)
[2023.03.30-05.39.23:179][  0]LogModuleManager: Shutting down and abandoning module GameplayMediaEncoder (119)
[2023.03.30-05.39.23:179][  0]LogModuleManager: Shutting down and abandoning module AVEncoder (118)
[2023.03.30-05.39.23:179][  0]LogModuleManager: Shutting down and abandoning module ExampleDeviceProfileSelector (114)
[2023.03.30-05.39.23:179][  0]LogModuleManager: Shutting down and abandoning module SteamVRInputDevice (112)
[2023.03.30-05.39.23:179][  0]LogModuleManager: Shutting down and abandoning module SteamVRInput (110)
[2023.03.30-05.39.23:179][  0]LogModuleManager: Shutting down and abandoning module SteamVR (108)
[2023.03.30-05.39.23:179][  0]LogHMD: Freeing OpenVRDLLHandle.
[2023.03.30-05.39.23:179][  0]LogModuleManager: Shutting down and abandoning module OculusHMD (106)
[2023.03.30-05.39.23:179][  0]LogModuleManager: Shutting down and abandoning module OpenXRAR (104)
[2023.03.30-05.39.23:179][  0]LogModuleManager: Shutting down and abandoning module AugmentedReality (103)
[2023.03.30-05.39.23:179][  0]LogModuleManager: Shutting down and abandoning module OpenXRHandTracking (100)
[2023.03.30-05.39.23:179][  0]LogModuleManager: Shutting down and abandoning module OpenXRHMD (99)
[2023.03.30-05.39.23:179][  0]LogModuleManager: Shutting down and abandoning module OpenXREyeTracker (96)
[2023.03.30-05.39.23:179][  0]LogModuleManager: Shutting down and abandoning module ChunkDownloader (94)
[2023.03.30-05.39.23:180][  0]LogModuleManager: Shutting down and abandoning module LauncherChunkInstaller (92)
[2023.03.30-05.39.23:180][  0]LogModuleManager: Shutting down and abandoning module OnlineBlueprintSupport (90)
[2023.03.30-05.39.23:180][  0]LogModuleManager: Shutting down and abandoning module OnlineSubsystem (86)
[2023.03.30-05.39.23:182][  0]LogModuleManager: Shutting down and abandoning module XMPP (81)
[2023.03.30-05.39.23:182][  0]LogModuleManager: Shutting down and abandoning module WebSockets (80)
[2023.03.30-05.39.23:185][  0]LogModuleManager: Shutting down and abandoning module HTTP (77)
[2023.03.30-05.39.23:185][  0]LogHttp: Display: cleaning up 0 outstanding Http requests.
[2023.03.30-05.39.23:188][  0]LogModuleManager: Shutting down and abandoning module SSL (76)
[2023.03.30-05.39.23:188][  0]LogModuleManager: Shutting down and abandoning module WmfMedia (72)
[2023.03.30-05.39.23:190][  0]LogModuleManager: Shutting down and abandoning module Media (71)
[2023.03.30-05.39.23:191][  0]LogModuleManager: Shutting down and abandoning module MediaInfo (70)
[2023.03.30-05.39.23:191][  0]LogModuleManager: Shutting down and abandoning module ExrReaderGpu (66)
[2023.03.30-05.39.23:191][  0]LogModuleManager: Shutting down and abandoning module MLSDK (64)
[2023.03.30-05.39.23:191][  0]LogModuleManager: Shutting down and abandoning module MagicLeap (62)
[2023.03.30-05.39.23:191][  0]LogModuleManager: Shutting down and abandoning module ChaosCloth (60)
[2023.03.30-05.39.23:191][  0]LogModuleManager: Shutting down and abandoning module NiagaraVertexFactories (58)
[2023.03.30-05.39.23:191][  0]LogModuleManager: Shutting down and abandoning module NiagaraShader (56)
[2023.03.30-05.39.23:191][  0]LogModuleManager: Shutting down and abandoning module VariantManagerContent (54)
[2023.03.30-05.39.23:191][  0]LogModuleManager: Shutting down and abandoning module DatasmithContent (52)
[2023.03.30-05.39.23:191][  0]LogModuleManager: Shutting down and abandoning module PixWinPlugin (50)
[2023.03.30-05.39.23:191][  0]LogModuleManager: Shutting down and abandoning module AISupportModule (48)
[2023.03.30-05.39.23:191][  0]LogModuleManager: Shutting down and abandoning module PlatformCryptoOpenSSL (46)
[2023.03.30-05.39.23:191][  0]LogModuleManager: Shutting down and abandoning module PlatformCryptoTypes (44)
[2023.03.30-05.39.23:191][  0]LogModuleManager: Shutting down and abandoning module PlatformCrypto (42)
[2023.03.30-05.39.23:191][  0]LogModuleManager: Shutting down and abandoning module PythonScriptPluginPreload (40)
[2023.03.30-05.39.23:191][  0]LogModuleManager: Shutting down and abandoning module OodleDataCompressionFormat (38)
[2023.03.30-05.39.23:191][  0]LogModuleManager: Shutting down and abandoning module XGEController (36)
[2023.03.30-05.39.23:191][  0]LogXGEController: Cannot use XGE Controller as Incredibuild is not installed on this machine.
[2023.03.30-05.39.23:191][  0]LogModuleManager: Shutting down and abandoning module AnimationModifiers (34)
[2023.03.30-05.39.23:192][  0]LogModuleManager: Shutting down and abandoning module AudioEditor (32)
[2023.03.30-05.39.23:192][  0]LogModuleManager: Shutting down and abandoning module PropertyEditor (31)
[2023.03.30-05.39.23:193][  0]LogModuleManager: Shutting down and abandoning module TextureCompressor (28)
[2023.03.30-05.39.23:193][  0]LogModuleManager: Shutting down and abandoning module RenderCore (26)
[2023.03.30-05.39.23:193][  0]LogModuleManager: Shutting down and abandoning module Landscape (24)
[2023.03.30-05.39.23:193][  0]LogModuleManager: Shutting down and abandoning module SlateRHIRenderer (22)
[2023.03.30-05.39.23:193][  0]LogModuleManager: Shutting down and abandoning module AnimGraphRuntime (20)
[2023.03.30-05.39.23:193][  0]LogModuleManager: Shutting down and abandoning module Renderer (18)
[2023.03.30-05.39.23:193][  0]LogModuleManager: Shutting down and abandoning module Engine (16)
[2023.03.30-05.39.23:193][  0]LogModuleManager: Shutting down and abandoning module CoreUObject (14)
[2023.03.30-05.39.23:193][  0]LogModuleManager: Shutting down and abandoning module NetworkFile (12)
[2023.03.30-05.39.23:193][  0]LogModuleManager: Shutting down and abandoning module CookedIterativeFile (10)
[2023.03.30-05.39.23:193][  0]LogModuleManager: Shutting down and abandoning module StreamingFile (8)
[2023.03.30-05.39.23:193][  0]LogModuleManager: Shutting down and abandoning module SandboxFile (6)
[2023.03.30-05.39.23:193][  0]LogModuleManager: Shutting down and abandoning module PakFile (4)
[2023.03.30-05.39.23:193][  0]LogModuleManager: Shutting down and abandoning module RSA (3)
[2023.03.30-05.39.23:345][  0]LogContentStreaming: Display: There are 1 unreleased StreamingManagers
[2023.03.30-05.39.23:353][  0]LogExit: Exiting.
[2023.03.30-05.39.23:382][  0]Log file closed, 03/30/23 14:39:23
