Log file open, 04/26/23 17:31:13
LogWindows: Failed to load 'aqProf.dll' (GetLastError=126)
LogWindows: File 'aqProf.dll' does not exist
LogWindows: Failed to load 'VtuneApi.dll' (GetLastError=126)
LogWindows: File 'VtuneApi.dll' does not exist
LogWindows: Failed to load 'VtuneApi32e.dll' (GetLastError=126)
LogWindows: File 'VtuneApi32e.dll' does not exist
LogConsoleResponse: Display: Failed to find resolution value strings in scalability ini. Falling back to default.
LogConsoleResponse: Display: Failed to find resolution value strings in scalability ini. Falling back to default.
LogInit: Display: Running engine for game: Project_MF
LogPlatformFile: Not using cached read wrapper
LogTaskGraph: Started task graph with 5 named threads and 47 total threads with 3 sets of task threads.
LogStats: Stats thread started at 0.210883
LogICUInternationalization: ICU TimeZone Detection - Raw Offset: +9:00, Platform Override: ''
LogInit: Display: Loading text-based GConfig....
LogPluginManager: Mounting plugin MeshPainting
LogPluginManager: Mounting plugin XGEController
LogPluginManager: Mounting plugin Paper2D
LogPluginManager: Mounting plugin AISupport
LogPluginManager: Mounting plugin LiveLink
LogPluginManager: Mounting plugin EnvironmentQueryEditor
LogPluginManager: Mounting plugin OodleNetwork
LogPluginManager: Mounting plugin OodleData
LogPluginManager: Mounting plugin CryptoKeys
LogPluginManager: Mounting plugin AssetManagerEditor
LogPluginManager: Mounting plugin CurveEditorTools
LogPluginManager: Mounting plugin CameraShakePreviewer
LogPluginManager: Mounting plugin AlembicImporter
LogPluginManager: Mounting plugin DataValidation
LogPluginManager: Mounting plugin GameplayTagsEditor
LogPluginManager: Mounting plugin AutomationUtils
LogPluginManager: Mounting plugin FacialAnimation
LogPluginManager: Mounting plugin GeometryMode
LogPluginManager: Mounting plugin ChaosCloth
LogPluginManager: Mounting plugin ChaosClothEditor
LogPluginManager: Mounting plugin BackChannel
LogPluginManager: Mounting plugin MacGraphicsSwitching
LogPluginManager: Mounting plugin ChaosEditor
LogPluginManager: Mounting plugin ChaosNiagara
LogPluginManager: Mounting plugin SpeedTreeImporter
LogPluginManager: Mounting plugin AnimationSharing
LogPluginManager: Mounting plugin ChaosSolverPlugin
LogPluginManager: Mounting plugin MobileLauncherProfileWizard
LogPluginManager: Mounting plugin PluginBrowser
LogPluginManager: Mounting plugin CharacterAI
LogPluginManager: Mounting plugin MaterialAnalyzer
LogPluginManager: Mounting plugin ControlRig
LogPluginManager: Mounting plugin GeometryCache
LogPluginManager: Mounting plugin KDevelopSourceCodeAccess
LogPluginManager: Mounting plugin NullSourceCodeAccess
LogPluginManager: Mounting plugin CodeLiteSourceCodeAccess
LogPluginManager: Mounting plugin PixWinPlugin
LogPluginManager: Mounting plugin PerforceSourceControl
LogPluginManager: Mounting plugin GeometryCollectionPlugin
LogPluginManager: Mounting plugin GitSourceControl
LogPluginManager: Mounting plugin PlasticSourceControl
LogPluginManager: Mounting plugin CLionSourceCodeAccess
LogPluginManager: Mounting plugin PropertyAccessNode
LogPluginManager: Mounting plugin PluginUtils
LogPluginManager: Mounting plugin RiderSourceCodeAccess
LogPluginManager: Mounting plugin TextureFormatOodle
LogPluginManager: Mounting plugin SubversionSourceControl
LogPluginManager: Mounting plugin DatasmithContent
LogPluginManager: Mounting plugin UObjectPlugin
LogPluginManager: Mounting plugin GeometryProcessing
LogPluginManager: Mounting plugin VisualStudioSourceCodeAccess
LogPluginManager: Mounting plugin VisualStudioCodeSourceCodeAccess
LogPluginManager: Mounting plugin XCodeSourceCodeAccess
LogPluginManager: Mounting plugin OpenImageDenoise
LogPluginManager: Mounting plugin MotoSynth
LogPluginManager: Mounting plugin PythonScriptPlugin
LogPluginManager: Mounting plugin VariantManagerContent
LogPluginManager: Mounting plugin PlatformCrypto
LogPluginManager: Mounting plugin PlanarCut
LogPluginManager: Mounting plugin Niagara
LogPluginManager: Mounting plugin TcpMessaging
LogPluginManager: Mounting plugin UdpMessaging
LogPluginManager: Mounting plugin SkeletalReduction
LogPluginManager: Mounting plugin ProxyLODPlugin
LogPluginManager: Mounting plugin AndroidMedia
LogPluginManager: Mounting plugin AvfMedia
LogPluginManager: Mounting plugin ImgMedia
LogPluginManager: Mounting plugin MediaCompositing
LogPluginManager: Mounting plugin MediaPlayerEditor
LogPluginManager: Mounting plugin WebMMedia
LogPluginManager: Mounting plugin OnlineSubsystem
LogPluginManager: Mounting plugin WmfMedia
LogPluginManager: Mounting plugin OnlineSubsystemNull
LogPluginManager: Mounting plugin ActorSequence
LogPluginManager: Mounting plugin OnlineSubsystemUtils
LogPluginManager: Mounting plugin AndroidDeviceProfileSelector
LogPluginManager: Mounting plugin ActorLayerUtilities
LogPluginManager: Mounting plugin AndroidPermission
LogPluginManager: Mounting plugin AppleMoviePlayer
LogPluginManager: Mounting plugin AndroidMoviePlayer
LogPluginManager: Mounting plugin AppleImageUtils
LogPluginManager: Mounting plugin AssetTags
LogPluginManager: Mounting plugin ArchVisCharacter
LogPluginManager: Mounting plugin AudioSynesthesia
LogPluginManager: Mounting plugin AudioCapture
LogPluginManager: Mounting plugin CableComponent
LogPluginManager: Mounting plugin CustomMeshComponent
LogPluginManager: Mounting plugin EditableMesh
LogPluginManager: Mounting plugin ExampleDeviceProfileSelector
LogPluginManager: Mounting plugin GoogleCloudMessaging
LogPluginManager: Mounting plugin ChunkDownloader
LogPluginManager: Mounting plugin GooglePAD
LogPluginManager: Mounting plugin IOSDeviceProfileSelector
LogPluginManager: Mounting plugin LinuxDeviceProfileSelector
LogPluginManager: Mounting plugin LauncherChunkInstaller
LogPluginManager: Mounting plugin LocationServicesBPLibrary
LogPluginManager: Mounting plugin MobilePatchingUtils
LogPluginManager: Mounting plugin LevelSequenceEditor
LogPluginManager: Mounting plugin MatineeToLevelSequence
LogPluginManager: Mounting plugin OpenXREyeTracker
LogPluginManager: Mounting plugin OpenXRHandTracking
LogPluginManager: Mounting plugin OpenXR
LogPluginManager: Mounting plugin PhysXVehicles
LogPluginManager: Mounting plugin TemplateSequence
LogPluginManager: Mounting plugin PostSplashScreen
LogPluginManager: Mounting plugin ProceduralMeshComponent
LogPluginManager: Mounting plugin PropertyAccessEditor
LogPluginManager: Mounting plugin RuntimePhysXCooking
LogPluginManager: Mounting plugin SoundFields
LogPluginManager: Mounting plugin SignificanceManager
LogPluginManager: Mounting plugin Synthesis
LogPluginManager: Mounting plugin WebMMoviePlayer
LogPluginManager: Mounting plugin WindowsMoviePlayer
LogPluginManager: Mounting plugin Takes
LogPluginManager: Mounting plugin ScreenshotTools
LogPluginManager: Mounting plugin GameplayCameras
LogPluginManager: Mounting plugin LuminPlatformFeatures
LogPluginManager: Mounting plugin MagicLeap
LogPluginManager: Mounting plugin MagicLeapLightEstimation
LogPluginManager: Mounting plugin MagicLeapMedia
LogPluginManager: Mounting plugin MagicLeapPassableWorld
LogPluginManager: Mounting plugin MLSDK
LogPluginManager: Mounting plugin LightPropagationVolume
LogPluginManager: Mounting plugin ContentBrowserAssetDataSource
LogPluginManager: Mounting plugin ContentBrowserClassDataSource
LogPluginManager: Mounting plugin ContentBrowserFileDataSource
LogPluginManager: Mounting plugin OnlineSubsystemGooglePlay
LogPluginManager: Mounting plugin OnlineSubsystemIOS
LogPluginManager: Mounting plugin OculusVR
LogPluginManager: Mounting plugin SteamVR
PixWinPlugin: PIX capture plugin failed to initialize! Check that the process is launched from PIX.
LogInit: Using libcurl 7.55.1-DEV
LogInit:  - built for x86_64-pc-win32
LogInit:  - supports SSL with OpenSSL/1.1.1
LogInit:  - supports HTTP deflate (compression) using libz 1.2.8
LogInit:  - other features:
LogInit:      CURL_VERSION_SSL
LogInit:      CURL_VERSION_LIBZ
LogInit:      CURL_VERSION_IPV6
LogInit:      CURL_VERSION_ASYNCHDNS
LogInit:      CURL_VERSION_LARGEFILE
LogInit:      CURL_VERSION_IDN
LogInit:  CurlRequestOptions (configurable via config and command line):
LogInit:  - bVerifyPeer = true  - Libcurl will verify peer certificate
LogInit:  - bUseHttpProxy = false  - Libcurl will NOT use HTTP proxy
LogInit:  - bDontReuseConnections = false  - Libcurl will reuse connections
LogInit:  - MaxHostConnections = 16  - Libcurl will limit the number of connections to a host
LogInit:  - LocalHostAddr = Default
LogInit:  - BufferSize = 65536
LogOnline: OSS: Creating online subsystem instance for: NULL
LogInit: WinSock: version 1.1 (2.2), MaxSocks=32767, MaxUdp=65467
LogOnline: OSS: TryLoadSubsystemAndSetDefault: Loaded subsystem for module [NULL]
LogInit: Build: ++UE4+Release-4.27-CL-18319896
LogInit: Engine Version: 4.27.2-18319896+++UE4+Release-4.27
LogInit: Compatible Engine Version: 4.27.0-17155196+++UE4+Release-4.27
LogInit: Net CL: 17155196
LogInit: OS: Windows 10 (Release 2009) (), CPU: AMD Ryzen 7 4800H with Radeon Graphics         , GPU: NVIDIA GeForce RTX 2060
LogInit: Compiled (64-bit): Nov 30 2021 07:12:08
LogInit: Compiled with Visual C++: 19.24.28315.00
LogInit: Build Configuration: Development
LogInit: Branch Name: ++UE4+Release-4.27
LogInit: Command Line:  D:\Zolup-Button_Project_MF\Project_MF\Project_MF.uproject -run=VisualStudioTools -unattended -noshadercompile -nosound -nullrhi -nocpuprofilertrace -nocrashreports -nosplash -ddc=noshared -output=C:\Users\김이삭\AppData\Local\Temp\tmp487D.tmp
LogInit: Base Directory: D:/UE_4.27/Engine/Binaries/Win64/
LogInit: Allocator: TBB
LogInit: Installed Engine Build: 1
LogDevObjectVersion: Number of dev versions registered: 29
LogDevObjectVersion:   Dev-Blueprints (B0D832E4-1F89-4F0D-ACCF-7EB736FD4AA2): 10
LogDevObjectVersion:   Dev-Build (E1C64328-A22C-4D53-A36C-8E866417BD8C): 0
LogDevObjectVersion:   Dev-Core (375EC13C-06E4-48FB-B500-84F0262A717E): 4
LogDevObjectVersion:   Dev-Editor (E4B068ED-F494-42E9-A231-DA0B2E46BB41): 40
LogDevObjectVersion:   Dev-Framework (CFFC743F-43B0-4480-9391-14DF171D2073): 37
LogDevObjectVersion:   Dev-Mobile (B02B49B5-BB20-44E9-A304-32B752E40360): 3
LogDevObjectVersion:   Dev-Networking (A4E4105C-59A1-49B5-A7C5-40C4547EDFEE): 0
LogDevObjectVersion:   Dev-Online (39C831C9-5AE6-47DC-9A44-9C173E1C8E7C): 0
LogDevObjectVersion:   Dev-Physics (78F01B33-EBEA-4F98-B9B4-84EACCB95AA2): 14
LogDevObjectVersion:   Dev-Platform (6631380F-2D4D-43E0-8009-CF276956A95A): 0
LogDevObjectVersion:   Dev-Rendering (12F88B9F-8875-4AFC-A67C-D90C383ABD29): 45
LogDevObjectVersion:   Dev-Sequencer (7B5AE74C-D270-4C10-A958-57980B212A5A): 13
LogDevObjectVersion:   Dev-VR (D7296918-1DD6-4BDD-9DE2-64A83CC13884): 3
LogDevObjectVersion:   Dev-LoadTimes (C2A15278-BFE7-4AFE-6C17-90FF531DF755): 1
LogDevObjectVersion:   Private-Geometry (6EACA3D4-40EC-4CC1-B786-8BED09428FC5): 3
LogDevObjectVersion:   Dev-AnimPhys (29E575DD-E0A3-4627-9D10-D276232CDCEA): 17
LogDevObjectVersion:   Dev-Anim (AF43A65D-7FD3-4947-9873-3E8ED9C1BB05): 15
LogDevObjectVersion:   Dev-ReflectionCapture (6B266CEC-1EC7-4B8F-A30B-E4D90942FC07): 1
LogDevObjectVersion:   Dev-Automation (0DF73D61-A23F-47EA-B727-89E90C41499A): 1
LogDevObjectVersion:   FortniteMain (601D1886-AC64-4F84-AA16-D3DE0DEAC7D6): 47
LogDevObjectVersion:   FortniteRelease (E7086368-6B23-4C58-8439-1B7016265E91): 1
LogDevObjectVersion:   Dev-Enterprise (9DFFBCD6-494F-0158-E221-12823C92A888): 10
LogDevObjectVersion:   Dev-Niagara (F2AED0AC-9AFE-416F-8664-AA7FFA26D6FC): 1
LogDevObjectVersion:   Dev-Destruction (174F1F0B-B4C6-45A5-B13F-2EE8D0FB917D): 10
LogDevObjectVersion:   Dev-Physics-Ext (35F94A83-E258-406C-A318-09F59610247C): 41
LogDevObjectVersion:   Dev-PhysicsMaterial-Chaos (B68FC16E-8B1B-42E2-B453-215C058844FE): 1
LogDevObjectVersion:   Dev-CineCamera (B2E18506-4273-CFC2-A54E-F4BB758BBA07): 1
LogDevObjectVersion:   Dev-VirtualProduction (64F58936-FD1B-42BA-BA96-7289D5D0FA4E): 1
LogDevObjectVersion:   Dev-MediaFramework (6F0ED827-A609-4895-9C91-998D90180EA4): 2
LogInit: Presizing for max 25165824 objects, including 0 objects not considered by GC, pre-allocating 0 bytes for permanent pool.
LogConfig: Applying CVar settings from Section [/Script/Engine.StreamingSettings] File [D:/Zolup-Button_Project_MF/Project_MF/Saved/Config/Windows/Engine.ini]
LogConfig: Setting CVar [[s.MinBulkDataSizeForAsyncLoading:131072]]
LogConfig: Setting CVar [[s.AsyncLoadingThreadEnabled:0]]
LogConfig: Setting CVar [[s.EventDrivenLoaderEnabled:1]]
LogConfig: Setting CVar [[s.WarnIfTimeLimitExceeded:0]]
LogConfig: Setting CVar [[s.TimeLimitExceededMultiplier:1.5]]
LogConfig: Setting CVar [[s.TimeLimitExceededMinTime:0.005]]
LogConfig: Setting CVar [[s.UseBackgroundLevelStreaming:1]]
LogConfig: Setting CVar [[s.PriorityAsyncLoadingExtraTime:15.0]]
LogConfig: Setting CVar [[s.LevelStreamingActorsUpdateTimeLimit:5.0]]
LogConfig: Setting CVar [[s.PriorityLevelStreamingActorsUpdateExtraTime:5.0]]
LogConfig: Setting CVar [[s.LevelStreamingComponentsRegistrationGranularity:10]]
LogConfig: Setting CVar [[s.UnregisterComponentsTimeLimit:1.0]]
LogConfig: Setting CVar [[s.LevelStreamingComponentsUnregistrationGranularity:5]]
LogConfig: Setting CVar [[s.FlushStreamingOnExit:1]]
LogInit: Object subsystem initialized
LogConfig: Setting CVar [[con.DebugEarlyDefault:1]]
LogConfig: Setting CVar [[r.setres:1280x720]]
[2023.04.26-08.31.14:241][  0]LogConfig: Setting CVar [[con.DebugEarlyDefault:1]]
[2023.04.26-08.31.14:241][  0]LogConfig: Setting CVar [[r.setres:1280x720]]
[2023.04.26-08.31.14:241][  0]LogConfig: Applying CVar settings from Section [/Script/Engine.RendererSettings] File [D:/Zolup-Button_Project_MF/Project_MF/Saved/Config/Windows/Engine.ini]
[2023.04.26-08.31.14:241][  0]LogConfig: Setting CVar [[r.GPUCrashDebugging:0]]
[2023.04.26-08.31.14:241][  0]LogConfig: Setting CVar [[r.DefaultFeature.AutoExposure:1]]
[2023.04.26-08.31.14:241][  0]LogConfig: Setting CVar [[r.DefaultFeature.AutoExposure.Bias:1.000000]]
[2023.04.26-08.31.14:241][  0]LogConfig: Setting CVar [[r.DefaultFeature.AutoExposure.Method:0]]
[2023.04.26-08.31.14:241][  0]LogConfig: Applying CVar settings from Section [/Script/Engine.RendererOverrideSettings] File [D:/Zolup-Button_Project_MF/Project_MF/Saved/Config/Windows/Engine.ini]
[2023.04.26-08.31.14:241][  0]LogConfig: Applying CVar settings from Section [/Script/Engine.StreamingSettings] File [D:/Zolup-Button_Project_MF/Project_MF/Saved/Config/Windows/Engine.ini]
[2023.04.26-08.31.14:241][  0]LogConfig: Setting CVar [[s.MinBulkDataSizeForAsyncLoading:131072]]
[2023.04.26-08.31.14:241][  0]LogConfig: Setting CVar [[s.AsyncLoadingThreadEnabled:0]]
[2023.04.26-08.31.14:241][  0]LogConfig: Setting CVar [[s.EventDrivenLoaderEnabled:1]]
[2023.04.26-08.31.14:241][  0]LogConfig: Setting CVar [[s.WarnIfTimeLimitExceeded:0]]
[2023.04.26-08.31.14:241][  0]LogConfig: Setting CVar [[s.TimeLimitExceededMultiplier:1.5]]
[2023.04.26-08.31.14:241][  0]LogConfig: Setting CVar [[s.TimeLimitExceededMinTime:0.005]]
[2023.04.26-08.31.14:241][  0]LogConfig: Setting CVar [[s.UseBackgroundLevelStreaming:1]]
[2023.04.26-08.31.14:241][  0]LogConfig: Setting CVar [[s.PriorityAsyncLoadingExtraTime:15.0]]
[2023.04.26-08.31.14:241][  0]LogConfig: Setting CVar [[s.LevelStreamingActorsUpdateTimeLimit:5.0]]
[2023.04.26-08.31.14:241][  0]LogConfig: Setting CVar [[s.PriorityLevelStreamingActorsUpdateExtraTime:5.0]]
[2023.04.26-08.31.14:241][  0]LogConfig: Setting CVar [[s.LevelStreamingComponentsRegistrationGranularity:10]]
[2023.04.26-08.31.14:241][  0]LogConfig: Setting CVar [[s.UnregisterComponentsTimeLimit:1.0]]
[2023.04.26-08.31.14:241][  0]LogConfig: Setting CVar [[s.LevelStreamingComponentsUnregistrationGranularity:5]]
[2023.04.26-08.31.14:241][  0]LogConfig: Setting CVar [[s.FlushStreamingOnExit:1]]
[2023.04.26-08.31.14:241][  0]LogConfig: Applying CVar settings from Section [/Script/Engine.GarbageCollectionSettings] File [D:/Zolup-Button_Project_MF/Project_MF/Saved/Config/Windows/Engine.ini]
[2023.04.26-08.31.14:241][  0]LogConfig: Setting CVar [[gc.MaxObjectsNotConsideredByGC:1]]
[2023.04.26-08.31.14:241][  0]LogConfig: Setting CVar [[gc.SizeOfPermanentObjectPool:0]]
[2023.04.26-08.31.14:241][  0]LogConfig: Setting CVar [[gc.FlushStreamingOnGC:0]]
[2023.04.26-08.31.14:241][  0]LogConfig: Setting CVar [[gc.NumRetriesBeforeForcingGC:10]]
[2023.04.26-08.31.14:241][  0]LogConfig: Setting CVar [[gc.AllowParallelGC:1]]
[2023.04.26-08.31.14:241][  0]LogConfig: Setting CVar [[gc.TimeBetweenPurgingPendingKillObjects:61.1]]
[2023.04.26-08.31.14:241][  0]LogConfig: Setting CVar [[gc.MaxObjectsInEditor:25165824]]
[2023.04.26-08.31.14:241][  0]LogConfig: Setting CVar [[gc.IncrementalBeginDestroyEnabled:1]]
[2023.04.26-08.31.14:241][  0]LogConfig: Setting CVar [[gc.CreateGCClusters:1]]
[2023.04.26-08.31.14:241][  0]LogConfig: Setting CVar [[gc.MinGCClusterSize:5]]
[2023.04.26-08.31.14:241][  0]LogConfig: Setting CVar [[gc.ActorClusteringEnabled:0]]
[2023.04.26-08.31.14:241][  0]LogConfig: Setting CVar [[gc.BlueprintClusteringEnabled:0]]
[2023.04.26-08.31.14:241][  0]LogConfig: Setting CVar [[gc.UseDisregardForGCOnDedicatedServers:0]]
[2023.04.26-08.31.14:241][  0]LogConfig: Setting CVar [[gc.MultithreadedDestructionEnabled:1]]
[2023.04.26-08.31.14:241][  0]LogConfig: Applying CVar settings from Section [/Script/Engine.NetworkSettings] File [D:/Zolup-Button_Project_MF/Project_MF/Saved/Config/Windows/Engine.ini]
[2023.04.26-08.31.14:241][  0]LogConfig: Applying CVar settings from Section [/Script/UnrealEd.CookerSettings] File [D:/Zolup-Button_Project_MF/Project_MF/Saved/Config/Windows/Engine.ini]
[2023.04.26-08.31.14:241][  0]LogConfig: Applying CVar settings from Section [ViewDistanceQuality@3] File [D:/Zolup-Button_Project_MF/Project_MF/Saved/Config/Windows/Scalability.ini]
[2023.04.26-08.31.14:241][  0]LogConfig: Setting CVar [[r.SkeletalMeshLODBias:0]]
[2023.04.26-08.31.14:241][  0]LogConfig: Setting CVar [[r.ViewDistanceScale:1.0]]
[2023.04.26-08.31.14:241][  0]LogConfig: Applying CVar settings from Section [AntiAliasingQuality@3] File [D:/Zolup-Button_Project_MF/Project_MF/Saved/Config/Windows/Scalability.ini]
[2023.04.26-08.31.14:241][  0]LogConfig: Setting CVar [[r.PostProcessAAQuality:4]]
[2023.04.26-08.31.14:241][  0]LogConfig: Applying CVar settings from Section [ShadowQuality@3] File [D:/Zolup-Button_Project_MF/Project_MF/Saved/Config/Windows/Scalability.ini]
[2023.04.26-08.31.14:241][  0]LogConfig: Setting CVar [[r.LightFunctionQuality:1]]
[2023.04.26-08.31.14:241][  0]LogConfig: Setting CVar [[r.ShadowQuality:5]]
[2023.04.26-08.31.14:241][  0]LogConfig: Setting CVar [[r.Shadow.CSM.MaxCascades:10]]
[2023.04.26-08.31.14:241][  0]LogConfig: Setting CVar [[r.Shadow.MaxResolution:2048]]
[2023.04.26-08.31.14:241][  0]LogConfig: Setting CVar [[r.Shadow.MaxCSMResolution:2048]]
[2023.04.26-08.31.14:241][  0]LogConfig: Setting CVar [[r.Shadow.RadiusThreshold:0.01]]
[2023.04.26-08.31.14:241][  0]LogConfig: Setting CVar [[r.Shadow.DistanceScale:1.0]]
[2023.04.26-08.31.14:241][  0]LogConfig: Setting CVar [[r.Shadow.CSM.TransitionScale:1.0]]
[2023.04.26-08.31.14:241][  0]LogConfig: Setting CVar [[r.Shadow.PreShadowResolutionFactor:1.0]]
[2023.04.26-08.31.14:241][  0]LogConfig: Setting CVar [[r.DistanceFieldShadowing:1]]
[2023.04.26-08.31.14:241][  0]LogConfig: Setting CVar [[r.DistanceFieldAO:1]]
[2023.04.26-08.31.14:241][  0]LogConfig: Setting CVar [[r.AOQuality:2]]
[2023.04.26-08.31.14:241][  0]LogConfig: Setting CVar [[r.VolumetricFog:1]]
[2023.04.26-08.31.14:241][  0]LogConfig: Setting CVar [[r.VolumetricFog.GridPixelSize:8]]
[2023.04.26-08.31.14:241][  0]LogConfig: Setting CVar [[r.VolumetricFog.GridSizeZ:128]]
[2023.04.26-08.31.14:241][  0]LogConfig: Setting CVar [[r.VolumetricFog.HistoryMissSupersampleCount:4]]
[2023.04.26-08.31.14:241][  0]LogConfig: Setting CVar [[r.LightMaxDrawDistanceScale:1]]
[2023.04.26-08.31.14:241][  0]LogConfig: Setting CVar [[r.CapsuleShadows:1]]
[2023.04.26-08.31.14:241][  0]LogConfig: Applying CVar settings from Section [PostProcessQuality@3] File [D:/Zolup-Button_Project_MF/Project_MF/Saved/Config/Windows/Scalability.ini]
[2023.04.26-08.31.14:242][  0]LogConfig: Setting CVar [[r.MotionBlurQuality:4]]
[2023.04.26-08.31.14:242][  0]LogConfig: Setting CVar [[r.AmbientOcclusionMipLevelFactor:0.4]]
[2023.04.26-08.31.14:242][  0]LogConfig: Setting CVar [[r.AmbientOcclusionMaxQuality:100]]
[2023.04.26-08.31.14:242][  0]LogConfig: Setting CVar [[r.AmbientOcclusionLevels:-1]]
[2023.04.26-08.31.14:242][  0]LogConfig: Setting CVar [[r.AmbientOcclusionRadiusScale:1.0]]
[2023.04.26-08.31.14:242][  0]LogConfig: Setting CVar [[r.DepthOfFieldQuality:2]]
[2023.04.26-08.31.14:242][  0]LogConfig: Setting CVar [[r.RenderTargetPoolMin:400]]
[2023.04.26-08.31.14:242][  0]LogConfig: Setting CVar [[r.LensFlareQuality:2]]
[2023.04.26-08.31.14:242][  0]LogConfig: Setting CVar [[r.SceneColorFringeQuality:1]]
[2023.04.26-08.31.14:242][  0]LogConfig: Setting CVar [[r.EyeAdaptationQuality:2]]
[2023.04.26-08.31.14:242][  0]LogConfig: Setting CVar [[r.BloomQuality:5]]
[2023.04.26-08.31.14:242][  0]LogConfig: Setting CVar [[r.FastBlurThreshold:100]]
[2023.04.26-08.31.14:242][  0]LogConfig: Setting CVar [[r.Upscale.Quality:3]]
[2023.04.26-08.31.14:242][  0]LogConfig: Setting CVar [[r.Tonemapper.GrainQuantization:1]]
[2023.04.26-08.31.14:242][  0]LogConfig: Setting CVar [[r.LightShaftQuality:1]]
[2023.04.26-08.31.14:242][  0]LogConfig: Setting CVar [[r.Filter.SizeScale:1]]
[2023.04.26-08.31.14:242][  0]LogConfig: Setting CVar [[r.Tonemapper.Quality:5]]
[2023.04.26-08.31.14:242][  0]LogConfig: Setting CVar [[r.DOF.Gather.AccumulatorQuality:1        ; higher gathering accumulator quality]]
[2023.04.26-08.31.14:242][  0]LogConfig: Setting CVar [[r.DOF.Gather.PostfilterMethod:1          ; Median3x3 postfilering method]]
[2023.04.26-08.31.14:242][  0]LogConfig: Setting CVar [[r.DOF.Gather.EnableBokehSettings:0       ; no bokeh simulation when gathering]]
[2023.04.26-08.31.14:242][  0]LogConfig: Setting CVar [[r.DOF.Gather.RingCount:4                 ; medium number of samples when gathering]]
[2023.04.26-08.31.14:242][  0]LogConfig: Setting CVar [[r.DOF.Scatter.ForegroundCompositing:1    ; additive foreground scattering]]
[2023.04.26-08.31.14:242][  0]LogConfig: Setting CVar [[r.DOF.Scatter.BackgroundCompositing:2    ; additive background scattering]]
[2023.04.26-08.31.14:242][  0]LogConfig: Setting CVar [[r.DOF.Scatter.EnableBokehSettings:1      ; bokeh simulation when scattering]]
[2023.04.26-08.31.14:242][  0]LogConfig: Setting CVar [[r.DOF.Scatter.MaxSpriteRatio:0.1         ; only a maximum of 10% of scattered bokeh]]
[2023.04.26-08.31.14:242][  0]LogConfig: Setting CVar [[r.DOF.Recombine.Quality:1                ; cheap slight out of focus]]
[2023.04.26-08.31.14:242][  0]LogConfig: Setting CVar [[r.DOF.Recombine.EnableBokehSettings:0    ; no bokeh simulation on slight out of focus]]
[2023.04.26-08.31.14:242][  0]LogConfig: Setting CVar [[r.DOF.TemporalAAQuality:1                ; more stable temporal accumulation]]
[2023.04.26-08.31.14:242][  0]LogConfig: Setting CVar [[r.DOF.Kernel.MaxForegroundRadius:0.025]]
[2023.04.26-08.31.14:242][  0]LogConfig: Setting CVar [[r.DOF.Kernel.MaxBackgroundRadius:0.025]]
[2023.04.26-08.31.14:242][  0]LogConfig: Applying CVar settings from Section [TextureQuality@3] File [D:/Zolup-Button_Project_MF/Project_MF/Saved/Config/Windows/Scalability.ini]
[2023.04.26-08.31.14:242][  0]LogConfig: Setting CVar [[r.Streaming.MipBias:0]]
[2023.04.26-08.31.14:242][  0]LogConfig: Setting CVar [[r.Streaming.AmortizeCPUToGPUCopy:0]]
[2023.04.26-08.31.14:242][  0]LogConfig: Setting CVar [[r.Streaming.MaxNumTexturesToStreamPerFrame:0]]
[2023.04.26-08.31.14:242][  0]LogConfig: Setting CVar [[r.Streaming.Boost:1]]
[2023.04.26-08.31.14:242][  0]LogConfig: Setting CVar [[r.MaxAnisotropy:8]]
[2023.04.26-08.31.14:242][  0]LogConfig: Setting CVar [[r.VT.MaxAnisotropy:8]]
[2023.04.26-08.31.14:242][  0]LogConfig: Setting CVar [[r.Streaming.LimitPoolSizeToVRAM:0]]
[2023.04.26-08.31.14:242][  0]LogConfig: Setting CVar [[r.Streaming.PoolSize:1000]]
[2023.04.26-08.31.14:242][  0]LogConfig: Setting CVar [[r.Streaming.MaxEffectiveScreenSize:0]]
[2023.04.26-08.31.14:242][  0]LogConfig: Applying CVar settings from Section [EffectsQuality@3] File [D:/Zolup-Button_Project_MF/Project_MF/Saved/Config/Windows/Scalability.ini]
[2023.04.26-08.31.14:242][  0]LogConfig: Setting CVar [[r.TranslucencyLightingVolumeDim:64]]
[2023.04.26-08.31.14:242][  0]LogConfig: Setting CVar [[r.RefractionQuality:2]]
[2023.04.26-08.31.14:242][  0]LogConfig: Setting CVar [[r.SSR.Quality:3]]
[2023.04.26-08.31.14:242][  0]LogConfig: Setting CVar [[r.SSR.HalfResSceneColor:0]]
[2023.04.26-08.31.14:242][  0]LogConfig: Setting CVar [[r.SceneColorFormat:4]]
[2023.04.26-08.31.14:242][  0]LogConfig: Setting CVar [[r.DetailMode:2]]
[2023.04.26-08.31.14:242][  0]LogConfig: Setting CVar [[r.TranslucencyVolumeBlur:1]]
[2023.04.26-08.31.14:242][  0]LogConfig: Setting CVar [[r.MaterialQualityLevel:1 ; High quality]]
[2023.04.26-08.31.14:242][  0]LogConfig: Setting CVar [[r.AnisotropicMaterials:1]]
[2023.04.26-08.31.14:242][  0]LogConfig: Setting CVar [[r.SSS.Scale:1]]
[2023.04.26-08.31.14:242][  0]LogConfig: Setting CVar [[r.SSS.SampleSet:2]]
[2023.04.26-08.31.14:242][  0]LogConfig: Setting CVar [[r.SSS.Quality:1]]
[2023.04.26-08.31.14:242][  0]LogConfig: Setting CVar [[r.SSS.HalfRes:0]]
[2023.04.26-08.31.14:242][  0]LogConfig: Setting CVar [[r.SSGI.Quality:3]]
[2023.04.26-08.31.14:242][  0]LogConfig: Setting CVar [[r.EmitterSpawnRateScale:1.0]]
[2023.04.26-08.31.14:242][  0]LogConfig: Setting CVar [[r.ParticleLightQuality:2]]
[2023.04.26-08.31.14:242][  0]LogConfig: Setting CVar [[r.SkyAtmosphere.AerialPerspectiveLUT.FastApplyOnOpaque:1 ; Always have FastSkyLUT 1 in this case to avoid wrong sky]]
[2023.04.26-08.31.14:242][  0]LogConfig: Setting CVar [[r.SkyAtmosphere.AerialPerspectiveLUT.SampleCountMaxPerSlice:4]]
[2023.04.26-08.31.14:242][  0]LogConfig: Setting CVar [[r.SkyAtmosphere.AerialPerspectiveLUT.DepthResolution:16.0]]
[2023.04.26-08.31.14:242][  0]LogConfig: Setting CVar [[r.SkyAtmosphere.FastSkyLUT:1]]
[2023.04.26-08.31.14:242][  0]LogConfig: Setting CVar [[r.SkyAtmosphere.FastSkyLUT.SampleCountMin:4.0]]
[2023.04.26-08.31.14:242][  0]LogConfig: Setting CVar [[r.SkyAtmosphere.FastSkyLUT.SampleCountMax:128.0]]
[2023.04.26-08.31.14:242][  0]LogConfig: Setting CVar [[r.SkyAtmosphere.SampleCountMin:4.0]]
[2023.04.26-08.31.14:242][  0]LogConfig: Setting CVar [[r.SkyAtmosphere.SampleCountMax:128.0]]
[2023.04.26-08.31.14:242][  0]LogConfig: Setting CVar [[r.SkyAtmosphere.TransmittanceLUT.UseSmallFormat:0]]
[2023.04.26-08.31.14:242][  0]LogConfig: Setting CVar [[r.SkyAtmosphere.TransmittanceLUT.SampleCount:10.0]]
[2023.04.26-08.31.14:242][  0]LogConfig: Setting CVar [[r.SkyAtmosphere.MultiScatteringLUT.SampleCount:15.0]]
[2023.04.26-08.31.14:242][  0]LogConfig: Setting CVar [[r.SkyLight.RealTimeReflectionCapture:1]]
[2023.04.26-08.31.14:242][  0]LogConfig: Applying CVar settings from Section [FoliageQuality@3] File [D:/Zolup-Button_Project_MF/Project_MF/Saved/Config/Windows/Scalability.ini]
[2023.04.26-08.31.14:242][  0]LogConfig: Setting CVar [[foliage.DensityScale:1.0]]
[2023.04.26-08.31.14:242][  0]LogConfig: Setting CVar [[grass.DensityScale:1.0]]
[2023.04.26-08.31.14:242][  0]LogConfig: Applying CVar settings from Section [ShadingQuality@3] File [D:/Zolup-Button_Project_MF/Project_MF/Saved/Config/Windows/Scalability.ini]
[2023.04.26-08.31.14:242][  0]LogConfig: Setting CVar [[r.HairStrands.SkyLighting.IntegrationType:2]]
[2023.04.26-08.31.14:242][  0]LogConfig: Setting CVar [[r.HairStrands.SkyAO.SampleCount:4]]
[2023.04.26-08.31.14:242][  0]LogConfig: Setting CVar [[r.HairStrands.Visibility.MSAA.SamplePerPixel:4]]
[2023.04.26-08.31.14:246][  0]LogInit: Selected Device Profile: [Windows]
[2023.04.26-08.31.14:246][  0]LogInit: Applying CVar settings loaded from the selected device profile: [Windows]
[2023.04.26-08.31.14:246][  0]LogHAL: Display: Platform has ~ 16 GB [17042837504 / 17179869184 / 16], which maps to Larger [LargestMinGB=32, LargerMinGB=12, DefaultMinGB=8, SmallerMinGB=6, SmallestMinGB=0)
[2023.04.26-08.31.14:246][  0]LogInit: Going up to parent DeviceProfile []
[2023.04.26-08.31.14:246][  0]LogConfig: Applying CVar settings from Section [ViewDistanceQuality@3] File [D:/Zolup-Button_Project_MF/Project_MF/Saved/Config/Windows/Scalability.ini]
[2023.04.26-08.31.14:246][  0]LogConfig: Setting CVar [[r.SkeletalMeshLODBias:0]]
[2023.04.26-08.31.14:246][  0]LogConfig: Setting CVar [[r.ViewDistanceScale:1.0]]
[2023.04.26-08.31.14:246][  0]LogConfig: Applying CVar settings from Section [AntiAliasingQuality@3] File [D:/Zolup-Button_Project_MF/Project_MF/Saved/Config/Windows/Scalability.ini]
[2023.04.26-08.31.14:246][  0]LogConfig: Setting CVar [[r.PostProcessAAQuality:4]]
[2023.04.26-08.31.14:246][  0]LogConfig: Applying CVar settings from Section [ShadowQuality@3] File [D:/Zolup-Button_Project_MF/Project_MF/Saved/Config/Windows/Scalability.ini]
[2023.04.26-08.31.14:246][  0]LogConfig: Setting CVar [[r.LightFunctionQuality:1]]
[2023.04.26-08.31.14:246][  0]LogConfig: Setting CVar [[r.ShadowQuality:5]]
[2023.04.26-08.31.14:246][  0]LogConfig: Setting CVar [[r.Shadow.CSM.MaxCascades:10]]
[2023.04.26-08.31.14:246][  0]LogConfig: Setting CVar [[r.Shadow.MaxResolution:2048]]
[2023.04.26-08.31.14:246][  0]LogConfig: Setting CVar [[r.Shadow.MaxCSMResolution:2048]]
[2023.04.26-08.31.14:246][  0]LogConfig: Setting CVar [[r.Shadow.RadiusThreshold:0.01]]
[2023.04.26-08.31.14:246][  0]LogConfig: Setting CVar [[r.Shadow.DistanceScale:1.0]]
[2023.04.26-08.31.14:246][  0]LogConfig: Setting CVar [[r.Shadow.CSM.TransitionScale:1.0]]
[2023.04.26-08.31.14:246][  0]LogConfig: Setting CVar [[r.Shadow.PreShadowResolutionFactor:1.0]]
[2023.04.26-08.31.14:246][  0]LogConfig: Setting CVar [[r.DistanceFieldShadowing:1]]
[2023.04.26-08.31.14:246][  0]LogConfig: Setting CVar [[r.DistanceFieldAO:1]]
[2023.04.26-08.31.14:246][  0]LogConfig: Setting CVar [[r.AOQuality:2]]
[2023.04.26-08.31.14:246][  0]LogConfig: Setting CVar [[r.VolumetricFog:1]]
[2023.04.26-08.31.14:246][  0]LogConfig: Setting CVar [[r.VolumetricFog.GridPixelSize:8]]
[2023.04.26-08.31.14:246][  0]LogConfig: Setting CVar [[r.VolumetricFog.GridSizeZ:128]]
[2023.04.26-08.31.14:246][  0]LogConfig: Setting CVar [[r.VolumetricFog.HistoryMissSupersampleCount:4]]
[2023.04.26-08.31.14:246][  0]LogConfig: Setting CVar [[r.LightMaxDrawDistanceScale:1]]
[2023.04.26-08.31.14:246][  0]LogConfig: Setting CVar [[r.CapsuleShadows:1]]
[2023.04.26-08.31.14:246][  0]LogConfig: Applying CVar settings from Section [PostProcessQuality@3] File [D:/Zolup-Button_Project_MF/Project_MF/Saved/Config/Windows/Scalability.ini]
[2023.04.26-08.31.14:246][  0]LogConfig: Setting CVar [[r.MotionBlurQuality:4]]
[2023.04.26-08.31.14:246][  0]LogConfig: Setting CVar [[r.AmbientOcclusionMipLevelFactor:0.4]]
[2023.04.26-08.31.14:246][  0]LogConfig: Setting CVar [[r.AmbientOcclusionMaxQuality:100]]
[2023.04.26-08.31.14:246][  0]LogConfig: Setting CVar [[r.AmbientOcclusionLevels:-1]]
[2023.04.26-08.31.14:246][  0]LogConfig: Setting CVar [[r.AmbientOcclusionRadiusScale:1.0]]
[2023.04.26-08.31.14:247][  0]LogConfig: Setting CVar [[r.DepthOfFieldQuality:2]]
[2023.04.26-08.31.14:247][  0]LogConfig: Setting CVar [[r.RenderTargetPoolMin:400]]
[2023.04.26-08.31.14:247][  0]LogConfig: Setting CVar [[r.LensFlareQuality:2]]
[2023.04.26-08.31.14:247][  0]LogConfig: Setting CVar [[r.SceneColorFringeQuality:1]]
[2023.04.26-08.31.14:247][  0]LogConfig: Setting CVar [[r.EyeAdaptationQuality:2]]
[2023.04.26-08.31.14:247][  0]LogConfig: Setting CVar [[r.BloomQuality:5]]
[2023.04.26-08.31.14:247][  0]LogConfig: Setting CVar [[r.FastBlurThreshold:100]]
[2023.04.26-08.31.14:247][  0]LogConfig: Setting CVar [[r.Upscale.Quality:3]]
[2023.04.26-08.31.14:247][  0]LogConfig: Setting CVar [[r.Tonemapper.GrainQuantization:1]]
[2023.04.26-08.31.14:247][  0]LogConfig: Setting CVar [[r.LightShaftQuality:1]]
[2023.04.26-08.31.14:247][  0]LogConfig: Setting CVar [[r.Filter.SizeScale:1]]
[2023.04.26-08.31.14:247][  0]LogConfig: Setting CVar [[r.Tonemapper.Quality:5]]
[2023.04.26-08.31.14:247][  0]LogConfig: Setting CVar [[r.DOF.Gather.AccumulatorQuality:1        ; higher gathering accumulator quality]]
[2023.04.26-08.31.14:247][  0]LogConfig: Setting CVar [[r.DOF.Gather.PostfilterMethod:1          ; Median3x3 postfilering method]]
[2023.04.26-08.31.14:247][  0]LogConfig: Setting CVar [[r.DOF.Gather.EnableBokehSettings:0       ; no bokeh simulation when gathering]]
[2023.04.26-08.31.14:247][  0]LogConfig: Setting CVar [[r.DOF.Gather.RingCount:4                 ; medium number of samples when gathering]]
[2023.04.26-08.31.14:247][  0]LogConfig: Setting CVar [[r.DOF.Scatter.ForegroundCompositing:1    ; additive foreground scattering]]
[2023.04.26-08.31.14:247][  0]LogConfig: Setting CVar [[r.DOF.Scatter.BackgroundCompositing:2    ; additive background scattering]]
[2023.04.26-08.31.14:247][  0]LogConfig: Setting CVar [[r.DOF.Scatter.EnableBokehSettings:1      ; bokeh simulation when scattering]]
[2023.04.26-08.31.14:247][  0]LogConfig: Setting CVar [[r.DOF.Scatter.MaxSpriteRatio:0.1         ; only a maximum of 10% of scattered bokeh]]
[2023.04.26-08.31.14:247][  0]LogConfig: Setting CVar [[r.DOF.Recombine.Quality:1                ; cheap slight out of focus]]
[2023.04.26-08.31.14:247][  0]LogConfig: Setting CVar [[r.DOF.Recombine.EnableBokehSettings:0    ; no bokeh simulation on slight out of focus]]
[2023.04.26-08.31.14:247][  0]LogConfig: Setting CVar [[r.DOF.TemporalAAQuality:1                ; more stable temporal accumulation]]
[2023.04.26-08.31.14:247][  0]LogConfig: Setting CVar [[r.DOF.Kernel.MaxForegroundRadius:0.025]]
[2023.04.26-08.31.14:247][  0]LogConfig: Setting CVar [[r.DOF.Kernel.MaxBackgroundRadius:0.025]]
[2023.04.26-08.31.14:247][  0]LogConfig: Applying CVar settings from Section [TextureQuality@3] File [D:/Zolup-Button_Project_MF/Project_MF/Saved/Config/Windows/Scalability.ini]
[2023.04.26-08.31.14:247][  0]LogConfig: Setting CVar [[r.Streaming.MipBias:0]]
[2023.04.26-08.31.14:247][  0]LogConfig: Setting CVar [[r.Streaming.AmortizeCPUToGPUCopy:0]]
[2023.04.26-08.31.14:247][  0]LogConfig: Setting CVar [[r.Streaming.MaxNumTexturesToStreamPerFrame:0]]
[2023.04.26-08.31.14:247][  0]LogConfig: Setting CVar [[r.Streaming.Boost:1]]
[2023.04.26-08.31.14:247][  0]LogConfig: Setting CVar [[r.MaxAnisotropy:8]]
[2023.04.26-08.31.14:247][  0]LogConfig: Setting CVar [[r.VT.MaxAnisotropy:8]]
[2023.04.26-08.31.14:247][  0]LogConfig: Setting CVar [[r.Streaming.LimitPoolSizeToVRAM:0]]
[2023.04.26-08.31.14:247][  0]LogConfig: Setting CVar [[r.Streaming.PoolSize:1000]]
[2023.04.26-08.31.14:247][  0]LogConfig: Setting CVar [[r.Streaming.MaxEffectiveScreenSize:0]]
[2023.04.26-08.31.14:247][  0]LogConfig: Applying CVar settings from Section [EffectsQuality@3] File [D:/Zolup-Button_Project_MF/Project_MF/Saved/Config/Windows/Scalability.ini]
[2023.04.26-08.31.14:247][  0]LogConfig: Setting CVar [[r.TranslucencyLightingVolumeDim:64]]
[2023.04.26-08.31.14:247][  0]LogConfig: Setting CVar [[r.RefractionQuality:2]]
[2023.04.26-08.31.14:247][  0]LogConfig: Setting CVar [[r.SSR.Quality:3]]
[2023.04.26-08.31.14:247][  0]LogConfig: Setting CVar [[r.SSR.HalfResSceneColor:0]]
[2023.04.26-08.31.14:247][  0]LogConfig: Setting CVar [[r.SceneColorFormat:4]]
[2023.04.26-08.31.14:247][  0]LogConfig: Setting CVar [[r.DetailMode:2]]
[2023.04.26-08.31.14:247][  0]LogConfig: Setting CVar [[r.TranslucencyVolumeBlur:1]]
[2023.04.26-08.31.14:247][  0]LogConfig: Setting CVar [[r.MaterialQualityLevel:1 ; High quality]]
[2023.04.26-08.31.14:247][  0]LogConfig: Setting CVar [[r.AnisotropicMaterials:1]]
[2023.04.26-08.31.14:247][  0]LogConfig: Setting CVar [[r.SSS.Scale:1]]
[2023.04.26-08.31.14:247][  0]LogConfig: Setting CVar [[r.SSS.SampleSet:2]]
[2023.04.26-08.31.14:247][  0]LogConfig: Setting CVar [[r.SSS.Quality:1]]
[2023.04.26-08.31.14:247][  0]LogConfig: Setting CVar [[r.SSS.HalfRes:0]]
[2023.04.26-08.31.14:247][  0]LogConfig: Setting CVar [[r.SSGI.Quality:3]]
[2023.04.26-08.31.14:247][  0]LogConfig: Setting CVar [[r.EmitterSpawnRateScale:1.0]]
[2023.04.26-08.31.14:247][  0]LogConfig: Setting CVar [[r.ParticleLightQuality:2]]
[2023.04.26-08.31.14:247][  0]LogConfig: Setting CVar [[r.SkyAtmosphere.AerialPerspectiveLUT.FastApplyOnOpaque:1 ; Always have FastSkyLUT 1 in this case to avoid wrong sky]]
[2023.04.26-08.31.14:247][  0]LogConfig: Setting CVar [[r.SkyAtmosphere.AerialPerspectiveLUT.SampleCountMaxPerSlice:4]]
[2023.04.26-08.31.14:247][  0]LogConfig: Setting CVar [[r.SkyAtmosphere.AerialPerspectiveLUT.DepthResolution:16.0]]
[2023.04.26-08.31.14:247][  0]LogConfig: Setting CVar [[r.SkyAtmosphere.FastSkyLUT:1]]
[2023.04.26-08.31.14:247][  0]LogConfig: Setting CVar [[r.SkyAtmosphere.FastSkyLUT.SampleCountMin:4.0]]
[2023.04.26-08.31.14:247][  0]LogConfig: Setting CVar [[r.SkyAtmosphere.FastSkyLUT.SampleCountMax:128.0]]
[2023.04.26-08.31.14:247][  0]LogConfig: Setting CVar [[r.SkyAtmosphere.SampleCountMin:4.0]]
[2023.04.26-08.31.14:247][  0]LogConfig: Setting CVar [[r.SkyAtmosphere.SampleCountMax:128.0]]
[2023.04.26-08.31.14:247][  0]LogConfig: Setting CVar [[r.SkyAtmosphere.TransmittanceLUT.UseSmallFormat:0]]
[2023.04.26-08.31.14:247][  0]LogConfig: Setting CVar [[r.SkyAtmosphere.TransmittanceLUT.SampleCount:10.0]]
[2023.04.26-08.31.14:247][  0]LogConfig: Setting CVar [[r.SkyAtmosphere.MultiScatteringLUT.SampleCount:15.0]]
[2023.04.26-08.31.14:247][  0]LogConfig: Setting CVar [[r.SkyLight.RealTimeReflectionCapture:1]]
[2023.04.26-08.31.14:247][  0]LogConfig: Applying CVar settings from Section [FoliageQuality@3] File [D:/Zolup-Button_Project_MF/Project_MF/Saved/Config/Windows/Scalability.ini]
[2023.04.26-08.31.14:247][  0]LogConfig: Setting CVar [[foliage.DensityScale:1.0]]
[2023.04.26-08.31.14:247][  0]LogConfig: Setting CVar [[grass.DensityScale:1.0]]
[2023.04.26-08.31.14:247][  0]LogConfig: Applying CVar settings from Section [ShadingQuality@3] File [D:/Zolup-Button_Project_MF/Project_MF/Saved/Config/Windows/Scalability.ini]
[2023.04.26-08.31.14:247][  0]LogConfig: Setting CVar [[r.HairStrands.SkyLighting.IntegrationType:2]]
[2023.04.26-08.31.14:247][  0]LogConfig: Setting CVar [[r.HairStrands.SkyAO.SampleCount:4]]
[2023.04.26-08.31.14:247][  0]LogConfig: Setting CVar [[r.HairStrands.Visibility.MSAA.SamplePerPixel:4]]
[2023.04.26-08.31.14:247][  0]LogConfig: Applying CVar settings from Section [Startup] File [../../../Engine/Config/ConsoleVariables.ini]
[2023.04.26-08.31.14:247][  0]LogConfig: Setting CVar [[net.UseAdaptiveNetUpdateFrequency:0]]
[2023.04.26-08.31.14:247][  0]LogConfig: Setting CVar [[p.chaos.AllowCreatePhysxBodies:1]]
[2023.04.26-08.31.14:247][  0]LogConfig: Setting CVar [[fx.SkipVectorVMBackendOptimizations:1]]
[2023.04.26-08.31.14:247][  0]LogConfig: Applying CVar settings from Section [ConsoleVariables] File [D:/Zolup-Button_Project_MF/Project_MF/Saved/Config/Windows/Engine.ini]
[2023.04.26-08.31.14:247][  0]LogConfig: Applying CVar settings from Section [ConsoleVariables] File [D:/Zolup-Button_Project_MF/Project_MF/Saved/Config/Windows/Editor.ini]
[2023.04.26-08.31.14:247][  0]LogInit: Computer: LAPTOP-1F72U503
[2023.04.26-08.31.14:248][  0]LogInit: User: 김이삭
[2023.04.26-08.31.14:248][  0]LogInit: CPU Page size=4096, Cores=8
[2023.04.26-08.31.14:248][  0]LogInit: High frequency timer resolution =10.000000 MHz
[2023.04.26-08.31.14:248][  0]LogMemory: Memory total: Physical=15.9GB (16GB approx)
[2023.04.26-08.31.14:248][  0]LogMemory: Platform Memory Stats for Windows
[2023.04.26-08.31.14:248][  0]LogMemory: Process Physical Memory: 145.91 MB used, 145.91 MB peak
[2023.04.26-08.31.14:248][  0]LogMemory: Process Virtual Memory: 121.62 MB used, 121.62 MB peak
[2023.04.26-08.31.14:248][  0]LogMemory: Physical Memory: 11439.25 MB used,  4814.06 MB free, 16253.32 MB total
[2023.04.26-08.31.14:248][  0]LogMemory: Virtual Memory: 134213792.00 MB used,  3937.11 MB free, 134217728.00 MB total
[2023.04.26-08.31.14:254][  0]LogWindows: WindowsPlatformFeatures enabled
[2023.04.26-08.31.14:310][  0]LogInit: Physics initialised using underlying interface: PhysX
[2023.04.26-08.31.14:310][  0]LogInit: Using OS detected language (ko-KR).
[2023.04.26-08.31.14:310][  0]LogInit: Using OS detected locale (ko-KR).
[2023.04.26-08.31.14:317][  0]LogTextLocalizationManager: No specific localization for 'ko-KR' exists, so the 'ko' localization will be used.
[2023.04.26-08.31.14:913][  0]LogTargetPlatformManager: Display: Loaded TargetPlatform 'AllDesktop'
[2023.04.26-08.31.14:934][  0]LogTargetPlatformManager: Display: Loaded TargetPlatform 'Android'
[2023.04.26-08.31.14:934][  0]LogTargetPlatformManager: Display: Loaded TargetPlatform 'Android_ASTC'
[2023.04.26-08.31.14:934][  0]LogTargetPlatformManager: Display: Loaded TargetPlatform 'Android_DXT'
[2023.04.26-08.31.14:934][  0]LogTargetPlatformManager: Display: Loaded TargetPlatform 'Android_ETC2'
[2023.04.26-08.31.14:934][  0]LogTargetPlatformManager: Display: Loaded TargetPlatform 'AndroidClient'
[2023.04.26-08.31.14:934][  0]LogTargetPlatformManager: Display: Loaded TargetPlatform 'Android_ASTCClient'
[2023.04.26-08.31.14:934][  0]LogTargetPlatformManager: Display: Loaded TargetPlatform 'Android_DXTClient'
[2023.04.26-08.31.14:934][  0]LogTargetPlatformManager: Display: Loaded TargetPlatform 'Android_ETC2Client'
[2023.04.26-08.31.14:934][  0]LogTargetPlatformManager: Display: Loaded TargetPlatform 'Android_Multi'
[2023.04.26-08.31.14:934][  0]LogTargetPlatformManager: Display: Loaded TargetPlatform 'Android_MultiClient'
[2023.04.26-08.31.14:957][  0]LogTargetPlatformManager: Display: Loaded TargetPlatform 'IOSClient'
[2023.04.26-08.31.14:957][  0]LogTargetPlatformManager: Display: Loaded TargetPlatform 'IOS'
[2023.04.26-08.31.14:967][  0]LogTargetPlatformManager: Display: Loaded TargetPlatform 'Linux'
[2023.04.26-08.31.14:972][  0]LogTargetPlatformManager: Display: Loaded TargetPlatform 'LinuxNoEditor'
[2023.04.26-08.31.14:979][  0]LogTargetPlatformManager: Display: Loaded TargetPlatform 'LinuxClient'
[2023.04.26-08.31.14:984][  0]LogTargetPlatformManager: Display: Loaded TargetPlatform 'LinuxServer'
[2023.04.26-08.31.14:994][  0]LogTargetPlatformManager: Display: Loaded TargetPlatform 'LinuxAArch64NoEditor'
[2023.04.26-08.31.14:999][  0]LogTargetPlatformManager: Display: Loaded TargetPlatform 'LinuxAArch64Client'
[2023.04.26-08.31.15:004][  0]LogTargetPlatformManager: Display: Loaded TargetPlatform 'LinuxAArch64Server'
[2023.04.26-08.31.15:026][  0]LogTargetPlatformManager: Display: Loaded TargetPlatform 'Lumin'
[2023.04.26-08.31.15:026][  0]LogTargetPlatformManager: Display: Loaded TargetPlatform 'LuminClient'
[2023.04.26-08.31.15:034][  0]LogTargetPlatformManager: Display: Loaded TargetPlatform 'MacNoEditor'
[2023.04.26-08.31.15:040][  0]LogTargetPlatformManager: Display: Loaded TargetPlatform 'Mac'
[2023.04.26-08.31.15:045][  0]LogTargetPlatformManager: Display: Loaded TargetPlatform 'MacClient'
[2023.04.26-08.31.15:050][  0]LogTargetPlatformManager: Display: Loaded TargetPlatform 'MacServer'
[2023.04.26-08.31.15:060][  0]LogTargetPlatformManager: Display: Loaded TargetPlatform 'TVOSClient'
[2023.04.26-08.31.15:060][  0]LogTargetPlatformManager: Display: Loaded TargetPlatform 'TVOS'
[2023.04.26-08.31.15:069][  0]LogTargetPlatformManager: Display: Loaded TargetPlatform 'WindowsNoEditor'
[2023.04.26-08.31.15:075][  0]LogTargetPlatformManager: Display: Loaded TargetPlatform 'Windows'
[2023.04.26-08.31.15:080][  0]LogTargetPlatformManager: Display: Loaded TargetPlatform 'WindowsClient'
[2023.04.26-08.31.15:086][  0]LogTargetPlatformManager: Display: Loaded TargetPlatform 'WindowsServer'
[2023.04.26-08.31.15:086][  0]LogTargetPlatformManager: Display: Building Assets For Windows
[2023.04.26-08.31.15:097][  0]LogAudioDebug: Display: Lib vorbis DLL was dynamically loaded.
[2023.04.26-08.31.15:155][  0]LogTextureFormatOodle: Display: Oodle Texture 2.9.0 init RDO Off
[2023.04.26-08.31.15:196][  0]LogRendererCore: Ray tracing is disabled. Reason: r.RayTracing=0.
[2023.04.26-08.31.15:197][  0]LogDerivedDataCache: Display: Max Cache Size: 512 MB
[2023.04.26-08.31.15:197][  0]LogDerivedDataCache: Display: Starting with empty Boot cache
[2023.04.26-08.31.15:197][  0]LogDerivedDataCache: FDerivedDataBackendGraph:  Pak pak cache file ../../../../Zolup-Button_Project_MF/Project_MF/DerivedDataCache/DDC.ddp not found, will not use a pak cache.
[2023.04.26-08.31.15:197][  0]LogDerivedDataCache: Unable to find inner node Pak for hierarchical cache Hierarchy.
[2023.04.26-08.31.15:257][  0]LogDerivedDataCache: Speed tests for ../../../Engine/DerivedDataCache took 0.06 seconds
[2023.04.26-08.31.15:257][  0]LogDerivedDataCache: Display: Performance to ../../../Engine/DerivedDataCache: Latency=0.14ms. RandomReadSpeed=17.47MBs, RandomWriteSpeed=215.82MBs. Assigned SpeedClass 'Local'
[2023.04.26-08.31.15:258][  0]LogDerivedDataCache: Using Local data cache path ../../../Engine/DerivedDataCache: Writable
[2023.04.26-08.31.15:267][  0]LogAssetRegistry: FAssetRegistry took 0.0021 seconds to start up
[2023.04.26-08.31.15:480][  0]LogInit: Selected Device Profile: [Windows]
[2023.04.26-08.31.15:480][  0]LogInit: Active device profile: [000002245CE07C00][0000022456097680 49] Windows
[2023.04.26-08.31.15:480][  0]LogInit: Profiles: [000002245CE07C00][0000022456097680 49] Windows, [000002245CDC8600][00000224560A5800 49] WindowsNoEditor, [000002245CE04600][00000224560A9980 49] WindowsServer, [000002245CDC9700][00000224560ADB00 49] WindowsClient, [000002245CE05600][000002244D6CC100 49] IOS, [000002245CDC9100][000002244D6D0280 49] iPadAir, [000002245CE06300][000002244D6D4400 49] iPadAir2, [000002245CD7BE00][000002244D6E26C0 49] IPadPro, [000002245CD7BF00][000002244D6D8700 49] iPadAir3, [000002245CE07E00][000002245609A840 49] iPadAir4, [000002245CD78B00][000002244D6EC980 49] iPadMini2, [000002245CE04400][000002244D6F0AC0 49] iPadMini3, [000002245CD7AC00][000002244D6F4C00 49] iPadMini4, [000002245CE06800][000002244D6FCD80 49] iPadMini5, [000002245CDC3700][000002244D705040 49] iPhone6, [000002245CDC3800][000002244D701080 49] iPodTouch6, [000002245CD7A100][000002244D70D340 49] iPhone7, [000002245CD7A200][000002244D709380 49] iPodTouch7, [000002245CDC0A00][000002244D711500 49] iPhone5S, [000002245CD7A600][000002244D715680 49] iPhone6Plus, [000002245CDC2D00][000002244D719800 49] iPhone6S, [000002245CD78700][000002244D71D980 49] iPhone6SPlus, [000002245CDC1300][000002244D721B00 49] iPhone7Plus, [000002245CD7BA00][000002245BFE8100 49] iPhoneSE, [000002245CDC2400][000002245BFEC280 49] iPhone8, [000002245CD7AB00][000002245BFF0400 49] iPhone8Plus, [000002245CDC1A00][000002245BFF4580 49] iPhoneX, [000002245CD78200][000002245BFF8700 49] iPhoneXS, [000002245CDC0900][000002245BFFC880 49] iPhoneXSMax, [000002245CD78A00][000002244D6F89C0 49] iPhoneXR, [000002245CDC0100][000002245C000B00 49] iPhone11, [000002245CD78400][000002245C004C40 49] iPhone11Pro, [000002245CDC1100][000002245C008D80 49] iPhone11ProMax, [000002245CD7B600][000002245C010F00 49] iPhoneSE2, [000002245CDC3A00][000002245C015080 49] iPhone12Mini, [000002245CD79E00][000002245C019200 49] iPhone12, [000002245CDC0800][000002245C01D380 49] iPhone12Pro, [000002245CD79000][000002245C021500 49] iPhone12ProMax, [000002245CDC1000][000002245C025680 49] iPadPro105, [000002245CD78900][000002245C029800 49] iPadPro129, [000002245CDC1F00][000002245C02D980 49] iPadPro97, [000002245CD7B800][000002245C031B00 49] iPadPro2_129, [000002245CDC3D00][000002245C034100 49] iPad5, [000002245CD78300][000002245C038280 49] iPad6, [000002245CDC1700][000002245C03C400 49] iPad7, [000002245CD7AE00][000002245C040580 49] iPad8, [000002245CDC2800][000002245C044700 49] iPadPro11, [000002245CD7A000][000002245C048880 49] iPadPro2_11, [000002245CDC0600][000002245C04CA00 49] iPadPro3_129, [000002245CD78C00][000002245C050B80 49] iPadPro4_129, [000002245CDC1C00][000002245C00CCC0 49] AppleTV, [000002245CD78F00][000002245C054E00 49] AppleTV4K, [000002245CDC0700][000002245C058F40 49] TVOS, [000002245CD7B400][000002245C0610C0 49] Mac, [000002245CDC0C00][000002245C065240 49] MacClient, [000002245CD79A00][000002245C0693C0 49] MacNoEditor, [000002245CDC1B00][000002245C06D540 49] MacServer, [000002245CD79900][000002245C0716C0 49] Linux, [000002245CDC3B00][000002244D5FD840 49] LinuxAArch64, [000002245CD7AA00][000002244D6019C0 49] LinuxNoEditor, [000002245CDC0B00][000002244D605B40 49] LinuxAArch64NoEditor, [000002245CD7A500][000002244D608140 49] LinuxClient, [000002245CDC2E00][000002244D60C2C0 49] LinuxAArch64Client, [000002245CE42F00][000002244D610440 49] LinuxServer, [000002245CDCB900][000002244D6145C0 49] LinuxAArch64Server, [000002245CE40900][000002245C074740 49] Android, [000002245CDCA500][000002245C0788C0 49] Android_Low, [000002245CE41E00][000002245C07CA40 49] Android_Mid, [000002245CDCB000][000002245C080BC0 49] Android_High, [000002245CE41000][000002245C084D40 49] Android_Default, [000002245CDCA400][000002245C05CE80 49] Android_Adreno4xx, [000002245CE40C00][000002245C088FC0 49] Android_Adreno5xx_Low, [000002245CDCAC00][000002245C08D100 49] Android_Adreno5xx, [000002245CE42500][000002245C091240 49] Android_Adreno6xx, [000002245CDC8100][000002245C0993C0 49] Android_Adreno6xx_Vulkan, [000002245CE41600][000002245C09D540 49] Android_Mali_T6xx, [000002245CDC9C00][000002245C0A16C0 49] Android_Mali_T7xx, [000002245CE41D00][000002245C0A5840 49] Android_Mali_T8xx, [000002245CDCAD00][000002245C0A99C0 49] Android_Mali_G71, [000002245CE41300][000002245C0ADB40 49] Android_Mali_G72, [000002245CDC9900][000002245C0B0140 49] Android_Mali_G72_Vulkan, [000002245CE41500][000002245C0B42C0 49] Android_Mali_G76, [000002245CDCB300][000002245C0B8440 49] Android_Mali_G76_Vulkan, [000002245CE42400][000002245C0BC5C0 49] Android_Mali_G77, [000002245CDCAF00][000002245C0C0740 49] Android_Mali_G77_Vulkan, [000002245CE40300][000002245C0C48C0 49] Android_Mali_G78, [000002245CDC9300][000002245C0C8A40 49] Android_Mali_G78_Vulkan, [000002245CE40D00][000002245C0CCBC0 49] Android_Mali_G710, [000002245CD7B700][000002245C900D40 49] Android_Mali_G710_Vulkan, [000002245CE41C00][000002245C904EC0 49] Android_Vulkan_SM5, [000002245CD7A300][000002245C095000 49] Android_PowerVR_G6xxx, [000002245CE42B00][000002245C909140 49] Android_PowerVR_GT7xxx, [000002245CD79700][000002245C90D280 49] Android_PowerVR_GE8xxx, [000002245CE41A00][000002245C9113C0 49] Android_PowerVR_GM9xxx, [000002245CD78500][000002245C919540 49] Android_PowerVR_GM9xxx_Vulkan, [000002245CE42A00][000002245C91D6C0 49] Android_TegraK1, [000002245CD79800][000002245C921840 49] Android_Unknown_Vulkan, [000002245CE42200][000002245C9259C0 49] Lumin, [000002245CD79100][000002245C929B40 49] Lumin_Desktop, [000002245CE40400][000002245C92C140 49] HoloLens, 
[2023.04.26-08.31.15:522][  0]LogMeshReduction: Using QuadricMeshReduction for automatic static mesh reduction
[2023.04.26-08.31.15:522][  0]LogMeshReduction: Using SimplygonMeshReduction for automatic skeletal mesh reduction
[2023.04.26-08.31.15:522][  0]LogMeshReduction: Using ProxyLODMeshReduction for automatic mesh merging
[2023.04.26-08.31.15:522][  0]LogMeshReduction: No distributed automatic mesh merging module available
[2023.04.26-08.31.15:522][  0]LogMeshMerging: No distributed automatic mesh merging module available
[2023.04.26-08.31.15:541][  0]LogNetVersion: Project_MF 1.0.0, NetCL: 17155196, EngineNetVer: 17, GameNetVer: 0 (Checksum: 3145920875)
[2023.04.26-08.31.15:912][  0]LogHMD: PokeAHoleMaterial loaded successfully
[2023.04.26-08.31.16:062][  0]LogCollectionManager: Loaded 0 collections in 0.001294 seconds
[2023.04.26-08.31.16:064][  0]LogFileCache: Scanning file cache for directory 'D:/Zolup-Button_Project_MF/Project_MF/Saved/Collections/' took 0.00s
[2023.04.26-08.31.16:064][  0]LogFileCache: Scanning file cache for directory 'D:/Zolup-Button_Project_MF/Project_MF/Content/Developers/김이삭/Collections/' took 0.00s
[2023.04.26-08.31.16:064][  0]LogFileCache: Scanning file cache for directory 'D:/Zolup-Button_Project_MF/Project_MF/Content/Collections/' took 0.00s
[2023.04.26-08.31.16:064][  0]LogCollectionManager: Fixed up redirectors for 0 collections in 0.000002 seconds (updated 0 objects)
[2023.04.26-08.31.16:409][  0]LogPython: Using Python 3.7.7
[2023.04.26-08.31.16:891][  0]LogNiagaraDebuggerClient: Niagara Debugger Client Initialized | Session: 66C2A396452FB4C63CB71A967D7DC580 | Instance: 4E764AE94D78EC3481F63C865161AA46 (LAPTOP-1F72U503-27528).
[2023.04.26-08.31.17:154][  0]LogModuleManager: Warning: ModuleManager: Unable to load module 'Project_MF'  - 0 instances of that module name found.
[2023.04.26-08.31.17:154][  0]Message dialog closed, result: Ok, title: 메시지, text: 'Project_MF' 게임 모듈을 찾지 못했습니다. 이 모듈이 존재하는지, 컴파일 되었는지 확인해 주시기 바랍니다.
[2023.04.26-08.31.17:154][  0]LogCore: Engine exit requested (reason: EngineExit() was called)
[2023.04.26-08.31.17:155][  0]LogExit: Preparing to exit.
[2023.04.26-08.31.17:189][  0]LogUObjectArray: CloseDisregardForGC: 0/0 objects in disregard for GC pool
[2023.04.26-08.31.17:197][  0]LogDemo: Cleaned up 0 splitscreen connections with owner deletion
[2023.04.26-08.31.17:233][  0]LogExit: Object subsystem successfully closed.
[2023.04.26-08.31.17:262][  0]LogModuleManager: Shutting down and abandoning module LightPropagationVolumeRuntime (410)
[2023.04.26-08.31.17:262][  0]LogModuleManager: Shutting down and abandoning module MagicLeapARPin (408)
[2023.04.26-08.31.17:262][  0]LogModuleManager: Shutting down and abandoning module MagicLeapHandMeshing (406)
[2023.04.26-08.31.17:262][  0]LogModuleManager: Shutting down and abandoning module MagicLeapSecureStorage (404)
[2023.04.26-08.31.17:262][  0]LogModuleManager: Shutting down and abandoning module MagicLeapPrivileges (402)
[2023.04.26-08.31.17:262][  0]LogModuleManager: Shutting down and abandoning module MagicLeapPlanes (400)
[2023.04.26-08.31.17:262][  0]LogMagicLeapPlanes: Planes tracker already destroyed.
[2023.04.26-08.31.17:262][  0]LogModuleManager: Shutting down and abandoning module MagicLeapImageTracker (398)
[2023.04.26-08.31.17:262][  0]LogModuleManager: Shutting down and abandoning module MagicLeapIdentity (396)
[2023.04.26-08.31.17:262][  0]LogModuleManager: Shutting down and abandoning module MagicLeapHandTracking (394)
[2023.04.26-08.31.17:262][  0]LogModuleManager: Shutting down and abandoning module MagicLeapEyeTracker (392)
[2023.04.26-08.31.17:262][  0]LogModuleManager: Shutting down and abandoning module MagicLeapController (390)
[2023.04.26-08.31.17:262][  0]LogModuleManager: Shutting down and abandoning module MagicLeapARPinImpl (388)
[2023.04.26-08.31.17:263][  0]LogModuleManager: Shutting down and abandoning module MagicLeapAR (386)
[2023.04.26-08.31.17:263][  0]LogModuleManager: Shutting down and abandoning module GameplayCameras (384)
[2023.04.26-08.31.17:263][  0]LogModuleManager: Shutting down and abandoning module SignificanceManager (382)
[2023.04.26-08.31.17:263][  0]LogModuleManager: Shutting down and abandoning module SoundFields (380)
[2023.04.26-08.31.17:263][  0]LogModuleManager: Shutting down and abandoning module RuntimePhysXCooking (378)
[2023.04.26-08.31.17:263][  0]LogModuleManager: Shutting down and abandoning module PropertyAccessEditor (376)
[2023.04.26-08.31.17:263][  0]LogModuleManager: Shutting down and abandoning module PhysXVehiclesEditor (374)
[2023.04.26-08.31.17:263][  0]LogModuleManager: Shutting down and abandoning module LocationServicesBPLibrary (370)
[2023.04.26-08.31.17:263][  0]LogModuleManager: Shutting down and abandoning module AudioSynesthesia (368)
[2023.04.26-08.31.17:263][  0]LogModuleManager: Shutting down and abandoning module AudioSynesthesiaCore (366)
[2023.04.26-08.31.17:263][  0]LogModuleManager: Shutting down and abandoning module ActorSequence (364)
[2023.04.26-08.31.17:263][  0]LogModuleManager: Shutting down and abandoning module UdpMessaging (362)
[2023.04.26-08.31.17:263][  0]LogModuleManager: Shutting down and abandoning module TcpMessaging (360)
[2023.04.26-08.31.17:263][  0]LogModuleManager: Shutting down and abandoning module NiagaraAnimNotifies (358)
[2023.04.26-08.31.17:263][  0]LogModuleManager: Shutting down and abandoning module Niagara (356)
[2023.04.26-08.31.17:263][  0]LogModuleManager: Shutting down and abandoning module SignalProcessing (355)
[2023.04.26-08.31.17:263][  0]LogModuleManager: Shutting down and abandoning module NiagaraEditor (353)
[2023.04.26-08.31.17:263][  0]LogModuleManager: Shutting down and abandoning module NiagaraCore (350)
[2023.04.26-08.31.17:263][  0]LogModuleManager: Shutting down and abandoning module PythonScriptPlugin (348)
[2023.04.26-08.31.17:263][  0]LogModuleManager: Shutting down and abandoning module PropertyAccessNode (346)
[2023.04.26-08.31.17:263][  0]LogModuleManager: Shutting down and abandoning module ControlRigDeveloper (344)
[2023.04.26-08.31.17:263][  0]LogModuleManager: Shutting down and abandoning module ControlRig (342)
[2023.04.26-08.31.17:263][  0]LogModuleManager: Shutting down and abandoning module LevelSequence (341)
[2023.04.26-08.31.17:263][  0]LogModuleManager: Shutting down and abandoning module AnimationSharing (338)
[2023.04.26-08.31.17:263][  0]LogModuleManager: Shutting down and abandoning module FacialAnimationEditor (336)
[2023.04.26-08.31.17:263][  0]LogModuleManager: Shutting down and abandoning module FacialAnimation (334)
[2023.04.26-08.31.17:263][  0]LogModuleManager: Shutting down and abandoning module GameplayTagsEditor (332)
[2023.04.26-08.31.17:263][  0]LogModuleManager: Shutting down and abandoning module DataValidation (330)
[2023.04.26-08.31.17:263][  0]LogModuleManager: Shutting down and abandoning module AssetManagerEditor (328)
[2023.04.26-08.31.17:263][  0]LogModuleManager: Shutting down and abandoning module TreeMap (327)
[2023.04.26-08.31.17:263][  0]LogModuleManager: Shutting down and abandoning module EnvironmentQueryEditor (324)
[2023.04.26-08.31.17:263][  0]LogModuleManager: Shutting down and abandoning module Paper2D (322)
[2023.04.26-08.31.17:263][  0]LogModuleManager: Shutting down and abandoning module NetworkReplayStreaming (320)
[2023.04.26-08.31.17:263][  0]LogModuleManager: Shutting down and abandoning module PacketHandler (318)
[2023.04.26-08.31.17:263][  0]LogModuleManager: Shutting down and abandoning module ClothingSystemEditor (316)
[2023.04.26-08.31.17:263][  0]LogModuleManager: Shutting down and abandoning module ClothingSystemRuntimeNv (314)
[2023.04.26-08.31.17:263][  0]LogModuleManager: Shutting down and abandoning module MediaAssets (312)
[2023.04.26-08.31.17:263][  0]LogModuleManager: Shutting down and abandoning module Overlay (310)
[2023.04.26-08.31.17:263][  0]LogModuleManager: Shutting down and abandoning module OverlayEditor (309)
[2023.04.26-08.31.17:263][  0]LogModuleManager: Shutting down and abandoning module Blutility (306)
[2023.04.26-08.31.17:263][  0]LogModuleManager: Shutting down and abandoning module LevelEditor (305)
[2023.04.26-08.31.17:264][  0]LogModuleManager: Shutting down and abandoning module PixelInspectorModule (304)
[2023.04.26-08.31.17:264][  0]LogModuleManager: Shutting down and abandoning module CommonMenuExtensions (302)
[2023.04.26-08.31.17:264][  0]LogModuleManager: Shutting down and abandoning module MainFrame (300)
[2023.04.26-08.31.17:264][  0]LogModuleManager: Shutting down and abandoning module HotReload (299)
[2023.04.26-08.31.17:264][  0]LogModuleManager: Shutting down and abandoning module ContentBrowser (295)
[2023.04.26-08.31.17:264][  0]LogModuleManager: Shutting down and abandoning module CollectionManager (294)
[2023.04.26-08.31.17:264][  0]LogModuleManager: Shutting down and abandoning module ContentBrowserData (292)
[2023.04.26-08.31.17:264][  0]LogModuleManager: Shutting down and abandoning module IntroTutorials (288)
[2023.04.26-08.31.17:264][  0]LogModuleManager: Shutting down and abandoning module VREditor (286)
[2023.04.26-08.31.17:264][  0]LogModuleManager: Shutting down and abandoning module StringTableEditor (284)
[2023.04.26-08.31.17:264][  0]LogModuleManager: Shutting down and abandoning module GameplayTasksEditor (282)
[2023.04.26-08.31.17:264][  0]LogModuleManager: Shutting down and abandoning module BehaviorTreeEditor (280)
[2023.04.26-08.31.17:264][  0]LogModuleManager: Shutting down and abandoning module FunctionalTesting (278)
[2023.04.26-08.31.17:264][  0]LogModuleManager: Shutting down and abandoning module CollisionAnalyzer (276)
[2023.04.26-08.31.17:265][  0]LogModuleManager: Shutting down and abandoning module WorkspaceMenuStructure (275)
[2023.04.26-08.31.17:265][  0]LogModuleManager: Shutting down and abandoning module UMG (272)
[2023.04.26-08.31.17:265][  0]LogModuleManager: Shutting down and abandoning module UMGEditor (271)
[2023.04.26-08.31.17:265][  0]LogModuleManager: Shutting down and abandoning module MessageLog (269)
[2023.04.26-08.31.17:265][  0]LogModuleManager: Shutting down and abandoning module SlateReflector (264)
[2023.04.26-08.31.17:265][  0]LogModuleManager: Shutting down and abandoning module Slate (262)
[2023.04.26-08.31.17:265][  0]LogModuleManager: Shutting down and abandoning module SlateCore (260)
[2023.04.26-08.31.17:266][  0]LogModuleManager: Shutting down and abandoning module LandscapeEditorUtilities (258)
[2023.04.26-08.31.17:266][  0]LogModuleManager: Shutting down and abandoning module UnrealEd (256)
[2023.04.26-08.31.17:266][  0]LogModuleManager: Shutting down and abandoning module MRMesh (254)
[2023.04.26-08.31.17:266][  0]LogModuleManager: Shutting down and abandoning module SourceCodeAccess (252)
[2023.04.26-08.31.17:266][  0]LogModuleManager: Shutting down and abandoning module HeadMountedDisplay (250)
[2023.04.26-08.31.17:266][  0]LogModuleManager: Shutting down and abandoning module XAudio2 (248)
[2023.04.26-08.31.17:266][  0]LogModuleManager: Shutting down and abandoning module Networking (246)
[2023.04.26-08.31.17:266][  0]LogModuleManager: Shutting down and abandoning module Core (244)
[2023.04.26-08.31.17:266][  0]LogModuleManager: Shutting down and abandoning module MaterialEditor (242)
[2023.04.26-08.31.17:266][  0]LogModuleManager: Shutting down and abandoning module Settings (241)
[2023.04.26-08.31.17:266][  0]LogModuleManager: Shutting down and abandoning module MovieSceneTools (238)
[2023.04.26-08.31.17:266][  0]LogModuleManager: Shutting down and abandoning module CurveEditor (237)
[2023.04.26-08.31.17:266][  0]LogModuleManager: Shutting down and abandoning module Sequencer (235)
[2023.04.26-08.31.17:266][  0]LogModuleManager: Shutting down and abandoning module EditorStyle (234)
[2023.04.26-08.31.17:267][  0]LogModuleManager: Shutting down and abandoning module KismetCompiler (230)
[2023.04.26-08.31.17:267][  0]LogModuleManager: Shutting down and abandoning module MeshBuilder (228)
[2023.04.26-08.31.17:267][  0]LogModuleManager: Shutting down and abandoning module MeshUtilities (226)
[2023.04.26-08.31.17:267][  0]LogModuleManager: Shutting down and abandoning module MeshMergeUtilities (225)
[2023.04.26-08.31.17:267][  0]LogModuleManager: Shutting down and abandoning module MeshReductionInterface (224)
[2023.04.26-08.31.17:267][  0]LogModuleManager: Shutting down and abandoning module MeshBoneReduction (223)
[2023.04.26-08.31.17:267][  0]LogModuleManager: Shutting down and abandoning module ProxyLODMeshReduction (221)
[2023.04.26-08.31.17:267][  0]LogModuleManager: Shutting down and abandoning module SkeletalMeshReduction (219)
[2023.04.26-08.31.17:267][  0]LogModuleManager: Shutting down and abandoning module QuadricMeshReduction (217)
[2023.04.26-08.31.17:267][  0]LogModuleManager: Shutting down and abandoning module MaterialBaking (213)
[2023.04.26-08.31.17:267][  0]LogModuleManager: Shutting down and abandoning module DirectoryWatcher (209)
[2023.04.26-08.31.17:267][  0]LogModuleManager: Shutting down and abandoning module NullInstallBundleManager (206)
[2023.04.26-08.31.17:267][  0]LogModuleManager: Shutting down and abandoning module DerivedDataCache (204)
[2023.04.26-08.31.17:267][  0]LogModuleManager: Shutting down and abandoning module TargetPlatform (202)
[2023.04.26-08.31.17:267][  0]LogModuleManager: Shutting down and abandoning module VulkanShaderFormat (201)
[2023.04.26-08.31.17:267][  0]LogModuleManager: Shutting down and abandoning module ShaderFormatVectorVM (199)
[2023.04.26-08.31.17:267][  0]LogModuleManager: Shutting down and abandoning module ShaderFormatOpenGL (197)
[2023.04.26-08.31.17:267][  0]LogModuleManager: Shutting down and abandoning module ShaderFormatD3D (195)
[2023.04.26-08.31.17:267][  0]LogModuleManager: Shutting down and abandoning module MetalShaderFormat (193)
[2023.04.26-08.31.17:267][  0]LogModuleManager: Shutting down and abandoning module TextureFormatOodle (191)
[2023.04.26-08.31.17:267][  0]LogModuleManager: Shutting down and abandoning module TextureFormatUncompressed (189)
[2023.04.26-08.31.17:267][  0]LogModuleManager: Shutting down and abandoning module TextureFormatPVR (187)
[2023.04.26-08.31.17:267][  0]LogModuleManager: Shutting down and abandoning module TextureFormatETC2 (185)
[2023.04.26-08.31.17:267][  0]LogModuleManager: Shutting down and abandoning module TextureFormatDXT (183)
[2023.04.26-08.31.17:267][  0]LogModuleManager: Shutting down and abandoning module TextureFormatIntelISPCTexComp (181)
[2023.04.26-08.31.17:267][  0]LogModuleManager: Shutting down and abandoning module TextureFormatASTC (179)
[2023.04.26-08.31.17:267][  0]LogModuleManager: Shutting down and abandoning module ImageWrapper (178)
[2023.04.26-08.31.17:267][  0]LogModuleManager: Shutting down and abandoning module AudioFormatOpus (175)
[2023.04.26-08.31.17:267][  0]LogModuleManager: Shutting down and abandoning module AudioFormatOgg (173)
[2023.04.26-08.31.17:267][  0]LogModuleManager: Shutting down and abandoning module AudioFormatADPCM (171)
[2023.04.26-08.31.17:267][  0]LogModuleManager: Shutting down and abandoning module WindowsServerTargetPlatform (169)
[2023.04.26-08.31.17:267][  0]LogModuleManager: Shutting down and abandoning module WindowsClientTargetPlatform (167)
[2023.04.26-08.31.17:267][  0]LogModuleManager: Shutting down and abandoning module WindowsTargetPlatform (165)
[2023.04.26-08.31.17:267][  0]LogModuleManager: Shutting down and abandoning module WindowsNoEditorTargetPlatform (163)
[2023.04.26-08.31.17:267][  0]LogModuleManager: Shutting down and abandoning module TVOSTargetPlatform (161)
[2023.04.26-08.31.17:268][  0]LogModuleManager: Shutting down and abandoning module MacServerTargetPlatform (159)
[2023.04.26-08.31.17:268][  0]LogModuleManager: Shutting down and abandoning module MacClientTargetPlatform (157)
[2023.04.26-08.31.17:268][  0]LogModuleManager: Shutting down and abandoning module MacTargetPlatform (155)
[2023.04.26-08.31.17:268][  0]LogModuleManager: Shutting down and abandoning module MacNoEditorTargetPlatform (153)
[2023.04.26-08.31.17:268][  0]LogModuleManager: Shutting down and abandoning module LuminTargetPlatform (151)
[2023.04.26-08.31.17:268][  0]LogModuleManager: Shutting down and abandoning module LinuxAArch64ServerTargetPlatform (149)
[2023.04.26-08.31.17:268][  0]LogModuleManager: Shutting down and abandoning module LinuxAArch64ClientTargetPlatform (147)
[2023.04.26-08.31.17:268][  0]LogModuleManager: Shutting down and abandoning module LinuxAArch64NoEditorTargetPlatform (145)
[2023.04.26-08.31.17:268][  0]LogModuleManager: Shutting down and abandoning module LinuxServerTargetPlatform (143)
[2023.04.26-08.31.17:268][  0]LogModuleManager: Shutting down and abandoning module LinuxClientTargetPlatform (141)
[2023.04.26-08.31.17:268][  0]LogModuleManager: Shutting down and abandoning module LinuxNoEditorTargetPlatform (139)
[2023.04.26-08.31.17:268][  0]LogModuleManager: Shutting down and abandoning module LinuxTargetPlatform (137)
[2023.04.26-08.31.17:268][  0]LogModuleManager: Shutting down and abandoning module Messaging (135)
[2023.04.26-08.31.17:268][  0]LogModuleManager: Shutting down and abandoning module IOSTargetPlatform (133)
[2023.04.26-08.31.17:269][  0]LogModuleManager: Shutting down and abandoning module AndroidTargetPlatform (131)
[2023.04.26-08.31.17:272][  0]LogModuleManager: Shutting down and abandoning module AllDesktopTargetPlatform (129)
[2023.04.26-08.31.17:272][  0]LogModuleManager: Shutting down and abandoning module NullDrv (126)
[2023.04.26-08.31.17:272][  0]LogModuleManager: Shutting down and abandoning module PhysXCooking (124)
[2023.04.26-08.31.17:272][  0]LogModuleManager: Shutting down and abandoning module Chaos (122)
[2023.04.26-08.31.17:272][  0]LogModuleManager: Shutting down and abandoning module WindowsPlatformFeatures (120)
[2023.04.26-08.31.17:272][  0]LogModuleManager: Shutting down and abandoning module GameplayMediaEncoder (119)
[2023.04.26-08.31.17:272][  0]LogModuleManager: Shutting down and abandoning module AVEncoder (118)
[2023.04.26-08.31.17:272][  0]LogModuleManager: Shutting down and abandoning module ExampleDeviceProfileSelector (114)
[2023.04.26-08.31.17:272][  0]LogModuleManager: Shutting down and abandoning module SteamVRInputDevice (112)
[2023.04.26-08.31.17:272][  0]LogModuleManager: Shutting down and abandoning module SteamVRInput (110)
[2023.04.26-08.31.17:272][  0]LogModuleManager: Shutting down and abandoning module SteamVR (108)
[2023.04.26-08.31.17:272][  0]LogHMD: Freeing OpenVRDLLHandle.
[2023.04.26-08.31.17:272][  0]LogModuleManager: Shutting down and abandoning module OculusHMD (106)
[2023.04.26-08.31.17:272][  0]LogModuleManager: Shutting down and abandoning module MLSDK (104)
[2023.04.26-08.31.17:272][  0]LogModuleManager: Shutting down and abandoning module MagicLeap (102)
[2023.04.26-08.31.17:272][  0]LogModuleManager: Shutting down and abandoning module OpenXRAR (100)
[2023.04.26-08.31.17:272][  0]LogModuleManager: Shutting down and abandoning module AugmentedReality (99)
[2023.04.26-08.31.17:272][  0]LogModuleManager: Shutting down and abandoning module OpenXRHandTracking (96)
[2023.04.26-08.31.17:272][  0]LogModuleManager: Shutting down and abandoning module OpenXRHMD (95)
[2023.04.26-08.31.17:272][  0]LogModuleManager: Shutting down and abandoning module OpenXREyeTracker (92)
[2023.04.26-08.31.17:272][  0]LogModuleManager: Shutting down and abandoning module LauncherChunkInstaller (90)
[2023.04.26-08.31.17:272][  0]LogModuleManager: Shutting down and abandoning module ChunkDownloader (88)
[2023.04.26-08.31.17:272][  0]LogModuleManager: Shutting down and abandoning module OnlineBlueprintSupport (86)
[2023.04.26-08.31.17:272][  0]LogModuleManager: Shutting down and abandoning module WmfMedia (82)
[2023.04.26-08.31.17:273][  0]LogModuleManager: Shutting down and abandoning module Media (81)
[2023.04.26-08.31.17:274][  0]LogModuleManager: Shutting down and abandoning module MediaInfo (80)
[2023.04.26-08.31.17:274][  0]LogModuleManager: Shutting down and abandoning module OnlineSubsystem (76)
[2023.04.26-08.31.17:274][  0]LogModuleManager: Shutting down and abandoning module XMPP (71)
[2023.04.26-08.31.17:274][  0]LogModuleManager: Shutting down and abandoning module WebSockets (70)
[2023.04.26-08.31.17:283][  0]LogModuleManager: Shutting down and abandoning module HTTP (67)
[2023.04.26-08.31.17:283][  0]LogHttp: Display: cleaning up 0 outstanding Http requests.
[2023.04.26-08.31.17:315][  0]LogModuleManager: Shutting down and abandoning module SSL (66)
[2023.04.26-08.31.17:316][  0]LogModuleManager: Shutting down and abandoning module ExrReaderGpu (62)
[2023.04.26-08.31.17:317][  0]LogModuleManager: Shutting down and abandoning module NiagaraVertexFactories (60)
[2023.04.26-08.31.17:317][  0]LogModuleManager: Shutting down and abandoning module NiagaraShader (58)
[2023.04.26-08.31.17:317][  0]LogModuleManager: Shutting down and abandoning module VariantManagerContent (56)
[2023.04.26-08.31.17:317][  0]LogModuleManager: Shutting down and abandoning module DatasmithContent (54)
[2023.04.26-08.31.17:317][  0]LogModuleManager: Shutting down and abandoning module PixWinPlugin (52)
[2023.04.26-08.31.17:317][  0]LogModuleManager: Shutting down and abandoning module ChaosCloth (50)
[2023.04.26-08.31.17:317][  0]LogModuleManager: Shutting down and abandoning module AISupportModule (48)
[2023.04.26-08.31.17:317][  0]LogModuleManager: Shutting down and abandoning module PlatformCryptoOpenSSL (46)
[2023.04.26-08.31.17:317][  0]LogModuleManager: Shutting down and abandoning module PlatformCryptoTypes (44)
[2023.04.26-08.31.17:317][  0]LogModuleManager: Shutting down and abandoning module PlatformCrypto (42)
[2023.04.26-08.31.17:317][  0]LogModuleManager: Shutting down and abandoning module PythonScriptPluginPreload (40)
[2023.04.26-08.31.17:317][  0]LogModuleManager: Shutting down and abandoning module OodleDataCompressionFormat (38)
[2023.04.26-08.31.17:317][  0]LogModuleManager: Shutting down and abandoning module XGEController (36)
[2023.04.26-08.31.17:317][  0]LogXGEController: Cannot use XGE Controller as Incredibuild is not installed on this machine.
[2023.04.26-08.31.17:317][  0]LogXGEController: Cleaning working directory: C:/Users/김이삭/AppData/Local/Temp/UnrealXGEWorkingDir/
[2023.04.26-08.31.17:317][  0]LogModuleManager: Shutting down and abandoning module AnimationModifiers (34)
[2023.04.26-08.31.17:317][  0]LogModuleManager: Shutting down and abandoning module AudioEditor (32)
[2023.04.26-08.31.17:317][  0]LogModuleManager: Shutting down and abandoning module PropertyEditor (31)
[2023.04.26-08.31.17:317][  0]LogModuleManager: Shutting down and abandoning module TextureCompressor (28)
[2023.04.26-08.31.17:317][  0]LogModuleManager: Shutting down and abandoning module RenderCore (26)
[2023.04.26-08.31.17:317][  0]LogModuleManager: Shutting down and abandoning module Landscape (24)
[2023.04.26-08.31.17:317][  0]LogModuleManager: Shutting down and abandoning module SlateRHIRenderer (22)
[2023.04.26-08.31.17:317][  0]LogModuleManager: Shutting down and abandoning module AnimGraphRuntime (20)
[2023.04.26-08.31.17:317][  0]LogModuleManager: Shutting down and abandoning module Renderer (18)
[2023.04.26-08.31.17:317][  0]LogModuleManager: Shutting down and abandoning module Engine (16)
[2023.04.26-08.31.17:317][  0]LogModuleManager: Shutting down and abandoning module CoreUObject (14)
[2023.04.26-08.31.17:317][  0]LogModuleManager: Shutting down and abandoning module NetworkFile (12)
[2023.04.26-08.31.17:318][  0]LogModuleManager: Shutting down and abandoning module CookedIterativeFile (10)
[2023.04.26-08.31.17:318][  0]LogModuleManager: Shutting down and abandoning module StreamingFile (8)
[2023.04.26-08.31.17:318][  0]LogModuleManager: Shutting down and abandoning module SandboxFile (6)
[2023.04.26-08.31.17:318][  0]LogModuleManager: Shutting down and abandoning module PakFile (4)
[2023.04.26-08.31.17:318][  0]LogModuleManager: Shutting down and abandoning module RSA (3)
[2023.04.26-08.31.17:563][  0]LogExit: Exiting.
[2023.04.26-08.31.17:585][  0]Log file closed, 04/26/23 17:31:17
