Log file open, 03/28/23 17:12:11
LogWindows: Failed to load 'aqProf.dll' (GetLastError=126)
LogWindows: File 'aqProf.dll' does not exist
LogWindows: Failed to load 'VtuneApi.dll' (GetLastError=126)
LogWindows: File 'VtuneApi.dll' does not exist
LogWindows: Failed to load 'VtuneApi32e.dll' (GetLastError=126)
LogWindows: File 'VtuneApi32e.dll' does not exist
LogConsoleResponse: Display: Failed to find resolution value strings in scalability ini. Falling back to default.
LogConsoleResponse: Display: Failed to find resolution value strings in scalability ini. Falling back to default.
LogInit: Display: Running engine for game: Project_MF
LogPlatformFile: Not using cached read wrapper
LogTaskGraph: Started task graph with 5 named threads and 23 total threads with 3 sets of task threads.
LogStats: Stats thread started at 0.254005
LogICUInternationalization: ICU TimeZone Detection - Raw Offset: +9:00, Platform Override: ''
LogInit: Display: Loading text-based GConfig....
LogPluginManager: Mounting plugin MeshPainting
LogPluginManager: Mounting plugin XGEController
LogPluginManager: Mounting plugin Paper2D
LogPluginManager: Mounting plugin LiveLink
LogPluginManager: Mounting plugin EnvironmentQueryEditor
LogPluginManager: Mounting plugin LightPropagationVolume
LogPluginManager: Mounting plugin AISupport
LogPluginManager: Mounting plugin CameraShakePreviewer
LogPluginManager: Mounting plugin OodleData
LogPluginManager: Mounting plugin OodleNetwork
LogPluginManager: Mounting plugin AssetManagerEditor
LogPluginManager: Mounting plugin CryptoKeys
LogPluginManager: Mounting plugin CurveEditorTools
LogPluginManager: Mounting plugin FacialAnimation
LogPluginManager: Mounting plugin GeometryMode
LogPluginManager: Mounting plugin DataValidation
LogPluginManager: Mounting plugin MacGraphicsSwitching
LogPluginManager: Mounting plugin MaterialAnalyzer
LogPluginManager: Mounting plugin GameplayTagsEditor
LogPluginManager: Mounting plugin AnimationSharing
LogPluginManager: Mounting plugin MobileLauncherProfileWizard
LogPluginManager: Mounting plugin PluginBrowser
LogPluginManager: Mounting plugin SpeedTreeImporter
LogPluginManager: Mounting plugin CodeLiteSourceCodeAccess
LogPluginManager: Mounting plugin CLionSourceCodeAccess
LogPluginManager: Mounting plugin GitSourceControl
LogPluginManager: Mounting plugin KDevelopSourceCodeAccess
LogPluginManager: Mounting plugin NullSourceCodeAccess
LogPluginManager: Mounting plugin PixWinPlugin
LogPluginManager: Mounting plugin PerforceSourceControl
LogPluginManager: Mounting plugin PlasticSourceControl
LogPluginManager: Mounting plugin PluginUtils
LogPluginManager: Mounting plugin PropertyAccessNode
LogPluginManager: Mounting plugin RiderSourceCodeAccess
LogPluginManager: Mounting plugin SubversionSourceControl
LogPluginManager: Mounting plugin TextureFormatOodle
LogPluginManager: Mounting plugin VisualStudioSourceCodeAccess
LogPluginManager: Mounting plugin VisualStudioCodeSourceCodeAccess
LogPluginManager: Mounting plugin XCodeSourceCodeAccess
LogPluginManager: Mounting plugin DatasmithContent
LogPluginManager: Mounting plugin UObjectPlugin
LogPluginManager: Mounting plugin AlembicImporter
LogPluginManager: Mounting plugin VariantManagerContent
LogPluginManager: Mounting plugin AutomationUtils
LogPluginManager: Mounting plugin ChaosCloth
LogPluginManager: Mounting plugin BackChannel
LogPluginManager: Mounting plugin ChaosClothEditor
LogPluginManager: Mounting plugin ChaosEditor
LogPluginManager: Mounting plugin ChaosNiagara
LogPluginManager: Mounting plugin ChaosSolverPlugin
LogPluginManager: Mounting plugin CharacterAI
LogPluginManager: Mounting plugin GeometryCache
LogPluginManager: Mounting plugin GeometryCollectionPlugin
LogPluginManager: Mounting plugin GeometryProcessing
LogPluginManager: Mounting plugin MotoSynth
LogPluginManager: Mounting plugin OpenImageDenoise
LogPluginManager: Mounting plugin Niagara
LogPluginManager: Mounting plugin PlanarCut
LogPluginManager: Mounting plugin PlatformCrypto
LogPluginManager: Mounting plugin ProxyLODPlugin
LogPluginManager: Mounting plugin PythonScriptPlugin
LogPluginManager: Mounting plugin SkeletalReduction
LogPluginManager: Mounting plugin LuminPlatformFeatures
LogPluginManager: Mounting plugin MagicLeap
LogPluginManager: Mounting plugin MagicLeapLightEstimation
LogPluginManager: Mounting plugin MagicLeapMedia
LogPluginManager: Mounting plugin MagicLeapPassableWorld
LogPluginManager: Mounting plugin MLSDK
LogPluginManager: Mounting plugin AndroidMedia
LogPluginManager: Mounting plugin AvfMedia
LogPluginManager: Mounting plugin ImgMedia
LogPluginManager: Mounting plugin MediaCompositing
LogPluginManager: Mounting plugin MediaPlayerEditor
LogPluginManager: Mounting plugin WebMMedia
LogPluginManager: Mounting plugin WmfMedia
LogPluginManager: Mounting plugin ActorSequence
LogPluginManager: Mounting plugin LevelSequenceEditor
LogPluginManager: Mounting plugin MatineeToLevelSequence
LogPluginManager: Mounting plugin TemplateSequence
LogPluginManager: Mounting plugin UdpMessaging
LogPluginManager: Mounting plugin TcpMessaging
LogPluginManager: Mounting plugin OnlineSubsystem
LogPluginManager: Mounting plugin OnlineSubsystemNull
LogPluginManager: Mounting plugin LauncherChunkInstaller
LogPluginManager: Mounting plugin OnlineSubsystemUtils
LogPluginManager: Mounting plugin ActorLayerUtilities
LogPluginManager: Mounting plugin AndroidDeviceProfileSelector
LogPluginManager: Mounting plugin AndroidMoviePlayer
LogPluginManager: Mounting plugin AndroidPermission
LogPluginManager: Mounting plugin AppleImageUtils
LogPluginManager: Mounting plugin AppleMoviePlayer
LogPluginManager: Mounting plugin ArchVisCharacter
LogPluginManager: Mounting plugin AssetTags
LogPluginManager: Mounting plugin AudioCapture
LogPluginManager: Mounting plugin CableComponent
LogPluginManager: Mounting plugin AudioSynesthesia
LogPluginManager: Mounting plugin ChunkDownloader
LogPluginManager: Mounting plugin CustomMeshComponent
LogPluginManager: Mounting plugin ExampleDeviceProfileSelector
LogPluginManager: Mounting plugin EditableMesh
LogPluginManager: Mounting plugin GoogleCloudMessaging
LogPluginManager: Mounting plugin GooglePAD
LogPluginManager: Mounting plugin IOSDeviceProfileSelector
LogPluginManager: Mounting plugin LinuxDeviceProfileSelector
LogPluginManager: Mounting plugin LocationServicesBPLibrary
LogPluginManager: Mounting plugin MobilePatchingUtils
LogPluginManager: Mounting plugin OpenXR
LogPluginManager: Mounting plugin OpenXREyeTracker
LogPluginManager: Mounting plugin OpenXRHandTracking
LogPluginManager: Mounting plugin PhysXVehicles
LogPluginManager: Mounting plugin PostSplashScreen
LogPluginManager: Mounting plugin PropertyAccessEditor
LogPluginManager: Mounting plugin ProceduralMeshComponent
LogPluginManager: Mounting plugin RuntimePhysXCooking
LogPluginManager: Mounting plugin SignificanceManager
LogPluginManager: Mounting plugin SoundFields
LogPluginManager: Mounting plugin Synthesis
LogPluginManager: Mounting plugin WebMMoviePlayer
LogPluginManager: Mounting plugin WindowsMoviePlayer
LogPluginManager: Mounting plugin ScreenshotTools
LogPluginManager: Mounting plugin GameplayCameras
LogPluginManager: Mounting plugin Takes
LogPluginManager: Mounting plugin ContentBrowserAssetDataSource
LogPluginManager: Mounting plugin ContentBrowserClassDataSource
LogPluginManager: Mounting plugin ContentBrowserFileDataSource
LogPluginManager: Mounting plugin OnlineSubsystemIOS
LogPluginManager: Mounting plugin OnlineSubsystemGooglePlay
LogPluginManager: Mounting plugin OculusVR
LogPluginManager: Mounting plugin SteamVR
PixWinPlugin: PIX capture plugin failed to initialize! Check that the process is launched from PIX.
LogInit: Using libcurl 7.55.1-DEV
LogInit:  - built for x86_64-pc-win32
LogInit:  - supports SSL with OpenSSL/1.1.1
LogInit:  - supports HTTP deflate (compression) using libz 1.2.8
LogInit:  - other features:
LogInit:      CURL_VERSION_SSL
LogInit:      CURL_VERSION_LIBZ
LogInit:      CURL_VERSION_IPV6
LogInit:      CURL_VERSION_ASYNCHDNS
LogInit:      CURL_VERSION_LARGEFILE
LogInit:      CURL_VERSION_IDN
LogInit:  CurlRequestOptions (configurable via config and command line):
LogInit:  - bVerifyPeer = true  - Libcurl will verify peer certificate
LogInit:  - bUseHttpProxy = false  - Libcurl will NOT use HTTP proxy
LogInit:  - bDontReuseConnections = false  - Libcurl will reuse connections
LogInit:  - MaxHostConnections = 16  - Libcurl will limit the number of connections to a host
LogInit:  - LocalHostAddr = Default
LogInit:  - BufferSize = 65536
LogOnline: OSS: Creating online subsystem instance for: NULL
LogInit: WinSock: version 1.1 (2.2), MaxSocks=32767, MaxUdp=65467
LogOnline: OSS: TryLoadSubsystemAndSetDefault: Loaded subsystem for module [NULL]
LogOculusPluginWrapper: OculusPlugin initialized successfully
LogHMD: Failed initializing OVRPlugin 1.59.0
LogInit: Build: ++UE4+Release-4.27-CL-18319896
LogInit: Engine Version: 4.27.2-18319896+++UE4+Release-4.27
LogInit: Compatible Engine Version: 4.27.0-17155196+++UE4+Release-4.27
LogInit: Net CL: 17155196
LogInit: OS: Windows 10 (Release 2009) (), CPU: AMD Ryzen 3 3300X 4-Core Processor             , GPU: NVIDIA GeForce RTX 2060 SUPER
LogInit: Compiled (64-bit): Nov 30 2021 07:12:08
LogInit: Compiled with Visual C++: 19.24.28315.00
LogInit: Build Configuration: Development
LogInit: Branch Name: ++UE4+Release-4.27
LogInit: Command Line: 
LogInit: Base Directory: D:/Program Files/Epic Games/UE_4.27/Engine/Binaries/Win64/
LogInit: Allocator: TBB
LogInit: Installed Engine Build: 1
LogDevObjectVersion: Number of dev versions registered: 29
LogDevObjectVersion:   Dev-Blueprints (B0D832E4-1F89-4F0D-ACCF-7EB736FD4AA2): 10
LogDevObjectVersion:   Dev-Build (E1C64328-A22C-4D53-A36C-8E866417BD8C): 0
LogDevObjectVersion:   Dev-Core (375EC13C-06E4-48FB-B500-84F0262A717E): 4
LogDevObjectVersion:   Dev-Editor (E4B068ED-F494-42E9-A231-DA0B2E46BB41): 40
LogDevObjectVersion:   Dev-Framework (CFFC743F-43B0-4480-9391-14DF171D2073): 37
LogDevObjectVersion:   Dev-Mobile (B02B49B5-BB20-44E9-A304-32B752E40360): 3
LogDevObjectVersion:   Dev-Networking (A4E4105C-59A1-49B5-A7C5-40C4547EDFEE): 0
LogDevObjectVersion:   Dev-Online (39C831C9-5AE6-47DC-9A44-9C173E1C8E7C): 0
LogDevObjectVersion:   Dev-Physics (78F01B33-EBEA-4F98-B9B4-84EACCB95AA2): 14
LogDevObjectVersion:   Dev-Platform (6631380F-2D4D-43E0-8009-CF276956A95A): 0
LogDevObjectVersion:   Dev-Rendering (12F88B9F-8875-4AFC-A67C-D90C383ABD29): 45
LogDevObjectVersion:   Dev-Sequencer (7B5AE74C-D270-4C10-A958-57980B212A5A): 13
LogDevObjectVersion:   Dev-VR (D7296918-1DD6-4BDD-9DE2-64A83CC13884): 3
LogDevObjectVersion:   Dev-LoadTimes (C2A15278-BFE7-4AFE-6C17-90FF531DF755): 1
LogDevObjectVersion:   Private-Geometry (6EACA3D4-40EC-4CC1-B786-8BED09428FC5): 3
LogDevObjectVersion:   Dev-AnimPhys (29E575DD-E0A3-4627-9D10-D276232CDCEA): 17
LogDevObjectVersion:   Dev-Anim (AF43A65D-7FD3-4947-9873-3E8ED9C1BB05): 15
LogDevObjectVersion:   Dev-ReflectionCapture (6B266CEC-1EC7-4B8F-A30B-E4D90942FC07): 1
LogDevObjectVersion:   Dev-Automation (0DF73D61-A23F-47EA-B727-89E90C41499A): 1
LogDevObjectVersion:   FortniteMain (601D1886-AC64-4F84-AA16-D3DE0DEAC7D6): 47
LogDevObjectVersion:   FortniteRelease (E7086368-6B23-4C58-8439-1B7016265E91): 1
LogDevObjectVersion:   Dev-Enterprise (9DFFBCD6-494F-0158-E221-12823C92A888): 10
LogDevObjectVersion:   Dev-Niagara (F2AED0AC-9AFE-416F-8664-AA7FFA26D6FC): 1
LogDevObjectVersion:   Dev-Destruction (174F1F0B-B4C6-45A5-B13F-2EE8D0FB917D): 10
LogDevObjectVersion:   Dev-Physics-Ext (35F94A83-E258-406C-A318-09F59610247C): 41
LogDevObjectVersion:   Dev-PhysicsMaterial-Chaos (B68FC16E-8B1B-42E2-B453-215C058844FE): 1
LogDevObjectVersion:   Dev-CineCamera (B2E18506-4273-CFC2-A54E-F4BB758BBA07): 1
LogDevObjectVersion:   Dev-VirtualProduction (64F58936-FD1B-42BA-BA96-7289D5D0FA4E): 1
LogDevObjectVersion:   Dev-MediaFramework (6F0ED827-A609-4895-9C91-998D90180EA4): 2
LogInit: Presizing for max 25165824 objects, including 0 objects not considered by GC, pre-allocating 0 bytes for permanent pool.
LogConfig: Applying CVar settings from Section [/Script/Engine.StreamingSettings] File [D:/Users/qkrdl/Documents/GitHub/Zolup-Button_Project_MF/Project_MF/Saved/Config/Windows/Engine.ini]
LogConfig: Setting CVar [[s.MinBulkDataSizeForAsyncLoading:131072]]
LogConfig: Setting CVar [[s.AsyncLoadingThreadEnabled:0]]
LogConfig: Setting CVar [[s.EventDrivenLoaderEnabled:1]]
LogConfig: Setting CVar [[s.WarnIfTimeLimitExceeded:0]]
LogConfig: Setting CVar [[s.TimeLimitExceededMultiplier:1.5]]
LogConfig: Setting CVar [[s.TimeLimitExceededMinTime:0.005]]
LogConfig: Setting CVar [[s.UseBackgroundLevelStreaming:1]]
LogConfig: Setting CVar [[s.PriorityAsyncLoadingExtraTime:15.0]]
LogConfig: Setting CVar [[s.LevelStreamingActorsUpdateTimeLimit:5.0]]
LogConfig: Setting CVar [[s.PriorityLevelStreamingActorsUpdateExtraTime:5.0]]
LogConfig: Setting CVar [[s.LevelStreamingComponentsRegistrationGranularity:10]]
LogConfig: Setting CVar [[s.UnregisterComponentsTimeLimit:1.0]]
LogConfig: Setting CVar [[s.LevelStreamingComponentsUnregistrationGranularity:5]]
LogConfig: Setting CVar [[s.FlushStreamingOnExit:1]]
LogInit: Object subsystem initialized
LogConfig: Setting CVar [[con.DebugEarlyDefault:1]]
LogConfig: Setting CVar [[r.setres:1280x720]]
[2023.03.28-08.12.12:148][  0]LogConfig: Setting CVar [[r.VSync:0]]
[2023.03.28-08.12.12:148][  0]LogConfig: Setting CVar [[r.RHICmdBypass:0]]
[2023.03.28-08.12.12:148][  0]LogConfig: Applying CVar settings from Section [/Script/Engine.RendererSettings] File [D:/Users/qkrdl/Documents/GitHub/Zolup-Button_Project_MF/Project_MF/Saved/Config/Windows/Engine.ini]
[2023.03.28-08.12.12:148][  0]LogConfig: Setting CVar [[r.GPUCrashDebugging:0]]
[2023.03.28-08.12.12:148][  0]LogConfig: Applying CVar settings from Section [/Script/Engine.RendererOverrideSettings] File [D:/Users/qkrdl/Documents/GitHub/Zolup-Button_Project_MF/Project_MF/Saved/Config/Windows/Engine.ini]
[2023.03.28-08.12.12:148][  0]LogConfig: Applying CVar settings from Section [/Script/Engine.StreamingSettings] File [D:/Users/qkrdl/Documents/GitHub/Zolup-Button_Project_MF/Project_MF/Saved/Config/Windows/Engine.ini]
[2023.03.28-08.12.12:148][  0]LogConfig: Setting CVar [[s.MinBulkDataSizeForAsyncLoading:131072]]
[2023.03.28-08.12.12:148][  0]LogConfig: Setting CVar [[s.AsyncLoadingThreadEnabled:0]]
[2023.03.28-08.12.12:148][  0]LogConfig: Setting CVar [[s.EventDrivenLoaderEnabled:1]]
[2023.03.28-08.12.12:148][  0]LogConfig: Setting CVar [[s.WarnIfTimeLimitExceeded:0]]
[2023.03.28-08.12.12:148][  0]LogConfig: Setting CVar [[s.TimeLimitExceededMultiplier:1.5]]
[2023.03.28-08.12.12:148][  0]LogConfig: Setting CVar [[s.TimeLimitExceededMinTime:0.005]]
[2023.03.28-08.12.12:148][  0]LogConfig: Setting CVar [[s.UseBackgroundLevelStreaming:1]]
[2023.03.28-08.12.12:148][  0]LogConfig: Setting CVar [[s.PriorityAsyncLoadingExtraTime:15.0]]
[2023.03.28-08.12.12:148][  0]LogConfig: Setting CVar [[s.LevelStreamingActorsUpdateTimeLimit:5.0]]
[2023.03.28-08.12.12:148][  0]LogConfig: Setting CVar [[s.PriorityLevelStreamingActorsUpdateExtraTime:5.0]]
[2023.03.28-08.12.12:148][  0]LogConfig: Setting CVar [[s.LevelStreamingComponentsRegistrationGranularity:10]]
[2023.03.28-08.12.12:148][  0]LogConfig: Setting CVar [[s.UnregisterComponentsTimeLimit:1.0]]
[2023.03.28-08.12.12:148][  0]LogConfig: Setting CVar [[s.LevelStreamingComponentsUnregistrationGranularity:5]]
[2023.03.28-08.12.12:148][  0]LogConfig: Setting CVar [[s.FlushStreamingOnExit:1]]
[2023.03.28-08.12.12:148][  0]LogConfig: Applying CVar settings from Section [/Script/Engine.GarbageCollectionSettings] File [D:/Users/qkrdl/Documents/GitHub/Zolup-Button_Project_MF/Project_MF/Saved/Config/Windows/Engine.ini]
[2023.03.28-08.12.12:148][  0]LogConfig: Setting CVar [[gc.MaxObjectsNotConsideredByGC:1]]
[2023.03.28-08.12.12:148][  0]LogConfig: Setting CVar [[gc.SizeOfPermanentObjectPool:0]]
[2023.03.28-08.12.12:148][  0]LogConfig: Setting CVar [[gc.FlushStreamingOnGC:0]]
[2023.03.28-08.12.12:148][  0]LogConfig: Setting CVar [[gc.NumRetriesBeforeForcingGC:10]]
[2023.03.28-08.12.12:148][  0]LogConfig: Setting CVar [[gc.AllowParallelGC:1]]
[2023.03.28-08.12.12:148][  0]LogConfig: Setting CVar [[gc.TimeBetweenPurgingPendingKillObjects:61.1]]
[2023.03.28-08.12.12:148][  0]LogConfig: Setting CVar [[gc.MaxObjectsInEditor:25165824]]
[2023.03.28-08.12.12:148][  0]LogConfig: Setting CVar [[gc.IncrementalBeginDestroyEnabled:1]]
[2023.03.28-08.12.12:148][  0]LogConfig: Setting CVar [[gc.CreateGCClusters:1]]
[2023.03.28-08.12.12:148][  0]LogConfig: Setting CVar [[gc.MinGCClusterSize:5]]
[2023.03.28-08.12.12:148][  0]LogConfig: Setting CVar [[gc.ActorClusteringEnabled:0]]
[2023.03.28-08.12.12:148][  0]LogConfig: Setting CVar [[gc.BlueprintClusteringEnabled:0]]
[2023.03.28-08.12.12:148][  0]LogConfig: Setting CVar [[gc.UseDisregardForGCOnDedicatedServers:0]]
[2023.03.28-08.12.12:148][  0]LogConfig: Setting CVar [[gc.MultithreadedDestructionEnabled:1]]
[2023.03.28-08.12.12:148][  0]LogConfig: Applying CVar settings from Section [/Script/Engine.NetworkSettings] File [D:/Users/qkrdl/Documents/GitHub/Zolup-Button_Project_MF/Project_MF/Saved/Config/Windows/Engine.ini]
[2023.03.28-08.12.12:148][  0]LogConfig: Applying CVar settings from Section [/Script/UnrealEd.CookerSettings] File [D:/Users/qkrdl/Documents/GitHub/Zolup-Button_Project_MF/Project_MF/Saved/Config/Windows/Engine.ini]
[2023.03.28-08.12.12:158][  0]LogConfig: Applying CVar settings from Section [ViewDistanceQuality@3] File [D:/Users/qkrdl/Documents/GitHub/Zolup-Button_Project_MF/Project_MF/Saved/Config/Windows/Scalability.ini]
[2023.03.28-08.12.12:158][  0]LogConfig: Setting CVar [[r.SkeletalMeshLODBias:0]]
[2023.03.28-08.12.12:158][  0]LogConfig: Setting CVar [[r.ViewDistanceScale:1.0]]
[2023.03.28-08.12.12:158][  0]LogConfig: Applying CVar settings from Section [AntiAliasingQuality@3] File [D:/Users/qkrdl/Documents/GitHub/Zolup-Button_Project_MF/Project_MF/Saved/Config/Windows/Scalability.ini]
[2023.03.28-08.12.12:158][  0]LogConfig: Setting CVar [[r.PostProcessAAQuality:4]]
[2023.03.28-08.12.12:158][  0]LogConfig: Applying CVar settings from Section [ShadowQuality@3] File [D:/Users/qkrdl/Documents/GitHub/Zolup-Button_Project_MF/Project_MF/Saved/Config/Windows/Scalability.ini]
[2023.03.28-08.12.12:158][  0]LogConfig: Setting CVar [[r.LightFunctionQuality:1]]
[2023.03.28-08.12.12:158][  0]LogConfig: Setting CVar [[r.ShadowQuality:5]]
[2023.03.28-08.12.12:158][  0]LogConfig: Setting CVar [[r.Shadow.CSM.MaxCascades:10]]
[2023.03.28-08.12.12:158][  0]LogConfig: Setting CVar [[r.Shadow.MaxResolution:2048]]
[2023.03.28-08.12.12:158][  0]LogConfig: Setting CVar [[r.Shadow.MaxCSMResolution:2048]]
[2023.03.28-08.12.12:158][  0]LogConfig: Setting CVar [[r.Shadow.RadiusThreshold:0.01]]
[2023.03.28-08.12.12:158][  0]LogConfig: Setting CVar [[r.Shadow.DistanceScale:1.0]]
[2023.03.28-08.12.12:158][  0]LogConfig: Setting CVar [[r.Shadow.CSM.TransitionScale:1.0]]
[2023.03.28-08.12.12:159][  0]LogConfig: Setting CVar [[r.Shadow.PreShadowResolutionFactor:1.0]]
[2023.03.28-08.12.12:159][  0]LogConfig: Setting CVar [[r.DistanceFieldShadowing:1]]
[2023.03.28-08.12.12:159][  0]LogConfig: Setting CVar [[r.DistanceFieldAO:1]]
[2023.03.28-08.12.12:159][  0]LogConfig: Setting CVar [[r.AOQuality:2]]
[2023.03.28-08.12.12:159][  0]LogConfig: Setting CVar [[r.VolumetricFog:1]]
[2023.03.28-08.12.12:159][  0]LogConfig: Setting CVar [[r.VolumetricFog.GridPixelSize:8]]
[2023.03.28-08.12.12:159][  0]LogConfig: Setting CVar [[r.VolumetricFog.GridSizeZ:128]]
[2023.03.28-08.12.12:159][  0]LogConfig: Setting CVar [[r.VolumetricFog.HistoryMissSupersampleCount:4]]
[2023.03.28-08.12.12:159][  0]LogConfig: Setting CVar [[r.LightMaxDrawDistanceScale:1]]
[2023.03.28-08.12.12:159][  0]LogConfig: Setting CVar [[r.CapsuleShadows:1]]
[2023.03.28-08.12.12:159][  0]LogConfig: Applying CVar settings from Section [PostProcessQuality@3] File [D:/Users/qkrdl/Documents/GitHub/Zolup-Button_Project_MF/Project_MF/Saved/Config/Windows/Scalability.ini]
[2023.03.28-08.12.12:159][  0]LogConfig: Setting CVar [[r.MotionBlurQuality:4]]
[2023.03.28-08.12.12:159][  0]LogConfig: Setting CVar [[r.AmbientOcclusionMipLevelFactor:0.4]]
[2023.03.28-08.12.12:159][  0]LogConfig: Setting CVar [[r.AmbientOcclusionMaxQuality:100]]
[2023.03.28-08.12.12:159][  0]LogConfig: Setting CVar [[r.AmbientOcclusionLevels:-1]]
[2023.03.28-08.12.12:159][  0]LogConfig: Setting CVar [[r.AmbientOcclusionRadiusScale:1.0]]
[2023.03.28-08.12.12:159][  0]LogConfig: Setting CVar [[r.DepthOfFieldQuality:2]]
[2023.03.28-08.12.12:159][  0]LogConfig: Setting CVar [[r.RenderTargetPoolMin:400]]
[2023.03.28-08.12.12:159][  0]LogConfig: Setting CVar [[r.LensFlareQuality:2]]
[2023.03.28-08.12.12:159][  0]LogConfig: Setting CVar [[r.SceneColorFringeQuality:1]]
[2023.03.28-08.12.12:159][  0]LogConfig: Setting CVar [[r.EyeAdaptationQuality:2]]
[2023.03.28-08.12.12:159][  0]LogConfig: Setting CVar [[r.BloomQuality:5]]
[2023.03.28-08.12.12:159][  0]LogConfig: Setting CVar [[r.FastBlurThreshold:100]]
[2023.03.28-08.12.12:159][  0]LogConfig: Setting CVar [[r.Upscale.Quality:3]]
[2023.03.28-08.12.12:159][  0]LogConfig: Setting CVar [[r.Tonemapper.GrainQuantization:1]]
[2023.03.28-08.12.12:159][  0]LogConfig: Setting CVar [[r.LightShaftQuality:1]]
[2023.03.28-08.12.12:159][  0]LogConfig: Setting CVar [[r.Filter.SizeScale:1]]
[2023.03.28-08.12.12:159][  0]LogConfig: Setting CVar [[r.Tonemapper.Quality:5]]
[2023.03.28-08.12.12:159][  0]LogConfig: Setting CVar [[r.DOF.Gather.AccumulatorQuality:1        ; higher gathering accumulator quality]]
[2023.03.28-08.12.12:159][  0]LogConfig: Setting CVar [[r.DOF.Gather.PostfilterMethod:1          ; Median3x3 postfilering method]]
[2023.03.28-08.12.12:159][  0]LogConfig: Setting CVar [[r.DOF.Gather.EnableBokehSettings:0       ; no bokeh simulation when gathering]]
[2023.03.28-08.12.12:159][  0]LogConfig: Setting CVar [[r.DOF.Gather.RingCount:4                 ; medium number of samples when gathering]]
[2023.03.28-08.12.12:159][  0]LogConfig: Setting CVar [[r.DOF.Scatter.ForegroundCompositing:1    ; additive foreground scattering]]
[2023.03.28-08.12.12:159][  0]LogConfig: Setting CVar [[r.DOF.Scatter.BackgroundCompositing:2    ; additive background scattering]]
[2023.03.28-08.12.12:159][  0]LogConfig: Setting CVar [[r.DOF.Scatter.EnableBokehSettings:1      ; bokeh simulation when scattering]]
[2023.03.28-08.12.12:159][  0]LogConfig: Setting CVar [[r.DOF.Scatter.MaxSpriteRatio:0.1         ; only a maximum of 10% of scattered bokeh]]
[2023.03.28-08.12.12:159][  0]LogConfig: Setting CVar [[r.DOF.Recombine.Quality:1                ; cheap slight out of focus]]
[2023.03.28-08.12.12:159][  0]LogConfig: Setting CVar [[r.DOF.Recombine.EnableBokehSettings:0    ; no bokeh simulation on slight out of focus]]
[2023.03.28-08.12.12:159][  0]LogConfig: Setting CVar [[r.DOF.TemporalAAQuality:1                ; more stable temporal accumulation]]
[2023.03.28-08.12.12:159][  0]LogConfig: Setting CVar [[r.DOF.Kernel.MaxForegroundRadius:0.025]]
[2023.03.28-08.12.12:159][  0]LogConfig: Setting CVar [[r.DOF.Kernel.MaxBackgroundRadius:0.025]]
[2023.03.28-08.12.12:159][  0]LogConfig: Applying CVar settings from Section [TextureQuality@3] File [D:/Users/qkrdl/Documents/GitHub/Zolup-Button_Project_MF/Project_MF/Saved/Config/Windows/Scalability.ini]
[2023.03.28-08.12.12:159][  0]LogConfig: Setting CVar [[r.Streaming.MipBias:0]]
[2023.03.28-08.12.12:159][  0]LogConfig: Setting CVar [[r.Streaming.AmortizeCPUToGPUCopy:0]]
[2023.03.28-08.12.12:159][  0]LogConfig: Setting CVar [[r.Streaming.MaxNumTexturesToStreamPerFrame:0]]
[2023.03.28-08.12.12:159][  0]LogConfig: Setting CVar [[r.Streaming.Boost:1]]
[2023.03.28-08.12.12:159][  0]LogConfig: Setting CVar [[r.MaxAnisotropy:8]]
[2023.03.28-08.12.12:159][  0]LogConfig: Setting CVar [[r.VT.MaxAnisotropy:8]]
[2023.03.28-08.12.12:159][  0]LogConfig: Setting CVar [[r.Streaming.LimitPoolSizeToVRAM:0]]
[2023.03.28-08.12.12:159][  0]LogConfig: Setting CVar [[r.Streaming.PoolSize:1000]]
[2023.03.28-08.12.12:159][  0]LogConfig: Setting CVar [[r.Streaming.MaxEffectiveScreenSize:0]]
[2023.03.28-08.12.12:159][  0]LogConfig: Applying CVar settings from Section [EffectsQuality@3] File [D:/Users/qkrdl/Documents/GitHub/Zolup-Button_Project_MF/Project_MF/Saved/Config/Windows/Scalability.ini]
[2023.03.28-08.12.12:159][  0]LogConfig: Setting CVar [[r.TranslucencyLightingVolumeDim:64]]
[2023.03.28-08.12.12:159][  0]LogConfig: Setting CVar [[r.RefractionQuality:2]]
[2023.03.28-08.12.12:159][  0]LogConfig: Setting CVar [[r.SSR.Quality:3]]
[2023.03.28-08.12.12:159][  0]LogConfig: Setting CVar [[r.SSR.HalfResSceneColor:0]]
[2023.03.28-08.12.12:159][  0]LogConfig: Setting CVar [[r.SceneColorFormat:4]]
[2023.03.28-08.12.12:159][  0]LogConfig: Setting CVar [[r.DetailMode:2]]
[2023.03.28-08.12.12:159][  0]LogConfig: Setting CVar [[r.TranslucencyVolumeBlur:1]]
[2023.03.28-08.12.12:159][  0]LogConfig: Setting CVar [[r.MaterialQualityLevel:1 ; High quality]]
[2023.03.28-08.12.12:159][  0]LogConfig: Setting CVar [[r.AnisotropicMaterials:1]]
[2023.03.28-08.12.12:159][  0]LogConfig: Setting CVar [[r.SSS.Scale:1]]
[2023.03.28-08.12.12:159][  0]LogConfig: Setting CVar [[r.SSS.SampleSet:2]]
[2023.03.28-08.12.12:159][  0]LogConfig: Setting CVar [[r.SSS.Quality:1]]
[2023.03.28-08.12.12:159][  0]LogConfig: Setting CVar [[r.SSS.HalfRes:0]]
[2023.03.28-08.12.12:159][  0]LogConfig: Setting CVar [[r.SSGI.Quality:3]]
[2023.03.28-08.12.12:159][  0]LogConfig: Setting CVar [[r.EmitterSpawnRateScale:1.0]]
[2023.03.28-08.12.12:159][  0]LogConfig: Setting CVar [[r.ParticleLightQuality:2]]
[2023.03.28-08.12.12:159][  0]LogConfig: Setting CVar [[r.SkyAtmosphere.AerialPerspectiveLUT.FastApplyOnOpaque:1 ; Always have FastSkyLUT 1 in this case to avoid wrong sky]]
[2023.03.28-08.12.12:159][  0]LogConfig: Setting CVar [[r.SkyAtmosphere.AerialPerspectiveLUT.SampleCountMaxPerSlice:4]]
[2023.03.28-08.12.12:159][  0]LogConfig: Setting CVar [[r.SkyAtmosphere.AerialPerspectiveLUT.DepthResolution:16.0]]
[2023.03.28-08.12.12:159][  0]LogConfig: Setting CVar [[r.SkyAtmosphere.FastSkyLUT:1]]
[2023.03.28-08.12.12:159][  0]LogConfig: Setting CVar [[r.SkyAtmosphere.FastSkyLUT.SampleCountMin:4.0]]
[2023.03.28-08.12.12:159][  0]LogConfig: Setting CVar [[r.SkyAtmosphere.FastSkyLUT.SampleCountMax:128.0]]
[2023.03.28-08.12.12:159][  0]LogConfig: Setting CVar [[r.SkyAtmosphere.SampleCountMin:4.0]]
[2023.03.28-08.12.12:159][  0]LogConfig: Setting CVar [[r.SkyAtmosphere.SampleCountMax:128.0]]
[2023.03.28-08.12.12:159][  0]LogConfig: Setting CVar [[r.SkyAtmosphere.TransmittanceLUT.UseSmallFormat:0]]
[2023.03.28-08.12.12:159][  0]LogConfig: Setting CVar [[r.SkyAtmosphere.TransmittanceLUT.SampleCount:10.0]]
[2023.03.28-08.12.12:159][  0]LogConfig: Setting CVar [[r.SkyAtmosphere.MultiScatteringLUT.SampleCount:15.0]]
[2023.03.28-08.12.12:159][  0]LogConfig: Setting CVar [[r.SkyLight.RealTimeReflectionCapture:1]]
[2023.03.28-08.12.12:159][  0]LogConfig: Applying CVar settings from Section [FoliageQuality@3] File [D:/Users/qkrdl/Documents/GitHub/Zolup-Button_Project_MF/Project_MF/Saved/Config/Windows/Scalability.ini]
[2023.03.28-08.12.12:159][  0]LogConfig: Setting CVar [[foliage.DensityScale:1.0]]
[2023.03.28-08.12.12:159][  0]LogConfig: Setting CVar [[grass.DensityScale:1.0]]
[2023.03.28-08.12.12:159][  0]LogConfig: Applying CVar settings from Section [ShadingQuality@3] File [D:/Users/qkrdl/Documents/GitHub/Zolup-Button_Project_MF/Project_MF/Saved/Config/Windows/Scalability.ini]
[2023.03.28-08.12.12:159][  0]LogConfig: Setting CVar [[r.HairStrands.SkyLighting.IntegrationType:2]]
[2023.03.28-08.12.12:159][  0]LogConfig: Setting CVar [[r.HairStrands.SkyAO.SampleCount:4]]
[2023.03.28-08.12.12:159][  0]LogConfig: Setting CVar [[r.HairStrands.Visibility.MSAA.SamplePerPixel:4]]
[2023.03.28-08.12.12:159][  0]LogInit: Selected Device Profile: [Windows]
[2023.03.28-08.12.12:159][  0]LogInit: Applying CVar settings loaded from the selected device profile: [Windows]
[2023.03.28-08.12.12:160][  0]LogHAL: Display: Platform has ~ 32 GB [34266505216 / 34359738368 / 32], which maps to Largest [LargestMinGB=32, LargerMinGB=12, DefaultMinGB=8, SmallerMinGB=6, SmallestMinGB=0)
[2023.03.28-08.12.12:160][  0]LogInit: Going up to parent DeviceProfile []
[2023.03.28-08.12.12:160][  0]LogConfig: Applying CVar settings from Section [ViewDistanceQuality@3] File [D:/Users/qkrdl/Documents/GitHub/Zolup-Button_Project_MF/Project_MF/Saved/Config/Windows/Scalability.ini]
[2023.03.28-08.12.12:160][  0]LogConfig: Setting CVar [[r.SkeletalMeshLODBias:0]]
[2023.03.28-08.12.12:160][  0]LogConfig: Setting CVar [[r.ViewDistanceScale:1.0]]
[2023.03.28-08.12.12:160][  0]LogConfig: Applying CVar settings from Section [AntiAliasingQuality@3] File [D:/Users/qkrdl/Documents/GitHub/Zolup-Button_Project_MF/Project_MF/Saved/Config/Windows/Scalability.ini]
[2023.03.28-08.12.12:160][  0]LogConfig: Setting CVar [[r.PostProcessAAQuality:4]]
[2023.03.28-08.12.12:160][  0]LogConfig: Applying CVar settings from Section [ShadowQuality@3] File [D:/Users/qkrdl/Documents/GitHub/Zolup-Button_Project_MF/Project_MF/Saved/Config/Windows/Scalability.ini]
[2023.03.28-08.12.12:160][  0]LogConfig: Setting CVar [[r.LightFunctionQuality:1]]
[2023.03.28-08.12.12:160][  0]LogConfig: Setting CVar [[r.ShadowQuality:5]]
[2023.03.28-08.12.12:160][  0]LogConfig: Setting CVar [[r.Shadow.CSM.MaxCascades:10]]
[2023.03.28-08.12.12:160][  0]LogConfig: Setting CVar [[r.Shadow.MaxResolution:2048]]
[2023.03.28-08.12.12:160][  0]LogConfig: Setting CVar [[r.Shadow.MaxCSMResolution:2048]]
[2023.03.28-08.12.12:160][  0]LogConfig: Setting CVar [[r.Shadow.RadiusThreshold:0.01]]
[2023.03.28-08.12.12:160][  0]LogConfig: Setting CVar [[r.Shadow.DistanceScale:1.0]]
[2023.03.28-08.12.12:160][  0]LogConfig: Setting CVar [[r.Shadow.CSM.TransitionScale:1.0]]
[2023.03.28-08.12.12:160][  0]LogConfig: Setting CVar [[r.Shadow.PreShadowResolutionFactor:1.0]]
[2023.03.28-08.12.12:160][  0]LogConfig: Setting CVar [[r.DistanceFieldShadowing:1]]
[2023.03.28-08.12.12:160][  0]LogConfig: Setting CVar [[r.DistanceFieldAO:1]]
[2023.03.28-08.12.12:160][  0]LogConfig: Setting CVar [[r.AOQuality:2]]
[2023.03.28-08.12.12:160][  0]LogConfig: Setting CVar [[r.VolumetricFog:1]]
[2023.03.28-08.12.12:160][  0]LogConfig: Setting CVar [[r.VolumetricFog.GridPixelSize:8]]
[2023.03.28-08.12.12:160][  0]LogConfig: Setting CVar [[r.VolumetricFog.GridSizeZ:128]]
[2023.03.28-08.12.12:160][  0]LogConfig: Setting CVar [[r.VolumetricFog.HistoryMissSupersampleCount:4]]
[2023.03.28-08.12.12:160][  0]LogConfig: Setting CVar [[r.LightMaxDrawDistanceScale:1]]
[2023.03.28-08.12.12:160][  0]LogConfig: Setting CVar [[r.CapsuleShadows:1]]
[2023.03.28-08.12.12:160][  0]LogConfig: Applying CVar settings from Section [PostProcessQuality@3] File [D:/Users/qkrdl/Documents/GitHub/Zolup-Button_Project_MF/Project_MF/Saved/Config/Windows/Scalability.ini]
[2023.03.28-08.12.12:160][  0]LogConfig: Setting CVar [[r.MotionBlurQuality:4]]
[2023.03.28-08.12.12:160][  0]LogConfig: Setting CVar [[r.AmbientOcclusionMipLevelFactor:0.4]]
[2023.03.28-08.12.12:160][  0]LogConfig: Setting CVar [[r.AmbientOcclusionMaxQuality:100]]
[2023.03.28-08.12.12:160][  0]LogConfig: Setting CVar [[r.AmbientOcclusionLevels:-1]]
[2023.03.28-08.12.12:160][  0]LogConfig: Setting CVar [[r.AmbientOcclusionRadiusScale:1.0]]
[2023.03.28-08.12.12:160][  0]LogConfig: Setting CVar [[r.DepthOfFieldQuality:2]]
[2023.03.28-08.12.12:160][  0]LogConfig: Setting CVar [[r.RenderTargetPoolMin:400]]
[2023.03.28-08.12.12:160][  0]LogConfig: Setting CVar [[r.LensFlareQuality:2]]
[2023.03.28-08.12.12:160][  0]LogConfig: Setting CVar [[r.SceneColorFringeQuality:1]]
[2023.03.28-08.12.12:160][  0]LogConfig: Setting CVar [[r.EyeAdaptationQuality:2]]
[2023.03.28-08.12.12:160][  0]LogConfig: Setting CVar [[r.BloomQuality:5]]
[2023.03.28-08.12.12:160][  0]LogConfig: Setting CVar [[r.FastBlurThreshold:100]]
[2023.03.28-08.12.12:160][  0]LogConfig: Setting CVar [[r.Upscale.Quality:3]]
[2023.03.28-08.12.12:160][  0]LogConfig: Setting CVar [[r.Tonemapper.GrainQuantization:1]]
[2023.03.28-08.12.12:160][  0]LogConfig: Setting CVar [[r.LightShaftQuality:1]]
[2023.03.28-08.12.12:160][  0]LogConfig: Setting CVar [[r.Filter.SizeScale:1]]
[2023.03.28-08.12.12:160][  0]LogConfig: Setting CVar [[r.Tonemapper.Quality:5]]
[2023.03.28-08.12.12:160][  0]LogConfig: Setting CVar [[r.DOF.Gather.AccumulatorQuality:1        ; higher gathering accumulator quality]]
[2023.03.28-08.12.12:160][  0]LogConfig: Setting CVar [[r.DOF.Gather.PostfilterMethod:1          ; Median3x3 postfilering method]]
[2023.03.28-08.12.12:160][  0]LogConfig: Setting CVar [[r.DOF.Gather.EnableBokehSettings:0       ; no bokeh simulation when gathering]]
[2023.03.28-08.12.12:160][  0]LogConfig: Setting CVar [[r.DOF.Gather.RingCount:4                 ; medium number of samples when gathering]]
[2023.03.28-08.12.12:160][  0]LogConfig: Setting CVar [[r.DOF.Scatter.ForegroundCompositing:1    ; additive foreground scattering]]
[2023.03.28-08.12.12:160][  0]LogConfig: Setting CVar [[r.DOF.Scatter.BackgroundCompositing:2    ; additive background scattering]]
[2023.03.28-08.12.12:160][  0]LogConfig: Setting CVar [[r.DOF.Scatter.EnableBokehSettings:1      ; bokeh simulation when scattering]]
[2023.03.28-08.12.12:160][  0]LogConfig: Setting CVar [[r.DOF.Scatter.MaxSpriteRatio:0.1         ; only a maximum of 10% of scattered bokeh]]
[2023.03.28-08.12.12:160][  0]LogConfig: Setting CVar [[r.DOF.Recombine.Quality:1                ; cheap slight out of focus]]
[2023.03.28-08.12.12:160][  0]LogConfig: Setting CVar [[r.DOF.Recombine.EnableBokehSettings:0    ; no bokeh simulation on slight out of focus]]
[2023.03.28-08.12.12:160][  0]LogConfig: Setting CVar [[r.DOF.TemporalAAQuality:1                ; more stable temporal accumulation]]
[2023.03.28-08.12.12:160][  0]LogConfig: Setting CVar [[r.DOF.Kernel.MaxForegroundRadius:0.025]]
[2023.03.28-08.12.12:160][  0]LogConfig: Setting CVar [[r.DOF.Kernel.MaxBackgroundRadius:0.025]]
[2023.03.28-08.12.12:160][  0]LogConfig: Applying CVar settings from Section [TextureQuality@3] File [D:/Users/qkrdl/Documents/GitHub/Zolup-Button_Project_MF/Project_MF/Saved/Config/Windows/Scalability.ini]
[2023.03.28-08.12.12:160][  0]LogConfig: Setting CVar [[r.Streaming.MipBias:0]]
[2023.03.28-08.12.12:160][  0]LogConfig: Setting CVar [[r.Streaming.AmortizeCPUToGPUCopy:0]]
[2023.03.28-08.12.12:160][  0]LogConfig: Setting CVar [[r.Streaming.MaxNumTexturesToStreamPerFrame:0]]
[2023.03.28-08.12.12:160][  0]LogConfig: Setting CVar [[r.Streaming.Boost:1]]
[2023.03.28-08.12.12:160][  0]LogConfig: Setting CVar [[r.MaxAnisotropy:8]]
[2023.03.28-08.12.12:160][  0]LogConfig: Setting CVar [[r.VT.MaxAnisotropy:8]]
[2023.03.28-08.12.12:160][  0]LogConfig: Setting CVar [[r.Streaming.LimitPoolSizeToVRAM:0]]
[2023.03.28-08.12.12:160][  0]LogConfig: Setting CVar [[r.Streaming.PoolSize:1000]]
[2023.03.28-08.12.12:160][  0]LogConfig: Setting CVar [[r.Streaming.MaxEffectiveScreenSize:0]]
[2023.03.28-08.12.12:160][  0]LogConfig: Applying CVar settings from Section [EffectsQuality@3] File [D:/Users/qkrdl/Documents/GitHub/Zolup-Button_Project_MF/Project_MF/Saved/Config/Windows/Scalability.ini]
[2023.03.28-08.12.12:160][  0]LogConfig: Setting CVar [[r.TranslucencyLightingVolumeDim:64]]
[2023.03.28-08.12.12:160][  0]LogConfig: Setting CVar [[r.RefractionQuality:2]]
[2023.03.28-08.12.12:160][  0]LogConfig: Setting CVar [[r.SSR.Quality:3]]
[2023.03.28-08.12.12:160][  0]LogConfig: Setting CVar [[r.SSR.HalfResSceneColor:0]]
[2023.03.28-08.12.12:160][  0]LogConfig: Setting CVar [[r.SceneColorFormat:4]]
[2023.03.28-08.12.12:160][  0]LogConfig: Setting CVar [[r.DetailMode:2]]
[2023.03.28-08.12.12:160][  0]LogConfig: Setting CVar [[r.TranslucencyVolumeBlur:1]]
[2023.03.28-08.12.12:160][  0]LogConfig: Setting CVar [[r.MaterialQualityLevel:1 ; High quality]]
[2023.03.28-08.12.12:160][  0]LogConfig: Setting CVar [[r.AnisotropicMaterials:1]]
[2023.03.28-08.12.12:160][  0]LogConfig: Setting CVar [[r.SSS.Scale:1]]
[2023.03.28-08.12.12:160][  0]LogConfig: Setting CVar [[r.SSS.SampleSet:2]]
[2023.03.28-08.12.12:160][  0]LogConfig: Setting CVar [[r.SSS.Quality:1]]
[2023.03.28-08.12.12:160][  0]LogConfig: Setting CVar [[r.SSS.HalfRes:0]]
[2023.03.28-08.12.12:160][  0]LogConfig: Setting CVar [[r.SSGI.Quality:3]]
[2023.03.28-08.12.12:160][  0]LogConfig: Setting CVar [[r.EmitterSpawnRateScale:1.0]]
[2023.03.28-08.12.12:160][  0]LogConfig: Setting CVar [[r.ParticleLightQuality:2]]
[2023.03.28-08.12.12:160][  0]LogConfig: Setting CVar [[r.SkyAtmosphere.AerialPerspectiveLUT.FastApplyOnOpaque:1 ; Always have FastSkyLUT 1 in this case to avoid wrong sky]]
[2023.03.28-08.12.12:160][  0]LogConfig: Setting CVar [[r.SkyAtmosphere.AerialPerspectiveLUT.SampleCountMaxPerSlice:4]]
[2023.03.28-08.12.12:160][  0]LogConfig: Setting CVar [[r.SkyAtmosphere.AerialPerspectiveLUT.DepthResolution:16.0]]
[2023.03.28-08.12.12:160][  0]LogConfig: Setting CVar [[r.SkyAtmosphere.FastSkyLUT:1]]
[2023.03.28-08.12.12:160][  0]LogConfig: Setting CVar [[r.SkyAtmosphere.FastSkyLUT.SampleCountMin:4.0]]
[2023.03.28-08.12.12:160][  0]LogConfig: Setting CVar [[r.SkyAtmosphere.FastSkyLUT.SampleCountMax:128.0]]
[2023.03.28-08.12.12:160][  0]LogConfig: Setting CVar [[r.SkyAtmosphere.SampleCountMin:4.0]]
[2023.03.28-08.12.12:160][  0]LogConfig: Setting CVar [[r.SkyAtmosphere.SampleCountMax:128.0]]
[2023.03.28-08.12.12:160][  0]LogConfig: Setting CVar [[r.SkyAtmosphere.TransmittanceLUT.UseSmallFormat:0]]
[2023.03.28-08.12.12:160][  0]LogConfig: Setting CVar [[r.SkyAtmosphere.TransmittanceLUT.SampleCount:10.0]]
[2023.03.28-08.12.12:160][  0]LogConfig: Setting CVar [[r.SkyAtmosphere.MultiScatteringLUT.SampleCount:15.0]]
[2023.03.28-08.12.12:161][  0]LogConfig: Setting CVar [[r.SkyLight.RealTimeReflectionCapture:1]]
[2023.03.28-08.12.12:161][  0]LogConfig: Applying CVar settings from Section [FoliageQuality@3] File [D:/Users/qkrdl/Documents/GitHub/Zolup-Button_Project_MF/Project_MF/Saved/Config/Windows/Scalability.ini]
[2023.03.28-08.12.12:161][  0]LogConfig: Setting CVar [[foliage.DensityScale:1.0]]
[2023.03.28-08.12.12:161][  0]LogConfig: Setting CVar [[grass.DensityScale:1.0]]
[2023.03.28-08.12.12:161][  0]LogConfig: Applying CVar settings from Section [ShadingQuality@3] File [D:/Users/qkrdl/Documents/GitHub/Zolup-Button_Project_MF/Project_MF/Saved/Config/Windows/Scalability.ini]
[2023.03.28-08.12.12:161][  0]LogConfig: Setting CVar [[r.HairStrands.SkyLighting.IntegrationType:2]]
[2023.03.28-08.12.12:161][  0]LogConfig: Setting CVar [[r.HairStrands.SkyAO.SampleCount:4]]
[2023.03.28-08.12.12:161][  0]LogConfig: Setting CVar [[r.HairStrands.Visibility.MSAA.SamplePerPixel:4]]
[2023.03.28-08.12.12:161][  0]LogConfig: Applying CVar settings from Section [Startup] File [../../../Engine/Config/ConsoleVariables.ini]
[2023.03.28-08.12.12:161][  0]LogConfig: Setting CVar [[net.UseAdaptiveNetUpdateFrequency:0]]
[2023.03.28-08.12.12:161][  0]LogConfig: Setting CVar [[p.chaos.AllowCreatePhysxBodies:1]]
[2023.03.28-08.12.12:161][  0]LogConfig: Setting CVar [[fx.SkipVectorVMBackendOptimizations:1]]
[2023.03.28-08.12.12:161][  0]LogConfig: Applying CVar settings from Section [ConsoleVariables] File [D:/Users/qkrdl/Documents/GitHub/Zolup-Button_Project_MF/Project_MF/Saved/Config/Windows/Engine.ini]
[2023.03.28-08.12.12:161][  0]LogConfig: Applying CVar settings from Section [ConsoleVariables] File [D:/Users/qkrdl/Documents/GitHub/Zolup-Button_Project_MF/Project_MF/Saved/Config/Windows/Editor.ini]
[2023.03.28-08.12.12:161][  0]LogInit: Computer: DESKTOP-7O2N4A7
[2023.03.28-08.12.12:161][  0]LogInit: User: qkrdl
[2023.03.28-08.12.12:161][  0]LogInit: CPU Page size=4096, Cores=4
[2023.03.28-08.12.12:161][  0]LogInit: High frequency timer resolution =10.000000 MHz
[2023.03.28-08.12.12:161][  0]LogMemory: Memory total: Physical=31.9GB (32GB approx)
[2023.03.28-08.12.12:161][  0]LogMemory: Platform Memory Stats for Windows
[2023.03.28-08.12.12:161][  0]LogMemory: Process Physical Memory: 142.19 MB used, 142.19 MB peak
[2023.03.28-08.12.12:161][  0]LogMemory: Process Virtual Memory: 112.78 MB used, 112.78 MB peak
[2023.03.28-08.12.12:161][  0]LogMemory: Physical Memory: 23770.57 MB used,  8908.52 MB free, 32679.09 MB total
[2023.03.28-08.12.12:161][  0]LogMemory: Virtual Memory: 134206872.00 MB used,  10856.31 MB free, 134217728.00 MB total
[2023.03.28-08.12.12:167][  0]LogWindows: WindowsPlatformFeatures enabled
[2023.03.28-08.12.12:212][  0]LogInit: Physics initialised using underlying interface: PhysX
[2023.03.28-08.12.12:214][  0]LogInit: Using OS detected language (ko-KR).
[2023.03.28-08.12.12:214][  0]LogInit: Using OS detected locale (ko-KR).
[2023.03.28-08.12.12:216][  0]LogTextLocalizationManager: No specific localization for 'ko-KR' exists, so the 'ko' localization will be used.
[2023.03.28-08.12.12:319][  0]LogInit: Setting process to per monitor DPI aware
[2023.03.28-08.12.12:339][  0]LogWindowsTextInputMethodSystem: Display: IME system deactivated.
[2023.03.28-08.12.12:354][  0]LogSlate: New Slate User Created.  User Index 0, Is Virtual User: 0
[2023.03.28-08.12.12:354][  0]LogSlate: Slate User Registered.  User Index 0, Is Virtual User: 0
[2023.03.28-08.12.12:565][  0]LogD3D11RHI: Loaded GFSDK_Aftermath_Lib.x64.dll
[2023.03.28-08.12.12:568][  0]LogHMD: Failed to initialize OpenVR with code 110
[2023.03.28-08.12.12:568][  0]LogD3D11RHI: D3D11 min allowed feature level: 11_0
[2023.03.28-08.12.12:568][  0]LogD3D11RHI: D3D11 max allowed feature level: 11_0
[2023.03.28-08.12.12:568][  0]LogD3D11RHI: D3D11 adapters:
[2023.03.28-08.12.12:683][  0]LogD3D11RHI:    0. 'NVIDIA GeForce RTX 2060 SUPER' (Feature Level 11_0)
[2023.03.28-08.12.12:683][  0]LogD3D11RHI:       8019/0/16339 MB DedicatedVideo/DedicatedSystem/SharedSystem, Outputs:1, VendorId:0x10de
[2023.03.28-08.12.12:685][  0]LogD3D11RHI:    1. 'Microsoft Basic Render Driver' (Feature Level 11_0)
[2023.03.28-08.12.12:685][  0]LogD3D11RHI:       0/0/16339 MB DedicatedVideo/DedicatedSystem/SharedSystem, Outputs:0, VendorId:0x1414
[2023.03.28-08.12.12:685][  0]LogD3D11RHI: Chosen D3D11 Adapter:
[2023.03.28-08.12.12:685][  0]LogD3D11RHI:     Description : NVIDIA GeForce RTX 2060 SUPER
[2023.03.28-08.12.12:685][  0]LogD3D11RHI:     VendorId    : 10de
[2023.03.28-08.12.12:685][  0]LogD3D11RHI:     DeviceId    : 1f06
[2023.03.28-08.12.12:685][  0]LogD3D11RHI:     SubSysId    : 3ff11458
[2023.03.28-08.12.12:685][  0]LogD3D11RHI:     Revision    : 00a1
[2023.03.28-08.12.12:685][  0]LogD3D11RHI:     DedicatedVideoMemory : 8408530944 bytes
[2023.03.28-08.12.12:685][  0]LogD3D11RHI:     DedicatedSystemMemory : 0 bytes
[2023.03.28-08.12.12:685][  0]LogD3D11RHI:     SharedSystemMemory : 17133252608 bytes
[2023.03.28-08.12.12:685][  0]LogD3D11RHI:     AdapterLuid : 0 42884
[2023.03.28-08.12.12:694][  0]LogD3D11RHI: Creating new Direct3DDevice
[2023.03.28-08.12.12:694][  0]LogD3D11RHI:     GPU DeviceId: 0x1f06 (for the marketing name, search the web for "GPU Device Id")
[2023.03.28-08.12.12:695][  0]LogWindows: EnumDisplayDevices:
[2023.03.28-08.12.12:695][  0]LogWindows:    0. 'NVIDIA GeForce RTX 2060 SUPER' (P:1 D:1)
[2023.03.28-08.12.12:695][  0]LogWindows:    1. 'NVIDIA GeForce RTX 2060 SUPER' (P:0 D:0)
[2023.03.28-08.12.12:695][  0]LogWindows:    2. 'NVIDIA GeForce RTX 2060 SUPER' (P:0 D:0)
[2023.03.28-08.12.12:695][  0]LogWindows:    3. 'NVIDIA GeForce RTX 2060 SUPER' (P:0 D:0)
[2023.03.28-08.12.12:695][  0]LogWindows: DebugString: FoundDriverCount:4 
[2023.03.28-08.12.12:695][  0]LogD3D11RHI:     Adapter Name: NVIDIA GeForce RTX 2060 SUPER
[2023.03.28-08.12.12:695][  0]LogD3D11RHI:   Driver Version: 527.56 (internal:31.0.15.2756, unified:527.56)
[2023.03.28-08.12.12:695][  0]LogD3D11RHI:      Driver Date: 12-5-2022
[2023.03.28-08.12.12:695][  0]LogRHI: Texture pool is 5613 MB (70% of 8019 MB)
[2023.03.28-08.12.12:695][  0]LogD3D11RHI: Creating D3DDevice using adapter:
[2023.03.28-08.12.12:695][  0]LogD3D11RHI:     Description : NVIDIA GeForce RTX 2060 SUPER
[2023.03.28-08.12.12:695][  0]LogD3D11RHI:     VendorId    : 10de
[2023.03.28-08.12.12:695][  0]LogD3D11RHI:     DeviceId    : 1f06
[2023.03.28-08.12.12:695][  0]LogD3D11RHI:     SubSysId    : 3ff11458
[2023.03.28-08.12.12:695][  0]LogD3D11RHI:     Revision    : 00a1
[2023.03.28-08.12.12:695][  0]LogD3D11RHI:     DedicatedVideoMemory : 8408530944 bytes
[2023.03.28-08.12.12:695][  0]LogD3D11RHI:     DedicatedSystemMemory : 0 bytes
[2023.03.28-08.12.12:695][  0]LogD3D11RHI:     SharedSystemMemory : 17133252608 bytes
[2023.03.28-08.12.12:695][  0]LogD3D11RHI:     AdapterLuid : 0 42884
[2023.03.28-08.12.12:759][  0]LogD3D11RHI: RHI has support for 64 bit atomics
[2023.03.28-08.12.12:759][  0]LogD3D11RHI: Async texture creation enabled
[2023.03.28-08.12.12:759][  0]LogD3D11RHI: Array index from any shader is supported
[2023.03.28-08.12.12:760][  0]LogD3D11RHI: HDR output is supported on display 0 (NvId: 0x80061081).
[2023.03.28-08.12.12:773][  0]LogD3D11RHI: GPU Timing Frequency: 1000.000000 (Debug: 2 1)
[2023.03.28-08.12.12:796][  0]LogRHI: GeForceNow SDK initialized: 1
[2023.03.28-08.12.13:081][  0]LogTargetPlatformManager: Display: Loaded TargetPlatform 'AllDesktop'
[2023.03.28-08.12.13:103][  0]LogTargetPlatformManager: Display: Loaded TargetPlatform 'Android'
[2023.03.28-08.12.13:103][  0]LogTargetPlatformManager: Display: Loaded TargetPlatform 'Android_ASTC'
[2023.03.28-08.12.13:103][  0]LogTargetPlatformManager: Display: Loaded TargetPlatform 'Android_DXT'
[2023.03.28-08.12.13:103][  0]LogTargetPlatformManager: Display: Loaded TargetPlatform 'Android_ETC2'
[2023.03.28-08.12.13:103][  0]LogTargetPlatformManager: Display: Loaded TargetPlatform 'AndroidClient'
[2023.03.28-08.12.13:103][  0]LogTargetPlatformManager: Display: Loaded TargetPlatform 'Android_ASTCClient'
[2023.03.28-08.12.13:103][  0]LogTargetPlatformManager: Display: Loaded TargetPlatform 'Android_DXTClient'
[2023.03.28-08.12.13:103][  0]LogTargetPlatformManager: Display: Loaded TargetPlatform 'Android_ETC2Client'
[2023.03.28-08.12.13:103][  0]LogTargetPlatformManager: Display: Loaded TargetPlatform 'Android_Multi'
[2023.03.28-08.12.13:103][  0]LogTargetPlatformManager: Display: Loaded TargetPlatform 'Android_MultiClient'
[2023.03.28-08.12.13:123][  0]LogTargetPlatformManager: Display: Loaded TargetPlatform 'IOSClient'
[2023.03.28-08.12.13:123][  0]LogTargetPlatformManager: Display: Loaded TargetPlatform 'IOS'
[2023.03.28-08.12.13:132][  0]LogTargetPlatformManager: Display: Loaded TargetPlatform 'Linux'
[2023.03.28-08.12.13:138][  0]LogTargetPlatformManager: Display: Loaded TargetPlatform 'LinuxNoEditor'
[2023.03.28-08.12.13:143][  0]LogTargetPlatformManager: Display: Loaded TargetPlatform 'LinuxClient'
[2023.03.28-08.12.13:148][  0]LogTargetPlatformManager: Display: Loaded TargetPlatform 'LinuxServer'
[2023.03.28-08.12.13:158][  0]LogTargetPlatformManager: Display: Loaded TargetPlatform 'LinuxAArch64NoEditor'
[2023.03.28-08.12.13:164][  0]LogTargetPlatformManager: Display: Loaded TargetPlatform 'LinuxAArch64Client'
[2023.03.28-08.12.13:169][  0]LogTargetPlatformManager: Display: Loaded TargetPlatform 'LinuxAArch64Server'
[2023.03.28-08.12.13:192][  0]LogTargetPlatformManager: Display: Loaded TargetPlatform 'Lumin'
[2023.03.28-08.12.13:192][  0]LogTargetPlatformManager: Display: Loaded TargetPlatform 'LuminClient'
[2023.03.28-08.12.13:201][  0]LogTargetPlatformManager: Display: Loaded TargetPlatform 'MacNoEditor'
[2023.03.28-08.12.13:206][  0]LogTargetPlatformManager: Display: Loaded TargetPlatform 'Mac'
[2023.03.28-08.12.13:211][  0]LogTargetPlatformManager: Display: Loaded TargetPlatform 'MacClient'
[2023.03.28-08.12.13:216][  0]LogTargetPlatformManager: Display: Loaded TargetPlatform 'MacServer'
[2023.03.28-08.12.13:226][  0]LogTargetPlatformManager: Display: Loaded TargetPlatform 'TVOSClient'
[2023.03.28-08.12.13:226][  0]LogTargetPlatformManager: Display: Loaded TargetPlatform 'TVOS'
[2023.03.28-08.12.13:235][  0]LogTargetPlatformManager: Display: Loaded TargetPlatform 'WindowsNoEditor'
[2023.03.28-08.12.13:242][  0]LogTargetPlatformManager: Display: Loaded TargetPlatform 'Windows'
[2023.03.28-08.12.13:247][  0]LogTargetPlatformManager: Display: Loaded TargetPlatform 'WindowsClient'
[2023.03.28-08.12.13:251][  0]LogTargetPlatformManager: Display: Loaded TargetPlatform 'WindowsServer'
[2023.03.28-08.12.13:251][  0]LogTargetPlatformManager: Display: Building Assets For Windows
[2023.03.28-08.12.13:260][  0]LogAudioDebug: Display: Lib vorbis DLL was dynamically loaded.
[2023.03.28-08.12.13:298][  0]LogTextureFormatOodle: Display: Oodle Texture 2.9.0 init RDO Off
[2023.03.28-08.12.13:335][  0]LogRendererCore: Ray tracing is disabled. Reason: r.RayTracing=0.
[2023.03.28-08.12.13:336][  0]LogShaderCompilers: Guid format shader working directory is -36 characters bigger than the processId version (../../../../../../Users/qkrdl/Documents/GitHub/Zolup-Button_Project_MF/Project_MF/Intermediate/Shaders/WorkingDirectory/23944/).
[2023.03.28-08.12.13:336][  0]LogShaderCompilers: Cleaned the shader compiler working directory 'C:/Users/qkrdl/AppData/Local/Temp/UnrealShaderWorkingDir/68F7AB024C20180167449CBDDEAF6A81/'.
[2023.03.28-08.12.13:336][  0]LogXGEController: Cannot use XGE Controller as Incredibuild is not installed on this machine.
[2023.03.28-08.12.13:336][  0]LogShaderCompilers: Cannot use XGE Shader Compiler as Incredibuild is not installed on this machine.
[2023.03.28-08.12.13:336][  0]LogShaderCompilers: Display: Using Local Shader Compiler.
[2023.03.28-08.12.14:118][  0]LogDerivedDataCache: Display: Max Cache Size: 512 MB
[2023.03.28-08.12.14:169][  0]LogDerivedDataCache: Loaded boot cache 0.05s 95MB C:/Users/qkrdl/AppData/Local/UnrealEngine/4.27/DerivedDataCache/Boot.ddc.
[2023.03.28-08.12.14:169][  0]LogDerivedDataCache: Display: Loaded Boot cache: C:/Users/qkrdl/AppData/Local/UnrealEngine/4.27/DerivedDataCache/Boot.ddc
[2023.03.28-08.12.14:169][  0]LogDerivedDataCache: FDerivedDataBackendGraph:  Pak pak cache file ../../../../../../Users/qkrdl/Documents/GitHub/Zolup-Button_Project_MF/Project_MF/DerivedDataCache/DDC.ddp not found, will not use a pak cache.
[2023.03.28-08.12.14:169][  0]LogDerivedDataCache: Unable to find inner node Pak for hierarchical cache Hierarchy.
[2023.03.28-08.12.14:169][  0]LogDerivedDataCache: FDerivedDataBackendGraph:  CompressedPak pak cache file ../../../../../../Users/qkrdl/Documents/GitHub/Zolup-Button_Project_MF/Project_MF/DerivedDataCache/Compressed.ddp not found, will not use a pak cache.
[2023.03.28-08.12.14:169][  0]LogDerivedDataCache: Unable to find inner node CompressedPak for hierarchical cache Hierarchy.
[2023.03.28-08.12.14:188][  0]LogDerivedDataCache: Display: Pak cache opened for reading ../../../Engine/DerivedDataCache/Compressed.ddp.
[2023.03.28-08.12.14:189][  0]LogDerivedDataCache: FDerivedDataBackendGraph:  EnterprisePak pak cache file ../../../Enterprise/DerivedDataCache/Compressed.ddp not found, will not use a pak cache.
[2023.03.28-08.12.14:189][  0]LogDerivedDataCache: Unable to find inner node EnterprisePak for hierarchical cache Hierarchy.
[2023.03.28-08.12.14:195][  0]LogDerivedDataCache: Speed tests for C:/Users/qkrdl/AppData/Local/UnrealEngine/Common/DerivedDataCache took 0.01 seconds
[2023.03.28-08.12.14:196][  0]LogDerivedDataCache: Display: Performance to C:/Users/qkrdl/AppData/Local/UnrealEngine/Common/DerivedDataCache: Latency=0.02ms. RandomReadSpeed=1617.41MBs, RandomWriteSpeed=158.33MBs. Assigned SpeedClass 'Local'
[2023.03.28-08.12.14:196][  0]LogDerivedDataCache: Using Local data cache path C:/Users/qkrdl/AppData/Local/UnrealEngine/Common/DerivedDataCache: Writable
[2023.03.28-08.12.14:196][  0]LogDerivedDataCache: Shared data cache path not found in *engine.ini, will not use an Shared cache.
[2023.03.28-08.12.14:196][  0]LogDerivedDataCache: Unable to find inner node Shared for hierarchical cache Hierarchy.
[2023.03.28-08.12.14:251][  0]LogSlate: Using FreeType 2.10.0
[2023.03.28-08.12.14:251][  0]LogSlate: SlateFontServices - WITH_FREETYPE: 1, WITH_HARFBUZZ: 1
[2023.03.28-08.12.14:281][  0]LogAssetRegistry: FAssetRegistry took 0.0028 seconds to start up
[2023.03.28-08.12.14:566][  0]LogInit: Selected Device Profile: [Windows]
[2023.03.28-08.12.14:566][  0]LogInit: Active device profile: [0000029339B49100][00000293380E2380 49] Windows
[2023.03.28-08.12.14:566][  0]LogInit: Profiles: [0000029339B49100][00000293380E2380 49] Windows, [0000029339B32700][0000029339826500 49] WindowsNoEditor, [0000029339B4A200][000002933982A680 49] WindowsServer, [0000029339B31900][0000029335354800 49] WindowsClient, [0000029339B49700][0000029335358980 49] IOS, [0000029339B32900][000002933535CB00 49] iPadAir, [0000029339B4BC00][0000029339822C40 49] iPadAir2, [0000029339ACD400][00000293383EEE80 49] IPadPro, [0000029339ACD500][00000293383EAEC0 49] iPadAir3, [0000029339B33A00][00000293383F7040 49] iPadAir4, [0000029339ACE300][00000293383FB1C0 49] iPadMini2, [0000029339B33100][00000293383FF340 49] iPadMini3, [0000029339ACEF00][00000293384034C0 49] iPadMini4, [0000029339B31E00][0000029338407640 49] iPadMini5, [0000029339AF1000][000002933840F900 49] iPhone6, [0000029339AF1100][000002933840B940 49] iPodTouch6, [0000029339B4B900][0000029338417C00 49] iPhone7, [0000029339B4A900][00000293384120C0 49] iPodTouch7, [0000029339ACD000][000002933841A240 49] iPhone5S, [0000029339B4AF00][00000293352403C0 49] iPhone6Plus, [0000029339ACF600][0000029335244540 49] iPhone6S, [0000029339B48C00][00000293352486C0 49] iPhone6SPlus, [0000029339B49D00][000002933524C840 49] iPhone7Plus, [0000029339AF0800][00000293352509C0 49] iPhoneSE, [0000029339B48400][0000029335254B40 49] iPhone8, [0000029339AF0900][0000029335258CC0 49] iPhone8Plus, [0000029339AF2E00][00000293383F2E00 49] iPhoneX, [0000029339ACDD00][000002933525CF40 49] iPhoneXS, [0000029339AF2700][0000029335261080 49] iPhoneXSMax, [0000029339ACDC00][00000293352651C0 49] iPhoneXR, [0000029339AF2800][000002933526D340 49] iPhone11, [0000029339ACCF00][00000293352714C0 49] iPhone11Pro, [0000029339AF0B00][0000029335275640 49] iPhone11ProMax, [0000029339ACCD00][00000293352797C0 49] iPhoneSE2, [0000029339AF0E00][000002933527D940 49] iPhone12Mini, [0000029339B4B800][0000029335281AC0 49] iPhone12, [0000029339AF3000][00000293352840C0 49] iPhone12Pro, [0000029339B4B700][0000029335288240 49] iPhone12ProMax, [0000029339AF1E00][000002933528C3C0 49] iPadPro105, [0000029339B49300][0000029335290540 49] iPadPro129, [0000029339AF3E00][00000293352946C0 49] iPadPro97, [0000029339B49C00][0000029335298840 49] iPadPro2_129, [0000029339AF2000][000002933529C9C0 49] iPad5, [0000029339B4A300][00000293352A0B40 49] iPad6, [0000029339AF3B00][00000293352A4CC0 49] iPad7, [0000029339B49E00][00000293352A8E40 49] iPad8, [0000029339AF0A00][0000029335268F80 49] iPadPro11, [0000029339B4A600][00000293352AD0C0 49] iPadPro2_11, [0000029339AF0F00][00000293352B1200 49] iPadPro3_129, [0000029339B4A800][00000293352B5340 49] iPadPro4_129, [0000029339AF3C00][00000293352BD4C0 49] AppleTV, [0000029339B49A00][00000293352C5640 49] AppleTV4K, [0000029339AF2600][00000293352C97C0 49] TVOS, [0000029339B4A100][00000293381CB940 49] Mac, [0000029339AF2F00][00000293381D7AC0 49] MacClient, [0000029339B4AA00][00000293382340C0 49] MacNoEditor, [0000029339AF2C00][0000029335D82240 49] MacServer, [0000029339B4B000][0000029335DC03C0 49] Linux, [0000029339AF0400][0000029335DE4540 49] LinuxAArch64, [0000029339B48700][0000029335DE86C0 49] LinuxNoEditor, [0000029339AF3700][0000029335DEC840 49] LinuxAArch64NoEditor, [0000029339B4BB00][00000293383949C0 49] LinuxClient, [0000029339AF3400][00000293383C8B40 49] LinuxAArch64Client, [0000029339B4BE00][00000293383CCCC0 49] LinuxServer, [0000029339AF0700][000002933A8AEE40 49] LinuxAArch64Server, [0000029339B49F00][0000029339502FC0 49] Android, [0000029339AF2A00][000002933950B140 49] Android_Low, [0000029339B4AD00][00000293352B9280 49] Android_Mid, [0000029339AF1F00][000002933954B3C0 49] Android_High, [0000029339B4AB00][0000029339559500 49] Android_Default, [0000029339AF0100][0000029339561680 49] Android_Adreno4xx, [0000029339B48500][000002933967F800 49] Android_Adreno5xx_Low, [0000029339AF1400][0000029339687980 49] Android_Adreno5xx, [0000029339B4B400][0000029339695B00 49] Android_Adreno6xx, [0000029339AF2300][0000029339698100 49] Android_Adreno6xx_Vulkan, [0000029339B4BD00][000002933969C280 49] Android_Mali_T6xx, [0000029339AF0200][00000293396A0400 49] Android_Mali_T7xx, [0000029339B4B600][00000293396A4580 49] Android_Mali_T8xx, [0000029339AF3200][00000293396A8700 49] Android_Mali_G71, [0000029339ACF100][00000293396AC880 49] Android_Mali_G72, [0000029339B32F00][00000293396C4A00 49] Android_Mali_G72_Vulkan, [0000029339ACEB00][00000293382D6B80 49] Android_Mali_G76, [0000029339B30500][00000293382DAD00 49] Android_Mali_G76_Vulkan, [0000029339ACCC00][00000293382DEE80 49] Android_Mali_G77, [0000029339B30600][00000293382E7000 49] Android_Mali_G77_Vulkan, [0000029339ACE400][0000029321DA5180 49] Android_Mali_G78, [0000029339B30D00][0000029335DC5300 49] Android_Mali_G78_Vulkan, [0000029339ACFD00][000002933955D440 49] Android_Mali_G710, [0000029339B32B00][0000029335DD5580 49] Android_Mali_G710_Vulkan, [0000029339ACEA00][0000029335DD96C0 49] Android_Vulkan_SM5, [0000029339B31A00][0000029321DA1840 49] Android_PowerVR_G6xxx, [0000029339ACC500][0000029335DDD9C0 49] Android_PowerVR_GT7xxx, [0000029339B30200][0000029335DE1B40 49] Android_PowerVR_GE8xxx, [0000029339ACFB00][000002933A890140 49] Android_PowerVR_GM9xxx, [0000029339B32100][00000293395062C0 49] Android_PowerVR_GM9xxx_Vulkan, [0000029339ACDF00][00000293394FE440 49] Android_TegraK1, [0000029339B30A00][000002933A8F65C0 49] Android_Unknown_Vulkan, [0000029339ACF900][000002933A8F2740 49] Lumin, [0000029339B31100][000002933A8EE8C0 49] Lumin_Desktop, [0000029339ACE000][00000293381CEA40 49] HoloLens, 
[2023.03.28-08.12.14:716][  0]LogMeshReduction: Using QuadricMeshReduction for automatic static mesh reduction
[2023.03.28-08.12.14:716][  0]LogMeshReduction: Using SimplygonMeshReduction for automatic skeletal mesh reduction
[2023.03.28-08.12.14:716][  0]LogMeshReduction: Using ProxyLODMeshReduction for automatic mesh merging
[2023.03.28-08.12.14:716][  0]LogMeshReduction: No distributed automatic mesh merging module available
[2023.03.28-08.12.14:716][  0]LogMeshMerging: No distributed automatic mesh merging module available
[2023.03.28-08.12.14:732][  0]LogNetVersion: Project_MF 1.0.0, NetCL: 17155196, EngineNetVer: 17, GameNetVer: 0 (Checksum: 3145920875)
[2023.03.28-08.12.15:186][  0]LogTexture: Default maximum texture size for cubemaps generated from long-lat sources has been changed from 512 to unlimited. In order to preserve old behaiour for '/Engine/MapTemplates/Sky/DaylightAmbientCubemap.DaylightAmbientCubemap', its maximum texture size has been explicitly set to 512.
[2023.03.28-08.12.15:245][  0]LogHMD: PokeAHoleMaterial loaded successfully
[2023.03.28-08.12.15:251][  0]LogUObjectArray: 17178 objects as part of root set at end of initial load.
[2023.03.28-08.12.15:251][  0]LogUObjectAllocator: 4302048 out of 0 bytes used by permanent object pool.
[2023.03.28-08.12.15:251][  0]LogUObjectArray: CloseDisregardForGC: 0/0 objects in disregard for GC pool
[2023.03.28-08.12.15:564][  0]LogNiagaraDebuggerClient: Niagara Debugger Client Initialized | Session: A7959E9242F28DF64A7B658727550815 | Instance: 774B6D6D4DCB6CE7A878D787CEF9F540 (DESKTOP-7O2N4A7-23944).
[2023.03.28-08.12.15:602][  0]LogPython: Using Python 3.7.7
[2023.03.28-08.12.16:271][  0]LogUdpMessaging: Initializing bridge on interface 0.0.0.0:0 to multicast group 230.0.0.1:6666.
[2023.03.28-08.12.16:279][  0]LogTcpMessaging: Initializing TcpMessaging bridge
[2023.03.28-08.12.17:234][  0]LogWindows: Error: === Critical error: ===
[2023.03.28-08.12.17:234][  0]LogWindows: Error: 
[2023.03.28-08.12.17:234][  0]LogWindows: Error: Fatal error!
[2023.03.28-08.12.17:235][  0]LogWindows: Error: 
[2023.03.28-08.12.17:235][  0]LogWindows: Error: Unhandled Exception: EXCEPTION_ACCESS_VIOLATION reading address 0x0000000000000150
[2023.03.28-08.12.17:235][  0]LogWindows: Error: 
[2023.03.28-08.12.17:235][  0]LogWindows: Error: [Callstack] 0x00007ff8b7913d9f UE4Editor-Project_MF-9476.dll!UPowerConveyorMovementComponent::UPowerConveyorMovementComponent() [D:\Users\qkrdl\Documents\GitHub\Zolup-Button_Project_MF\Project_MF\Source\Project_MF\PowerConveyorMovementComponent.cpp:26]
[2023.03.28-08.12.17:235][  0]LogWindows: Error: [Callstack] 0x00007ff92efb61d3 UE4Editor-CoreUObject.dll!UnknownFunction []
[2023.03.28-08.12.17:235][  0]LogWindows: Error: [Callstack] 0x00007ff92f2d8faf UE4Editor-CoreUObject.dll!UnknownFunction []
[2023.03.28-08.12.17:235][  0]LogWindows: Error: [Callstack] 0x00007ff92f2b5411 UE4Editor-CoreUObject.dll!UnknownFunction []
[2023.03.28-08.12.17:235][  0]LogWindows: Error: [Callstack] 0x00007ff92f17ddc5 UE4Editor-CoreUObject.dll!UnknownFunction []
[2023.03.28-08.12.17:235][  0]LogWindows: Error: [Callstack] 0x00007ff92c251bea UE4Editor-Core.dll!UnknownFunction []
[2023.03.28-08.12.17:235][  0]LogWindows: Error: [Callstack] 0x00007ff92c2715a3 UE4Editor-Core.dll!UnknownFunction []
[2023.03.28-08.12.17:235][  0]LogWindows: Error: [Callstack] 0x00007ff9622f6433 UE4Editor-Projects.dll!UnknownFunction []
[2023.03.28-08.12.17:235][  0]LogWindows: Error: [Callstack] 0x00007ff9622f674f UE4Editor-Projects.dll!UnknownFunction []
[2023.03.28-08.12.17:235][  0]LogWindows: Error: [Callstack] 0x00007ff67e285642 UE4Editor.exe!UnknownFunction []
[2023.03.28-08.12.17:235][  0]LogWindows: Error: [Callstack] 0x00007ff67e289000 UE4Editor.exe!UnknownFunction []
[2023.03.28-08.12.17:235][  0]LogWindows: Error: [Callstack] 0x00007ff67e280d2c UE4Editor.exe!UnknownFunction []
[2023.03.28-08.12.17:235][  0]LogWindows: Error: [Callstack] 0x00007ff67e2810ba UE4Editor.exe!UnknownFunction []
[2023.03.28-08.12.17:235][  0]LogWindows: Error: [Callstack] 0x00007ff67e2840dd UE4Editor.exe!UnknownFunction []
[2023.03.28-08.12.17:235][  0]LogWindows: Error: [Callstack] 0x00007ff67e295984 UE4Editor.exe!UnknownFunction []
[2023.03.28-08.12.17:235][  0]LogWindows: Error: [Callstack] 0x00007ff67e29853a UE4Editor.exe!UnknownFunction []
[2023.03.28-08.12.17:235][  0]LogWindows: Error: [Callstack] 0x00007ff973b926bd KERNEL32.DLL!UnknownFunction []
[2023.03.28-08.12.17:235][  0]LogWindows: Error: [Callstack] 0x00007ff974c2a9f8 ntdll.dll!UnknownFunction []
[2023.03.28-08.12.17:235][  0]LogWindows: Error: 
[2023.03.28-08.12.17:243][  0]LogExit: Executing StaticShutdownAfterError
[2023.03.28-08.12.17:245][  0]LogWindows: FPlatformMisc::RequestExit(1)
[2023.03.28-08.12.17:245][  0]LogWindows: FPlatformMisc::RequestExitWithStatus(1, 3)
[2023.03.28-08.12.17:245][  0]LogCore: Engine exit requested (reason: Win RequestExit)
[2023.03.28-08.12.17:253][  0]Log file closed, 03/28/23 17:12:17
