Log file open, 03/11/23 19:59:34
LogWindows: Failed to load 'aqProf.dll' (GetLastError=126)
LogWindows: File 'aqProf.dll' does not exist
LogWindows: Failed to load 'VtuneApi.dll' (GetLastError=126)
LogWindows: File 'VtuneApi.dll' does not exist
LogWindows: Failed to load 'VtuneApi32e.dll' (GetLastError=126)
LogWindows: File 'VtuneApi32e.dll' does not exist
LogConsoleResponse: Display: Failed to find resolution value strings in scalability ini. Falling back to default.
LogConsoleResponse: Display: Failed to find resolution value strings in scalability ini. Falling back to default.
LogInit: Display: Running engine for game: Project_MF
LogPlatformFile: Not using cached read wrapper
LogTaskGraph: Started task graph with 5 named threads and 23 total threads with 3 sets of task threads.
LogStats: Stats thread started at 0.238089
LogICUInternationalization: ICU TimeZone Detection - Raw Offset: +9:00, Platform Override: ''
LogInit: Display: Loading text-based GConfig....
LogPluginManager: Mounting plugin MeshPainting
LogPluginManager: Mounting plugin XGEController
LogPluginManager: Mounting plugin Paper2D
LogPluginManager: Mounting plugin AISupport
LogPluginManager: Mounting plugin EnvironmentQueryEditor
LogPluginManager: Mounting plugin LiveLink
LogPluginManager: Mounting plugin LightPropagationVolume
LogPluginManager: Mounting plugin GameplayCameras
LogPluginManager: Mounting plugin CameraShakePreviewer
LogPluginManager: Mounting plugin OodleData
LogPluginManager: Mounting plugin OodleNetwork
LogPluginManager: Mounting plugin AnimationSharing
LogPluginManager: Mounting plugin CLionSourceCodeAccess
LogPluginManager: Mounting plugin CodeLiteSourceCodeAccess
LogPluginManager: Mounting plugin GitSourceControl
LogPluginManager: Mounting plugin KDevelopSourceCodeAccess
LogPluginManager: Mounting plugin NullSourceCodeAccess
LogPluginManager: Mounting plugin PerforceSourceControl
LogPluginManager: Mounting plugin PixWinPlugin
LogPluginManager: Mounting plugin PlasticSourceControl
LogPluginManager: Mounting plugin PluginUtils
LogPluginManager: Mounting plugin PropertyAccessNode
LogPluginManager: Mounting plugin RiderSourceCodeAccess
LogPluginManager: Mounting plugin SubversionSourceControl
LogPluginManager: Mounting plugin TextureFormatOodle
LogPluginManager: Mounting plugin UObjectPlugin
LogPluginManager: Mounting plugin VisualStudioCodeSourceCodeAccess
LogPluginManager: Mounting plugin VisualStudioSourceCodeAccess
LogPluginManager: Mounting plugin XCodeSourceCodeAccess
LogPluginManager: Mounting plugin DatasmithContent
LogPluginManager: Mounting plugin AlembicImporter
LogPluginManager: Mounting plugin VariantManagerContent
LogPluginManager: Mounting plugin AutomationUtils
LogPluginManager: Mounting plugin BackChannel
LogPluginManager: Mounting plugin ChaosCloth
LogPluginManager: Mounting plugin ChaosClothEditor
LogPluginManager: Mounting plugin AssetManagerEditor
LogPluginManager: Mounting plugin ChaosEditor
LogPluginManager: Mounting plugin ChaosNiagara
LogPluginManager: Mounting plugin ChaosSolverPlugin
LogPluginManager: Mounting plugin CharacterAI
LogPluginManager: Mounting plugin CryptoKeys
LogPluginManager: Mounting plugin CurveEditorTools
LogPluginManager: Mounting plugin DataValidation
LogPluginManager: Mounting plugin FacialAnimation
LogPluginManager: Mounting plugin GameplayTagsEditor
LogPluginManager: Mounting plugin GeometryMode
LogPluginManager: Mounting plugin GeometryCache
LogPluginManager: Mounting plugin GeometryCollectionPlugin
LogPluginManager: Mounting plugin MacGraphicsSwitching
LogPluginManager: Mounting plugin MaterialAnalyzer
LogPluginManager: Mounting plugin GeometryProcessing
LogPluginManager: Mounting plugin MobileLauncherProfileWizard
LogPluginManager: Mounting plugin PluginBrowser
LogPluginManager: Mounting plugin SpeedTreeImporter
LogPluginManager: Mounting plugin MotoSynth
LogPluginManager: Mounting plugin OpenImageDenoise
LogPluginManager: Mounting plugin PlatformCrypto
LogPluginManager: Mounting plugin ProxyLODPlugin
LogPluginManager: Mounting plugin PlanarCut
LogPluginManager: Mounting plugin PythonScriptPlugin
LogPluginManager: Mounting plugin SkeletalReduction
LogPluginManager: Mounting plugin Niagara
LogPluginManager: Mounting plugin LuminPlatformFeatures
LogPluginManager: Mounting plugin MagicLeap
LogPluginManager: Mounting plugin MagicLeapLightEstimation
LogPluginManager: Mounting plugin MagicLeapMedia
LogPluginManager: Mounting plugin MagicLeapPassableWorld
LogPluginManager: Mounting plugin MLSDK
LogPluginManager: Mounting plugin AndroidMedia
LogPluginManager: Mounting plugin AvfMedia
LogPluginManager: Mounting plugin ImgMedia
LogPluginManager: Mounting plugin MediaCompositing
LogPluginManager: Mounting plugin MediaPlayerEditor
LogPluginManager: Mounting plugin WebMMedia
LogPluginManager: Mounting plugin WmfMedia
LogPluginManager: Mounting plugin ActorSequence
LogPluginManager: Mounting plugin TcpMessaging
LogPluginManager: Mounting plugin UdpMessaging
LogPluginManager: Mounting plugin LevelSequenceEditor
LogPluginManager: Mounting plugin MatineeToLevelSequence
LogPluginManager: Mounting plugin TemplateSequence
LogPluginManager: Mounting plugin OnlineSubsystem
LogPluginManager: Mounting plugin OnlineSubsystemNull
LogPluginManager: Mounting plugin OnlineSubsystemUtils
LogPluginManager: Mounting plugin LauncherChunkInstaller
LogPluginManager: Mounting plugin ActorLayerUtilities
LogPluginManager: Mounting plugin AndroidDeviceProfileSelector
LogPluginManager: Mounting plugin AndroidPermission
LogPluginManager: Mounting plugin AndroidMoviePlayer
LogPluginManager: Mounting plugin AudioCapture
LogPluginManager: Mounting plugin AssetTags
LogPluginManager: Mounting plugin AppleImageUtils
LogPluginManager: Mounting plugin ArchVisCharacter
LogPluginManager: Mounting plugin AppleMoviePlayer
LogPluginManager: Mounting plugin AudioSynesthesia
LogPluginManager: Mounting plugin CustomMeshComponent
LogPluginManager: Mounting plugin CableComponent
LogPluginManager: Mounting plugin ChunkDownloader
LogPluginManager: Mounting plugin ExampleDeviceProfileSelector
LogPluginManager: Mounting plugin EditableMesh
LogPluginManager: Mounting plugin GoogleCloudMessaging
LogPluginManager: Mounting plugin GooglePAD
LogPluginManager: Mounting plugin IOSDeviceProfileSelector
LogPluginManager: Mounting plugin LinuxDeviceProfileSelector
LogPluginManager: Mounting plugin LocationServicesBPLibrary
LogPluginManager: Mounting plugin MobilePatchingUtils
LogPluginManager: Mounting plugin OpenXR
LogPluginManager: Mounting plugin OpenXRHandTracking
LogPluginManager: Mounting plugin OpenXREyeTracker
LogPluginManager: Mounting plugin PhysXVehicles
LogPluginManager: Mounting plugin PostSplashScreen
LogPluginManager: Mounting plugin ProceduralMeshComponent
LogPluginManager: Mounting plugin PropertyAccessEditor
LogPluginManager: Mounting plugin RuntimePhysXCooking
LogPluginManager: Mounting plugin SignificanceManager
LogPluginManager: Mounting plugin SoundFields
LogPluginManager: Mounting plugin Synthesis
LogPluginManager: Mounting plugin WebMMoviePlayer
LogPluginManager: Mounting plugin WindowsMoviePlayer
LogPluginManager: Mounting plugin ScreenshotTools
LogPluginManager: Mounting plugin Takes
LogPluginManager: Mounting plugin ContentBrowserAssetDataSource
LogPluginManager: Mounting plugin ContentBrowserClassDataSource
LogPluginManager: Mounting plugin ContentBrowserFileDataSource
LogPluginManager: Mounting plugin OnlineSubsystemGooglePlay
LogPluginManager: Mounting plugin OnlineSubsystemIOS
LogPluginManager: Mounting plugin OculusVR
LogPluginManager: Mounting plugin SteamVR
PixWinPlugin: PIX capture plugin failed to initialize! Check that the process is launched from PIX.
LogInit: Using libcurl 7.55.1-DEV
LogInit:  - built for x86_64-pc-win32
LogInit:  - supports SSL with OpenSSL/1.1.1
LogInit:  - supports HTTP deflate (compression) using libz 1.2.8
LogInit:  - other features:
LogInit:      CURL_VERSION_SSL
LogInit:      CURL_VERSION_LIBZ
LogInit:      CURL_VERSION_IPV6
LogInit:      CURL_VERSION_ASYNCHDNS
LogInit:      CURL_VERSION_LARGEFILE
LogInit:      CURL_VERSION_IDN
LogInit:  CurlRequestOptions (configurable via config and command line):
LogInit:  - bVerifyPeer = true  - Libcurl will verify peer certificate
LogInit:  - bUseHttpProxy = false  - Libcurl will NOT use HTTP proxy
LogInit:  - bDontReuseConnections = false  - Libcurl will reuse connections
LogInit:  - MaxHostConnections = 16  - Libcurl will limit the number of connections to a host
LogInit:  - LocalHostAddr = Default
LogInit:  - BufferSize = 65536
LogOnline: OSS: Creating online subsystem instance for: NULL
LogInit: WinSock: version 1.1 (2.2), MaxSocks=32767, MaxUdp=65467
LogOnline: OSS: TryLoadSubsystemAndSetDefault: Loaded subsystem for module [NULL]
LogOculusPluginWrapper: OculusPlugin initialized successfully
LogHMD: Failed initializing OVRPlugin 1.59.0
LogInit: Build: ++UE4+Release-4.27-CL-18319896
LogInit: Engine Version: 4.27.2-18319896+++UE4+Release-4.27
LogInit: Compatible Engine Version: 4.27.0-17155196+++UE4+Release-4.27
LogInit: Net CL: 17155196
LogInit: OS: Windows 10 (Release 2009) (), CPU: AMD Ryzen 3 3300X 4-Core Processor             , GPU: NVIDIA GeForce RTX 2060 SUPER
LogInit: Compiled (64-bit): Nov 30 2021 07:12:08
LogInit: Compiled with Visual C++: 19.24.28315.00
LogInit: Build Configuration: Development
LogInit: Branch Name: ++UE4+Release-4.27
LogInit: Command Line: 
LogInit: Base Directory: D:/Program Files/Epic Games/UE_4.27/Engine/Binaries/Win64/
LogInit: Allocator: TBB
LogInit: Installed Engine Build: 1
LogDevObjectVersion: Number of dev versions registered: 29
LogDevObjectVersion:   Dev-Blueprints (B0D832E4-1F89-4F0D-ACCF-7EB736FD4AA2): 10
LogDevObjectVersion:   Dev-Build (E1C64328-A22C-4D53-A36C-8E866417BD8C): 0
LogDevObjectVersion:   Dev-Core (375EC13C-06E4-48FB-B500-84F0262A717E): 4
LogDevObjectVersion:   Dev-Editor (E4B068ED-F494-42E9-A231-DA0B2E46BB41): 40
LogDevObjectVersion:   Dev-Framework (CFFC743F-43B0-4480-9391-14DF171D2073): 37
LogDevObjectVersion:   Dev-Mobile (B02B49B5-BB20-44E9-A304-32B752E40360): 3
LogDevObjectVersion:   Dev-Networking (A4E4105C-59A1-49B5-A7C5-40C4547EDFEE): 0
LogDevObjectVersion:   Dev-Online (39C831C9-5AE6-47DC-9A44-9C173E1C8E7C): 0
LogDevObjectVersion:   Dev-Physics (78F01B33-EBEA-4F98-B9B4-84EACCB95AA2): 14
LogDevObjectVersion:   Dev-Platform (6631380F-2D4D-43E0-8009-CF276956A95A): 0
LogDevObjectVersion:   Dev-Rendering (12F88B9F-8875-4AFC-A67C-D90C383ABD29): 45
LogDevObjectVersion:   Dev-Sequencer (7B5AE74C-D270-4C10-A958-57980B212A5A): 13
LogDevObjectVersion:   Dev-VR (D7296918-1DD6-4BDD-9DE2-64A83CC13884): 3
LogDevObjectVersion:   Dev-LoadTimes (C2A15278-BFE7-4AFE-6C17-90FF531DF755): 1
LogDevObjectVersion:   Private-Geometry (6EACA3D4-40EC-4CC1-B786-8BED09428FC5): 3
LogDevObjectVersion:   Dev-AnimPhys (29E575DD-E0A3-4627-9D10-D276232CDCEA): 17
LogDevObjectVersion:   Dev-Anim (AF43A65D-7FD3-4947-9873-3E8ED9C1BB05): 15
LogDevObjectVersion:   Dev-ReflectionCapture (6B266CEC-1EC7-4B8F-A30B-E4D90942FC07): 1
LogDevObjectVersion:   Dev-Automation (0DF73D61-A23F-47EA-B727-89E90C41499A): 1
LogDevObjectVersion:   FortniteMain (601D1886-AC64-4F84-AA16-D3DE0DEAC7D6): 47
LogDevObjectVersion:   FortniteRelease (E7086368-6B23-4C58-8439-1B7016265E91): 1
LogDevObjectVersion:   Dev-Enterprise (9DFFBCD6-494F-0158-E221-12823C92A888): 10
LogDevObjectVersion:   Dev-Niagara (F2AED0AC-9AFE-416F-8664-AA7FFA26D6FC): 1
LogDevObjectVersion:   Dev-Destruction (174F1F0B-B4C6-45A5-B13F-2EE8D0FB917D): 10
LogDevObjectVersion:   Dev-Physics-Ext (35F94A83-E258-406C-A318-09F59610247C): 41
LogDevObjectVersion:   Dev-PhysicsMaterial-Chaos (B68FC16E-8B1B-42E2-B453-215C058844FE): 1
LogDevObjectVersion:   Dev-CineCamera (B2E18506-4273-CFC2-A54E-F4BB758BBA07): 1
LogDevObjectVersion:   Dev-VirtualProduction (64F58936-FD1B-42BA-BA96-7289D5D0FA4E): 1
LogDevObjectVersion:   Dev-MediaFramework (6F0ED827-A609-4895-9C91-998D90180EA4): 2
LogInit: Presizing for max 25165824 objects, including 0 objects not considered by GC, pre-allocating 0 bytes for permanent pool.
LogConfig: Applying CVar settings from Section [/Script/Engine.StreamingSettings] File [D:/Users/qkrdl/Documents/GitHub/Zolup-Button_Project_MF/Project_MF/Saved/Config/Windows/Engine.ini]
LogConfig: Setting CVar [[s.MinBulkDataSizeForAsyncLoading:131072]]
LogConfig: Setting CVar [[s.AsyncLoadingThreadEnabled:0]]
LogConfig: Setting CVar [[s.EventDrivenLoaderEnabled:1]]
LogConfig: Setting CVar [[s.WarnIfTimeLimitExceeded:0]]
LogConfig: Setting CVar [[s.TimeLimitExceededMultiplier:1.5]]
LogConfig: Setting CVar [[s.TimeLimitExceededMinTime:0.005]]
LogConfig: Setting CVar [[s.UseBackgroundLevelStreaming:1]]
LogConfig: Setting CVar [[s.PriorityAsyncLoadingExtraTime:15.0]]
LogConfig: Setting CVar [[s.LevelStreamingActorsUpdateTimeLimit:5.0]]
LogConfig: Setting CVar [[s.PriorityLevelStreamingActorsUpdateExtraTime:5.0]]
LogConfig: Setting CVar [[s.LevelStreamingComponentsRegistrationGranularity:10]]
LogConfig: Setting CVar [[s.UnregisterComponentsTimeLimit:1.0]]
LogConfig: Setting CVar [[s.LevelStreamingComponentsUnregistrationGranularity:5]]
LogConfig: Setting CVar [[s.FlushStreamingOnExit:1]]
LogInit: Object subsystem initialized
LogConfig: Setting CVar [[con.DebugEarlyDefault:1]]
LogConfig: Setting CVar [[r.setres:1280x720]]
[2023.03.11-10.59.34:830][  0]LogConfig: Setting CVar [[r.VSync:0]]
[2023.03.11-10.59.34:830][  0]LogConfig: Setting CVar [[r.RHICmdBypass:0]]
[2023.03.11-10.59.34:830][  0]LogConfig: Applying CVar settings from Section [/Script/Engine.RendererSettings] File [D:/Users/qkrdl/Documents/GitHub/Zolup-Button_Project_MF/Project_MF/Saved/Config/Windows/Engine.ini]
[2023.03.11-10.59.34:830][  0]LogConfig: Setting CVar [[r.GPUCrashDebugging:0]]
[2023.03.11-10.59.34:830][  0]LogConfig: Applying CVar settings from Section [/Script/Engine.RendererOverrideSettings] File [D:/Users/qkrdl/Documents/GitHub/Zolup-Button_Project_MF/Project_MF/Saved/Config/Windows/Engine.ini]
[2023.03.11-10.59.34:830][  0]LogConfig: Applying CVar settings from Section [/Script/Engine.StreamingSettings] File [D:/Users/qkrdl/Documents/GitHub/Zolup-Button_Project_MF/Project_MF/Saved/Config/Windows/Engine.ini]
[2023.03.11-10.59.34:830][  0]LogConfig: Setting CVar [[s.MinBulkDataSizeForAsyncLoading:131072]]
[2023.03.11-10.59.34:830][  0]LogConfig: Setting CVar [[s.AsyncLoadingThreadEnabled:0]]
[2023.03.11-10.59.34:830][  0]LogConfig: Setting CVar [[s.EventDrivenLoaderEnabled:1]]
[2023.03.11-10.59.34:830][  0]LogConfig: Setting CVar [[s.WarnIfTimeLimitExceeded:0]]
[2023.03.11-10.59.34:830][  0]LogConfig: Setting CVar [[s.TimeLimitExceededMultiplier:1.5]]
[2023.03.11-10.59.34:830][  0]LogConfig: Setting CVar [[s.TimeLimitExceededMinTime:0.005]]
[2023.03.11-10.59.34:830][  0]LogConfig: Setting CVar [[s.UseBackgroundLevelStreaming:1]]
[2023.03.11-10.59.34:830][  0]LogConfig: Setting CVar [[s.PriorityAsyncLoadingExtraTime:15.0]]
[2023.03.11-10.59.34:830][  0]LogConfig: Setting CVar [[s.LevelStreamingActorsUpdateTimeLimit:5.0]]
[2023.03.11-10.59.34:830][  0]LogConfig: Setting CVar [[s.PriorityLevelStreamingActorsUpdateExtraTime:5.0]]
[2023.03.11-10.59.34:830][  0]LogConfig: Setting CVar [[s.LevelStreamingComponentsRegistrationGranularity:10]]
[2023.03.11-10.59.34:830][  0]LogConfig: Setting CVar [[s.UnregisterComponentsTimeLimit:1.0]]
[2023.03.11-10.59.34:830][  0]LogConfig: Setting CVar [[s.LevelStreamingComponentsUnregistrationGranularity:5]]
[2023.03.11-10.59.34:830][  0]LogConfig: Setting CVar [[s.FlushStreamingOnExit:1]]
[2023.03.11-10.59.34:830][  0]LogConfig: Applying CVar settings from Section [/Script/Engine.GarbageCollectionSettings] File [D:/Users/qkrdl/Documents/GitHub/Zolup-Button_Project_MF/Project_MF/Saved/Config/Windows/Engine.ini]
[2023.03.11-10.59.34:830][  0]LogConfig: Setting CVar [[gc.MaxObjectsNotConsideredByGC:1]]
[2023.03.11-10.59.34:830][  0]LogConfig: Setting CVar [[gc.SizeOfPermanentObjectPool:0]]
[2023.03.11-10.59.34:830][  0]LogConfig: Setting CVar [[gc.FlushStreamingOnGC:0]]
[2023.03.11-10.59.34:831][  0]LogConfig: Setting CVar [[gc.NumRetriesBeforeForcingGC:10]]
[2023.03.11-10.59.34:831][  0]LogConfig: Setting CVar [[gc.AllowParallelGC:1]]
[2023.03.11-10.59.34:831][  0]LogConfig: Setting CVar [[gc.TimeBetweenPurgingPendingKillObjects:61.1]]
[2023.03.11-10.59.34:831][  0]LogConfig: Setting CVar [[gc.MaxObjectsInEditor:25165824]]
[2023.03.11-10.59.34:831][  0]LogConfig: Setting CVar [[gc.IncrementalBeginDestroyEnabled:1]]
[2023.03.11-10.59.34:831][  0]LogConfig: Setting CVar [[gc.CreateGCClusters:1]]
[2023.03.11-10.59.34:831][  0]LogConfig: Setting CVar [[gc.MinGCClusterSize:5]]
[2023.03.11-10.59.34:831][  0]LogConfig: Setting CVar [[gc.ActorClusteringEnabled:0]]
[2023.03.11-10.59.34:831][  0]LogConfig: Setting CVar [[gc.BlueprintClusteringEnabled:0]]
[2023.03.11-10.59.34:831][  0]LogConfig: Setting CVar [[gc.UseDisregardForGCOnDedicatedServers:0]]
[2023.03.11-10.59.34:831][  0]LogConfig: Setting CVar [[gc.MultithreadedDestructionEnabled:1]]
[2023.03.11-10.59.34:831][  0]LogConfig: Applying CVar settings from Section [/Script/Engine.NetworkSettings] File [D:/Users/qkrdl/Documents/GitHub/Zolup-Button_Project_MF/Project_MF/Saved/Config/Windows/Engine.ini]
[2023.03.11-10.59.34:831][  0]LogConfig: Applying CVar settings from Section [/Script/UnrealEd.CookerSettings] File [D:/Users/qkrdl/Documents/GitHub/Zolup-Button_Project_MF/Project_MF/Saved/Config/Windows/Engine.ini]
[2023.03.11-10.59.34:864][  0]LogConfig: Applying CVar settings from Section [ViewDistanceQuality@3] File [D:/Users/qkrdl/Documents/GitHub/Zolup-Button_Project_MF/Project_MF/Saved/Config/Windows/Scalability.ini]
[2023.03.11-10.59.34:864][  0]LogConfig: Setting CVar [[r.SkeletalMeshLODBias:0]]
[2023.03.11-10.59.34:864][  0]LogConfig: Setting CVar [[r.ViewDistanceScale:1.0]]
[2023.03.11-10.59.34:864][  0]LogConfig: Applying CVar settings from Section [AntiAliasingQuality@3] File [D:/Users/qkrdl/Documents/GitHub/Zolup-Button_Project_MF/Project_MF/Saved/Config/Windows/Scalability.ini]
[2023.03.11-10.59.34:864][  0]LogConfig: Setting CVar [[r.PostProcessAAQuality:4]]
[2023.03.11-10.59.34:864][  0]LogConfig: Applying CVar settings from Section [ShadowQuality@3] File [D:/Users/qkrdl/Documents/GitHub/Zolup-Button_Project_MF/Project_MF/Saved/Config/Windows/Scalability.ini]
[2023.03.11-10.59.34:864][  0]LogConfig: Setting CVar [[r.LightFunctionQuality:1]]
[2023.03.11-10.59.34:864][  0]LogConfig: Setting CVar [[r.ShadowQuality:5]]
[2023.03.11-10.59.34:864][  0]LogConfig: Setting CVar [[r.Shadow.CSM.MaxCascades:10]]
[2023.03.11-10.59.34:864][  0]LogConfig: Setting CVar [[r.Shadow.MaxResolution:2048]]
[2023.03.11-10.59.34:864][  0]LogConfig: Setting CVar [[r.Shadow.MaxCSMResolution:2048]]
[2023.03.11-10.59.34:864][  0]LogConfig: Setting CVar [[r.Shadow.RadiusThreshold:0.01]]
[2023.03.11-10.59.34:865][  0]LogConfig: Setting CVar [[r.Shadow.DistanceScale:1.0]]
[2023.03.11-10.59.34:865][  0]LogConfig: Setting CVar [[r.Shadow.CSM.TransitionScale:1.0]]
[2023.03.11-10.59.34:865][  0]LogConfig: Setting CVar [[r.Shadow.PreShadowResolutionFactor:1.0]]
[2023.03.11-10.59.34:865][  0]LogConfig: Setting CVar [[r.DistanceFieldShadowing:1]]
[2023.03.11-10.59.34:865][  0]LogConfig: Setting CVar [[r.DistanceFieldAO:1]]
[2023.03.11-10.59.34:865][  0]LogConfig: Setting CVar [[r.AOQuality:2]]
[2023.03.11-10.59.34:865][  0]LogConfig: Setting CVar [[r.VolumetricFog:1]]
[2023.03.11-10.59.34:865][  0]LogConfig: Setting CVar [[r.VolumetricFog.GridPixelSize:8]]
[2023.03.11-10.59.34:865][  0]LogConfig: Setting CVar [[r.VolumetricFog.GridSizeZ:128]]
[2023.03.11-10.59.34:865][  0]LogConfig: Setting CVar [[r.VolumetricFog.HistoryMissSupersampleCount:4]]
[2023.03.11-10.59.34:865][  0]LogConfig: Setting CVar [[r.LightMaxDrawDistanceScale:1]]
[2023.03.11-10.59.34:865][  0]LogConfig: Setting CVar [[r.CapsuleShadows:1]]
[2023.03.11-10.59.34:865][  0]LogConfig: Applying CVar settings from Section [PostProcessQuality@3] File [D:/Users/qkrdl/Documents/GitHub/Zolup-Button_Project_MF/Project_MF/Saved/Config/Windows/Scalability.ini]
[2023.03.11-10.59.34:865][  0]LogConfig: Setting CVar [[r.MotionBlurQuality:4]]
[2023.03.11-10.59.34:865][  0]LogConfig: Setting CVar [[r.AmbientOcclusionMipLevelFactor:0.4]]
[2023.03.11-10.59.34:865][  0]LogConfig: Setting CVar [[r.AmbientOcclusionMaxQuality:100]]
[2023.03.11-10.59.34:865][  0]LogConfig: Setting CVar [[r.AmbientOcclusionLevels:-1]]
[2023.03.11-10.59.34:865][  0]LogConfig: Setting CVar [[r.AmbientOcclusionRadiusScale:1.0]]
[2023.03.11-10.59.34:865][  0]LogConfig: Setting CVar [[r.DepthOfFieldQuality:2]]
[2023.03.11-10.59.34:865][  0]LogConfig: Setting CVar [[r.RenderTargetPoolMin:400]]
[2023.03.11-10.59.34:865][  0]LogConfig: Setting CVar [[r.LensFlareQuality:2]]
[2023.03.11-10.59.34:865][  0]LogConfig: Setting CVar [[r.SceneColorFringeQuality:1]]
[2023.03.11-10.59.34:865][  0]LogConfig: Setting CVar [[r.EyeAdaptationQuality:2]]
[2023.03.11-10.59.34:865][  0]LogConfig: Setting CVar [[r.BloomQuality:5]]
[2023.03.11-10.59.34:865][  0]LogConfig: Setting CVar [[r.FastBlurThreshold:100]]
[2023.03.11-10.59.34:865][  0]LogConfig: Setting CVar [[r.Upscale.Quality:3]]
[2023.03.11-10.59.34:865][  0]LogConfig: Setting CVar [[r.Tonemapper.GrainQuantization:1]]
[2023.03.11-10.59.34:865][  0]LogConfig: Setting CVar [[r.LightShaftQuality:1]]
[2023.03.11-10.59.34:865][  0]LogConfig: Setting CVar [[r.Filter.SizeScale:1]]
[2023.03.11-10.59.34:865][  0]LogConfig: Setting CVar [[r.Tonemapper.Quality:5]]
[2023.03.11-10.59.34:865][  0]LogConfig: Setting CVar [[r.DOF.Gather.AccumulatorQuality:1        ; higher gathering accumulator quality]]
[2023.03.11-10.59.34:865][  0]LogConfig: Setting CVar [[r.DOF.Gather.PostfilterMethod:1          ; Median3x3 postfilering method]]
[2023.03.11-10.59.34:865][  0]LogConfig: Setting CVar [[r.DOF.Gather.EnableBokehSettings:0       ; no bokeh simulation when gathering]]
[2023.03.11-10.59.34:865][  0]LogConfig: Setting CVar [[r.DOF.Gather.RingCount:4                 ; medium number of samples when gathering]]
[2023.03.11-10.59.34:865][  0]LogConfig: Setting CVar [[r.DOF.Scatter.ForegroundCompositing:1    ; additive foreground scattering]]
[2023.03.11-10.59.34:865][  0]LogConfig: Setting CVar [[r.DOF.Scatter.BackgroundCompositing:2    ; additive background scattering]]
[2023.03.11-10.59.34:865][  0]LogConfig: Setting CVar [[r.DOF.Scatter.EnableBokehSettings:1      ; bokeh simulation when scattering]]
[2023.03.11-10.59.34:865][  0]LogConfig: Setting CVar [[r.DOF.Scatter.MaxSpriteRatio:0.1         ; only a maximum of 10% of scattered bokeh]]
[2023.03.11-10.59.34:865][  0]LogConfig: Setting CVar [[r.DOF.Recombine.Quality:1                ; cheap slight out of focus]]
[2023.03.11-10.59.34:865][  0]LogConfig: Setting CVar [[r.DOF.Recombine.EnableBokehSettings:0    ; no bokeh simulation on slight out of focus]]
[2023.03.11-10.59.34:865][  0]LogConfig: Setting CVar [[r.DOF.TemporalAAQuality:1                ; more stable temporal accumulation]]
[2023.03.11-10.59.34:865][  0]LogConfig: Setting CVar [[r.DOF.Kernel.MaxForegroundRadius:0.025]]
[2023.03.11-10.59.34:865][  0]LogConfig: Setting CVar [[r.DOF.Kernel.MaxBackgroundRadius:0.025]]
[2023.03.11-10.59.34:865][  0]LogConfig: Applying CVar settings from Section [TextureQuality@3] File [D:/Users/qkrdl/Documents/GitHub/Zolup-Button_Project_MF/Project_MF/Saved/Config/Windows/Scalability.ini]
[2023.03.11-10.59.34:865][  0]LogConfig: Setting CVar [[r.Streaming.MipBias:0]]
[2023.03.11-10.59.34:865][  0]LogConfig: Setting CVar [[r.Streaming.AmortizeCPUToGPUCopy:0]]
[2023.03.11-10.59.34:865][  0]LogConfig: Setting CVar [[r.Streaming.MaxNumTexturesToStreamPerFrame:0]]
[2023.03.11-10.59.34:865][  0]LogConfig: Setting CVar [[r.Streaming.Boost:1]]
[2023.03.11-10.59.34:865][  0]LogConfig: Setting CVar [[r.MaxAnisotropy:8]]
[2023.03.11-10.59.34:865][  0]LogConfig: Setting CVar [[r.VT.MaxAnisotropy:8]]
[2023.03.11-10.59.34:865][  0]LogConfig: Setting CVar [[r.Streaming.LimitPoolSizeToVRAM:0]]
[2023.03.11-10.59.34:865][  0]LogConfig: Setting CVar [[r.Streaming.PoolSize:1000]]
[2023.03.11-10.59.34:865][  0]LogConfig: Setting CVar [[r.Streaming.MaxEffectiveScreenSize:0]]
[2023.03.11-10.59.34:865][  0]LogConfig: Applying CVar settings from Section [EffectsQuality@3] File [D:/Users/qkrdl/Documents/GitHub/Zolup-Button_Project_MF/Project_MF/Saved/Config/Windows/Scalability.ini]
[2023.03.11-10.59.34:865][  0]LogConfig: Setting CVar [[r.TranslucencyLightingVolumeDim:64]]
[2023.03.11-10.59.34:865][  0]LogConfig: Setting CVar [[r.RefractionQuality:2]]
[2023.03.11-10.59.34:865][  0]LogConfig: Setting CVar [[r.SSR.Quality:3]]
[2023.03.11-10.59.34:865][  0]LogConfig: Setting CVar [[r.SSR.HalfResSceneColor:0]]
[2023.03.11-10.59.34:865][  0]LogConfig: Setting CVar [[r.SceneColorFormat:4]]
[2023.03.11-10.59.34:865][  0]LogConfig: Setting CVar [[r.DetailMode:2]]
[2023.03.11-10.59.34:865][  0]LogConfig: Setting CVar [[r.TranslucencyVolumeBlur:1]]
[2023.03.11-10.59.34:865][  0]LogConfig: Setting CVar [[r.MaterialQualityLevel:1 ; High quality]]
[2023.03.11-10.59.34:865][  0]LogConfig: Setting CVar [[r.AnisotropicMaterials:1]]
[2023.03.11-10.59.34:865][  0]LogConfig: Setting CVar [[r.SSS.Scale:1]]
[2023.03.11-10.59.34:865][  0]LogConfig: Setting CVar [[r.SSS.SampleSet:2]]
[2023.03.11-10.59.34:865][  0]LogConfig: Setting CVar [[r.SSS.Quality:1]]
[2023.03.11-10.59.34:866][  0]LogConfig: Setting CVar [[r.SSS.HalfRes:0]]
[2023.03.11-10.59.34:866][  0]LogConfig: Setting CVar [[r.SSGI.Quality:3]]
[2023.03.11-10.59.34:866][  0]LogConfig: Setting CVar [[r.EmitterSpawnRateScale:1.0]]
[2023.03.11-10.59.34:866][  0]LogConfig: Setting CVar [[r.ParticleLightQuality:2]]
[2023.03.11-10.59.34:866][  0]LogConfig: Setting CVar [[r.SkyAtmosphere.AerialPerspectiveLUT.FastApplyOnOpaque:1 ; Always have FastSkyLUT 1 in this case to avoid wrong sky]]
[2023.03.11-10.59.34:866][  0]LogConfig: Setting CVar [[r.SkyAtmosphere.AerialPerspectiveLUT.SampleCountMaxPerSlice:4]]
[2023.03.11-10.59.34:866][  0]LogConfig: Setting CVar [[r.SkyAtmosphere.AerialPerspectiveLUT.DepthResolution:16.0]]
[2023.03.11-10.59.34:866][  0]LogConfig: Setting CVar [[r.SkyAtmosphere.FastSkyLUT:1]]
[2023.03.11-10.59.34:866][  0]LogConfig: Setting CVar [[r.SkyAtmosphere.FastSkyLUT.SampleCountMin:4.0]]
[2023.03.11-10.59.34:866][  0]LogConfig: Setting CVar [[r.SkyAtmosphere.FastSkyLUT.SampleCountMax:128.0]]
[2023.03.11-10.59.34:866][  0]LogConfig: Setting CVar [[r.SkyAtmosphere.SampleCountMin:4.0]]
[2023.03.11-10.59.34:866][  0]LogConfig: Setting CVar [[r.SkyAtmosphere.SampleCountMax:128.0]]
[2023.03.11-10.59.34:866][  0]LogConfig: Setting CVar [[r.SkyAtmosphere.TransmittanceLUT.UseSmallFormat:0]]
[2023.03.11-10.59.34:866][  0]LogConfig: Setting CVar [[r.SkyAtmosphere.TransmittanceLUT.SampleCount:10.0]]
[2023.03.11-10.59.34:866][  0]LogConfig: Setting CVar [[r.SkyAtmosphere.MultiScatteringLUT.SampleCount:15.0]]
[2023.03.11-10.59.34:866][  0]LogConfig: Setting CVar [[r.SkyLight.RealTimeReflectionCapture:1]]
[2023.03.11-10.59.34:866][  0]LogConfig: Applying CVar settings from Section [FoliageQuality@3] File [D:/Users/qkrdl/Documents/GitHub/Zolup-Button_Project_MF/Project_MF/Saved/Config/Windows/Scalability.ini]
[2023.03.11-10.59.34:866][  0]LogConfig: Setting CVar [[foliage.DensityScale:1.0]]
[2023.03.11-10.59.34:866][  0]LogConfig: Setting CVar [[grass.DensityScale:1.0]]
[2023.03.11-10.59.34:866][  0]LogConfig: Applying CVar settings from Section [ShadingQuality@3] File [D:/Users/qkrdl/Documents/GitHub/Zolup-Button_Project_MF/Project_MF/Saved/Config/Windows/Scalability.ini]
[2023.03.11-10.59.34:866][  0]LogConfig: Setting CVar [[r.HairStrands.SkyLighting.IntegrationType:2]]
[2023.03.11-10.59.34:866][  0]LogConfig: Setting CVar [[r.HairStrands.SkyAO.SampleCount:4]]
[2023.03.11-10.59.34:866][  0]LogConfig: Setting CVar [[r.HairStrands.Visibility.MSAA.SamplePerPixel:4]]
[2023.03.11-10.59.34:866][  0]LogInit: Selected Device Profile: [Windows]
[2023.03.11-10.59.34:866][  0]LogInit: Applying CVar settings loaded from the selected device profile: [Windows]
[2023.03.11-10.59.34:866][  0]LogHAL: Display: Platform has ~ 32 GB [34266505216 / 34359738368 / 32], which maps to Largest [LargestMinGB=32, LargerMinGB=12, DefaultMinGB=8, SmallerMinGB=6, SmallestMinGB=0)
[2023.03.11-10.59.34:866][  0]LogInit: Going up to parent DeviceProfile []
[2023.03.11-10.59.34:866][  0]LogConfig: Applying CVar settings from Section [ViewDistanceQuality@3] File [D:/Users/qkrdl/Documents/GitHub/Zolup-Button_Project_MF/Project_MF/Saved/Config/Windows/Scalability.ini]
[2023.03.11-10.59.34:866][  0]LogConfig: Setting CVar [[r.SkeletalMeshLODBias:0]]
[2023.03.11-10.59.34:866][  0]LogConfig: Setting CVar [[r.ViewDistanceScale:1.0]]
[2023.03.11-10.59.34:866][  0]LogConfig: Applying CVar settings from Section [AntiAliasingQuality@3] File [D:/Users/qkrdl/Documents/GitHub/Zolup-Button_Project_MF/Project_MF/Saved/Config/Windows/Scalability.ini]
[2023.03.11-10.59.34:866][  0]LogConfig: Setting CVar [[r.PostProcessAAQuality:4]]
[2023.03.11-10.59.34:866][  0]LogConfig: Applying CVar settings from Section [ShadowQuality@3] File [D:/Users/qkrdl/Documents/GitHub/Zolup-Button_Project_MF/Project_MF/Saved/Config/Windows/Scalability.ini]
[2023.03.11-10.59.34:866][  0]LogConfig: Setting CVar [[r.LightFunctionQuality:1]]
[2023.03.11-10.59.34:866][  0]LogConfig: Setting CVar [[r.ShadowQuality:5]]
[2023.03.11-10.59.34:866][  0]LogConfig: Setting CVar [[r.Shadow.CSM.MaxCascades:10]]
[2023.03.11-10.59.34:866][  0]LogConfig: Setting CVar [[r.Shadow.MaxResolution:2048]]
[2023.03.11-10.59.34:866][  0]LogConfig: Setting CVar [[r.Shadow.MaxCSMResolution:2048]]
[2023.03.11-10.59.34:866][  0]LogConfig: Setting CVar [[r.Shadow.RadiusThreshold:0.01]]
[2023.03.11-10.59.34:866][  0]LogConfig: Setting CVar [[r.Shadow.DistanceScale:1.0]]
[2023.03.11-10.59.34:866][  0]LogConfig: Setting CVar [[r.Shadow.CSM.TransitionScale:1.0]]
[2023.03.11-10.59.34:866][  0]LogConfig: Setting CVar [[r.Shadow.PreShadowResolutionFactor:1.0]]
[2023.03.11-10.59.34:866][  0]LogConfig: Setting CVar [[r.DistanceFieldShadowing:1]]
[2023.03.11-10.59.34:866][  0]LogConfig: Setting CVar [[r.DistanceFieldAO:1]]
[2023.03.11-10.59.34:866][  0]LogConfig: Setting CVar [[r.AOQuality:2]]
[2023.03.11-10.59.34:866][  0]LogConfig: Setting CVar [[r.VolumetricFog:1]]
[2023.03.11-10.59.34:866][  0]LogConfig: Setting CVar [[r.VolumetricFog.GridPixelSize:8]]
[2023.03.11-10.59.34:866][  0]LogConfig: Setting CVar [[r.VolumetricFog.GridSizeZ:128]]
[2023.03.11-10.59.34:866][  0]LogConfig: Setting CVar [[r.VolumetricFog.HistoryMissSupersampleCount:4]]
[2023.03.11-10.59.34:866][  0]LogConfig: Setting CVar [[r.LightMaxDrawDistanceScale:1]]
[2023.03.11-10.59.34:866][  0]LogConfig: Setting CVar [[r.CapsuleShadows:1]]
[2023.03.11-10.59.34:866][  0]LogConfig: Applying CVar settings from Section [PostProcessQuality@3] File [D:/Users/qkrdl/Documents/GitHub/Zolup-Button_Project_MF/Project_MF/Saved/Config/Windows/Scalability.ini]
[2023.03.11-10.59.34:866][  0]LogConfig: Setting CVar [[r.MotionBlurQuality:4]]
[2023.03.11-10.59.34:866][  0]LogConfig: Setting CVar [[r.AmbientOcclusionMipLevelFactor:0.4]]
[2023.03.11-10.59.34:866][  0]LogConfig: Setting CVar [[r.AmbientOcclusionMaxQuality:100]]
[2023.03.11-10.59.34:866][  0]LogConfig: Setting CVar [[r.AmbientOcclusionLevels:-1]]
[2023.03.11-10.59.34:867][  0]LogConfig: Setting CVar [[r.AmbientOcclusionRadiusScale:1.0]]
[2023.03.11-10.59.34:867][  0]LogConfig: Setting CVar [[r.DepthOfFieldQuality:2]]
[2023.03.11-10.59.34:867][  0]LogConfig: Setting CVar [[r.RenderTargetPoolMin:400]]
[2023.03.11-10.59.34:867][  0]LogConfig: Setting CVar [[r.LensFlareQuality:2]]
[2023.03.11-10.59.34:867][  0]LogConfig: Setting CVar [[r.SceneColorFringeQuality:1]]
[2023.03.11-10.59.34:867][  0]LogConfig: Setting CVar [[r.EyeAdaptationQuality:2]]
[2023.03.11-10.59.34:867][  0]LogConfig: Setting CVar [[r.BloomQuality:5]]
[2023.03.11-10.59.34:867][  0]LogConfig: Setting CVar [[r.FastBlurThreshold:100]]
[2023.03.11-10.59.34:867][  0]LogConfig: Setting CVar [[r.Upscale.Quality:3]]
[2023.03.11-10.59.34:867][  0]LogConfig: Setting CVar [[r.Tonemapper.GrainQuantization:1]]
[2023.03.11-10.59.34:867][  0]LogConfig: Setting CVar [[r.LightShaftQuality:1]]
[2023.03.11-10.59.34:867][  0]LogConfig: Setting CVar [[r.Filter.SizeScale:1]]
[2023.03.11-10.59.34:867][  0]LogConfig: Setting CVar [[r.Tonemapper.Quality:5]]
[2023.03.11-10.59.34:867][  0]LogConfig: Setting CVar [[r.DOF.Gather.AccumulatorQuality:1        ; higher gathering accumulator quality]]
[2023.03.11-10.59.34:867][  0]LogConfig: Setting CVar [[r.DOF.Gather.PostfilterMethod:1          ; Median3x3 postfilering method]]
[2023.03.11-10.59.34:867][  0]LogConfig: Setting CVar [[r.DOF.Gather.EnableBokehSettings:0       ; no bokeh simulation when gathering]]
[2023.03.11-10.59.34:867][  0]LogConfig: Setting CVar [[r.DOF.Gather.RingCount:4                 ; medium number of samples when gathering]]
[2023.03.11-10.59.34:867][  0]LogConfig: Setting CVar [[r.DOF.Scatter.ForegroundCompositing:1    ; additive foreground scattering]]
[2023.03.11-10.59.34:867][  0]LogConfig: Setting CVar [[r.DOF.Scatter.BackgroundCompositing:2    ; additive background scattering]]
[2023.03.11-10.59.34:867][  0]LogConfig: Setting CVar [[r.DOF.Scatter.EnableBokehSettings:1      ; bokeh simulation when scattering]]
[2023.03.11-10.59.34:867][  0]LogConfig: Setting CVar [[r.DOF.Scatter.MaxSpriteRatio:0.1         ; only a maximum of 10% of scattered bokeh]]
[2023.03.11-10.59.34:867][  0]LogConfig: Setting CVar [[r.DOF.Recombine.Quality:1                ; cheap slight out of focus]]
[2023.03.11-10.59.34:867][  0]LogConfig: Setting CVar [[r.DOF.Recombine.EnableBokehSettings:0    ; no bokeh simulation on slight out of focus]]
[2023.03.11-10.59.34:867][  0]LogConfig: Setting CVar [[r.DOF.TemporalAAQuality:1                ; more stable temporal accumulation]]
[2023.03.11-10.59.34:867][  0]LogConfig: Setting CVar [[r.DOF.Kernel.MaxForegroundRadius:0.025]]
[2023.03.11-10.59.34:867][  0]LogConfig: Setting CVar [[r.DOF.Kernel.MaxBackgroundRadius:0.025]]
[2023.03.11-10.59.34:867][  0]LogConfig: Applying CVar settings from Section [TextureQuality@3] File [D:/Users/qkrdl/Documents/GitHub/Zolup-Button_Project_MF/Project_MF/Saved/Config/Windows/Scalability.ini]
[2023.03.11-10.59.34:867][  0]LogConfig: Setting CVar [[r.Streaming.MipBias:0]]
[2023.03.11-10.59.34:867][  0]LogConfig: Setting CVar [[r.Streaming.AmortizeCPUToGPUCopy:0]]
[2023.03.11-10.59.34:867][  0]LogConfig: Setting CVar [[r.Streaming.MaxNumTexturesToStreamPerFrame:0]]
[2023.03.11-10.59.34:867][  0]LogConfig: Setting CVar [[r.Streaming.Boost:1]]
[2023.03.11-10.59.34:867][  0]LogConfig: Setting CVar [[r.MaxAnisotropy:8]]
[2023.03.11-10.59.34:867][  0]LogConfig: Setting CVar [[r.VT.MaxAnisotropy:8]]
[2023.03.11-10.59.34:867][  0]LogConfig: Setting CVar [[r.Streaming.LimitPoolSizeToVRAM:0]]
[2023.03.11-10.59.34:867][  0]LogConfig: Setting CVar [[r.Streaming.PoolSize:1000]]
[2023.03.11-10.59.34:867][  0]LogConfig: Setting CVar [[r.Streaming.MaxEffectiveScreenSize:0]]
[2023.03.11-10.59.34:867][  0]LogConfig: Applying CVar settings from Section [EffectsQuality@3] File [D:/Users/qkrdl/Documents/GitHub/Zolup-Button_Project_MF/Project_MF/Saved/Config/Windows/Scalability.ini]
[2023.03.11-10.59.34:867][  0]LogConfig: Setting CVar [[r.TranslucencyLightingVolumeDim:64]]
[2023.03.11-10.59.34:867][  0]LogConfig: Setting CVar [[r.RefractionQuality:2]]
[2023.03.11-10.59.34:867][  0]LogConfig: Setting CVar [[r.SSR.Quality:3]]
[2023.03.11-10.59.34:867][  0]LogConfig: Setting CVar [[r.SSR.HalfResSceneColor:0]]
[2023.03.11-10.59.34:867][  0]LogConfig: Setting CVar [[r.SceneColorFormat:4]]
[2023.03.11-10.59.34:867][  0]LogConfig: Setting CVar [[r.DetailMode:2]]
[2023.03.11-10.59.34:867][  0]LogConfig: Setting CVar [[r.TranslucencyVolumeBlur:1]]
[2023.03.11-10.59.34:867][  0]LogConfig: Setting CVar [[r.MaterialQualityLevel:1 ; High quality]]
[2023.03.11-10.59.34:867][  0]LogConfig: Setting CVar [[r.AnisotropicMaterials:1]]
[2023.03.11-10.59.34:867][  0]LogConfig: Setting CVar [[r.SSS.Scale:1]]
[2023.03.11-10.59.34:867][  0]LogConfig: Setting CVar [[r.SSS.SampleSet:2]]
[2023.03.11-10.59.34:867][  0]LogConfig: Setting CVar [[r.SSS.Quality:1]]
[2023.03.11-10.59.34:867][  0]LogConfig: Setting CVar [[r.SSS.HalfRes:0]]
[2023.03.11-10.59.34:867][  0]LogConfig: Setting CVar [[r.SSGI.Quality:3]]
[2023.03.11-10.59.34:867][  0]LogConfig: Setting CVar [[r.EmitterSpawnRateScale:1.0]]
[2023.03.11-10.59.34:867][  0]LogConfig: Setting CVar [[r.ParticleLightQuality:2]]
[2023.03.11-10.59.34:867][  0]LogConfig: Setting CVar [[r.SkyAtmosphere.AerialPerspectiveLUT.FastApplyOnOpaque:1 ; Always have FastSkyLUT 1 in this case to avoid wrong sky]]
[2023.03.11-10.59.34:867][  0]LogConfig: Setting CVar [[r.SkyAtmosphere.AerialPerspectiveLUT.SampleCountMaxPerSlice:4]]
[2023.03.11-10.59.34:867][  0]LogConfig: Setting CVar [[r.SkyAtmosphere.AerialPerspectiveLUT.DepthResolution:16.0]]
[2023.03.11-10.59.34:867][  0]LogConfig: Setting CVar [[r.SkyAtmosphere.FastSkyLUT:1]]
[2023.03.11-10.59.34:867][  0]LogConfig: Setting CVar [[r.SkyAtmosphere.FastSkyLUT.SampleCountMin:4.0]]
[2023.03.11-10.59.34:867][  0]LogConfig: Setting CVar [[r.SkyAtmosphere.FastSkyLUT.SampleCountMax:128.0]]
[2023.03.11-10.59.34:867][  0]LogConfig: Setting CVar [[r.SkyAtmosphere.SampleCountMin:4.0]]
[2023.03.11-10.59.34:867][  0]LogConfig: Setting CVar [[r.SkyAtmosphere.SampleCountMax:128.0]]
[2023.03.11-10.59.34:867][  0]LogConfig: Setting CVar [[r.SkyAtmosphere.TransmittanceLUT.UseSmallFormat:0]]
[2023.03.11-10.59.34:867][  0]LogConfig: Setting CVar [[r.SkyAtmosphere.TransmittanceLUT.SampleCount:10.0]]
[2023.03.11-10.59.34:867][  0]LogConfig: Setting CVar [[r.SkyAtmosphere.MultiScatteringLUT.SampleCount:15.0]]
[2023.03.11-10.59.34:867][  0]LogConfig: Setting CVar [[r.SkyLight.RealTimeReflectionCapture:1]]
[2023.03.11-10.59.34:867][  0]LogConfig: Applying CVar settings from Section [FoliageQuality@3] File [D:/Users/qkrdl/Documents/GitHub/Zolup-Button_Project_MF/Project_MF/Saved/Config/Windows/Scalability.ini]
[2023.03.11-10.59.34:867][  0]LogConfig: Setting CVar [[foliage.DensityScale:1.0]]
[2023.03.11-10.59.34:867][  0]LogConfig: Setting CVar [[grass.DensityScale:1.0]]
[2023.03.11-10.59.34:867][  0]LogConfig: Applying CVar settings from Section [ShadingQuality@3] File [D:/Users/qkrdl/Documents/GitHub/Zolup-Button_Project_MF/Project_MF/Saved/Config/Windows/Scalability.ini]
[2023.03.11-10.59.34:867][  0]LogConfig: Setting CVar [[r.HairStrands.SkyLighting.IntegrationType:2]]
[2023.03.11-10.59.34:867][  0]LogConfig: Setting CVar [[r.HairStrands.SkyAO.SampleCount:4]]
[2023.03.11-10.59.34:868][  0]LogConfig: Setting CVar [[r.HairStrands.Visibility.MSAA.SamplePerPixel:4]]
[2023.03.11-10.59.34:868][  0]LogConfig: Applying CVar settings from Section [Startup] File [../../../Engine/Config/ConsoleVariables.ini]
[2023.03.11-10.59.34:868][  0]LogConfig: Setting CVar [[net.UseAdaptiveNetUpdateFrequency:0]]
[2023.03.11-10.59.34:869][  0]LogConfig: Setting CVar [[p.chaos.AllowCreatePhysxBodies:1]]
[2023.03.11-10.59.34:869][  0]LogConfig: Setting CVar [[fx.SkipVectorVMBackendOptimizations:1]]
[2023.03.11-10.59.34:869][  0]LogConfig: Applying CVar settings from Section [ConsoleVariables] File [D:/Users/qkrdl/Documents/GitHub/Zolup-Button_Project_MF/Project_MF/Saved/Config/Windows/Engine.ini]
[2023.03.11-10.59.34:869][  0]LogConfig: Applying CVar settings from Section [ConsoleVariables] File [D:/Users/qkrdl/Documents/GitHub/Zolup-Button_Project_MF/Project_MF/Saved/Config/Windows/Editor.ini]
[2023.03.11-10.59.34:869][  0]LogInit: Computer: DESKTOP-7O2N4A7
[2023.03.11-10.59.34:869][  0]LogInit: User: qkrdl
[2023.03.11-10.59.34:869][  0]LogInit: CPU Page size=4096, Cores=4
[2023.03.11-10.59.34:869][  0]LogInit: High frequency timer resolution =10.000000 MHz
[2023.03.11-10.59.34:869][  0]LogMemory: Memory total: Physical=31.9GB (32GB approx)
[2023.03.11-10.59.34:869][  0]LogMemory: Platform Memory Stats for Windows
[2023.03.11-10.59.34:869][  0]LogMemory: Process Physical Memory: 143.08 MB used, 143.08 MB peak
[2023.03.11-10.59.34:869][  0]LogMemory: Process Virtual Memory: 114.73 MB used, 114.73 MB peak
[2023.03.11-10.59.34:869][  0]LogMemory: Physical Memory: 21134.28 MB used,  11544.80 MB free, 32679.09 MB total
[2023.03.11-10.59.34:869][  0]LogMemory: Virtual Memory: 134210456.00 MB used,  7268.35 MB free, 134217728.00 MB total
[2023.03.11-10.59.34:879][  0]LogWindows: WindowsPlatformFeatures enabled
[2023.03.11-10.59.34:936][  0]LogInit: Physics initialised using underlying interface: PhysX
[2023.03.11-10.59.34:938][  0]LogInit: Using OS detected language (ko-KR).
[2023.03.11-10.59.34:938][  0]LogInit: Using OS detected locale (ko-KR).
[2023.03.11-10.59.34:940][  0]LogTextLocalizationManager: No specific localization for 'ko-KR' exists, so the 'ko' localization will be used.
[2023.03.11-10.59.35:127][  0]LogInit: Setting process to per monitor DPI aware
[2023.03.11-10.59.35:139][  0]LogWindowsTextInputMethodSystem: Display: IME system deactivated.
[2023.03.11-10.59.35:196][  0]LogSlate: New Slate User Created.  User Index 0, Is Virtual User: 0
[2023.03.11-10.59.35:196][  0]LogSlate: Slate User Registered.  User Index 0, Is Virtual User: 0
[2023.03.11-10.59.37:620][  0]LogD3D11RHI: Loaded GFSDK_Aftermath_Lib.x64.dll
[2023.03.11-10.59.37:624][  0]LogHMD: Failed to initialize OpenVR with code 110
[2023.03.11-10.59.37:624][  0]LogD3D11RHI: D3D11 min allowed feature level: 11_0
[2023.03.11-10.59.37:624][  0]LogD3D11RHI: D3D11 max allowed feature level: 11_0
[2023.03.11-10.59.37:624][  0]LogD3D11RHI: D3D11 adapters:
[2023.03.11-10.59.37:718][  0]LogD3D11RHI:    0. 'NVIDIA GeForce RTX 2060 SUPER' (Feature Level 11_0)
[2023.03.11-10.59.37:718][  0]LogD3D11RHI:       8019/0/16339 MB DedicatedVideo/DedicatedSystem/SharedSystem, Outputs:1, VendorId:0x10de
[2023.03.11-10.59.37:719][  0]LogD3D11RHI:    1. 'Microsoft Basic Render Driver' (Feature Level 11_0)
[2023.03.11-10.59.37:721][  0]LogD3D11RHI:       0/0/16339 MB DedicatedVideo/DedicatedSystem/SharedSystem, Outputs:0, VendorId:0x1414
[2023.03.11-10.59.37:721][  0]LogD3D11RHI: Chosen D3D11 Adapter:
[2023.03.11-10.59.37:721][  0]LogD3D11RHI:     Description : NVIDIA GeForce RTX 2060 SUPER
[2023.03.11-10.59.37:721][  0]LogD3D11RHI:     VendorId    : 10de
[2023.03.11-10.59.37:721][  0]LogD3D11RHI:     DeviceId    : 1f06
[2023.03.11-10.59.37:721][  0]LogD3D11RHI:     SubSysId    : 3ff11458
[2023.03.11-10.59.37:721][  0]LogD3D11RHI:     Revision    : 00a1
[2023.03.11-10.59.37:721][  0]LogD3D11RHI:     DedicatedVideoMemory : 8408530944 bytes
[2023.03.11-10.59.37:721][  0]LogD3D11RHI:     DedicatedSystemMemory : 0 bytes
[2023.03.11-10.59.37:721][  0]LogD3D11RHI:     SharedSystemMemory : 17133252608 bytes
[2023.03.11-10.59.37:721][  0]LogD3D11RHI:     AdapterLuid : 0 49961
[2023.03.11-10.59.37:728][  0]LogD3D11RHI: Creating new Direct3DDevice
[2023.03.11-10.59.37:728][  0]LogD3D11RHI:     GPU DeviceId: 0x1f06 (for the marketing name, search the web for "GPU Device Id")
[2023.03.11-10.59.37:728][  0]LogWindows: EnumDisplayDevices:
[2023.03.11-10.59.37:728][  0]LogWindows:    0. 'NVIDIA GeForce RTX 2060 SUPER' (P:1 D:1)
[2023.03.11-10.59.37:729][  0]LogWindows:    1. 'NVIDIA GeForce RTX 2060 SUPER' (P:0 D:0)
[2023.03.11-10.59.37:729][  0]LogWindows:    2. 'NVIDIA GeForce RTX 2060 SUPER' (P:0 D:0)
[2023.03.11-10.59.37:729][  0]LogWindows:    3. 'NVIDIA GeForce RTX 2060 SUPER' (P:0 D:0)
[2023.03.11-10.59.37:729][  0]LogWindows: DebugString: FoundDriverCount:4 
[2023.03.11-10.59.37:729][  0]LogD3D11RHI:     Adapter Name: NVIDIA GeForce RTX 2060 SUPER
[2023.03.11-10.59.37:729][  0]LogD3D11RHI:   Driver Version: 527.56 (internal:31.0.15.2756, unified:527.56)
[2023.03.11-10.59.37:729][  0]LogD3D11RHI:      Driver Date: 12-5-2022
[2023.03.11-10.59.37:729][  0]LogRHI: Texture pool is 5613 MB (70% of 8019 MB)
[2023.03.11-10.59.37:729][  0]LogD3D11RHI: Creating D3DDevice using adapter:
[2023.03.11-10.59.37:729][  0]LogD3D11RHI:     Description : NVIDIA GeForce RTX 2060 SUPER
[2023.03.11-10.59.37:729][  0]LogD3D11RHI:     VendorId    : 10de
[2023.03.11-10.59.37:729][  0]LogD3D11RHI:     DeviceId    : 1f06
[2023.03.11-10.59.37:729][  0]LogD3D11RHI:     SubSysId    : 3ff11458
[2023.03.11-10.59.37:729][  0]LogD3D11RHI:     Revision    : 00a1
[2023.03.11-10.59.37:729][  0]LogD3D11RHI:     DedicatedVideoMemory : 8408530944 bytes
[2023.03.11-10.59.37:729][  0]LogD3D11RHI:     DedicatedSystemMemory : 0 bytes
[2023.03.11-10.59.37:729][  0]LogD3D11RHI:     SharedSystemMemory : 17133252608 bytes
[2023.03.11-10.59.37:729][  0]LogD3D11RHI:     AdapterLuid : 0 49961
[2023.03.11-10.59.37:782][  0]LogD3D11RHI: RHI has support for 64 bit atomics
[2023.03.11-10.59.37:783][  0]LogD3D11RHI: Async texture creation enabled
[2023.03.11-10.59.37:783][  0]LogD3D11RHI: Array index from any shader is supported
[2023.03.11-10.59.37:785][  0]LogD3D11RHI: HDR output is supported on display 0 (NvId: 0x80061081).
[2023.03.11-10.59.37:805][  0]LogD3D11RHI: GPU Timing Frequency: 1000.000000 (Debug: 2 2)
[2023.03.11-10.59.37:842][  0]LogRHI: GeForceNow SDK initialized: 1
[2023.03.11-10.59.38:094][  0]LogTargetPlatformManager: Display: Loaded TargetPlatform 'AllDesktop'
[2023.03.11-10.59.38:115][  0]LogTargetPlatformManager: Display: Loaded TargetPlatform 'Android'
[2023.03.11-10.59.38:115][  0]LogTargetPlatformManager: Display: Loaded TargetPlatform 'Android_ASTC'
[2023.03.11-10.59.38:115][  0]LogTargetPlatformManager: Display: Loaded TargetPlatform 'Android_DXT'
[2023.03.11-10.59.38:115][  0]LogTargetPlatformManager: Display: Loaded TargetPlatform 'Android_ETC2'
[2023.03.11-10.59.38:115][  0]LogTargetPlatformManager: Display: Loaded TargetPlatform 'AndroidClient'
[2023.03.11-10.59.38:115][  0]LogTargetPlatformManager: Display: Loaded TargetPlatform 'Android_ASTCClient'
[2023.03.11-10.59.38:115][  0]LogTargetPlatformManager: Display: Loaded TargetPlatform 'Android_DXTClient'
[2023.03.11-10.59.38:115][  0]LogTargetPlatformManager: Display: Loaded TargetPlatform 'Android_ETC2Client'
[2023.03.11-10.59.38:115][  0]LogTargetPlatformManager: Display: Loaded TargetPlatform 'Android_Multi'
[2023.03.11-10.59.38:115][  0]LogTargetPlatformManager: Display: Loaded TargetPlatform 'Android_MultiClient'
[2023.03.11-10.59.38:133][  0]LogTargetPlatformManager: Display: Loaded TargetPlatform 'IOSClient'
[2023.03.11-10.59.38:134][  0]LogTargetPlatformManager: Display: Loaded TargetPlatform 'IOS'
[2023.03.11-10.59.38:142][  0]LogTargetPlatformManager: Display: Loaded TargetPlatform 'Linux'
[2023.03.11-10.59.38:147][  0]LogTargetPlatformManager: Display: Loaded TargetPlatform 'LinuxNoEditor'
[2023.03.11-10.59.38:152][  0]LogTargetPlatformManager: Display: Loaded TargetPlatform 'LinuxClient'
[2023.03.11-10.59.38:157][  0]LogTargetPlatformManager: Display: Loaded TargetPlatform 'LinuxServer'
[2023.03.11-10.59.38:165][  0]LogTargetPlatformManager: Display: Loaded TargetPlatform 'LinuxAArch64NoEditor'
[2023.03.11-10.59.38:170][  0]LogTargetPlatformManager: Display: Loaded TargetPlatform 'LinuxAArch64Client'
[2023.03.11-10.59.38:175][  0]LogTargetPlatformManager: Display: Loaded TargetPlatform 'LinuxAArch64Server'
[2023.03.11-10.59.38:197][  0]LogTargetPlatformManager: Display: Loaded TargetPlatform 'Lumin'
[2023.03.11-10.59.38:197][  0]LogTargetPlatformManager: Display: Loaded TargetPlatform 'LuminClient'
[2023.03.11-10.59.38:207][  0]LogTargetPlatformManager: Display: Loaded TargetPlatform 'MacNoEditor'
[2023.03.11-10.59.38:212][  0]LogTargetPlatformManager: Display: Loaded TargetPlatform 'Mac'
[2023.03.11-10.59.38:216][  0]LogTargetPlatformManager: Display: Loaded TargetPlatform 'MacClient'
[2023.03.11-10.59.38:220][  0]LogTargetPlatformManager: Display: Loaded TargetPlatform 'MacServer'
[2023.03.11-10.59.38:230][  0]LogTargetPlatformManager: Display: Loaded TargetPlatform 'TVOSClient'
[2023.03.11-10.59.38:230][  0]LogTargetPlatformManager: Display: Loaded TargetPlatform 'TVOS'
[2023.03.11-10.59.38:240][  0]LogTargetPlatformManager: Display: Loaded TargetPlatform 'WindowsNoEditor'
[2023.03.11-10.59.38:245][  0]LogTargetPlatformManager: Display: Loaded TargetPlatform 'Windows'
[2023.03.11-10.59.38:249][  0]LogTargetPlatformManager: Display: Loaded TargetPlatform 'WindowsClient'
[2023.03.11-10.59.38:254][  0]LogTargetPlatformManager: Display: Loaded TargetPlatform 'WindowsServer'
[2023.03.11-10.59.38:254][  0]LogTargetPlatformManager: Display: Building Assets For Windows
[2023.03.11-10.59.38:261][  0]LogAudioDebug: Display: Lib vorbis DLL was dynamically loaded.
[2023.03.11-10.59.38:289][  0]LogTextureFormatOodle: Display: Oodle Texture 2.9.0 init RDO Off
[2023.03.11-10.59.38:320][  0]LogRendererCore: Ray tracing is disabled. Reason: r.RayTracing=0.
[2023.03.11-10.59.38:321][  0]LogShaderCompilers: Guid format shader working directory is -36 characters bigger than the processId version (../../../../../../Users/qkrdl/Documents/GitHub/Zolup-Button_Project_MF/Project_MF/Intermediate/Shaders/WorkingDirectory/19600/).
[2023.03.11-10.59.38:321][  0]LogShaderCompilers: Cleaned the shader compiler working directory 'C:/Users/qkrdl/AppData/Local/Temp/UnrealShaderWorkingDir/5F00470943E82F5E1BA913B440C1D006/'.
[2023.03.11-10.59.38:321][  0]LogXGEController: Cannot use XGE Controller as Incredibuild is not installed on this machine.
[2023.03.11-10.59.38:321][  0]LogShaderCompilers: Cannot use XGE Shader Compiler as Incredibuild is not installed on this machine.
[2023.03.11-10.59.38:321][  0]LogShaderCompilers: Display: Using Local Shader Compiler.
[2023.03.11-10.59.40:817][  0]LogDerivedDataCache: Display: Max Cache Size: 512 MB
[2023.03.11-10.59.40:866][  0]LogDerivedDataCache: Loaded boot cache 0.05s 94MB C:/Users/qkrdl/AppData/Local/UnrealEngine/4.27/DerivedDataCache/Boot.ddc.
[2023.03.11-10.59.40:867][  0]LogDerivedDataCache: Display: Loaded Boot cache: C:/Users/qkrdl/AppData/Local/UnrealEngine/4.27/DerivedDataCache/Boot.ddc
[2023.03.11-10.59.40:867][  0]LogDerivedDataCache: FDerivedDataBackendGraph:  Pak pak cache file ../../../../../../Users/qkrdl/Documents/GitHub/Zolup-Button_Project_MF/Project_MF/DerivedDataCache/DDC.ddp not found, will not use a pak cache.
[2023.03.11-10.59.40:867][  0]LogDerivedDataCache: Unable to find inner node Pak for hierarchical cache Hierarchy.
[2023.03.11-10.59.40:867][  0]LogDerivedDataCache: FDerivedDataBackendGraph:  CompressedPak pak cache file ../../../../../../Users/qkrdl/Documents/GitHub/Zolup-Button_Project_MF/Project_MF/DerivedDataCache/Compressed.ddp not found, will not use a pak cache.
[2023.03.11-10.59.40:867][  0]LogDerivedDataCache: Unable to find inner node CompressedPak for hierarchical cache Hierarchy.
[2023.03.11-10.59.40:890][  0]LogDerivedDataCache: Display: Pak cache opened for reading ../../../Engine/DerivedDataCache/Compressed.ddp.
[2023.03.11-10.59.40:891][  0]LogDerivedDataCache: FDerivedDataBackendGraph:  EnterprisePak pak cache file ../../../Enterprise/DerivedDataCache/Compressed.ddp not found, will not use a pak cache.
[2023.03.11-10.59.40:891][  0]LogDerivedDataCache: Unable to find inner node EnterprisePak for hierarchical cache Hierarchy.
[2023.03.11-10.59.40:899][  0]LogDerivedDataCache: Speed tests for C:/Users/qkrdl/AppData/Local/UnrealEngine/Common/DerivedDataCache took 0.01 seconds
[2023.03.11-10.59.40:899][  0]LogDerivedDataCache: Display: Performance to C:/Users/qkrdl/AppData/Local/UnrealEngine/Common/DerivedDataCache: Latency=0.03ms. RandomReadSpeed=265.27MBs, RandomWriteSpeed=194.43MBs. Assigned SpeedClass 'Local'
[2023.03.11-10.59.40:900][  0]LogDerivedDataCache: Using Local data cache path C:/Users/qkrdl/AppData/Local/UnrealEngine/Common/DerivedDataCache: Writable
[2023.03.11-10.59.40:900][  0]LogDerivedDataCache: Shared data cache path not found in *engine.ini, will not use an Shared cache.
[2023.03.11-10.59.40:900][  0]LogDerivedDataCache: Unable to find inner node Shared for hierarchical cache Hierarchy.
[2023.03.11-10.59.40:943][  0]LogSlate: Using FreeType 2.10.0
[2023.03.11-10.59.40:943][  0]LogSlate: SlateFontServices - WITH_FREETYPE: 1, WITH_HARFBUZZ: 1
[2023.03.11-10.59.40:987][  0]LogAssetRegistry: FAssetRegistry took 0.0029 seconds to start up
[2023.03.11-10.59.41:224][  0]LogInit: Selected Device Profile: [Windows]
[2023.03.11-10.59.41:224][  0]LogInit: Active device profile: [00000189E7DB2C00][00000189E302F200 49] Windows
[2023.03.11-10.59.41:224][  0]LogInit: Profiles: [00000189E7DB2C00][00000189E302F200 49] Windows, [00000189E7D49400][00000189E4AA9380 49] WindowsNoEditor, [00000189E7DB2300][00000189E73D9500 49] WindowsServer, [00000189E7D49C00][00000189E2FC1680 49] WindowsClient, [00000189E7DB3900][00000189E2FC5800 49] IOS, [00000189E7D4B400][00000189E2FC9980 49] iPadAir, [00000189E7D48500][00000189E2FCDB00 49] iPadAir2, [00000189E7CF1200][00000189E2FD4240 49] IPadPro, [00000189E7CF1300][00000189E2FD0280 49] iPadAir3, [00000189E7DB1400][00000189E2FD8400 49] iPadAir4, [00000189E7CF0200][00000189E2FDC580 49] iPadMini2, [00000189E7DB1300][00000189E3D8E700 49] iPadMini3, [00000189E7CF3100][00000189E3D92880 49] iPadMini4, [00000189E7D48700][00000189E3D96A00 49] iPadMini5, [00000189E7D2CB00][00000189E3D9AC40 49] iPhone6, [00000189E7D2CC00][00000189E62F6C80 49] iPodTouch6, [00000189E7CF3A00][00000189E3DA2EC0 49] iPhone7, [00000189E7CF3900][00000189E3D9EF00 49] iPodTouch7, [00000189E7D2C400][00000189E3DAB080 49] iPhone5S, [00000189E7CF1D00][00000189E79FD200 49] iPhone6Plus, [00000189E7D2D400][00000189E7A01380 49] iPhone6S, [00000189E7CF1400][00000189E7A05500 49] iPhone6SPlus, [00000189E7D2FF00][00000189E7A09680 49] iPhone7Plus, [00000189E7CF3200][00000189E7A0D800 49] iPhoneSE, [00000189E7D2DC00][00000189E7A11980 49] iPhone8, [00000189E7CF0700][00000189E7A15B00 49] iPhone8Plus, [00000189E7D2F400][00000189E7A18100 49] iPhoneX, [00000189E7CF2500][00000189E7A1C280 49] iPhoneXS, [00000189E7D2E300][00000189E7A20400 49] iPhoneXSMax, [00000189E7CF1F00][00000189E3070580 49] iPhoneXR, [00000189E7D2F000][00000189E3074700 49] iPhone11, [00000189E7CF2800][00000189E3078880 49] iPhone11Pro, [00000189E7D2CF00][00000189E307CA00 49] iPhone11ProMax, [00000189E7CF1900][00000189E3080B80 49] iPhoneSE2, [00000189E7D2D700][00000189E3084D00 49] iPhone12Mini, [00000189E7CF3800][00000189E3DA6E40 49] iPhone12, [00000189E7D2FE00][00000189E3088F80 49] iPhone12Pro, [00000189E7CF3B00][00000189E308D0C0 49] iPhone12ProMax, [00000189E7D2C500][00000189E3095240 49] iPadPro105, [00000189E7CF1B00][00000189E7A5F3C0 49] iPadPro129, [00000189E7D2D500][00000189E7A63540 49] iPadPro97, [00000189E7CF2600][00000189E7A676C0 49] iPadPro2_129, [00000189E7D2E500][00000189E7A6B840 49] iPad5, [00000189E7CF3400][00000189E7A6F9C0 49] iPad6, [00000189E7D2CA00][00000189E7A73B40 49] iPad7, [00000189E7CF3700][00000189E7A76140 49] iPad8, [00000189E7D2F700][00000189E7A7A2C0 49] iPadPro11, [00000189E7CF2F00][00000189E7A7E440 49] iPadPro2_11, [00000189E7D2DB00][00000189E7A825C0 49] iPadPro3_129, [00000189E7CF1000][00000189E4C0E740 49] iPadPro4_129, [00000189E7D2ED00][00000189E4C128C0 49] AppleTV, [00000189E7CF0600][00000189E4C16A40 49] AppleTV4K, [00000189E7D2C600][00000189E4C1ABC0 49] TVOS, [00000189E7CF2D00][00000189E4C1ED40 49] Mac, [00000189E7D2E900][00000189E4C22EC0 49] MacClient, [00000189E7CF3000][00000189E3091000 49] MacNoEditor, [00000189E7D2D900][00000189E4C27140 49] MacServer, [00000189E7CF0B00][00000189E4C2B280 49] Linux, [00000189E7D2C700][00000189E4C2F3C0 49] LinuxAArch64, [00000189E7CF1500][00000189E4C37540 49] LinuxNoEditor, [00000189E7D2EF00][00000189E4C3B6C0 49] LinuxAArch64NoEditor, [00000189E7CF1800][00000189E77B9840 49] LinuxClient, [00000189E7D2F500][00000189E77BD9C0 49] LinuxAArch64Client, [00000189E7CF0A00][00000189E77C1B40 49] LinuxServer, [00000189E7D2D200][00000189E77C4140 49] LinuxAArch64Server, [00000189E7CF2900][00000189E77C82C0 49] Android, [00000189E7D2D800][00000189E77CC440 49] Android_Low, [00000189E7CF3600][00000189E77D05C0 49] Android_Mid, [00000189E7D2F200][00000189E77D4740 49] Android_High, [00000189E7CF1700][00000189E77D88C0 49] Android_Default, [00000189E7D2CD00][00000189E77DCA40 49] Android_Adreno4xx, [00000189E7CF3C00][00000189E77E0BC0 49] Android_Adreno5xx_Low, [00000189E7DB3600][00000189E77E4D40 49] Android_Adreno5xx, [00000189E7D4BE00][00000189E77E8EC0 49] Android_Adreno6xx, [00000189E7DB2200][00000189E77ED040 49] Android_Adreno6xx_Vulkan, [00000189E7D4A200][00000189E4C33180 49] Android_Mali_T6xx, [00000189E7DB3100][00000189E77F12C0 49] Android_Mali_T7xx, [00000189E7D48E00][00000189E77F5400 49] Android_Mali_T8xx, [00000189E7DB1800][00000189E77F9540 49] Android_Mali_G71, [00000189E7D48600][00000189E7AEF6C0 49] Android_Mali_G72, [00000189E7DB1600][00000189E7AF3840 49] Android_Mali_G72_Vulkan, [00000189E7D49500][00000189E7AF79C0 49] Android_Mali_G76, [00000189E7DB3000][00000189E7AFBB40 49] Android_Mali_G76_Vulkan, [00000189E7D4A300][00000189E7AFE140 49] Android_Mali_G77, [00000189E7DB1C00][00000189E7B022C0 49] Android_Mali_G77_Vulkan, [00000189E7D4B600][00000189E7B06440 49] Android_Mali_G78, [00000189E7DB0F00][00000189E7B0A5C0 49] Android_Mali_G78_Vulkan, [00000189E7D4A700][00000189E7B0E740 49] Android_Mali_G710, [00000189E7DB2600][00000189E7B128C0 49] Android_Mali_G710_Vulkan, [00000189E7D4BF00][00000189E7B16A40 49] Android_Vulkan_SM5, [00000189E7DB1D00][00000189E7B1ABC0 49] Android_PowerVR_G6xxx, [00000189E7D48200][00000189E7B1ED40 49] Android_PowerVR_GT7xxx, [00000189E7DB0700][00000189E7B22EC0 49] Android_PowerVR_GE8xxx, [00000189E7D4BC00][00000189E7B27040 49] Android_PowerVR_GM9xxx, [00000189E7DB1E00][00000189E7B2B1C0 49] Android_PowerVR_GM9xxx_Vulkan, [00000189E7D49600][00000189E792B340 49] Android_TegraK1, [00000189E7DB0A00][00000189E7AEB480 49] Android_Unknown_Vulkan, [00000189E7D48D00][00000189E792F5C0 49] Lumin, [00000189E7DB0500][00000189E7933700 49] Lumin_Desktop, [00000189E7D2F800][00000189E793B880 49] HoloLens, 
[2023.03.11-10.59.41:418][  0]LogMeshReduction: Using QuadricMeshReduction for automatic static mesh reduction
[2023.03.11-10.59.41:418][  0]LogMeshReduction: Using SimplygonMeshReduction for automatic skeletal mesh reduction
[2023.03.11-10.59.41:418][  0]LogMeshReduction: Using ProxyLODMeshReduction for automatic mesh merging
[2023.03.11-10.59.41:418][  0]LogMeshReduction: No distributed automatic mesh merging module available
[2023.03.11-10.59.41:418][  0]LogMeshMerging: No distributed automatic mesh merging module available
[2023.03.11-10.59.41:458][  0]LogNetVersion: Project_MF 1.0.0, NetCL: 17155196, EngineNetVer: 17, GameNetVer: 0 (Checksum: 3145920875)
[2023.03.11-10.59.43:973][  0]LogTexture: Default maximum texture size for cubemaps generated from long-lat sources has been changed from 512 to unlimited. In order to preserve old behaiour for '/Engine/MapTemplates/Sky/DaylightAmbientCubemap.DaylightAmbientCubemap', its maximum texture size has been explicitly set to 512.
[2023.03.11-10.59.44:082][  0]LogHMD: PokeAHoleMaterial loaded successfully
[2023.03.11-10.59.44:087][  0]LogUObjectArray: 17178 objects as part of root set at end of initial load.
[2023.03.11-10.59.44:087][  0]LogUObjectAllocator: 4302048 out of 0 bytes used by permanent object pool.
[2023.03.11-10.59.44:087][  0]LogUObjectArray: CloseDisregardForGC: 0/0 objects in disregard for GC pool
[2023.03.11-10.59.44:565][  0]LogPython: Using Python 3.7.7
[2023.03.11-10.59.45:193][  0]LogNiagaraDebuggerClient: Niagara Debugger Client Initialized | Session: 37F55D3740E245DE56E702AEEFF8AA0B | Instance: 0467D6094E25640E1542A49D1BBF618F (DESKTOP-7O2N4A7-19600).
[2023.03.11-10.59.45:400][  0]LogTcpMessaging: Initializing TcpMessaging bridge
[2023.03.11-10.59.45:405][  0]LogUdpMessaging: Initializing bridge on interface 0.0.0.0:0 to multicast group 230.0.0.1:6666.
[2023.03.11-10.59.45:591][  0]SourceControl: 소스 컨트롤이 꺼졌습니다.
[2023.03.11-10.59.45:591][  0]SourceControl: 소스 컨트롤이 꺼졌습니다.
[2023.03.11-10.59.45:594][  0]SourceControl: 소스 컨트롤이 꺼졌습니다.
[2023.03.11-10.59.45:597][  0]SourceControl: 소스 컨트롤이 꺼졌습니다.
[2023.03.11-10.59.45:612][  0]SourceControl: 소스 컨트롤이 꺼졌습니다.
[2023.03.11-10.59.45:620][  0]LogUProjectInfo: Found projects:
[2023.03.11-10.59.45:911][  0]LogOpenImageDenoise: OIDN starting up
[2023.03.11-10.59.45:967][  0]LogAndroidPermission: UAndroidPermissionCallbackProxy::GetInstance
[2023.03.11-10.59.45:975][  0]LogAudioCaptureCore: Display: No Audio Capture implementations found. Audio input will be silent.
[2023.03.11-10.59.45:975][  0]LogAudioCaptureCore: Display: No Audio Capture implementations found. Audio input will be silent.
[2023.03.11-10.59.46:337][  0]LogCollectionManager: Loaded 0 collections in 0.000686 seconds
[2023.03.11-10.59.46:373][  0]LogFileCache: Scanning file cache for directory 'D:/Users/qkrdl/Documents/GitHub/Zolup-Button_Project_MF/Project_MF/Saved/Collections/' took 0.00s
[2023.03.11-10.59.46:373][  0]LogFileCache: Scanning file cache for directory 'D:/Users/qkrdl/Documents/GitHub/Zolup-Button_Project_MF/Project_MF/Content/Developers/qkrdl/Collections/' took 0.00s
[2023.03.11-10.59.46:373][  0]LogFileCache: Scanning file cache for directory 'D:/Users/qkrdl/Documents/GitHub/Zolup-Button_Project_MF/Project_MF/Content/Collections/' took 0.00s
[2023.03.11-10.59.46:373][  0]LogOcInput: OculusInput pre-init called
[2023.03.11-10.59.46:709][  0]LogEngine: Initializing Engine...
[2023.03.11-10.59.46:711][  0]LogHMD: Failed to enumerate extensions. Please check that you have a valid OpenXR runtime installed.
[2023.03.11-10.59.46:711][  0]LogHMD: Failed to initialize OpenVR with code 110
[2023.03.11-10.59.46:711][  0]LogMagicLeap: Warning: VR disabled because ZI is not enabled.  To enable, in the editor, Edit -> Project Settings -> Plugins -> Magic Leap Plugin -> Enable Zero Iteration
[2023.03.11-10.59.46:712][  0]LogStats: UGameplayTagsManager::InitializeManager -  0.000 s
[2023.03.11-10.59.46:993][  0]LogInit: Initializing FReadOnlyCVARCache
[2023.03.11-10.59.47:001][  0]LogAIModule: Creating AISystem for world Untitled
[2023.03.11-10.59.47:001][  0]LogAudio: Display: Initializing Audio Device Manager...
[2023.03.11-10.59.47:005][  0]LogAudio: Display: Loading Default Audio Settings Objects...
[2023.03.11-10.59.47:008][  0]LogAudio: Display: No default SoundConcurrencyObject specified (or failed to load).
[2023.03.11-10.59.47:008][  0]LogAudio: Display: Audio Device Manager Initialized
[2023.03.11-10.59.47:008][  0]LogAudio: Display: Creating Audio Device:                 Id: 1, Scope: Shared, Realtime: True
[2023.03.11-10.59.47:009][  0]LogAudioMixer: Display: Audio Mixer Platform Settings:
[2023.03.11-10.59.47:009][  0]LogAudioMixer: Display: 	Sample Rate:						  48000
[2023.03.11-10.59.47:009][  0]LogAudioMixer: Display: 	Callback Buffer Frame Size Requested: 1024
[2023.03.11-10.59.47:009][  0]LogAudioMixer: Display: 	Callback Buffer Frame Size To Use:	  1024
[2023.03.11-10.59.47:009][  0]LogAudioMixer: Display: 	Number of buffers to queue:			  2
[2023.03.11-10.59.47:009][  0]LogAudioMixer: Display: 	Max Channels (voices):				  32
[2023.03.11-10.59.47:009][  0]LogAudioMixer: Display: 	Number of Async Source Workers:		  0
[2023.03.11-10.59.47:009][  0]LogAudio: Display: AudioDevice MaxSources: 32
[2023.03.11-10.59.47:009][  0]LogAudio: Display: Audio Spatialization Plugin: None (built-in).
[2023.03.11-10.59.47:009][  0]LogAudio: Display: Audio Reverb Plugin: None (built-in).
[2023.03.11-10.59.47:009][  0]LogAudio: Display: Audio Occlusion Plugin: None (built-in).
[2023.03.11-10.59.47:009][  0]LogAudioMixer: Display: Initializing audio mixer.
[2023.03.11-10.59.47:018][  0]LogAudioMixer: Display: 0: FrontLeft
[2023.03.11-10.59.47:018][  0]LogAudioMixer: Display: 1: FrontRight
[2023.03.11-10.59.47:031][  0]LogAudioMixer: Display: Using Audio Device 스피커(Logi USB Headset H340)
[2023.03.11-10.59.47:031][  0]LogAudioMixer: Display: Initializing Sound Submixes...
[2023.03.11-10.59.47:048][  0]LogAudioMixer: Display: Creating Master Submix 'MasterSubmixDefault'
[2023.03.11-10.59.47:048][  0]LogAudioMixer: Display: Creating Master Submix 'MasterReverbSubmixDefault'
[2023.03.11-10.59.47:049][  0]LogAudioMixer: Display: Creating Master Submix 'MasterEQSubmixDefault'
[2023.03.11-10.59.47:049][  0]LogAudioMixer: FMixerPlatformXAudio2::StartAudioStream() called
[2023.03.11-10.59.47:049][  0]LogAudioMixer: Display: Output buffers initialized: Frames=1024, Channels=2, Samples=2048
[2023.03.11-10.59.47:050][  0]LogAudioMixer: Display: Starting AudioMixerPlatformInterface::RunInternal()
[2023.03.11-10.59.47:050][  0]LogAudioMixer: Display: FMixerPlatformXAudio2::SubmitBuffer() called for the first time
[2023.03.11-10.59.47:050][  0]LogInit: FAudioDevice initialized.
[2023.03.11-10.59.47:050][  0]LogAudio: Display: Audio Device (ID: 1) registered with world 'Untitled'.
[2023.03.11-10.59.47:051][  0]LogNetVersion: Set ProjectVersion to 1.0.0.0. Version Checksum will be recalculated on next use.
[2023.03.11-10.59.47:120][  0]LogDerivedDataCache: Saved boot cache 0.07s 94MB C:/Users/qkrdl/AppData/Local/UnrealEngine/4.27/DerivedDataCache/Boot.ddc.
[2023.03.11-10.59.47:121][  0]LogInit: Texture streaming: Enabled
[2023.03.11-10.59.47:133][  0]LogAnalytics: Display: [UEEditor.Rocket.Release] APIServer = https://datarouter.ol.epicgames.com/. AppVersion = 4.27.2-18319896+++UE4+Release-4.27
[2023.03.11-10.59.47:137][  0]LogEngineSessionManager: EngineSessionManager initialized
[2023.03.11-10.59.47:137][  0]LogEngineSessionManager: EngineSessionManager sent abnormal shutdown report. Type=Crashed, SessionId={70393D1F-44FB-AFB9-72EA-B5B44CE8DDC3}
[2023.03.11-10.59.47:137][  0]LogEditorSessionSummary: Verbose: Initializing EditorSessionSummaryWriter for editor session tracking
[2023.03.11-10.59.47:138][  0]LogEditorSessionSummary: EditorSessionSummaryWriter initialized
[2023.03.11-10.59.47:163][  0]LogInit: Transaction tracking system initialized
[2023.03.11-10.59.47:184][  0]BlueprintLog: New page: 에디터 로드
[2023.03.11-10.59.47:246][  0]LocalizationService: 현지화 서비스가 비활성화되었습니다.
[2023.03.11-10.59.47:273][  0]TimingProfiler: Initialize
[2023.03.11-10.59.47:273][  0]TimingProfiler: OnSessionChanged
[2023.03.11-10.59.47:273][  0]LoadingProfiler: Initialize
[2023.03.11-10.59.47:273][  0]LoadingProfiler: OnSessionChanged
[2023.03.11-10.59.47:273][  0]NetworkingProfiler: Initialize
[2023.03.11-10.59.47:273][  0]NetworkingProfiler: OnSessionChanged
[2023.03.11-10.59.47:273][  0]MemoryProfiler: Initialize
[2023.03.11-10.59.47:273][  0]MemoryProfiler: OnSessionChanged
[2023.03.11-10.59.47:628][  0]LogCook: Display: CookSettings for Memory: MemoryMaxUsedVirtual 0MiB, MemoryMaxUsedPhysical 16384MiB, MemoryMinFreeVirtual 0MiB, MemoryMinFreePhysical 1024MiB
[2023.03.11-10.59.47:628][  0]LogCook: Display: Mobile HDR setting 1
[2023.03.11-10.59.47:955][  0]LogFileCache: Scanning file cache for directory 'D:/Users/qkrdl/Documents/GitHub/Zolup-Button_Project_MF/Project_MF/Content/' took 0.00s
[2023.03.11-10.59.48:162][  0]LogInit: Display: Engine is initialized. Leaving FEngineLoop::Init()
[2023.03.11-10.59.48:164][  0]SourceControl: 소스 컨트롤이 꺼졌습니다.
[2023.03.11-10.59.48:164][  0]LogUnrealEdMisc: Loading editor; pre map load, took 15.025
[2023.03.11-10.59.48:164][  0]Cmd: MAP LOAD FILE="../../../../../../Users/qkrdl/Documents/GitHub/Zolup-Button_Project_MF/Project_MF/Content/Levels/MainLevel.umap" TEMPLATE=0 SHOWPROGRESS=1 FEATURELEVEL=3
[2023.03.11-10.59.48:165][  0]LightingResults: New page: 라이팅 빌드
[2023.03.11-10.59.48:166][  0]LogWorld: UWorld::CleanupWorld for Untitled, bSessionEnded=true, bCleanupResources=true
[2023.03.11-10.59.48:166][  0]LogSlate: InvalidateAllWidgets triggered.  All widgets were invalidated
[2023.03.11-10.59.48:166][  0]MapCheck: New page: 맵 체크
[2023.03.11-10.59.48:166][  0]LightingResults: New page: 라이팅 빌드
[2023.03.11-10.59.48:169][  0]LogAudio: Display: Audio Device unregistered from world 'None'.
[2023.03.11-10.59.48:171][  0]LogUObjectHash: Compacting FUObjectHashTables data took   0.82ms
[2023.03.11-10.59.48:271][  0]LogAudio: Display: Audio Device (ID: 1) registered with world 'MainLevel'.
[2023.03.11-10.59.48:272][  0]LogAIModule: Creating AISystem for world MainLevel
[2023.03.11-10.59.48:280][  0]LogEditorServer: Finished looking for orphan Actors (0.000 secs)
[2023.03.11-10.59.48:287][  0]LogUObjectHash: Compacting FUObjectHashTables data took   0.84ms
[2023.03.11-10.59.48:287][  0]Cmd: MAP CHECKDEP NOCLEARLOG
[2023.03.11-10.59.48:288][  0]MapCheck: 맵 체크 완료: 오류 0 회, 경고 0 회, 소요 시간 0.089ms.
[2023.03.11-10.59.48:288][  0]LogFileHelpers: Loading map 'MainLevel' took 0.123
[2023.03.11-10.59.48:289][  0]LogUnrealEdMisc: Total Editor Startup Time, took 15.150
[2023.03.11-10.59.48:415][  0]LogSlate: Updating window title bar state: overlay mode, drag disabled, window buttons hidden, title bar hidden
[2023.03.11-10.59.48:420][  0]LogSlate: Updating window title bar state: overlay mode, drag disabled, window buttons hidden, title bar hidden
[2023.03.11-10.59.48:426][  0]LogSlate: Updating window title bar state: overlay mode, drag disabled, window buttons hidden, title bar hidden
[2023.03.11-10.59.48:431][  0]LogSlate: Updating window title bar state: overlay mode, drag disabled, window buttons hidden, title bar hidden
[2023.03.11-10.59.48:450][  0]LogNativeClassHierarchy: Verbose: Native class hierarchy populated in 0.0096 seconds. Added 3828 classes and 930 folders.
[2023.03.11-10.59.48:452][  0]LogNativeClassHierarchy: Verbose: Native class hierarchy updated for 'WidgetCarousel' in 0.0003 seconds. Added 0 classes and 0 folders.
[2023.03.11-10.59.48:464][  0]LogPakFile: PakFile PrimaryIndexSize=187
[2023.03.11-10.59.48:464][  0]LogPakFile: PakFile PathHashIndexSize=101
[2023.03.11-10.59.48:464][  0]LogPakFile: PakFile FullDirectoryIndexSize=148
[2023.03.11-10.59.48:464][  0]LogShaderLibrary: Display: ShaderCodeLibraryPakFileMountedCallback: PakFile 'D:/Program Files/Epic Games/UE_4.27/FeaturePacks/FP_FirstPerson.upack' (chunk index -1, root 'root:/') mounted
[2023.03.11-10.59.48:464][  0]LogShaderLibrary: Display: ShaderCodeLibraryPakFileMountedCallback: pending pak file info (ChunkID:-1 Root:root:/ File:D:/Program Files/Epic Games/UE_4.27/FeaturePacks/FP_FirstPerson.upack)
[2023.03.11-10.59.48:465][  0]LogPakFile: OnPakFileMounted2Time == 0.000061
[2023.03.11-10.59.48:471][  0]LogPakFile: PakFile PrimaryIndexSize=189
[2023.03.11-10.59.48:471][  0]LogPakFile: PakFile PathHashIndexSize=101
[2023.03.11-10.59.48:471][  0]LogPakFile: PakFile FullDirectoryIndexSize=152
[2023.03.11-10.59.48:471][  0]LogShaderLibrary: Display: ShaderCodeLibraryPakFileMountedCallback: PakFile 'D:/Program Files/Epic Games/UE_4.27/FeaturePacks/FP_FirstPersonBP.upack' (chunk index -1, root 'root:/') mounted
[2023.03.11-10.59.48:471][  0]LogShaderLibrary: Display: ShaderCodeLibraryPakFileMountedCallback: pending pak file info (ChunkID:-1 Root:root:/ File:D:/Program Files/Epic Games/UE_4.27/FeaturePacks/FP_FirstPersonBP.upack)
[2023.03.11-10.59.48:471][  0]LogPakFile: OnPakFileMounted2Time == 0.000048
[2023.03.11-10.59.48:475][  0]LogPakFile: PakFile PrimaryIndexSize=191
[2023.03.11-10.59.48:475][  0]LogPakFile: PakFile PathHashIndexSize=101
[2023.03.11-10.59.48:475][  0]LogPakFile: PakFile FullDirectoryIndexSize=160
[2023.03.11-10.59.48:475][  0]LogShaderLibrary: Display: ShaderCodeLibraryPakFileMountedCallback: PakFile 'D:/Program Files/Epic Games/UE_4.27/FeaturePacks/MobileStarterContent.upack' (chunk index -1, root 'root:/') mounted
[2023.03.11-10.59.48:475][  0]LogShaderLibrary: Display: ShaderCodeLibraryPakFileMountedCallback: pending pak file info (ChunkID:-1 Root:root:/ File:D:/Program Files/Epic Games/UE_4.27/FeaturePacks/MobileStarterContent.upack)
[2023.03.11-10.59.48:475][  0]LogPakFile: OnPakFileMounted2Time == 0.000039
[2023.03.11-10.59.48:479][  0]LogPakFile: PakFile PrimaryIndexSize=185
[2023.03.11-10.59.48:479][  0]LogPakFile: PakFile PathHashIndexSize=101
[2023.03.11-10.59.48:479][  0]LogPakFile: PakFile FullDirectoryIndexSize=148
[2023.03.11-10.59.48:479][  0]LogShaderLibrary: Display: ShaderCodeLibraryPakFileMountedCallback: PakFile 'D:/Program Files/Epic Games/UE_4.27/FeaturePacks/StarterContent.upack' (chunk index -1, root 'root:/') mounted
[2023.03.11-10.59.48:479][  0]LogShaderLibrary: Display: ShaderCodeLibraryPakFileMountedCallback: pending pak file info (ChunkID:-1 Root:root:/ File:D:/Program Files/Epic Games/UE_4.27/FeaturePacks/StarterContent.upack)
[2023.03.11-10.59.48:479][  0]LogPakFile: OnPakFileMounted2Time == 0.000035
[2023.03.11-10.59.48:484][  0]LogPakFile: PakFile PrimaryIndexSize=190
[2023.03.11-10.59.48:484][  0]LogPakFile: PakFile PathHashIndexSize=101
[2023.03.11-10.59.48:484][  0]LogPakFile: PakFile FullDirectoryIndexSize=154
[2023.03.11-10.59.48:484][  0]LogShaderLibrary: Display: ShaderCodeLibraryPakFileMountedCallback: PakFile 'D:/Program Files/Epic Games/UE_4.27/FeaturePacks/TP_2DSideScroller.upack' (chunk index -1, root 'root:/') mounted
[2023.03.11-10.59.48:484][  0]LogShaderLibrary: Display: ShaderCodeLibraryPakFileMountedCallback: pending pak file info (ChunkID:-1 Root:root:/ File:D:/Program Files/Epic Games/UE_4.27/FeaturePacks/TP_2DSideScroller.upack)
[2023.03.11-10.59.48:484][  0]LogPakFile: OnPakFileMounted2Time == 0.000038
[2023.03.11-10.59.48:488][  0]LogPakFile: PakFile PrimaryIndexSize=192
[2023.03.11-10.59.48:488][  0]LogPakFile: PakFile PathHashIndexSize=101
[2023.03.11-10.59.48:488][  0]LogPakFile: PakFile FullDirectoryIndexSize=158
[2023.03.11-10.59.48:488][  0]LogShaderLibrary: Display: ShaderCodeLibraryPakFileMountedCallback: PakFile 'D:/Program Files/Epic Games/UE_4.27/FeaturePacks/TP_2DSideScrollerBP.upack' (chunk index -1, root 'root:/') mounted
[2023.03.11-10.59.48:488][  0]LogShaderLibrary: Display: ShaderCodeLibraryPakFileMountedCallback: pending pak file info (ChunkID:-1 Root:root:/ File:D:/Program Files/Epic Games/UE_4.27/FeaturePacks/TP_2DSideScrollerBP.upack)
[2023.03.11-10.59.48:488][  0]LogPakFile: OnPakFileMounted2Time == 0.000037
[2023.03.11-10.59.48:491][  0]LogPakFile: PakFile PrimaryIndexSize=182
[2023.03.11-10.59.48:491][  0]LogPakFile: PakFile PathHashIndexSize=101
[2023.03.11-10.59.48:491][  0]LogPakFile: PakFile FullDirectoryIndexSize=138
[2023.03.11-10.59.48:491][  0]LogShaderLibrary: Display: ShaderCodeLibraryPakFileMountedCallback: PakFile 'D:/Program Files/Epic Games/UE_4.27/FeaturePacks/TP_Flying.upack' (chunk index -1, root 'root:/') mounted
[2023.03.11-10.59.48:491][  0]LogShaderLibrary: Display: ShaderCodeLibraryPakFileMountedCallback: pending pak file info (ChunkID:-1 Root:root:/ File:D:/Program Files/Epic Games/UE_4.27/FeaturePacks/TP_Flying.upack)
[2023.03.11-10.59.48:491][  0]LogPakFile: OnPakFileMounted2Time == 0.000031
[2023.03.11-10.59.48:495][  0]LogPakFile: PakFile PrimaryIndexSize=184
[2023.03.11-10.59.48:495][  0]LogPakFile: PakFile PathHashIndexSize=101
[2023.03.11-10.59.48:495][  0]LogPakFile: PakFile FullDirectoryIndexSize=142
[2023.03.11-10.59.48:495][  0]LogShaderLibrary: Display: ShaderCodeLibraryPakFileMountedCallback: PakFile 'D:/Program Files/Epic Games/UE_4.27/FeaturePacks/TP_FlyingBP.upack' (chunk index -1, root 'root:/') mounted
[2023.03.11-10.59.48:495][  0]LogShaderLibrary: Display: ShaderCodeLibraryPakFileMountedCallback: pending pak file info (ChunkID:-1 Root:root:/ File:D:/Program Files/Epic Games/UE_4.27/FeaturePacks/TP_FlyingBP.upack)
[2023.03.11-10.59.48:495][  0]LogPakFile: OnPakFileMounted2Time == 0.000031
[2023.03.11-10.59.48:500][  0]LogPakFile: PakFile PrimaryIndexSize=188
[2023.03.11-10.59.48:500][  0]LogPakFile: PakFile PathHashIndexSize=101
[2023.03.11-10.59.48:500][  0]LogPakFile: PakFile FullDirectoryIndexSize=150
[2023.03.11-10.59.48:500][  0]LogShaderLibrary: Display: ShaderCodeLibraryPakFileMountedCallback: PakFile 'D:/Program Files/Epic Games/UE_4.27/FeaturePacks/TP_HandheldARBP.upack' (chunk index -1, root 'root:/') mounted
[2023.03.11-10.59.48:500][  0]LogShaderLibrary: Display: ShaderCodeLibraryPakFileMountedCallback: pending pak file info (ChunkID:-1 Root:root:/ File:D:/Program Files/Epic Games/UE_4.27/FeaturePacks/TP_HandheldARBP.upack)
[2023.03.11-10.59.48:500][  0]LogPakFile: OnPakFileMounted2Time == 0.000037
[2023.03.11-10.59.48:504][  0]LogPakFile: PakFile PrimaryIndexSize=182
[2023.03.11-10.59.48:504][  0]LogPakFile: PakFile PathHashIndexSize=101
[2023.03.11-10.59.48:504][  0]LogPakFile: PakFile FullDirectoryIndexSize=138
[2023.03.11-10.59.48:504][  0]LogShaderLibrary: Display: ShaderCodeLibraryPakFileMountedCallback: PakFile 'D:/Program Files/Epic Games/UE_4.27/FeaturePacks/TP_Puzzle.upack' (chunk index -1, root 'root:/') mounted
[2023.03.11-10.59.48:504][  0]LogShaderLibrary: Display: ShaderCodeLibraryPakFileMountedCallback: pending pak file info (ChunkID:-1 Root:root:/ File:D:/Program Files/Epic Games/UE_4.27/FeaturePacks/TP_Puzzle.upack)
[2023.03.11-10.59.48:504][  0]LogPakFile: OnPakFileMounted2Time == 0.000036
[2023.03.11-10.59.48:508][  0]LogPakFile: PakFile PrimaryIndexSize=184
[2023.03.11-10.59.48:508][  0]LogPakFile: PakFile PathHashIndexSize=101
[2023.03.11-10.59.48:508][  0]LogPakFile: PakFile FullDirectoryIndexSize=142
[2023.03.11-10.59.48:508][  0]LogShaderLibrary: Display: ShaderCodeLibraryPakFileMountedCallback: PakFile 'D:/Program Files/Epic Games/UE_4.27/FeaturePacks/TP_PuzzleBP.upack' (chunk index -1, root 'root:/') mounted
[2023.03.11-10.59.48:508][  0]LogShaderLibrary: Display: ShaderCodeLibraryPakFileMountedCallback: pending pak file info (ChunkID:-1 Root:root:/ File:D:/Program Files/Epic Games/UE_4.27/FeaturePacks/TP_PuzzleBP.upack)
[2023.03.11-10.59.48:508][  0]LogPakFile: OnPakFileMounted2Time == 0.000037
[2023.03.11-10.59.48:511][  0]LogPakFile: PakFile PrimaryIndexSize=183
[2023.03.11-10.59.48:511][  0]LogPakFile: PakFile PathHashIndexSize=101
[2023.03.11-10.59.48:511][  0]LogPakFile: PakFile FullDirectoryIndexSize=140
[2023.03.11-10.59.48:511][  0]LogShaderLibrary: Display: ShaderCodeLibraryPakFileMountedCallback: PakFile 'D:/Program Files/Epic Games/UE_4.27/FeaturePacks/TP_Rolling.upack' (chunk index -1, root 'root:/') mounted
[2023.03.11-10.59.48:511][  0]LogShaderLibrary: Display: ShaderCodeLibraryPakFileMountedCallback: pending pak file info (ChunkID:-1 Root:root:/ File:D:/Program Files/Epic Games/UE_4.27/FeaturePacks/TP_Rolling.upack)
[2023.03.11-10.59.48:511][  0]LogPakFile: OnPakFileMounted2Time == 0.000032
[2023.03.11-10.59.48:515][  0]LogPakFile: PakFile PrimaryIndexSize=185
[2023.03.11-10.59.48:516][  0]LogPakFile: PakFile PathHashIndexSize=101
[2023.03.11-10.59.48:516][  0]LogPakFile: PakFile FullDirectoryIndexSize=144
[2023.03.11-10.59.48:516][  0]LogShaderLibrary: Display: ShaderCodeLibraryPakFileMountedCallback: PakFile 'D:/Program Files/Epic Games/UE_4.27/FeaturePacks/TP_RollingBP.upack' (chunk index -1, root 'root:/') mounted
[2023.03.11-10.59.48:516][  0]LogShaderLibrary: Display: ShaderCodeLibraryPakFileMountedCallback: pending pak file info (ChunkID:-1 Root:root:/ File:D:/Program Files/Epic Games/UE_4.27/FeaturePacks/TP_RollingBP.upack)
[2023.03.11-10.59.48:516][  0]LogPakFile: OnPakFileMounted2Time == 0.000044
[2023.03.11-10.59.48:519][  0]LogPakFile: PakFile PrimaryIndexSize=188
[2023.03.11-10.59.48:519][  0]LogPakFile: PakFile PathHashIndexSize=101
[2023.03.11-10.59.48:519][  0]LogPakFile: PakFile FullDirectoryIndexSize=150
[2023.03.11-10.59.48:519][  0]LogShaderLibrary: Display: ShaderCodeLibraryPakFileMountedCallback: PakFile 'D:/Program Files/Epic Games/UE_4.27/FeaturePacks/TP_SideScroller.upack' (chunk index -1, root 'root:/') mounted
[2023.03.11-10.59.48:519][  0]LogShaderLibrary: Display: ShaderCodeLibraryPakFileMountedCallback: pending pak file info (ChunkID:-1 Root:root:/ File:D:/Program Files/Epic Games/UE_4.27/FeaturePacks/TP_SideScroller.upack)
[2023.03.11-10.59.48:519][  0]LogPakFile: OnPakFileMounted2Time == 0.000038
[2023.03.11-10.59.48:524][  0]LogPakFile: PakFile PrimaryIndexSize=190
[2023.03.11-10.59.48:524][  0]LogPakFile: PakFile PathHashIndexSize=101
[2023.03.11-10.59.48:524][  0]LogPakFile: PakFile FullDirectoryIndexSize=154
[2023.03.11-10.59.48:524][  0]LogShaderLibrary: Display: ShaderCodeLibraryPakFileMountedCallback: PakFile 'D:/Program Files/Epic Games/UE_4.27/FeaturePacks/TP_SideScrollerBP.upack' (chunk index -1, root 'root:/') mounted
[2023.03.11-10.59.48:524][  0]LogShaderLibrary: Display: ShaderCodeLibraryPakFileMountedCallback: pending pak file info (ChunkID:-1 Root:root:/ File:D:/Program Files/Epic Games/UE_4.27/FeaturePacks/TP_SideScrollerBP.upack)
[2023.03.11-10.59.48:524][  0]LogPakFile: OnPakFileMounted2Time == 0.000035
[2023.03.11-10.59.48:528][  0]LogPakFile: PakFile PrimaryIndexSize=187
[2023.03.11-10.59.48:528][  0]LogPakFile: PakFile PathHashIndexSize=101
[2023.03.11-10.59.48:528][  0]LogPakFile: PakFile FullDirectoryIndexSize=148
[2023.03.11-10.59.48:528][  0]LogShaderLibrary: Display: ShaderCodeLibraryPakFileMountedCallback: PakFile 'D:/Program Files/Epic Games/UE_4.27/FeaturePacks/TP_ThirdPerson.upack' (chunk index -1, root 'root:/') mounted
[2023.03.11-10.59.48:528][  0]LogShaderLibrary: Display: ShaderCodeLibraryPakFileMountedCallback: pending pak file info (ChunkID:-1 Root:root:/ File:D:/Program Files/Epic Games/UE_4.27/FeaturePacks/TP_ThirdPerson.upack)
[2023.03.11-10.59.48:528][  0]LogPakFile: OnPakFileMounted2Time == 0.000061
[2023.03.11-10.59.48:533][  0]LogPakFile: PakFile PrimaryIndexSize=189
[2023.03.11-10.59.48:533][  0]LogPakFile: PakFile PathHashIndexSize=101
[2023.03.11-10.59.48:533][  0]LogPakFile: PakFile FullDirectoryIndexSize=152
[2023.03.11-10.59.48:533][  0]LogShaderLibrary: Display: ShaderCodeLibraryPakFileMountedCallback: PakFile 'D:/Program Files/Epic Games/UE_4.27/FeaturePacks/TP_ThirdPersonBP.upack' (chunk index -1, root 'root:/') mounted
[2023.03.11-10.59.48:533][  0]LogShaderLibrary: Display: ShaderCodeLibraryPakFileMountedCallback: pending pak file info (ChunkID:-1 Root:root:/ File:D:/Program Files/Epic Games/UE_4.27/FeaturePacks/TP_ThirdPersonBP.upack)
[2023.03.11-10.59.48:533][  0]LogPakFile: OnPakFileMounted2Time == 0.000037
[2023.03.11-10.59.48:537][  0]LogPakFile: PakFile PrimaryIndexSize=183
[2023.03.11-10.59.48:537][  0]LogPakFile: PakFile PathHashIndexSize=101
[2023.03.11-10.59.48:537][  0]LogPakFile: PakFile FullDirectoryIndexSize=140
[2023.03.11-10.59.48:537][  0]LogShaderLibrary: Display: ShaderCodeLibraryPakFileMountedCallback: PakFile 'D:/Program Files/Epic Games/UE_4.27/FeaturePacks/TP_TopDown.upack' (chunk index -1, root 'root:/') mounted
[2023.03.11-10.59.48:537][  0]LogShaderLibrary: Display: ShaderCodeLibraryPakFileMountedCallback: pending pak file info (ChunkID:-1 Root:root:/ File:D:/Program Files/Epic Games/UE_4.27/FeaturePacks/TP_TopDown.upack)
[2023.03.11-10.59.48:537][  0]LogPakFile: OnPakFileMounted2Time == 0.000048
[2023.03.11-10.59.48:541][  0]LogPakFile: PakFile PrimaryIndexSize=185
[2023.03.11-10.59.48:541][  0]LogPakFile: PakFile PathHashIndexSize=101
[2023.03.11-10.59.48:541][  0]LogPakFile: PakFile FullDirectoryIndexSize=144
[2023.03.11-10.59.48:541][  0]LogShaderLibrary: Display: ShaderCodeLibraryPakFileMountedCallback: PakFile 'D:/Program Files/Epic Games/UE_4.27/FeaturePacks/TP_TopDownBP.upack' (chunk index -1, root 'root:/') mounted
[2023.03.11-10.59.48:541][  0]LogShaderLibrary: Display: ShaderCodeLibraryPakFileMountedCallback: pending pak file info (ChunkID:-1 Root:root:/ File:D:/Program Files/Epic Games/UE_4.27/FeaturePacks/TP_TopDownBP.upack)
[2023.03.11-10.59.48:541][  0]LogPakFile: OnPakFileMounted2Time == 0.000031
[2023.03.11-10.59.48:548][  0]LogPakFile: PakFile PrimaryIndexSize=185
[2023.03.11-10.59.48:548][  0]LogPakFile: PakFile PathHashIndexSize=101
[2023.03.11-10.59.48:548][  0]LogPakFile: PakFile FullDirectoryIndexSize=144
[2023.03.11-10.59.48:548][  0]LogShaderLibrary: Display: ShaderCodeLibraryPakFileMountedCallback: PakFile 'D:/Program Files/Epic Games/UE_4.27/FeaturePacks/TP_TwinStick.upack' (chunk index -1, root 'root:/') mounted
[2023.03.11-10.59.48:548][  0]LogShaderLibrary: Display: ShaderCodeLibraryPakFileMountedCallback: pending pak file info (ChunkID:-1 Root:root:/ File:D:/Program Files/Epic Games/UE_4.27/FeaturePacks/TP_TwinStick.upack)
[2023.03.11-10.59.48:548][  0]LogPakFile: OnPakFileMounted2Time == 0.000035
[2023.03.11-10.59.48:551][  0]LogPakFile: PakFile PrimaryIndexSize=187
[2023.03.11-10.59.48:551][  0]LogPakFile: PakFile PathHashIndexSize=101
[2023.03.11-10.59.48:551][  0]LogPakFile: PakFile FullDirectoryIndexSize=148
[2023.03.11-10.59.48:551][  0]LogShaderLibrary: Display: ShaderCodeLibraryPakFileMountedCallback: PakFile 'D:/Program Files/Epic Games/UE_4.27/FeaturePacks/TP_TwinStickBP.upack' (chunk index -1, root 'root:/') mounted
[2023.03.11-10.59.48:551][  0]LogShaderLibrary: Display: ShaderCodeLibraryPakFileMountedCallback: pending pak file info (ChunkID:-1 Root:root:/ File:D:/Program Files/Epic Games/UE_4.27/FeaturePacks/TP_TwinStickBP.upack)
[2023.03.11-10.59.48:551][  0]LogPakFile: OnPakFileMounted2Time == 0.000033
[2023.03.11-10.59.48:555][  0]LogPakFile: PakFile PrimaryIndexSize=183
[2023.03.11-10.59.48:555][  0]LogPakFile: PakFile PathHashIndexSize=101
[2023.03.11-10.59.48:555][  0]LogPakFile: PakFile FullDirectoryIndexSize=140
[2023.03.11-10.59.48:555][  0]LogShaderLibrary: Display: ShaderCodeLibraryPakFileMountedCallback: PakFile 'D:/Program Files/Epic Games/UE_4.27/FeaturePacks/TP_Vehicle.upack' (chunk index -1, root 'root:/') mounted
[2023.03.11-10.59.48:555][  0]LogShaderLibrary: Display: ShaderCodeLibraryPakFileMountedCallback: pending pak file info (ChunkID:-1 Root:root:/ File:D:/Program Files/Epic Games/UE_4.27/FeaturePacks/TP_Vehicle.upack)
[2023.03.11-10.59.48:555][  0]LogPakFile: OnPakFileMounted2Time == 0.000031
[2023.03.11-10.59.48:558][  0]LogPakFile: PakFile PrimaryIndexSize=186
[2023.03.11-10.59.48:558][  0]LogPakFile: PakFile PathHashIndexSize=101
[2023.03.11-10.59.48:558][  0]LogPakFile: PakFile FullDirectoryIndexSize=146
[2023.03.11-10.59.48:558][  0]LogShaderLibrary: Display: ShaderCodeLibraryPakFileMountedCallback: PakFile 'D:/Program Files/Epic Games/UE_4.27/FeaturePacks/TP_VehicleAdv.upack' (chunk index -1, root 'root:/') mounted
[2023.03.11-10.59.48:558][  0]LogShaderLibrary: Display: ShaderCodeLibraryPakFileMountedCallback: pending pak file info (ChunkID:-1 Root:root:/ File:D:/Program Files/Epic Games/UE_4.27/FeaturePacks/TP_VehicleAdv.upack)
[2023.03.11-10.59.48:558][  0]LogPakFile: OnPakFileMounted2Time == 0.000037
[2023.03.11-10.59.48:563][  0]LogPakFile: PakFile PrimaryIndexSize=188
[2023.03.11-10.59.48:563][  0]LogPakFile: PakFile PathHashIndexSize=101
[2023.03.11-10.59.48:564][  0]LogPakFile: PakFile FullDirectoryIndexSize=150
[2023.03.11-10.59.48:564][  0]LogShaderLibrary: Display: ShaderCodeLibraryPakFileMountedCallback: PakFile 'D:/Program Files/Epic Games/UE_4.27/FeaturePacks/TP_VehicleAdvBP.upack' (chunk index -1, root 'root:/') mounted
[2023.03.11-10.59.48:564][  0]LogShaderLibrary: Display: ShaderCodeLibraryPakFileMountedCallback: pending pak file info (ChunkID:-1 Root:root:/ File:D:/Program Files/Epic Games/UE_4.27/FeaturePacks/TP_VehicleAdvBP.upack)
[2023.03.11-10.59.48:564][  0]LogPakFile: OnPakFileMounted2Time == 0.000036
[2023.03.11-10.59.48:567][  0]LogPakFile: PakFile PrimaryIndexSize=185
[2023.03.11-10.59.48:567][  0]LogPakFile: PakFile PathHashIndexSize=101
[2023.03.11-10.59.48:567][  0]LogPakFile: PakFile FullDirectoryIndexSize=144
[2023.03.11-10.59.48:567][  0]LogShaderLibrary: Display: ShaderCodeLibraryPakFileMountedCallback: PakFile 'D:/Program Files/Epic Games/UE_4.27/FeaturePacks/TP_VehicleBP.upack' (chunk index -1, root 'root:/') mounted
[2023.03.11-10.59.48:567][  0]LogShaderLibrary: Display: ShaderCodeLibraryPakFileMountedCallback: pending pak file info (ChunkID:-1 Root:root:/ File:D:/Program Files/Epic Games/UE_4.27/FeaturePacks/TP_VehicleBP.upack)
[2023.03.11-10.59.48:567][  0]LogPakFile: OnPakFileMounted2Time == 0.000037
[2023.03.11-10.59.48:570][  0]LogPakFile: PakFile PrimaryIndexSize=192
[2023.03.11-10.59.48:570][  0]LogPakFile: PakFile PathHashIndexSize=101
[2023.03.11-10.59.48:570][  0]LogPakFile: PakFile FullDirectoryIndexSize=158
[2023.03.11-10.59.48:570][  0]LogShaderLibrary: Display: ShaderCodeLibraryPakFileMountedCallback: PakFile 'D:/Program Files/Epic Games/UE_4.27/FeaturePacks/TP_VirtualRealityBP.upack' (chunk index -1, root 'root:/') mounted
[2023.03.11-10.59.48:570][  0]LogShaderLibrary: Display: ShaderCodeLibraryPakFileMountedCallback: pending pak file info (ChunkID:-1 Root:root:/ File:D:/Program Files/Epic Games/UE_4.27/FeaturePacks/TP_VirtualRealityBP.upack)
[2023.03.11-10.59.48:570][  0]LogPakFile: OnPakFileMounted2Time == 0.000032
[2023.03.11-10.59.48:811][  0]LogNativeClassHierarchy: Verbose: Native class hierarchy updated for 'AddContentDialog' in 0.0003 seconds. Added 0 classes and 0 folders.
[2023.03.11-10.59.48:831][  0]LogSlate: Took 0.000262 seconds to synchronously load lazily loaded font '../../../Engine/Content/Slate/Fonts/Roboto-Regular.ttf' (155K)
[2023.03.11-10.59.48:837][  0]LogSlate: Took 0.004471 seconds to synchronously load lazily loaded font '../../../Engine/Content/Editor/Slate/Fonts/FontAwesome.ttf' (139K)
[2023.03.11-10.59.48:842][  0]LogSlate: Took 0.005453 seconds to synchronously load lazily loaded font '../../../Engine/Content/Editor/Slate/Fonts/NanumGothic.ttf' (4243K)
[2023.03.11-10.59.48:850][  0]LogSlate: Took 0.005212 seconds to synchronously load lazily loaded font '../../../Engine/Content/Editor/Slate/Fonts/NanumGothicBold.ttf' (4188K)
[2023.03.11-10.59.48:851][  0]LogSlate: Took 0.000271 seconds to synchronously load lazily loaded font '../../../Engine/Content/Slate/Fonts/Roboto-Bold.ttf' (160K)
[2023.03.11-10.59.48:860][  0]LogSlate: Took 0.006480 seconds to synchronously load lazily loaded font '../../../Engine/Content/Slate/Fonts/DroidSansMono.ttf' (77K)
[2023.03.11-10.59.48:905][  0]LogSlate: Took 0.005313 seconds to synchronously load lazily loaded font '../../../Engine/Content/Editor/Slate/Fonts/NanumGothicExtraBold.ttf' (4074K)
[2023.03.11-10.59.49:008][  0]LogRenderer: Reallocating scene render targets to support 1516x612 Format 10 NumSamples 1 (Frame:1).
[2023.03.11-10.59.49:047][  0]LogSlate: Took 0.004060 seconds to synchronously load lazily loaded font '../../../Engine/Content/Slate/Fonts/Roboto-Light.ttf' (167K)
[2023.03.11-10.59.49:085][  0]LogNativeClassHierarchy: Verbose: Native class hierarchy updated for 'HierarchicalLODOutliner' in 0.0003 seconds. Added 0 classes and 0 folders.
[2023.03.11-10.59.49:085][  0]LogLoad: (Engine Initialization) Total time: 15.95 seconds
[2023.03.11-10.59.49:085][  0]LogLoad: (Engine Initialization) Total Blueprint compile time: 0.00 seconds
[2023.03.11-10.59.49:129][  0]LogAssetRegistry: Asset discovery search completed in 8.1426 seconds
[2023.03.11-10.59.49:153][  0]LogCollectionManager: Fixed up redirectors for 0 collections in 0.000003 seconds (updated 0 objects)
[2023.03.11-10.59.49:188][  0]LogContentStreaming: Texture pool size now 1000 MB
[2023.03.11-11.55.55:947][287]LogTemp: Repeating last play command: 선택된 뷰포트
[2023.03.11-11.55.55:952][287]LogPlayLevel: PlayLevel: No blueprints needed recompiling
[2023.03.11-11.55.55:953][287]PIE: New page: PIE 세션: MainLevel (2023. 3. 12. 오전 5:55:55)
[2023.03.11-11.55.55:954][287]LogOnline: OSS: Creating online subsystem instance for: NULL
[2023.03.11-11.55.55:955][287]LogOnline: OSS: TryLoadSubsystemAndSetDefault: Loaded subsystem for module [NULL]
[2023.03.11-11.55.55:955][287]LogPlayLevel: Creating play world package: /Game/Levels/UEDPIE_0_MainLevel
[2023.03.11-11.55.55:957][287]LogPlayLevel: PIE: StaticDuplicateObject took: (0.002488s)
[2023.03.11-11.55.55:958][287]LogAIModule: Creating AISystem for world MainLevel
[2023.03.11-11.55.55:958][287]LogPlayLevel: PIE: World Init took: (0.000978s)
[2023.03.11-11.55.55:959][287]LogPlayLevel: PIE: Created PIE world by copying editor world from /Game/Levels/MainLevel.MainLevel to /Game/Levels/UEDPIE_0_MainLevel.MainLevel (0.003567s)
[2023.03.11-11.55.55:964][287]LogUObjectHash: Compacting FUObjectHashTables data took   0.82ms
[2023.03.11-11.55.55:966][287]LogAudio: Display: Creating Audio Device:                 Id: 2, Scope: Unique, Realtime: True
[2023.03.11-11.55.55:966][287]LogAudioMixer: Display: Audio Mixer Platform Settings:
[2023.03.11-11.55.55:966][287]LogAudioMixer: Display: 	Sample Rate:						  48000
[2023.03.11-11.55.55:966][287]LogAudioMixer: Display: 	Callback Buffer Frame Size Requested: 1024
[2023.03.11-11.55.55:966][287]LogAudioMixer: Display: 	Callback Buffer Frame Size To Use:	  1024
[2023.03.11-11.55.55:966][287]LogAudioMixer: Display: 	Number of buffers to queue:			  2
[2023.03.11-11.55.55:966][287]LogAudioMixer: Display: 	Max Channels (voices):				  32
[2023.03.11-11.55.55:966][287]LogAudioMixer: Display: 	Number of Async Source Workers:		  0
[2023.03.11-11.55.55:966][287]LogAudio: Display: AudioDevice MaxSources: 32
[2023.03.11-11.55.55:966][287]LogAudio: Display: Audio Spatialization Plugin: None (built-in).
[2023.03.11-11.55.55:966][287]LogAudio: Display: Audio Reverb Plugin: None (built-in).
[2023.03.11-11.55.55:966][287]LogAudio: Display: Audio Occlusion Plugin: None (built-in).
[2023.03.11-11.55.55:967][287]LogAudioMixer: Display: Initializing audio mixer.
[2023.03.11-11.55.55:970][287]LogAudioMixer: Display: 0: FrontLeft
[2023.03.11-11.55.55:970][287]LogAudioMixer: Display: 1: FrontRight
[2023.03.11-11.55.55:979][287]LogAudioMixer: Display: Using Audio Device 스피커(Logi USB Headset H340)
[2023.03.11-11.55.55:979][287]LogAudioMixer: Display: Initializing Sound Submixes...
[2023.03.11-11.55.55:979][287]LogAudioMixer: Display: Creating Master Submix 'MasterSubmixDefault'
[2023.03.11-11.55.55:979][287]LogAudioMixer: Display: Creating Master Submix 'MasterReverbSubmixDefault'
[2023.03.11-11.55.55:980][287]LogAudioMixer: Display: Creating Master Submix 'MasterEQSubmixDefault'
[2023.03.11-11.55.55:980][287]LogAudioMixer: FMixerPlatformXAudio2::StartAudioStream() called
[2023.03.11-11.55.55:980][287]LogAudioMixer: Display: Output buffers initialized: Frames=1024, Channels=2, Samples=2048
[2023.03.11-11.55.55:980][287]LogAudioMixer: Display: Starting AudioMixerPlatformInterface::RunInternal()
[2023.03.11-11.55.55:980][287]LogAudioMixer: Display: FMixerPlatformXAudio2::SubmitBuffer() called for the first time
[2023.03.11-11.55.55:981][287]LogInit: FAudioDevice initialized.
[2023.03.11-11.55.55:981][287]LogAudio: Display: Audio Device (ID: 2) registered with world 'MainLevel'.
[2023.03.11-11.55.55:990][287]LogLoad: Game class is 'MainLevelGameMode'
[2023.03.11-11.55.55:991][287]LogWorld: Bringing World /Game/Levels/UEDPIE_0_MainLevel.MainLevel up for play (max tick rate 0) at 2023.03.11-20.55.55
[2023.03.11-11.55.55:991][287]LogWorld: Bringing up level for play took: 0.000501
[2023.03.11-11.55.55:991][287]LogOnline: OSS: Creating online subsystem instance for: :Context_1
[2023.03.11-11.55.55:993][287]LogNativeClassHierarchy: Verbose: Native class hierarchy updated for 'MovieSceneCapture' in 0.0003 seconds. Added 20 classes and 0 folders.
[2023.03.11-11.55.56:906][287]LogWindows: Error: === Critical error: ===
[2023.03.11-11.55.56:906][287]LogWindows: Error: 
[2023.03.11-11.55.56:906][287]LogWindows: Error: Fatal error!
[2023.03.11-11.55.56:906][287]LogWindows: Error: 
[2023.03.11-11.55.56:906][287]LogWindows: Error: Unhandled Exception: EXCEPTION_ACCESS_VIOLATION reading address 0x00000000000003a0
[2023.03.11-11.55.56:906][287]LogWindows: Error: 
[2023.03.11-11.55.56:906][287]LogWindows: Error: [Callstack] 0x00007ffea4735050 UE4Editor-Project_MF-3550.dll!AProject_MFGameModeBase::GetEditmode() [D:\Users\qkrdl\Documents\GitHub\Zolup-Button_Project_MF\Project_MF\Source\Project_MF\Project_MFGameModeBase.cpp:28]
[2023.03.11-11.55.56:906][287]LogWindows: Error: [Callstack] 0x00007ffea47335c3 UE4Editor-Project_MF-3550.dll!AMainLevelScriptActor::BeginPlay() [D:\Users\qkrdl\Documents\GitHub\Zolup-Button_Project_MF\Project_MF\Source\Project_MF\MainLevelScriptActor.cpp:24]
[2023.03.11-11.55.56:906][287]LogWindows: Error: [Callstack] 0x00007fffbebb0c1f UE4Editor-Engine.dll!UnknownFunction []
[2023.03.11-11.55.56:906][287]LogWindows: Error: [Callstack] 0x00007fffbffbba95 UE4Editor-Engine.dll!UnknownFunction []
[2023.03.11-11.55.56:906][287]LogWindows: Error: [Callstack] 0x00007fffbf2fca31 UE4Editor-Engine.dll!UnknownFunction []
[2023.03.11-11.55.56:906][287]LogWindows: Error: [Callstack] 0x00007fffbff5fb3e UE4Editor-Engine.dll!UnknownFunction []
[2023.03.11-11.55.56:906][287]LogWindows: Error: [Callstack] 0x00007fffbf31eb09 UE4Editor-Engine.dll!UnknownFunction []
[2023.03.11-11.55.56:906][287]LogWindows: Error: [Callstack] 0x00007fffbcfe2c45 UE4Editor-UnrealEd.dll!UnknownFunction []
[2023.03.11-11.55.56:906][287]LogWindows: Error: [Callstack] 0x00007fffbd00622f UE4Editor-UnrealEd.dll!UnknownFunction []
[2023.03.11-11.55.56:906][287]LogWindows: Error: [Callstack] 0x00007fffbcfe397d UE4Editor-UnrealEd.dll!UnknownFunction []
[2023.03.11-11.55.56:906][287]LogWindows: Error: [Callstack] 0x00007fffbd023772 UE4Editor-UnrealEd.dll!UnknownFunction []
[2023.03.11-11.55.56:906][287]LogWindows: Error: [Callstack] 0x00007fffbd026d31 UE4Editor-UnrealEd.dll!UnknownFunction []
[2023.03.11-11.55.56:906][287]LogWindows: Error: [Callstack] 0x00007fffbd0265f8 UE4Editor-UnrealEd.dll!UnknownFunction []
[2023.03.11-11.55.56:906][287]LogWindows: Error: [Callstack] 0x00007fffbca80c8c UE4Editor-UnrealEd.dll!UnknownFunction []
[2023.03.11-11.55.56:906][287]LogWindows: Error: [Callstack] 0x00007fffbd382ba6 UE4Editor-UnrealEd.dll!UnknownFunction []
[2023.03.11-11.55.56:906][287]LogWindows: Error: [Callstack] 0x00007ff6148e87a0 UE4Editor.exe!UnknownFunction []
[2023.03.11-11.55.56:906][287]LogWindows: Error: [Callstack] 0x00007ff614900fcc UE4Editor.exe!UnknownFunction []
[2023.03.11-11.55.56:906][287]LogWindows: Error: [Callstack] 0x00007ff6149010ba UE4Editor.exe!UnknownFunction []
[2023.03.11-11.55.56:906][287]LogWindows: Error: [Callstack] 0x00007ff6149040dd UE4Editor.exe!UnknownFunction []
[2023.03.11-11.55.56:906][287]LogWindows: Error: [Callstack] 0x00007ff614915984 UE4Editor.exe!UnknownFunction []
[2023.03.11-11.55.56:906][287]LogWindows: Error: [Callstack] 0x00007ff61491853a UE4Editor.exe!UnknownFunction []
[2023.03.11-11.55.56:907][287]LogWindows: Error: [Callstack] 0x00007ff84f0f26bd KERNEL32.DLL!UnknownFunction []
[2023.03.11-11.55.56:907][287]LogWindows: Error: [Callstack] 0x00007ff84faedfb8 ntdll.dll!UnknownFunction []
[2023.03.11-11.55.56:907][287]LogWindows: Error: 
[2023.03.11-11.55.56:916][287]LogExit: Executing StaticShutdownAfterError
[2023.03.11-11.55.56:918][287]LogWindows: FPlatformMisc::RequestExit(1)
[2023.03.11-11.55.56:918][287]LogWindows: FPlatformMisc::RequestExitWithStatus(1, 3)
[2023.03.11-11.55.56:918][287]LogCore: Engine exit requested (reason: Win RequestExit)
[2023.03.11-11.55.56:927][287]Log file closed, 03/11/23 20:55:56
