Log file open, 04/07/23 23:02:35
LogWindows: Failed to load 'aqProf.dll' (GetLastError=126)
LogWindows: File 'aqProf.dll' does not exist
LogWindows: Failed to load 'VtuneApi.dll' (GetLastError=126)
LogWindows: File 'VtuneApi.dll' does not exist
LogWindows: Failed to load 'VtuneApi32e.dll' (GetLastError=126)
LogWindows: File 'VtuneApi32e.dll' does not exist
LogConsoleResponse: Display: Failed to find resolution value strings in scalability ini. Falling back to default.
LogConsoleResponse: Display: Failed to find resolution value strings in scalability ini. Falling back to default.
LogInit: Display: Running engine for game: Project_MF
LogPlatformFile: Not using cached read wrapper
LogTaskGraph: Started task graph with 5 named threads and 23 total threads with 3 sets of task threads.
LogStats: Stats thread started at 0.580589
LogICUInternationalization: ICU TimeZone Detection - Raw Offset: +9:00, Platform Override: ''
LogInit: Display: Loading text-based GConfig....
LogPluginManager: Mounting plugin MeshPainting
LogPluginManager: Mounting plugin XGEController
LogPluginManager: Mounting plugin Paper2D
LogPluginManager: Mounting plugin AISupport
LogPluginManager: Mounting plugin LightPropagationVolume
LogPluginManager: Mounting plugin EnvironmentQueryEditor
LogPluginManager: Mounting plugin GameplayCameras
LogPluginManager: Mounting plugin CameraShakePreviewer
LogPluginManager: Mounting plugin LiveLink
LogPluginManager: Mounting plugin OodleNetwork
LogPluginManager: Mounting plugin AssetManagerEditor
LogPluginManager: Mounting plugin OodleData
LogPluginManager: Mounting plugin CryptoKeys
LogPluginManager: Mounting plugin CurveEditorTools
LogPluginManager: Mounting plugin DataValidation
LogPluginManager: Mounting plugin FacialAnimation
LogPluginManager: Mounting plugin GameplayTagsEditor
LogPluginManager: Mounting plugin GeometryMode
LogPluginManager: Mounting plugin MacGraphicsSwitching
LogPluginManager: Mounting plugin PluginBrowser
LogPluginManager: Mounting plugin MaterialAnalyzer
LogPluginManager: Mounting plugin MobileLauncherProfileWizard
LogPluginManager: Mounting plugin AnimationSharing
LogPluginManager: Mounting plugin CLionSourceCodeAccess
LogPluginManager: Mounting plugin CodeLiteSourceCodeAccess
LogPluginManager: Mounting plugin GitSourceControl
LogPluginManager: Mounting plugin KDevelopSourceCodeAccess
LogPluginManager: Mounting plugin PerforceSourceControl
LogPluginManager: Mounting plugin PixWinPlugin
LogPluginManager: Mounting plugin PlasticSourceControl
LogPluginManager: Mounting plugin NullSourceCodeAccess
LogPluginManager: Mounting plugin PluginUtils
LogPluginManager: Mounting plugin PropertyAccessNode
LogPluginManager: Mounting plugin AlembicImporter
LogPluginManager: Mounting plugin RiderSourceCodeAccess
LogPluginManager: Mounting plugin SubversionSourceControl
LogPluginManager: Mounting plugin AutomationUtils
LogPluginManager: Mounting plugin TextureFormatOodle
LogPluginManager: Mounting plugin BackChannel
LogPluginManager: Mounting plugin UObjectPlugin
LogPluginManager: Mounting plugin ChaosCloth
LogPluginManager: Mounting plugin ChaosClothEditor
LogPluginManager: Mounting plugin ChaosEditor
LogPluginManager: Mounting plugin ChaosNiagara
LogPluginManager: Mounting plugin ChaosSolverPlugin
LogPluginManager: Mounting plugin SpeedTreeImporter
LogPluginManager: Mounting plugin CharacterAI
LogPluginManager: Mounting plugin VisualStudioCodeSourceCodeAccess
LogPluginManager: Mounting plugin VisualStudioSourceCodeAccess
LogPluginManager: Mounting plugin XCodeSourceCodeAccess
LogPluginManager: Mounting plugin GeometryCache
LogPluginManager: Mounting plugin GeometryProcessing
LogPluginManager: Mounting plugin GeometryCollectionPlugin
LogPluginManager: Mounting plugin OpenImageDenoise
LogPluginManager: Mounting plugin MotoSynth
LogPluginManager: Mounting plugin PlanarCut
LogPluginManager: Mounting plugin PlatformCrypto
LogPluginManager: Mounting plugin ProxyLODPlugin
LogPluginManager: Mounting plugin PythonScriptPlugin
LogPluginManager: Mounting plugin SkeletalReduction
LogPluginManager: Mounting plugin DatasmithContent
LogPluginManager: Mounting plugin LuminPlatformFeatures
LogPluginManager: Mounting plugin MagicLeap
LogPluginManager: Mounting plugin MagicLeapLightEstimation
LogPluginManager: Mounting plugin MagicLeapMedia
LogPluginManager: Mounting plugin MagicLeapPassableWorld
LogPluginManager: Mounting plugin MLSDK
LogPluginManager: Mounting plugin AndroidMedia
LogPluginManager: Mounting plugin AvfMedia
LogPluginManager: Mounting plugin ImgMedia
LogPluginManager: Mounting plugin MediaCompositing
LogPluginManager: Mounting plugin MediaPlayerEditor
LogPluginManager: Mounting plugin WebMMedia
LogPluginManager: Mounting plugin WmfMedia
LogPluginManager: Mounting plugin Niagara
LogPluginManager: Mounting plugin TcpMessaging
LogPluginManager: Mounting plugin UdpMessaging
LogPluginManager: Mounting plugin ActorSequence
LogPluginManager: Mounting plugin LevelSequenceEditor
LogPluginManager: Mounting plugin MatineeToLevelSequence
LogPluginManager: Mounting plugin TemplateSequence
LogPluginManager: Mounting plugin OnlineSubsystem
LogPluginManager: Mounting plugin OnlineSubsystemNull
LogPluginManager: Mounting plugin OnlineSubsystemUtils
LogPluginManager: Mounting plugin LauncherChunkInstaller
LogPluginManager: Mounting plugin ActorLayerUtilities
LogPluginManager: Mounting plugin AndroidDeviceProfileSelector
LogPluginManager: Mounting plugin AndroidPermission
LogPluginManager: Mounting plugin AppleImageUtils
LogPluginManager: Mounting plugin ArchVisCharacter
LogPluginManager: Mounting plugin AssetTags
LogPluginManager: Mounting plugin AudioCapture
LogPluginManager: Mounting plugin AudioSynesthesia
LogPluginManager: Mounting plugin ChunkDownloader
LogPluginManager: Mounting plugin CustomMeshComponent
LogPluginManager: Mounting plugin EditableMesh
LogPluginManager: Mounting plugin ExampleDeviceProfileSelector
LogPluginManager: Mounting plugin AppleMoviePlayer
LogPluginManager: Mounting plugin GoogleCloudMessaging
LogPluginManager: Mounting plugin GooglePAD
LogPluginManager: Mounting plugin AndroidMoviePlayer
LogPluginManager: Mounting plugin IOSDeviceProfileSelector
LogPluginManager: Mounting plugin LinuxDeviceProfileSelector
LogPluginManager: Mounting plugin CableComponent
LogPluginManager: Mounting plugin LocationServicesBPLibrary
LogPluginManager: Mounting plugin VariantManagerContent
LogPluginManager: Mounting plugin MobilePatchingUtils
LogPluginManager: Mounting plugin OpenXR
LogPluginManager: Mounting plugin OpenXREyeTracker
LogPluginManager: Mounting plugin OpenXRHandTracking
LogPluginManager: Mounting plugin PhysXVehicles
LogPluginManager: Mounting plugin PostSplashScreen
LogPluginManager: Mounting plugin PropertyAccessEditor
LogPluginManager: Mounting plugin ProceduralMeshComponent
LogPluginManager: Mounting plugin RuntimePhysXCooking
LogPluginManager: Mounting plugin SignificanceManager
LogPluginManager: Mounting plugin SoundFields
LogPluginManager: Mounting plugin Synthesis
LogPluginManager: Mounting plugin WebMMoviePlayer
LogPluginManager: Mounting plugin WindowsMoviePlayer
LogPluginManager: Mounting plugin Takes
LogPluginManager: Mounting plugin ScreenshotTools
LogPluginManager: Mounting plugin ContentBrowserAssetDataSource
LogPluginManager: Mounting plugin ContentBrowserClassDataSource
LogPluginManager: Mounting plugin ContentBrowserFileDataSource
LogPluginManager: Mounting plugin OnlineSubsystemGooglePlay
LogPluginManager: Mounting plugin OnlineSubsystemIOS
LogPluginManager: Mounting plugin OculusVR
LogPluginManager: Mounting plugin SteamVR
PixWinPlugin: PIX capture plugin failed to initialize! Check that the process is launched from PIX.
LogInit: Using libcurl 7.55.1-DEV
LogInit:  - built for x86_64-pc-win32
LogInit:  - supports SSL with OpenSSL/1.1.1
LogInit:  - supports HTTP deflate (compression) using libz 1.2.8
LogInit:  - other features:
LogInit:      CURL_VERSION_SSL
LogInit:      CURL_VERSION_LIBZ
LogInit:      CURL_VERSION_IPV6
LogInit:      CURL_VERSION_ASYNCHDNS
LogInit:      CURL_VERSION_LARGEFILE
LogInit:      CURL_VERSION_IDN
LogInit:  CurlRequestOptions (configurable via config and command line):
LogInit:  - bVerifyPeer = true  - Libcurl will verify peer certificate
LogInit:  - bUseHttpProxy = false  - Libcurl will NOT use HTTP proxy
LogInit:  - bDontReuseConnections = false  - Libcurl will reuse connections
LogInit:  - MaxHostConnections = 16  - Libcurl will limit the number of connections to a host
LogInit:  - LocalHostAddr = Default
LogInit:  - BufferSize = 65536
LogOnline: OSS: Creating online subsystem instance for: NULL
LogInit: WinSock: version 1.1 (2.2), MaxSocks=32767, MaxUdp=65467
LogOnline: OSS: TryLoadSubsystemAndSetDefault: Loaded subsystem for module [NULL]
LogInit: Build: ++UE4+Release-4.27-CL-18319896
LogInit: Engine Version: 4.27.2-18319896+++UE4+Release-4.27
LogInit: Compatible Engine Version: 4.27.0-17155196+++UE4+Release-4.27
LogInit: Net CL: 17155196
LogInit: OS: Windows 10 (Release 2009) (), CPU: AMD Ryzen 3 3300X 4-Core Processor             , GPU: NVIDIA GeForce RTX 2060 SUPER
LogInit: Compiled (64-bit): Nov 30 2021 07:12:08
LogInit: Compiled with Visual C++: 19.24.28315.00
LogInit: Build Configuration: Development
LogInit: Branch Name: ++UE4+Release-4.27
LogInit: Command Line:  D:\Users\qkrdl\Documents\GitHub\Zolup-Button_Project_MF\Project_MF\Project_MF.uproject -run=VisualStudioTools -unattended -noshadercompile -noaudio -nullrhi -nocpuprofilertrace -nocrashreports -nosplash -output C:\Users\qkrdl\AppData\Local\Temp\tmpC2F1.tmp
LogInit: Base Directory: D:/Program Files/Epic Games/UE_4.27/Engine/Binaries/Win64/
LogInit: Allocator: TBB
LogInit: Installed Engine Build: 1
LogDevObjectVersion: Number of dev versions registered: 29
LogDevObjectVersion:   Dev-Blueprints (B0D832E4-1F89-4F0D-ACCF-7EB736FD4AA2): 10
LogDevObjectVersion:   Dev-Build (E1C64328-A22C-4D53-A36C-8E866417BD8C): 0
LogDevObjectVersion:   Dev-Core (375EC13C-06E4-48FB-B500-84F0262A717E): 4
LogDevObjectVersion:   Dev-Editor (E4B068ED-F494-42E9-A231-DA0B2E46BB41): 40
LogDevObjectVersion:   Dev-Framework (CFFC743F-43B0-4480-9391-14DF171D2073): 37
LogDevObjectVersion:   Dev-Mobile (B02B49B5-BB20-44E9-A304-32B752E40360): 3
LogDevObjectVersion:   Dev-Networking (A4E4105C-59A1-49B5-A7C5-40C4547EDFEE): 0
LogDevObjectVersion:   Dev-Online (39C831C9-5AE6-47DC-9A44-9C173E1C8E7C): 0
LogDevObjectVersion:   Dev-Physics (78F01B33-EBEA-4F98-B9B4-84EACCB95AA2): 14
LogDevObjectVersion:   Dev-Platform (6631380F-2D4D-43E0-8009-CF276956A95A): 0
LogDevObjectVersion:   Dev-Rendering (12F88B9F-8875-4AFC-A67C-D90C383ABD29): 45
LogDevObjectVersion:   Dev-Sequencer (7B5AE74C-D270-4C10-A958-57980B212A5A): 13
LogDevObjectVersion:   Dev-VR (D7296918-1DD6-4BDD-9DE2-64A83CC13884): 3
LogDevObjectVersion:   Dev-LoadTimes (C2A15278-BFE7-4AFE-6C17-90FF531DF755): 1
LogDevObjectVersion:   Private-Geometry (6EACA3D4-40EC-4CC1-B786-8BED09428FC5): 3
LogDevObjectVersion:   Dev-AnimPhys (29E575DD-E0A3-4627-9D10-D276232CDCEA): 17
LogDevObjectVersion:   Dev-Anim (AF43A65D-7FD3-4947-9873-3E8ED9C1BB05): 15
LogDevObjectVersion:   Dev-ReflectionCapture (6B266CEC-1EC7-4B8F-A30B-E4D90942FC07): 1
LogDevObjectVersion:   Dev-Automation (0DF73D61-A23F-47EA-B727-89E90C41499A): 1
LogDevObjectVersion:   FortniteMain (601D1886-AC64-4F84-AA16-D3DE0DEAC7D6): 47
LogDevObjectVersion:   FortniteRelease (E7086368-6B23-4C58-8439-1B7016265E91): 1
LogDevObjectVersion:   Dev-Enterprise (9DFFBCD6-494F-0158-E221-12823C92A888): 10
LogDevObjectVersion:   Dev-Niagara (F2AED0AC-9AFE-416F-8664-AA7FFA26D6FC): 1
LogDevObjectVersion:   Dev-Destruction (174F1F0B-B4C6-45A5-B13F-2EE8D0FB917D): 10
LogDevObjectVersion:   Dev-Physics-Ext (35F94A83-E258-406C-A318-09F59610247C): 41
LogDevObjectVersion:   Dev-PhysicsMaterial-Chaos (B68FC16E-8B1B-42E2-B453-215C058844FE): 1
LogDevObjectVersion:   Dev-CineCamera (B2E18506-4273-CFC2-A54E-F4BB758BBA07): 1
LogDevObjectVersion:   Dev-VirtualProduction (64F58936-FD1B-42BA-BA96-7289D5D0FA4E): 1
LogDevObjectVersion:   Dev-MediaFramework (6F0ED827-A609-4895-9C91-998D90180EA4): 2
LogInit: Presizing for max 25165824 objects, including 0 objects not considered by GC, pre-allocating 0 bytes for permanent pool.
LogConfig: Applying CVar settings from Section [/Script/Engine.StreamingSettings] File [D:/Users/qkrdl/Documents/GitHub/Zolup-Button_Project_MF/Project_MF/Saved/Config/Windows/Engine.ini]
LogConfig: Setting CVar [[s.MinBulkDataSizeForAsyncLoading:131072]]
LogConfig: Setting CVar [[s.AsyncLoadingThreadEnabled:0]]
LogConfig: Setting CVar [[s.EventDrivenLoaderEnabled:1]]
LogConfig: Setting CVar [[s.WarnIfTimeLimitExceeded:0]]
LogConfig: Setting CVar [[s.TimeLimitExceededMultiplier:1.5]]
LogConfig: Setting CVar [[s.TimeLimitExceededMinTime:0.005]]
LogConfig: Setting CVar [[s.UseBackgroundLevelStreaming:1]]
LogConfig: Setting CVar [[s.PriorityAsyncLoadingExtraTime:15.0]]
LogConfig: Setting CVar [[s.LevelStreamingActorsUpdateTimeLimit:5.0]]
LogConfig: Setting CVar [[s.PriorityLevelStreamingActorsUpdateExtraTime:5.0]]
LogConfig: Setting CVar [[s.LevelStreamingComponentsRegistrationGranularity:10]]
LogConfig: Setting CVar [[s.UnregisterComponentsTimeLimit:1.0]]
LogConfig: Setting CVar [[s.LevelStreamingComponentsUnregistrationGranularity:5]]
LogConfig: Setting CVar [[s.FlushStreamingOnExit:1]]
LogInit: Object subsystem initialized
LogConfig: Setting CVar [[con.DebugEarlyDefault:1]]
LogConfig: Setting CVar [[r.setres:1280x720]]
[2023.04.07-14.02.38:143][  0]LogConfig: Setting CVar [[con.DebugEarlyDefault:1]]
[2023.04.07-14.02.38:143][  0]LogConfig: Setting CVar [[r.setres:1280x720]]
[2023.04.07-14.02.38:143][  0]LogConfig: Applying CVar settings from Section [/Script/Engine.RendererSettings] File [D:/Users/qkrdl/Documents/GitHub/Zolup-Button_Project_MF/Project_MF/Saved/Config/Windows/Engine.ini]
[2023.04.07-14.02.38:143][  0]LogConfig: Setting CVar [[r.GPUCrashDebugging:0]]
[2023.04.07-14.02.38:143][  0]LogConfig: Applying CVar settings from Section [/Script/Engine.RendererOverrideSettings] File [D:/Users/qkrdl/Documents/GitHub/Zolup-Button_Project_MF/Project_MF/Saved/Config/Windows/Engine.ini]
[2023.04.07-14.02.38:143][  0]LogConfig: Applying CVar settings from Section [/Script/Engine.StreamingSettings] File [D:/Users/qkrdl/Documents/GitHub/Zolup-Button_Project_MF/Project_MF/Saved/Config/Windows/Engine.ini]
[2023.04.07-14.02.38:143][  0]LogConfig: Setting CVar [[s.MinBulkDataSizeForAsyncLoading:131072]]
[2023.04.07-14.02.38:143][  0]LogConfig: Setting CVar [[s.AsyncLoadingThreadEnabled:0]]
[2023.04.07-14.02.38:143][  0]LogConfig: Setting CVar [[s.EventDrivenLoaderEnabled:1]]
[2023.04.07-14.02.38:143][  0]LogConfig: Setting CVar [[s.WarnIfTimeLimitExceeded:0]]
[2023.04.07-14.02.38:143][  0]LogConfig: Setting CVar [[s.TimeLimitExceededMultiplier:1.5]]
[2023.04.07-14.02.38:143][  0]LogConfig: Setting CVar [[s.TimeLimitExceededMinTime:0.005]]
[2023.04.07-14.02.38:143][  0]LogConfig: Setting CVar [[s.UseBackgroundLevelStreaming:1]]
[2023.04.07-14.02.38:143][  0]LogConfig: Setting CVar [[s.PriorityAsyncLoadingExtraTime:15.0]]
[2023.04.07-14.02.38:143][  0]LogConfig: Setting CVar [[s.LevelStreamingActorsUpdateTimeLimit:5.0]]
[2023.04.07-14.02.38:143][  0]LogConfig: Setting CVar [[s.PriorityLevelStreamingActorsUpdateExtraTime:5.0]]
[2023.04.07-14.02.38:143][  0]LogConfig: Setting CVar [[s.LevelStreamingComponentsRegistrationGranularity:10]]
[2023.04.07-14.02.38:143][  0]LogConfig: Setting CVar [[s.UnregisterComponentsTimeLimit:1.0]]
[2023.04.07-14.02.38:143][  0]LogConfig: Setting CVar [[s.LevelStreamingComponentsUnregistrationGranularity:5]]
[2023.04.07-14.02.38:143][  0]LogConfig: Setting CVar [[s.FlushStreamingOnExit:1]]
[2023.04.07-14.02.38:143][  0]LogConfig: Applying CVar settings from Section [/Script/Engine.GarbageCollectionSettings] File [D:/Users/qkrdl/Documents/GitHub/Zolup-Button_Project_MF/Project_MF/Saved/Config/Windows/Engine.ini]
[2023.04.07-14.02.38:143][  0]LogConfig: Setting CVar [[gc.MaxObjectsNotConsideredByGC:1]]
[2023.04.07-14.02.38:143][  0]LogConfig: Setting CVar [[gc.SizeOfPermanentObjectPool:0]]
[2023.04.07-14.02.38:143][  0]LogConfig: Setting CVar [[gc.FlushStreamingOnGC:0]]
[2023.04.07-14.02.38:143][  0]LogConfig: Setting CVar [[gc.NumRetriesBeforeForcingGC:10]]
[2023.04.07-14.02.38:144][  0]LogConfig: Setting CVar [[gc.AllowParallelGC:1]]
[2023.04.07-14.02.38:144][  0]LogConfig: Setting CVar [[gc.TimeBetweenPurgingPendingKillObjects:61.1]]
[2023.04.07-14.02.38:144][  0]LogConfig: Setting CVar [[gc.MaxObjectsInEditor:25165824]]
[2023.04.07-14.02.38:144][  0]LogConfig: Setting CVar [[gc.IncrementalBeginDestroyEnabled:1]]
[2023.04.07-14.02.38:144][  0]LogConfig: Setting CVar [[gc.CreateGCClusters:1]]
[2023.04.07-14.02.38:144][  0]LogConfig: Setting CVar [[gc.MinGCClusterSize:5]]
[2023.04.07-14.02.38:144][  0]LogConfig: Setting CVar [[gc.ActorClusteringEnabled:0]]
[2023.04.07-14.02.38:144][  0]LogConfig: Setting CVar [[gc.BlueprintClusteringEnabled:0]]
[2023.04.07-14.02.38:144][  0]LogConfig: Setting CVar [[gc.UseDisregardForGCOnDedicatedServers:0]]
[2023.04.07-14.02.38:144][  0]LogConfig: Setting CVar [[gc.MultithreadedDestructionEnabled:1]]
[2023.04.07-14.02.38:144][  0]LogConfig: Applying CVar settings from Section [/Script/Engine.NetworkSettings] File [D:/Users/qkrdl/Documents/GitHub/Zolup-Button_Project_MF/Project_MF/Saved/Config/Windows/Engine.ini]
[2023.04.07-14.02.38:144][  0]LogConfig: Applying CVar settings from Section [/Script/UnrealEd.CookerSettings] File [D:/Users/qkrdl/Documents/GitHub/Zolup-Button_Project_MF/Project_MF/Saved/Config/Windows/Engine.ini]
[2023.04.07-14.02.38:144][  0]LogConfig: Applying CVar settings from Section [ViewDistanceQuality@3] File [D:/Users/qkrdl/Documents/GitHub/Zolup-Button_Project_MF/Project_MF/Saved/Config/Windows/Scalability.ini]
[2023.04.07-14.02.38:144][  0]LogConfig: Setting CVar [[r.SkeletalMeshLODBias:0]]
[2023.04.07-14.02.38:144][  0]LogConfig: Setting CVar [[r.ViewDistanceScale:1.0]]
[2023.04.07-14.02.38:144][  0]LogConfig: Applying CVar settings from Section [AntiAliasingQuality@3] File [D:/Users/qkrdl/Documents/GitHub/Zolup-Button_Project_MF/Project_MF/Saved/Config/Windows/Scalability.ini]
[2023.04.07-14.02.38:144][  0]LogConfig: Setting CVar [[r.PostProcessAAQuality:4]]
[2023.04.07-14.02.38:144][  0]LogConfig: Applying CVar settings from Section [ShadowQuality@3] File [D:/Users/qkrdl/Documents/GitHub/Zolup-Button_Project_MF/Project_MF/Saved/Config/Windows/Scalability.ini]
[2023.04.07-14.02.38:144][  0]LogConfig: Setting CVar [[r.LightFunctionQuality:1]]
[2023.04.07-14.02.38:144][  0]LogConfig: Setting CVar [[r.ShadowQuality:5]]
[2023.04.07-14.02.38:144][  0]LogConfig: Setting CVar [[r.Shadow.CSM.MaxCascades:10]]
[2023.04.07-14.02.38:144][  0]LogConfig: Setting CVar [[r.Shadow.MaxResolution:2048]]
[2023.04.07-14.02.38:144][  0]LogConfig: Setting CVar [[r.Shadow.MaxCSMResolution:2048]]
[2023.04.07-14.02.38:144][  0]LogConfig: Setting CVar [[r.Shadow.RadiusThreshold:0.01]]
[2023.04.07-14.02.38:144][  0]LogConfig: Setting CVar [[r.Shadow.DistanceScale:1.0]]
[2023.04.07-14.02.38:144][  0]LogConfig: Setting CVar [[r.Shadow.CSM.TransitionScale:1.0]]
[2023.04.07-14.02.38:144][  0]LogConfig: Setting CVar [[r.Shadow.PreShadowResolutionFactor:1.0]]
[2023.04.07-14.02.38:144][  0]LogConfig: Setting CVar [[r.DistanceFieldShadowing:1]]
[2023.04.07-14.02.38:144][  0]LogConfig: Setting CVar [[r.DistanceFieldAO:1]]
[2023.04.07-14.02.38:144][  0]LogConfig: Setting CVar [[r.AOQuality:2]]
[2023.04.07-14.02.38:144][  0]LogConfig: Setting CVar [[r.VolumetricFog:1]]
[2023.04.07-14.02.38:144][  0]LogConfig: Setting CVar [[r.VolumetricFog.GridPixelSize:8]]
[2023.04.07-14.02.38:144][  0]LogConfig: Setting CVar [[r.VolumetricFog.GridSizeZ:128]]
[2023.04.07-14.02.38:144][  0]LogConfig: Setting CVar [[r.VolumetricFog.HistoryMissSupersampleCount:4]]
[2023.04.07-14.02.38:144][  0]LogConfig: Setting CVar [[r.LightMaxDrawDistanceScale:1]]
[2023.04.07-14.02.38:144][  0]LogConfig: Setting CVar [[r.CapsuleShadows:1]]
[2023.04.07-14.02.38:144][  0]LogConfig: Applying CVar settings from Section [PostProcessQuality@3] File [D:/Users/qkrdl/Documents/GitHub/Zolup-Button_Project_MF/Project_MF/Saved/Config/Windows/Scalability.ini]
[2023.04.07-14.02.38:144][  0]LogConfig: Setting CVar [[r.MotionBlurQuality:4]]
[2023.04.07-14.02.38:144][  0]LogConfig: Setting CVar [[r.AmbientOcclusionMipLevelFactor:0.4]]
[2023.04.07-14.02.38:144][  0]LogConfig: Setting CVar [[r.AmbientOcclusionMaxQuality:100]]
[2023.04.07-14.02.38:144][  0]LogConfig: Setting CVar [[r.AmbientOcclusionLevels:-1]]
[2023.04.07-14.02.38:144][  0]LogConfig: Setting CVar [[r.AmbientOcclusionRadiusScale:1.0]]
[2023.04.07-14.02.38:144][  0]LogConfig: Setting CVar [[r.DepthOfFieldQuality:2]]
[2023.04.07-14.02.38:144][  0]LogConfig: Setting CVar [[r.RenderTargetPoolMin:400]]
[2023.04.07-14.02.38:144][  0]LogConfig: Setting CVar [[r.LensFlareQuality:2]]
[2023.04.07-14.02.38:144][  0]LogConfig: Setting CVar [[r.SceneColorFringeQuality:1]]
[2023.04.07-14.02.38:144][  0]LogConfig: Setting CVar [[r.EyeAdaptationQuality:2]]
[2023.04.07-14.02.38:144][  0]LogConfig: Setting CVar [[r.BloomQuality:5]]
[2023.04.07-14.02.38:144][  0]LogConfig: Setting CVar [[r.FastBlurThreshold:100]]
[2023.04.07-14.02.38:144][  0]LogConfig: Setting CVar [[r.Upscale.Quality:3]]
[2023.04.07-14.02.38:144][  0]LogConfig: Setting CVar [[r.Tonemapper.GrainQuantization:1]]
[2023.04.07-14.02.38:144][  0]LogConfig: Setting CVar [[r.LightShaftQuality:1]]
[2023.04.07-14.02.38:145][  0]LogConfig: Setting CVar [[r.Filter.SizeScale:1]]
[2023.04.07-14.02.38:145][  0]LogConfig: Setting CVar [[r.Tonemapper.Quality:5]]
[2023.04.07-14.02.38:145][  0]LogConfig: Setting CVar [[r.DOF.Gather.AccumulatorQuality:1        ; higher gathering accumulator quality]]
[2023.04.07-14.02.38:145][  0]LogConfig: Setting CVar [[r.DOF.Gather.PostfilterMethod:1          ; Median3x3 postfilering method]]
[2023.04.07-14.02.38:145][  0]LogConfig: Setting CVar [[r.DOF.Gather.EnableBokehSettings:0       ; no bokeh simulation when gathering]]
[2023.04.07-14.02.38:145][  0]LogConfig: Setting CVar [[r.DOF.Gather.RingCount:4                 ; medium number of samples when gathering]]
[2023.04.07-14.02.38:145][  0]LogConfig: Setting CVar [[r.DOF.Scatter.ForegroundCompositing:1    ; additive foreground scattering]]
[2023.04.07-14.02.38:145][  0]LogConfig: Setting CVar [[r.DOF.Scatter.BackgroundCompositing:2    ; additive background scattering]]
[2023.04.07-14.02.38:145][  0]LogConfig: Setting CVar [[r.DOF.Scatter.EnableBokehSettings:1      ; bokeh simulation when scattering]]
[2023.04.07-14.02.38:145][  0]LogConfig: Setting CVar [[r.DOF.Scatter.MaxSpriteRatio:0.1         ; only a maximum of 10% of scattered bokeh]]
[2023.04.07-14.02.38:145][  0]LogConfig: Setting CVar [[r.DOF.Recombine.Quality:1                ; cheap slight out of focus]]
[2023.04.07-14.02.38:145][  0]LogConfig: Setting CVar [[r.DOF.Recombine.EnableBokehSettings:0    ; no bokeh simulation on slight out of focus]]
[2023.04.07-14.02.38:145][  0]LogConfig: Setting CVar [[r.DOF.TemporalAAQuality:1                ; more stable temporal accumulation]]
[2023.04.07-14.02.38:145][  0]LogConfig: Setting CVar [[r.DOF.Kernel.MaxForegroundRadius:0.025]]
[2023.04.07-14.02.38:145][  0]LogConfig: Setting CVar [[r.DOF.Kernel.MaxBackgroundRadius:0.025]]
[2023.04.07-14.02.38:145][  0]LogConfig: Applying CVar settings from Section [TextureQuality@3] File [D:/Users/qkrdl/Documents/GitHub/Zolup-Button_Project_MF/Project_MF/Saved/Config/Windows/Scalability.ini]
[2023.04.07-14.02.38:145][  0]LogConfig: Setting CVar [[r.Streaming.MipBias:0]]
[2023.04.07-14.02.38:145][  0]LogConfig: Setting CVar [[r.Streaming.AmortizeCPUToGPUCopy:0]]
[2023.04.07-14.02.38:145][  0]LogConfig: Setting CVar [[r.Streaming.MaxNumTexturesToStreamPerFrame:0]]
[2023.04.07-14.02.38:145][  0]LogConfig: Setting CVar [[r.Streaming.Boost:1]]
[2023.04.07-14.02.38:145][  0]LogConfig: Setting CVar [[r.MaxAnisotropy:8]]
[2023.04.07-14.02.38:145][  0]LogConfig: Setting CVar [[r.VT.MaxAnisotropy:8]]
[2023.04.07-14.02.38:145][  0]LogConfig: Setting CVar [[r.Streaming.LimitPoolSizeToVRAM:0]]
[2023.04.07-14.02.38:145][  0]LogConfig: Setting CVar [[r.Streaming.PoolSize:1000]]
[2023.04.07-14.02.38:145][  0]LogConfig: Setting CVar [[r.Streaming.MaxEffectiveScreenSize:0]]
[2023.04.07-14.02.38:145][  0]LogConfig: Applying CVar settings from Section [EffectsQuality@3] File [D:/Users/qkrdl/Documents/GitHub/Zolup-Button_Project_MF/Project_MF/Saved/Config/Windows/Scalability.ini]
[2023.04.07-14.02.38:145][  0]LogConfig: Setting CVar [[r.TranslucencyLightingVolumeDim:64]]
[2023.04.07-14.02.38:145][  0]LogConfig: Setting CVar [[r.RefractionQuality:2]]
[2023.04.07-14.02.38:145][  0]LogConfig: Setting CVar [[r.SSR.Quality:3]]
[2023.04.07-14.02.38:145][  0]LogConfig: Setting CVar [[r.SSR.HalfResSceneColor:0]]
[2023.04.07-14.02.38:145][  0]LogConfig: Setting CVar [[r.SceneColorFormat:4]]
[2023.04.07-14.02.38:145][  0]LogConfig: Setting CVar [[r.DetailMode:2]]
[2023.04.07-14.02.38:145][  0]LogConfig: Setting CVar [[r.TranslucencyVolumeBlur:1]]
[2023.04.07-14.02.38:145][  0]LogConfig: Setting CVar [[r.MaterialQualityLevel:1 ; High quality]]
[2023.04.07-14.02.38:145][  0]LogConfig: Setting CVar [[r.AnisotropicMaterials:1]]
[2023.04.07-14.02.38:145][  0]LogConfig: Setting CVar [[r.SSS.Scale:1]]
[2023.04.07-14.02.38:145][  0]LogConfig: Setting CVar [[r.SSS.SampleSet:2]]
[2023.04.07-14.02.38:145][  0]LogConfig: Setting CVar [[r.SSS.Quality:1]]
[2023.04.07-14.02.38:145][  0]LogConfig: Setting CVar [[r.SSS.HalfRes:0]]
[2023.04.07-14.02.38:145][  0]LogConfig: Setting CVar [[r.SSGI.Quality:3]]
[2023.04.07-14.02.38:145][  0]LogConfig: Setting CVar [[r.EmitterSpawnRateScale:1.0]]
[2023.04.07-14.02.38:145][  0]LogConfig: Setting CVar [[r.ParticleLightQuality:2]]
[2023.04.07-14.02.38:145][  0]LogConfig: Setting CVar [[r.SkyAtmosphere.AerialPerspectiveLUT.FastApplyOnOpaque:1 ; Always have FastSkyLUT 1 in this case to avoid wrong sky]]
[2023.04.07-14.02.38:145][  0]LogConfig: Setting CVar [[r.SkyAtmosphere.AerialPerspectiveLUT.SampleCountMaxPerSlice:4]]
[2023.04.07-14.02.38:145][  0]LogConfig: Setting CVar [[r.SkyAtmosphere.AerialPerspectiveLUT.DepthResolution:16.0]]
[2023.04.07-14.02.38:145][  0]LogConfig: Setting CVar [[r.SkyAtmosphere.FastSkyLUT:1]]
[2023.04.07-14.02.38:145][  0]LogConfig: Setting CVar [[r.SkyAtmosphere.FastSkyLUT.SampleCountMin:4.0]]
[2023.04.07-14.02.38:145][  0]LogConfig: Setting CVar [[r.SkyAtmosphere.FastSkyLUT.SampleCountMax:128.0]]
[2023.04.07-14.02.38:145][  0]LogConfig: Setting CVar [[r.SkyAtmosphere.SampleCountMin:4.0]]
[2023.04.07-14.02.38:145][  0]LogConfig: Setting CVar [[r.SkyAtmosphere.SampleCountMax:128.0]]
[2023.04.07-14.02.38:145][  0]LogConfig: Setting CVar [[r.SkyAtmosphere.TransmittanceLUT.UseSmallFormat:0]]
[2023.04.07-14.02.38:145][  0]LogConfig: Setting CVar [[r.SkyAtmosphere.TransmittanceLUT.SampleCount:10.0]]
[2023.04.07-14.02.38:145][  0]LogConfig: Setting CVar [[r.SkyAtmosphere.MultiScatteringLUT.SampleCount:15.0]]
[2023.04.07-14.02.38:145][  0]LogConfig: Setting CVar [[r.SkyLight.RealTimeReflectionCapture:1]]
[2023.04.07-14.02.38:145][  0]LogConfig: Applying CVar settings from Section [FoliageQuality@3] File [D:/Users/qkrdl/Documents/GitHub/Zolup-Button_Project_MF/Project_MF/Saved/Config/Windows/Scalability.ini]
[2023.04.07-14.02.38:145][  0]LogConfig: Setting CVar [[foliage.DensityScale:1.0]]
[2023.04.07-14.02.38:145][  0]LogConfig: Setting CVar [[grass.DensityScale:1.0]]
[2023.04.07-14.02.38:145][  0]LogConfig: Applying CVar settings from Section [ShadingQuality@3] File [D:/Users/qkrdl/Documents/GitHub/Zolup-Button_Project_MF/Project_MF/Saved/Config/Windows/Scalability.ini]
[2023.04.07-14.02.38:145][  0]LogConfig: Setting CVar [[r.HairStrands.SkyLighting.IntegrationType:2]]
[2023.04.07-14.02.38:145][  0]LogConfig: Setting CVar [[r.HairStrands.SkyAO.SampleCount:4]]
[2023.04.07-14.02.38:145][  0]LogConfig: Setting CVar [[r.HairStrands.Visibility.MSAA.SamplePerPixel:4]]
[2023.04.07-14.02.38:167][  0]LogInit: Selected Device Profile: [Windows]
[2023.04.07-14.02.38:168][  0]LogInit: Applying CVar settings loaded from the selected device profile: [Windows]
[2023.04.07-14.02.38:168][  0]LogHAL: Display: Platform has ~ 32 GB [34266505216 / 34359738368 / 32], which maps to Largest [LargestMinGB=32, LargerMinGB=12, DefaultMinGB=8, SmallerMinGB=6, SmallestMinGB=0)
[2023.04.07-14.02.38:168][  0]LogInit: Going up to parent DeviceProfile []
[2023.04.07-14.02.38:168][  0]LogConfig: Applying CVar settings from Section [ViewDistanceQuality@3] File [D:/Users/qkrdl/Documents/GitHub/Zolup-Button_Project_MF/Project_MF/Saved/Config/Windows/Scalability.ini]
[2023.04.07-14.02.38:168][  0]LogConfig: Setting CVar [[r.SkeletalMeshLODBias:0]]
[2023.04.07-14.02.38:168][  0]LogConfig: Setting CVar [[r.ViewDistanceScale:1.0]]
[2023.04.07-14.02.38:168][  0]LogConfig: Applying CVar settings from Section [AntiAliasingQuality@3] File [D:/Users/qkrdl/Documents/GitHub/Zolup-Button_Project_MF/Project_MF/Saved/Config/Windows/Scalability.ini]
[2023.04.07-14.02.38:168][  0]LogConfig: Setting CVar [[r.PostProcessAAQuality:4]]
[2023.04.07-14.02.38:168][  0]LogConfig: Applying CVar settings from Section [ShadowQuality@3] File [D:/Users/qkrdl/Documents/GitHub/Zolup-Button_Project_MF/Project_MF/Saved/Config/Windows/Scalability.ini]
[2023.04.07-14.02.38:168][  0]LogConfig: Setting CVar [[r.LightFunctionQuality:1]]
[2023.04.07-14.02.38:168][  0]LogConfig: Setting CVar [[r.ShadowQuality:5]]
[2023.04.07-14.02.38:168][  0]LogConfig: Setting CVar [[r.Shadow.CSM.MaxCascades:10]]
[2023.04.07-14.02.38:168][  0]LogConfig: Setting CVar [[r.Shadow.MaxResolution:2048]]
[2023.04.07-14.02.38:168][  0]LogConfig: Setting CVar [[r.Shadow.MaxCSMResolution:2048]]
[2023.04.07-14.02.38:168][  0]LogConfig: Setting CVar [[r.Shadow.RadiusThreshold:0.01]]
[2023.04.07-14.02.38:168][  0]LogConfig: Setting CVar [[r.Shadow.DistanceScale:1.0]]
[2023.04.07-14.02.38:168][  0]LogConfig: Setting CVar [[r.Shadow.CSM.TransitionScale:1.0]]
[2023.04.07-14.02.38:168][  0]LogConfig: Setting CVar [[r.Shadow.PreShadowResolutionFactor:1.0]]
[2023.04.07-14.02.38:168][  0]LogConfig: Setting CVar [[r.DistanceFieldShadowing:1]]
[2023.04.07-14.02.38:168][  0]LogConfig: Setting CVar [[r.DistanceFieldAO:1]]
[2023.04.07-14.02.38:168][  0]LogConfig: Setting CVar [[r.AOQuality:2]]
[2023.04.07-14.02.38:168][  0]LogConfig: Setting CVar [[r.VolumetricFog:1]]
[2023.04.07-14.02.38:168][  0]LogConfig: Setting CVar [[r.VolumetricFog.GridPixelSize:8]]
[2023.04.07-14.02.38:168][  0]LogConfig: Setting CVar [[r.VolumetricFog.GridSizeZ:128]]
[2023.04.07-14.02.38:168][  0]LogConfig: Setting CVar [[r.VolumetricFog.HistoryMissSupersampleCount:4]]
[2023.04.07-14.02.38:168][  0]LogConfig: Setting CVar [[r.LightMaxDrawDistanceScale:1]]
[2023.04.07-14.02.38:168][  0]LogConfig: Setting CVar [[r.CapsuleShadows:1]]
[2023.04.07-14.02.38:168][  0]LogConfig: Applying CVar settings from Section [PostProcessQuality@3] File [D:/Users/qkrdl/Documents/GitHub/Zolup-Button_Project_MF/Project_MF/Saved/Config/Windows/Scalability.ini]
[2023.04.07-14.02.38:168][  0]LogConfig: Setting CVar [[r.MotionBlurQuality:4]]
[2023.04.07-14.02.38:168][  0]LogConfig: Setting CVar [[r.AmbientOcclusionMipLevelFactor:0.4]]
[2023.04.07-14.02.38:168][  0]LogConfig: Setting CVar [[r.AmbientOcclusionMaxQuality:100]]
[2023.04.07-14.02.38:168][  0]LogConfig: Setting CVar [[r.AmbientOcclusionLevels:-1]]
[2023.04.07-14.02.38:168][  0]LogConfig: Setting CVar [[r.AmbientOcclusionRadiusScale:1.0]]
[2023.04.07-14.02.38:168][  0]LogConfig: Setting CVar [[r.DepthOfFieldQuality:2]]
[2023.04.07-14.02.38:168][  0]LogConfig: Setting CVar [[r.RenderTargetPoolMin:400]]
[2023.04.07-14.02.38:168][  0]LogConfig: Setting CVar [[r.LensFlareQuality:2]]
[2023.04.07-14.02.38:168][  0]LogConfig: Setting CVar [[r.SceneColorFringeQuality:1]]
[2023.04.07-14.02.38:168][  0]LogConfig: Setting CVar [[r.EyeAdaptationQuality:2]]
[2023.04.07-14.02.38:168][  0]LogConfig: Setting CVar [[r.BloomQuality:5]]
[2023.04.07-14.02.38:168][  0]LogConfig: Setting CVar [[r.FastBlurThreshold:100]]
[2023.04.07-14.02.38:168][  0]LogConfig: Setting CVar [[r.Upscale.Quality:3]]
[2023.04.07-14.02.38:168][  0]LogConfig: Setting CVar [[r.Tonemapper.GrainQuantization:1]]
[2023.04.07-14.02.38:168][  0]LogConfig: Setting CVar [[r.LightShaftQuality:1]]
[2023.04.07-14.02.38:168][  0]LogConfig: Setting CVar [[r.Filter.SizeScale:1]]
[2023.04.07-14.02.38:168][  0]LogConfig: Setting CVar [[r.Tonemapper.Quality:5]]
[2023.04.07-14.02.38:168][  0]LogConfig: Setting CVar [[r.DOF.Gather.AccumulatorQuality:1        ; higher gathering accumulator quality]]
[2023.04.07-14.02.38:168][  0]LogConfig: Setting CVar [[r.DOF.Gather.PostfilterMethod:1          ; Median3x3 postfilering method]]
[2023.04.07-14.02.38:168][  0]LogConfig: Setting CVar [[r.DOF.Gather.EnableBokehSettings:0       ; no bokeh simulation when gathering]]
[2023.04.07-14.02.38:168][  0]LogConfig: Setting CVar [[r.DOF.Gather.RingCount:4                 ; medium number of samples when gathering]]
[2023.04.07-14.02.38:168][  0]LogConfig: Setting CVar [[r.DOF.Scatter.ForegroundCompositing:1    ; additive foreground scattering]]
[2023.04.07-14.02.38:168][  0]LogConfig: Setting CVar [[r.DOF.Scatter.BackgroundCompositing:2    ; additive background scattering]]
[2023.04.07-14.02.38:168][  0]LogConfig: Setting CVar [[r.DOF.Scatter.EnableBokehSettings:1      ; bokeh simulation when scattering]]
[2023.04.07-14.02.38:168][  0]LogConfig: Setting CVar [[r.DOF.Scatter.MaxSpriteRatio:0.1         ; only a maximum of 10% of scattered bokeh]]
[2023.04.07-14.02.38:168][  0]LogConfig: Setting CVar [[r.DOF.Recombine.Quality:1                ; cheap slight out of focus]]
[2023.04.07-14.02.38:168][  0]LogConfig: Setting CVar [[r.DOF.Recombine.EnableBokehSettings:0    ; no bokeh simulation on slight out of focus]]
[2023.04.07-14.02.38:168][  0]LogConfig: Setting CVar [[r.DOF.TemporalAAQuality:1                ; more stable temporal accumulation]]
[2023.04.07-14.02.38:168][  0]LogConfig: Setting CVar [[r.DOF.Kernel.MaxForegroundRadius:0.025]]
[2023.04.07-14.02.38:168][  0]LogConfig: Setting CVar [[r.DOF.Kernel.MaxBackgroundRadius:0.025]]
[2023.04.07-14.02.38:168][  0]LogConfig: Applying CVar settings from Section [TextureQuality@3] File [D:/Users/qkrdl/Documents/GitHub/Zolup-Button_Project_MF/Project_MF/Saved/Config/Windows/Scalability.ini]
[2023.04.07-14.02.38:168][  0]LogConfig: Setting CVar [[r.Streaming.MipBias:0]]
[2023.04.07-14.02.38:168][  0]LogConfig: Setting CVar [[r.Streaming.AmortizeCPUToGPUCopy:0]]
[2023.04.07-14.02.38:168][  0]LogConfig: Setting CVar [[r.Streaming.MaxNumTexturesToStreamPerFrame:0]]
[2023.04.07-14.02.38:168][  0]LogConfig: Setting CVar [[r.Streaming.Boost:1]]
[2023.04.07-14.02.38:168][  0]LogConfig: Setting CVar [[r.MaxAnisotropy:8]]
[2023.04.07-14.02.38:168][  0]LogConfig: Setting CVar [[r.VT.MaxAnisotropy:8]]
[2023.04.07-14.02.38:168][  0]LogConfig: Setting CVar [[r.Streaming.LimitPoolSizeToVRAM:0]]
[2023.04.07-14.02.38:168][  0]LogConfig: Setting CVar [[r.Streaming.PoolSize:1000]]
[2023.04.07-14.02.38:168][  0]LogConfig: Setting CVar [[r.Streaming.MaxEffectiveScreenSize:0]]
[2023.04.07-14.02.38:168][  0]LogConfig: Applying CVar settings from Section [EffectsQuality@3] File [D:/Users/qkrdl/Documents/GitHub/Zolup-Button_Project_MF/Project_MF/Saved/Config/Windows/Scalability.ini]
[2023.04.07-14.02.38:168][  0]LogConfig: Setting CVar [[r.TranslucencyLightingVolumeDim:64]]
[2023.04.07-14.02.38:168][  0]LogConfig: Setting CVar [[r.RefractionQuality:2]]
[2023.04.07-14.02.38:168][  0]LogConfig: Setting CVar [[r.SSR.Quality:3]]
[2023.04.07-14.02.38:168][  0]LogConfig: Setting CVar [[r.SSR.HalfResSceneColor:0]]
[2023.04.07-14.02.38:168][  0]LogConfig: Setting CVar [[r.SceneColorFormat:4]]
[2023.04.07-14.02.38:168][  0]LogConfig: Setting CVar [[r.DetailMode:2]]
[2023.04.07-14.02.38:168][  0]LogConfig: Setting CVar [[r.TranslucencyVolumeBlur:1]]
[2023.04.07-14.02.38:168][  0]LogConfig: Setting CVar [[r.MaterialQualityLevel:1 ; High quality]]
[2023.04.07-14.02.38:169][  0]LogConfig: Setting CVar [[r.AnisotropicMaterials:1]]
[2023.04.07-14.02.38:169][  0]LogConfig: Setting CVar [[r.SSS.Scale:1]]
[2023.04.07-14.02.38:169][  0]LogConfig: Setting CVar [[r.SSS.SampleSet:2]]
[2023.04.07-14.02.38:169][  0]LogConfig: Setting CVar [[r.SSS.Quality:1]]
[2023.04.07-14.02.38:169][  0]LogConfig: Setting CVar [[r.SSS.HalfRes:0]]
[2023.04.07-14.02.38:169][  0]LogConfig: Setting CVar [[r.SSGI.Quality:3]]
[2023.04.07-14.02.38:169][  0]LogConfig: Setting CVar [[r.EmitterSpawnRateScale:1.0]]
[2023.04.07-14.02.38:169][  0]LogConfig: Setting CVar [[r.ParticleLightQuality:2]]
[2023.04.07-14.02.38:169][  0]LogConfig: Setting CVar [[r.SkyAtmosphere.AerialPerspectiveLUT.FastApplyOnOpaque:1 ; Always have FastSkyLUT 1 in this case to avoid wrong sky]]
[2023.04.07-14.02.38:169][  0]LogConfig: Setting CVar [[r.SkyAtmosphere.AerialPerspectiveLUT.SampleCountMaxPerSlice:4]]
[2023.04.07-14.02.38:169][  0]LogConfig: Setting CVar [[r.SkyAtmosphere.AerialPerspectiveLUT.DepthResolution:16.0]]
[2023.04.07-14.02.38:169][  0]LogConfig: Setting CVar [[r.SkyAtmosphere.FastSkyLUT:1]]
[2023.04.07-14.02.38:169][  0]LogConfig: Setting CVar [[r.SkyAtmosphere.FastSkyLUT.SampleCountMin:4.0]]
[2023.04.07-14.02.38:169][  0]LogConfig: Setting CVar [[r.SkyAtmosphere.FastSkyLUT.SampleCountMax:128.0]]
[2023.04.07-14.02.38:169][  0]LogConfig: Setting CVar [[r.SkyAtmosphere.SampleCountMin:4.0]]
[2023.04.07-14.02.38:169][  0]LogConfig: Setting CVar [[r.SkyAtmosphere.SampleCountMax:128.0]]
[2023.04.07-14.02.38:169][  0]LogConfig: Setting CVar [[r.SkyAtmosphere.TransmittanceLUT.UseSmallFormat:0]]
[2023.04.07-14.02.38:169][  0]LogConfig: Setting CVar [[r.SkyAtmosphere.TransmittanceLUT.SampleCount:10.0]]
[2023.04.07-14.02.38:169][  0]LogConfig: Setting CVar [[r.SkyAtmosphere.MultiScatteringLUT.SampleCount:15.0]]
[2023.04.07-14.02.38:169][  0]LogConfig: Setting CVar [[r.SkyLight.RealTimeReflectionCapture:1]]
[2023.04.07-14.02.38:169][  0]LogConfig: Applying CVar settings from Section [FoliageQuality@3] File [D:/Users/qkrdl/Documents/GitHub/Zolup-Button_Project_MF/Project_MF/Saved/Config/Windows/Scalability.ini]
[2023.04.07-14.02.38:169][  0]LogConfig: Setting CVar [[foliage.DensityScale:1.0]]
[2023.04.07-14.02.38:169][  0]LogConfig: Setting CVar [[grass.DensityScale:1.0]]
[2023.04.07-14.02.38:169][  0]LogConfig: Applying CVar settings from Section [ShadingQuality@3] File [D:/Users/qkrdl/Documents/GitHub/Zolup-Button_Project_MF/Project_MF/Saved/Config/Windows/Scalability.ini]
[2023.04.07-14.02.38:169][  0]LogConfig: Setting CVar [[r.HairStrands.SkyLighting.IntegrationType:2]]
[2023.04.07-14.02.38:169][  0]LogConfig: Setting CVar [[r.HairStrands.SkyAO.SampleCount:4]]
[2023.04.07-14.02.38:169][  0]LogConfig: Setting CVar [[r.HairStrands.Visibility.MSAA.SamplePerPixel:4]]
[2023.04.07-14.02.38:169][  0]LogConfig: Applying CVar settings from Section [Startup] File [../../../Engine/Config/ConsoleVariables.ini]
[2023.04.07-14.02.38:176][  0]LogConfig: Setting CVar [[net.UseAdaptiveNetUpdateFrequency:0]]
[2023.04.07-14.02.38:176][  0]LogConfig: Setting CVar [[p.chaos.AllowCreatePhysxBodies:1]]
[2023.04.07-14.02.38:176][  0]LogConfig: Setting CVar [[fx.SkipVectorVMBackendOptimizations:1]]
[2023.04.07-14.02.38:176][  0]LogConfig: Applying CVar settings from Section [ConsoleVariables] File [D:/Users/qkrdl/Documents/GitHub/Zolup-Button_Project_MF/Project_MF/Saved/Config/Windows/Engine.ini]
[2023.04.07-14.02.38:176][  0]LogConfig: Applying CVar settings from Section [ConsoleVariables] File [D:/Users/qkrdl/Documents/GitHub/Zolup-Button_Project_MF/Project_MF/Saved/Config/Windows/Editor.ini]
[2023.04.07-14.02.38:176][  0]LogInit: Computer: DESKTOP-7O2N4A7
[2023.04.07-14.02.38:176][  0]LogInit: User: qkrdl
[2023.04.07-14.02.38:176][  0]LogInit: CPU Page size=4096, Cores=4
[2023.04.07-14.02.38:176][  0]LogInit: High frequency timer resolution =10.000000 MHz
[2023.04.07-14.02.38:176][  0]LogMemory: Memory total: Physical=31.9GB (32GB approx)
[2023.04.07-14.02.38:176][  0]LogMemory: Platform Memory Stats for Windows
[2023.04.07-14.02.38:176][  0]LogMemory: Process Physical Memory: 136.46 MB used, 136.46 MB peak
[2023.04.07-14.02.38:176][  0]LogMemory: Process Virtual Memory: 112.03 MB used, 112.03 MB peak
[2023.04.07-14.02.38:176][  0]LogMemory: Physical Memory: 18174.51 MB used,  14504.58 MB free, 32679.09 MB total
[2023.04.07-14.02.38:176][  0]LogMemory: Virtual Memory: 134198760.00 MB used,  18968.77 MB free, 134217728.00 MB total
[2023.04.07-14.02.38:182][  0]LogWindows: WindowsPlatformFeatures enabled
[2023.04.07-14.02.38:459][  0]LogInit: Physics initialised using underlying interface: PhysX
[2023.04.07-14.02.38:459][  0]LogInit: Using OS detected language (ko-KR).
[2023.04.07-14.02.38:459][  0]LogInit: Using OS detected locale (ko-KR).
[2023.04.07-14.02.38:461][  0]LogTextLocalizationManager: No specific localization for 'ko-KR' exists, so the 'ko' localization will be used.
[2023.04.07-14.02.42:489][  0]LogTargetPlatformManager: Display: Loaded TargetPlatform 'AllDesktop'
[2023.04.07-14.02.42:586][  0]LogTargetPlatformManager: Display: Loaded TargetPlatform 'Android'
[2023.04.07-14.02.42:586][  0]LogTargetPlatformManager: Display: Loaded TargetPlatform 'Android_ASTC'
[2023.04.07-14.02.42:586][  0]LogTargetPlatformManager: Display: Loaded TargetPlatform 'Android_DXT'
[2023.04.07-14.02.42:586][  0]LogTargetPlatformManager: Display: Loaded TargetPlatform 'Android_ETC2'
[2023.04.07-14.02.42:586][  0]LogTargetPlatformManager: Display: Loaded TargetPlatform 'AndroidClient'
[2023.04.07-14.02.42:586][  0]LogTargetPlatformManager: Display: Loaded TargetPlatform 'Android_ASTCClient'
[2023.04.07-14.02.42:586][  0]LogTargetPlatformManager: Display: Loaded TargetPlatform 'Android_DXTClient'
[2023.04.07-14.02.42:586][  0]LogTargetPlatformManager: Display: Loaded TargetPlatform 'Android_ETC2Client'
[2023.04.07-14.02.42:586][  0]LogTargetPlatformManager: Display: Loaded TargetPlatform 'Android_Multi'
[2023.04.07-14.02.42:586][  0]LogTargetPlatformManager: Display: Loaded TargetPlatform 'Android_MultiClient'
[2023.04.07-14.02.42:741][  0]LogTargetPlatformManager: Display: Loaded TargetPlatform 'IOSClient'
[2023.04.07-14.02.42:741][  0]LogTargetPlatformManager: Display: Loaded TargetPlatform 'IOS'
[2023.04.07-14.02.42:812][  0]LogTargetPlatformManager: Display: Loaded TargetPlatform 'Linux'
[2023.04.07-14.02.42:855][  0]LogTargetPlatformManager: Display: Loaded TargetPlatform 'LinuxNoEditor'
[2023.04.07-14.02.42:889][  0]LogTargetPlatformManager: Display: Loaded TargetPlatform 'LinuxClient'
[2023.04.07-14.02.42:912][  0]LogTargetPlatformManager: Display: Loaded TargetPlatform 'LinuxServer'
[2023.04.07-14.02.42:947][  0]LogTargetPlatformManager: Display: Loaded TargetPlatform 'LinuxAArch64NoEditor'
[2023.04.07-14.02.42:970][  0]LogTargetPlatformManager: Display: Loaded TargetPlatform 'LinuxAArch64Client'
[2023.04.07-14.02.42:993][  0]LogTargetPlatformManager: Display: Loaded TargetPlatform 'LinuxAArch64Server'
[2023.04.07-14.02.43:036][  0]LogTargetPlatformManager: Display: Loaded TargetPlatform 'Lumin'
[2023.04.07-14.02.43:036][  0]LogTargetPlatformManager: Display: Loaded TargetPlatform 'LuminClient'
[2023.04.07-14.02.43:069][  0]LogTargetPlatformManager: Display: Loaded TargetPlatform 'MacNoEditor'
[2023.04.07-14.02.43:093][  0]LogTargetPlatformManager: Display: Loaded TargetPlatform 'Mac'
[2023.04.07-14.02.43:118][  0]LogTargetPlatformManager: Display: Loaded TargetPlatform 'MacClient'
[2023.04.07-14.02.43:141][  0]LogTargetPlatformManager: Display: Loaded TargetPlatform 'MacServer'
[2023.04.07-14.02.43:169][  0]LogTargetPlatformManager: Display: Loaded TargetPlatform 'TVOSClient'
[2023.04.07-14.02.43:169][  0]LogTargetPlatformManager: Display: Loaded TargetPlatform 'TVOS'
[2023.04.07-14.02.43:200][  0]LogTargetPlatformManager: Display: Loaded TargetPlatform 'WindowsNoEditor'
[2023.04.07-14.02.43:226][  0]LogTargetPlatformManager: Display: Loaded TargetPlatform 'Windows'
[2023.04.07-14.02.43:249][  0]LogTargetPlatformManager: Display: Loaded TargetPlatform 'WindowsClient'
[2023.04.07-14.02.43:273][  0]LogTargetPlatformManager: Display: Loaded TargetPlatform 'WindowsServer'
[2023.04.07-14.02.43:273][  0]LogTargetPlatformManager: Display: Building Assets For Windows
[2023.04.07-14.02.43:349][  0]LogAudioDebug: Display: Lib vorbis DLL was dynamically loaded.
[2023.04.07-14.02.43:587][  0]LogTextureFormatOodle: Display: Oodle Texture 2.9.0 init RDO Off
[2023.04.07-14.02.43:905][  0]LogRendererCore: Ray tracing is disabled. Reason: r.RayTracing=0.
[2023.04.07-14.02.43:905][  0]LogDerivedDataCache: Display: Max Cache Size: 512 MB
[2023.04.07-14.02.44:141][  0]LogDerivedDataCache: Loaded boot cache 0.24s 95MB C:/Users/qkrdl/AppData/Local/UnrealEngine/4.27/DerivedDataCache/Boot.ddc.
[2023.04.07-14.02.44:141][  0]LogDerivedDataCache: Display: Loaded Boot cache: C:/Users/qkrdl/AppData/Local/UnrealEngine/4.27/DerivedDataCache/Boot.ddc
[2023.04.07-14.02.44:141][  0]LogDerivedDataCache: FDerivedDataBackendGraph:  Pak pak cache file ../../../../../../Users/qkrdl/Documents/GitHub/Zolup-Button_Project_MF/Project_MF/DerivedDataCache/DDC.ddp not found, will not use a pak cache.
[2023.04.07-14.02.44:141][  0]LogDerivedDataCache: Unable to find inner node Pak for hierarchical cache Hierarchy.
[2023.04.07-14.02.44:141][  0]LogDerivedDataCache: FDerivedDataBackendGraph:  CompressedPak pak cache file ../../../../../../Users/qkrdl/Documents/GitHub/Zolup-Button_Project_MF/Project_MF/DerivedDataCache/Compressed.ddp not found, will not use a pak cache.
[2023.04.07-14.02.44:141][  0]LogDerivedDataCache: Unable to find inner node CompressedPak for hierarchical cache Hierarchy.
[2023.04.07-14.02.44:174][  0]LogDerivedDataCache: Display: Pak cache opened for reading ../../../Engine/DerivedDataCache/Compressed.ddp.
[2023.04.07-14.02.44:174][  0]LogDerivedDataCache: FDerivedDataBackendGraph:  EnterprisePak pak cache file ../../../Enterprise/DerivedDataCache/Compressed.ddp not found, will not use a pak cache.
[2023.04.07-14.02.44:174][  0]LogDerivedDataCache: Unable to find inner node EnterprisePak for hierarchical cache Hierarchy.
[2023.04.07-14.02.44:227][  0]LogDerivedDataCache: Speed tests for C:/Users/qkrdl/AppData/Local/UnrealEngine/Common/DerivedDataCache took 0.05 seconds
[2023.04.07-14.02.44:227][  0]LogDerivedDataCache: Display: Performance to C:/Users/qkrdl/AppData/Local/UnrealEngine/Common/DerivedDataCache: Latency=0.03ms. RandomReadSpeed=19.86MBs, RandomWriteSpeed=165.18MBs. Assigned SpeedClass 'Local'
[2023.04.07-14.02.44:229][  0]LogDerivedDataCache: Using Local data cache path C:/Users/qkrdl/AppData/Local/UnrealEngine/Common/DerivedDataCache: Writable
[2023.04.07-14.02.44:229][  0]LogDerivedDataCache: Shared data cache path not found in *engine.ini, will not use an Shared cache.
[2023.04.07-14.02.44:229][  0]LogDerivedDataCache: Unable to find inner node Shared for hierarchical cache Hierarchy.
[2023.04.07-14.02.44:255][  0]LogAssetRegistry: FAssetRegistry took 0.0019 seconds to start up
[2023.04.07-14.02.44:536][  0]LogInit: Selected Device Profile: [Windows]
[2023.04.07-14.02.44:536][  0]LogInit: Active device profile: [000002561C229400][0000025619F9CE80 49] Windows
[2023.04.07-14.02.44:536][  0]LogInit: Profiles: [000002561C229400][0000025619F9CE80 49] Windows, [000002561C229500][0000025618378FC0 49] WindowsNoEditor, [000002561C229600][0000025618383100 49] WindowsServer, [000002561C1AE000][0000025618387240 49] WindowsClient, [000002561C1A2200][000002561838B380 49] IOS, [000002561C1AE400][0000025618393500 49] iPadAir, [000002561C1A1F00][0000025618397680 49] iPadAir2, [000002561C150C00][00000256183A5940 49] IPadPro, [000002561C150D00][000002561839B980 49] iPadAir3, [000002561C1A2000][00000256183AFB00 49] iPadAir4, [000002561C150500][00000256183B2100 49] iPadMini2, [000002561C1A3500][00000256183B6280 49] iPadMini3, [000002561C151600][00000256183BA400 49] iPadMini4, [000002561C1A2D00][000002561CAEE580 49] iPadMini5, [000002561C1AD800][000002561CAF6840 49] iPhone6, [000002561C1AD900][000002561CAF2880 49] iPodTouch6, [000002561C151300][000002561CAFEB40 49] iPhone7, [000002561C143F00][000002561CAFAB80 49] iPodTouch7, [000002561C1AFA00][000002561CB02D00 49] iPhone5S, [000002561C140600][000002561CB06E80 49] iPhone6Plus, [000002561C1AFE00][000002561CB0B000 49] iPhone6S, [000002561C143500][000002561CB0F180 49] iPhone6SPlus, [000002561C1AC800][000002561838F2C0 49] iPhone7Plus, [000002561C140E00][000002561CB13400 49] iPhoneSE, [000002561C1AE200][000002561CB17540 49] iPhone8, [000002561C142D00][000002561CB1F6C0 49] iPhone8Plus, [000002561C1AF000][000002561CB23840 49] iPhoneX, [000002561C141500][000002561CB279C0 49] iPhoneXS, [000002561C1AD000][000002561CB2BB40 49] iPhoneXSMax, [000002561C142600][000002561CB2E140 49] iPhoneXR, [000002561C1AEA00][000002561CB322C0 49] iPhone11, [000002561C141C00][000002561CB36440 49] iPhone11Pro, [000002561C1AFD00][000002561CB3A5C0 49] iPhone11ProMax, [000002561C143900][000002561CB3E740 49] iPhoneSE2, [000002561C1AC300][000002561CB428C0 49] iPhone12Mini, [000002561C140C00][000002561CB46A40 49] iPhone12, [000002561C1AC900][000002561CB4ABC0 49] iPhone12Pro, [000002561C142F00][000002561CB4ED40 49] iPhone12ProMax, [000002561C1ACA00][000002561CB52EC0 49] iPadPro105, [000002561C141300][000002561CB57040 49] iPadPro129, [000002561C1AEF00][000002561CB5B1C0 49] iPadPro97, [000002561C141700][000002561CB5F340 49] iPadPro2_129, [000002561C1AF500][000002561CB1B480 49] iPad5, [000002561C142500][000002561CB635C0 49] iPad6, [000002561C1AF800][000002561CB67700 49] iPad7, [000002561C140B00][000002561CB6B840 49] iPad8, [000002561C1AEE00][000002561CB739C0 49] iPadPro11, [000002561C140700][000002561CB77B40 49] iPadPro2_11, [000002561C1AF700][000002561CB7A140 49] iPadPro3_129, [000002561C141600][000002561CB7E2C0 49] iPadPro4_129, [000002561C1AE800][000002561CB82440 49] AppleTV, [000002561C142700][000002561CB865C0 49] AppleTV4K, [000002561C1AF900][000002561CB8A740 49] TVOS, [000002561C142E00][000002561CB8E8C0 49] Mac, [000002561C1AE300][000002561CB92A40 49] MacClient, [000002561C140500][000002561CB96BC0 49] MacNoEditor, [000002561C1ACF00][000002561CB9AD40 49] MacServer, [000002561C143000][000002561CB9EEC0 49] Linux, [000002561C1AC100][000002561CBA3040 49] LinuxAArch64, [000002561C141E00][000002561CBA71C0 49] LinuxNoEditor, [000002561C1ACB00][000002561CBAB340 49] LinuxAArch64NoEditor, [000002561C141000][000002561CBAF4C0 49] LinuxClient, [000002561C1AFB00][000002561CB6F600 49] LinuxAArch64Client, [000002561C142A00][000002561CBB3740 49] LinuxServer, [000002561C1AC500][000002561CBB7880 49] LinuxAArch64Server, [000002561C143400][000002561CBBB9C0 49] Android, [000002561C1AD400][000002561CBC3B40 49] Android_Low, [000002561C143800][000002561CBC6140 49] Android_Mid, [000002561C1AFC00][000002561CBCA2C0 49] Android_High, [000002561C143700][000002561CBCE440 49] Android_Default, [000002561C1AD500][000002561CBD25C0 49] Android_Adreno4xx, [000002561C141A00][000002561CBD6740 49] Android_Adreno5xx_Low, [000002561C22A800][000002561CBDA8C0 49] Android_Adreno5xx, [000002561C153600][000002561CBDEA40 49] Android_Adreno6xx, [000002561C22A700][000002561CBE2BC0 49] Android_Adreno6xx_Vulkan, [000002561C150F00][000002561CBE6D40 49] Android_Mali_T6xx, [000002561C22A300][000002561CBEAEC0 49] Android_Mali_T7xx, [000002561C153100][000002561CBEF040 49] Android_Mali_T8xx, [000002561C22AB00][000002561CBF31C0 49] Android_Mali_G71, [000002561C152300][000002561CBF7340 49] Android_Mali_G72, [000002561C22B000][000002561CBFB4C0 49] Android_Mali_G72_Vulkan, [000002561C153E00][000002561CBFF640 49] Android_Mali_G76, [000002561C228500][000002561CC037C0 49] Android_Mali_G76_Vulkan, [000002561C151900][000002561CBBF900 49] Android_Mali_G77, [000002561C228100][000002561CC07A40 49] Android_Mali_G77_Vulkan, [000002561C152A00][000002561CC0BB80 49] Android_Mali_G78, [000002561C229C00][000002561CC12180 49] Android_Mali_G78_Vulkan, [000002561C151A00][000002561CC16300 49] Android_Mali_G710, [000002561C228F00][000002561CC1A480 49] Android_Mali_G710_Vulkan, [000002561C150E00][000002561CC1E600 49] Android_Vulkan_SM5, [000002561C228D00][000002561CC22780 49] Android_PowerVR_G6xxx, [000002561C152000][000002561CC26900 49] Android_PowerVR_GT7xxx, [000002561C228A00][000002561CC2AA80 49] Android_PowerVR_GE8xxx, [000002561C153000][000002561CC2EC00 49] Android_PowerVR_GM9xxx, [000002561C22A200][000002561CC32D80 49] Android_PowerVR_GM9xxx_Vulkan, [000002561C150B00][000002561CC36F00 49] Android_TegraK1, [000002561C22A900][000002561CC3B080 49] Android_Unknown_Vulkan, [000002561C151C00][000002561CC3F200 49] Lumin, [000002561C22A500][000002561CC43380 49] Lumin_Desktop, [000002561C151B00][000002561CC47500 49] HoloLens, 
[2023.04.07-14.02.44:831][  0]LogMeshReduction: Using QuadricMeshReduction for automatic static mesh reduction
[2023.04.07-14.02.44:831][  0]LogMeshReduction: Using SimplygonMeshReduction for automatic skeletal mesh reduction
[2023.04.07-14.02.44:831][  0]LogMeshReduction: Using ProxyLODMeshReduction for automatic mesh merging
[2023.04.07-14.02.44:831][  0]LogMeshReduction: No distributed automatic mesh merging module available
[2023.04.07-14.02.44:831][  0]LogMeshMerging: No distributed automatic mesh merging module available
[2023.04.07-14.02.44:856][  0]LogNetVersion: Project_MF 1.0.0, NetCL: 17155196, EngineNetVer: 17, GameNetVer: 0 (Checksum: 3145920875)
[2023.04.07-14.02.45:501][  0]LogHMD: PokeAHoleMaterial loaded successfully
[2023.04.07-14.02.46:079][  0]LogCollectionManager: Loaded 0 collections in 0.000974 seconds
[2023.04.07-14.02.46:081][  0]LogFileCache: Scanning file cache for directory 'D:/Users/qkrdl/Documents/GitHub/Zolup-Button_Project_MF/Project_MF/Saved/Collections/' took 0.00s
[2023.04.07-14.02.46:081][  0]LogFileCache: Scanning file cache for directory 'D:/Users/qkrdl/Documents/GitHub/Zolup-Button_Project_MF/Project_MF/Content/Developers/qkrdl/Collections/' took 0.00s
[2023.04.07-14.02.46:081][  0]LogFileCache: Scanning file cache for directory 'D:/Users/qkrdl/Documents/GitHub/Zolup-Button_Project_MF/Project_MF/Content/Collections/' took 0.00s
[2023.04.07-14.02.46:081][  0]LogCollectionManager: Fixed up redirectors for 0 collections in 0.000001 seconds (updated 0 objects)
[2023.04.07-14.02.46:710][  0]LogPython: Using Python 3.7.7
[2023.04.07-14.02.47:716][  0]LogNiagaraDebuggerClient: Niagara Debugger Client Initialized | Session: 62F3AEFB4874BCD4C982BAB08CB109A1 | Instance: 3117D1FC48AEC23E4E618DB157B7B44C (DESKTOP-7O2N4A7-31500).
[2023.04.07-14.02.48:943][  0]SourceControl: 소스 컨트롤이 꺼졌습니다.
[2023.04.07-14.02.48:943][  0]SourceControl: 소스 컨트롤이 꺼졌습니다.
[2023.04.07-14.02.48:973][  0]SourceControl: 소스 컨트롤이 꺼졌습니다.
[2023.04.07-14.02.48:994][  0]SourceControl: 소스 컨트롤이 꺼졌습니다.
[2023.04.07-14.02.49:128][  0]SourceControl: 소스 컨트롤이 꺼졌습니다.
[2023.04.07-14.02.49:653][  0]LogUProjectInfo: Found projects:
[2023.04.07-14.02.49:793][  0]LogOpenImageDenoise: OIDN starting up
[2023.04.07-14.02.50:054][  0]LogAndroidPermission: UAndroidPermissionCallbackProxy::GetInstance
[2023.04.07-14.02.50:174][  0]LogAudioCaptureCore: Display: No Audio Capture implementations found. Audio input will be silent.
[2023.04.07-14.02.50:174][  0]LogAudioCaptureCore: Display: No Audio Capture implementations found. Audio input will be silent.
[2023.04.07-14.02.50:840][  0]LogOcInput: OculusInput pre-init called
[2023.04.07-14.02.50:970][  0]LogUObjectArray: 23773 objects as part of root set at end of initial load.
[2023.04.07-14.02.50:970][  0]LogUObjectAllocator: 6792496 out of 0 bytes used by permanent object pool.
[2023.04.07-14.02.50:970][  0]LogUObjectArray: CloseDisregardForGC: 0/0 objects in disregard for GC pool
[2023.04.07-14.02.50:972][  0]LogInit: Error: VisualStudioToolsCommandlet looked like a commandlet, but we could not find the class.
[2023.04.07-14.02.50:972][  0]LogCore: Engine exit requested (reason: Failed to find commandlet class VisualStudioToolsCommandlet)
[2023.04.07-14.02.50:972][  0]LogCore: Engine exit requested (reason: EngineExit() was called; note: exit was already requested)
[2023.04.07-14.02.50:972][  0]LogExit: Preparing to exit.
[2023.04.07-14.02.50:978][  0]LogUObjectHash: Compacting FUObjectHashTables data took   0.75ms
[2023.04.07-14.02.51:024][  0]LogDemo: Cleaned up 0 splitscreen connections with owner deletion
[2023.04.07-14.02.51:063][  0]LogExit: Object subsystem successfully closed.
[2023.04.07-14.02.51:079][  0]LogModuleManager: Shutting down and abandoning module AudioSynesthesiaEditor (596)
[2023.04.07-14.02.51:079][  0]LogModuleManager: Shutting down and abandoning module OculusEditor (594)
[2023.04.07-14.02.51:079][  0]LogModuleManager: Shutting down and abandoning module OculusInput (592)
[2023.04.07-14.02.51:079][  0]LogModuleManager: Shutting down and abandoning module ContentBrowserFileDataSource (590)
[2023.04.07-14.02.51:079][  0]LogModuleManager: Shutting down and abandoning module ContentBrowserClassDataSource (588)
[2023.04.07-14.02.51:079][  0]LogModuleManager: Shutting down and abandoning module ContentBrowserAssetDataSource (586)
[2023.04.07-14.02.51:079][  0]LogModuleManager: Shutting down and abandoning module ToolMenus (585)
[2023.04.07-14.02.51:079][  0]LogModuleManager: Shutting down and abandoning module ScreenshotTools (582)
[2023.04.07-14.02.51:079][  0]LogModuleManager: Shutting down and abandoning module TakeSequencer (580)
[2023.04.07-14.02.51:079][  0]LogModuleManager: Shutting down and abandoning module TakeMovieScene (578)
[2023.04.07-14.02.51:079][  0]LogModuleManager: Shutting down and abandoning module SynthesisEditor (576)
[2023.04.07-14.02.51:079][  0]LogModuleManager: Shutting down and abandoning module Synthesis (574)
[2023.04.07-14.02.51:079][  0]LogModuleManager: Shutting down and abandoning module ProceduralMeshComponentEditor (572)
[2023.04.07-14.02.51:079][  0]LogModuleManager: Shutting down and abandoning module ProceduralMeshComponent (570)
[2023.04.07-14.02.51:079][  0]LogModuleManager: Shutting down and abandoning module OpenXREditor (568)
[2023.04.07-14.02.51:079][  0]LogModuleManager: Shutting down and abandoning module MobilePatchingUtils (566)
[2023.04.07-14.02.51:079][  0]LogModuleManager: Shutting down and abandoning module VariantManagerContentEditor (564)
[2023.04.07-14.02.51:079][  0]LogModuleManager: Shutting down and abandoning module CableComponent (562)
[2023.04.07-14.02.51:079][  0]LogModuleManager: Shutting down and abandoning module GooglePAD (560)
[2023.04.07-14.02.51:079][  0]LogModuleManager: Shutting down and abandoning module EditableMesh (558)
[2023.04.07-14.02.51:079][  0]LogModuleManager: Shutting down and abandoning module CustomMeshComponent (556)
[2023.04.07-14.02.51:079][  0]LogModuleManager: Shutting down and abandoning module AudioCapture (554)
[2023.04.07-14.02.51:079][  0]LogModuleManager: Shutting down and abandoning module AudioCaptureRtAudio (553)
[2023.04.07-14.02.51:079][  0]LogModuleManager: Shutting down and abandoning module AssetTags (550)
[2023.04.07-14.02.51:079][  0]LogModuleManager: Shutting down and abandoning module ArchVisCharacter (548)
[2023.04.07-14.02.51:080][  0]LogModuleManager: Shutting down and abandoning module AppleImageUtilsBlueprintSupport (546)
[2023.04.07-14.02.51:080][  0]LogModuleManager: Shutting down and abandoning module AppleImageUtils (544)
[2023.04.07-14.02.51:080][  0]LogModuleManager: Shutting down and abandoning module AndroidPermission (542)
[2023.04.07-14.02.51:080][  0]LogModuleManager: Shutting down and abandoning module ActorLayerUtilitiesEditor (540)
[2023.04.07-14.02.51:080][  0]LogModuleManager: Shutting down and abandoning module ActorLayerUtilities (538)
[2023.04.07-14.02.51:080][  0]LogModuleManager: Shutting down and abandoning module TemplateSequence (536)
[2023.04.07-14.02.51:080][  0]LogModuleManager: Shutting down and abandoning module NiagaraEditorWidgets (534)
[2023.04.07-14.02.51:080][  0]LogModuleManager: Shutting down and abandoning module MediaCompositing (532)
[2023.04.07-14.02.51:080][  0]LogModuleManager: Shutting down and abandoning module MagicLeapSharedWorld (530)
[2023.04.07-14.02.51:080][  0]LogModuleManager: Shutting down and abandoning module MagicLeapLightEstimation (528)
[2023.04.07-14.02.51:080][  0]LogModuleManager: Shutting down and abandoning module MagicLeapHelperVulkan (526)
[2023.04.07-14.02.51:080][  0]LogModuleManager: Shutting down and abandoning module MagicLeapHelperOpenGL (524)
[2023.04.07-14.02.51:080][  0]LogModuleManager: Shutting down and abandoning module MagicLeapAudio (522)
[2023.04.07-14.02.51:080][  0]LogModuleManager: Shutting down and abandoning module DatasmithContentEditor (520)
[2023.04.07-14.02.51:080][  0]LogModuleManager: Shutting down and abandoning module MotoSynthEditor (518)
[2023.04.07-14.02.51:080][  0]LogModuleManager: Shutting down and abandoning module MotoSynth (516)
[2023.04.07-14.02.51:080][  0]LogModuleManager: Shutting down and abandoning module OpenImageDenoise (514)
[2023.04.07-14.02.51:080][  0]LogOpenImageDenoise: OIDN shutting down
[2023.04.07-14.02.51:080][  0]LogModuleManager: Shutting down and abandoning module GeometryCollectionTracks (512)
[2023.04.07-14.02.51:080][  0]LogModuleManager: Shutting down and abandoning module GeometryCollectionSequencer (511)
[2023.04.07-14.02.51:080][  0]LogModuleManager: Shutting down and abandoning module GeometryCollectionEditor (508)
[2023.04.07-14.02.51:080][  0]LogModuleManager: Shutting down and abandoning module MeshConversion (506)
[2023.04.07-14.02.51:080][  0]LogModuleManager: Shutting down and abandoning module DynamicMesh (504)
[2023.04.07-14.02.51:080][  0]LogModuleManager: Shutting down and abandoning module GeometryAlgorithms (502)
[2023.04.07-14.02.51:080][  0]LogModuleManager: Shutting down and abandoning module GeometricObjects (500)
[2023.04.07-14.02.51:080][  0]LogModuleManager: Shutting down and abandoning module GeometryCacheTracks (498)
[2023.04.07-14.02.51:080][  0]LogModuleManager: Shutting down and abandoning module GeometryCacheStreamer (496)
[2023.04.07-14.02.51:080][  0]LogModuleManager: Shutting down and abandoning module GeometryCacheSequencer (494)
[2023.04.07-14.02.51:080][  0]LogModuleManager: Shutting down and abandoning module VisualStudioSourceCodeAccess (492)
[2023.04.07-14.02.51:080][  0]LogModuleManager: Shutting down and abandoning module VisualStudioCodeSourceCodeAccess (490)
[2023.04.07-14.02.51:080][  0]LogModuleManager: Shutting down and abandoning module SpeedTreeImporter (488)
[2023.04.07-14.02.51:080][  0]LogModuleManager: Shutting down and abandoning module ChaosSolverEditor (486)
[2023.04.07-14.02.51:080][  0]LogModuleManager: Shutting down and abandoning module ChaosNiagara (484)
[2023.04.07-14.02.51:080][  0]LogModuleManager: Shutting down and abandoning module FractureEditor (482)
[2023.04.07-14.02.51:080][  0]LogModuleManager: Shutting down and abandoning module FieldSystemEngine (481)
[2023.04.07-14.02.51:080][  0]LogModuleManager: Shutting down and abandoning module ChaosClothEditor (478)
[2023.04.07-14.02.51:080][  0]LogModuleManager: Shutting down and abandoning module UObjectPlugin (476)
[2023.04.07-14.02.51:080][  0]LogModuleManager: Shutting down and abandoning module AutomationUtilsEditor (474)
[2023.04.07-14.02.51:080][  0]LogModuleManager: Shutting down and abandoning module AutomationUtils (472)
[2023.04.07-14.02.51:080][  0]LogModuleManager: Shutting down and abandoning module SubversionSourceControl (470)
[2023.04.07-14.02.51:080][  0]LogModuleManager: Shutting down and abandoning module AlembicImporter (468)
[2023.04.07-14.02.51:080][  0]LogModuleManager: Shutting down and abandoning module AlembicLibrary (467)
[2023.04.07-14.02.51:080][  0]LogModuleManager: Shutting down and abandoning module GeometryCache (466)
[2023.04.07-14.02.51:080][  0]LogModuleManager: Shutting down and abandoning module GeometryCacheEd (465)
[2023.04.07-14.02.51:080][  0]LogModuleManager: Shutting down and abandoning module PluginUtils (460)
[2023.04.07-14.02.51:080][  0]LogModuleManager: Shutting down and abandoning module PlasticSourceControl (458)
[2023.04.07-14.02.51:080][  0]LogModuleManager: Shutting down and abandoning module PerforceSourceControl (456)
[2023.04.07-14.02.51:080][  0]LogModuleManager: Shutting down and abandoning module GitSourceControl (454)
[2023.04.07-14.02.51:080][  0]LogModuleManager: Shutting down and abandoning module SourceControl (453)
[2023.04.07-14.02.51:080][  0]LogModuleManager: Shutting down and abandoning module CLionSourceCodeAccess (450)
[2023.04.07-14.02.51:080][  0]LogModuleManager: Shutting down and abandoning module AnimationSharingEd (448)
[2023.04.07-14.02.51:080][  0]LogModuleManager: Shutting down and abandoning module MobileLauncherProfileWizard (446)
[2023.04.07-14.02.51:080][  0]LogModuleManager: Shutting down and abandoning module MaterialAnalyzer (444)
[2023.04.07-14.02.51:080][  0]LogModuleManager: Shutting down and abandoning module PluginBrowser (442)
[2023.04.07-14.02.51:080][  0]LogModuleManager: Shutting down and abandoning module CurveEditorTools (440)
[2023.04.07-14.02.51:080][  0]LogModuleManager: Shutting down and abandoning module CryptoKeysOpenSSL (438)
[2023.04.07-14.02.51:080][  0]LogModuleManager: Shutting down and abandoning module CryptoKeys (436)
[2023.04.07-14.02.51:080][  0]LogModuleManager: Shutting down and abandoning module OodleNetworkHandlerComponent (434)
[2023.04.07-14.02.51:080][  0]LogModuleManager: Shutting down and abandoning module LiveLinkSequencer (432)
[2023.04.07-14.02.51:081][  0]LogModuleManager: Shutting down and abandoning module LiveLinkMovieScene (430)
[2023.04.07-14.02.51:081][  0]LogModuleManager: Shutting down and abandoning module LiveLinkGraphNode (428)
[2023.04.07-14.02.51:081][  0]LogModuleManager: Shutting down and abandoning module LiveLinkEditor (426)
[2023.04.07-14.02.51:081][  0]LogModuleManager: Shutting down and abandoning module LiveLinkComponents (424)
[2023.04.07-14.02.51:081][  0]LogModuleManager: Shutting down and abandoning module LiveLink (422)
[2023.04.07-14.02.51:449][  0]LogModuleManager: Shutting down and abandoning module LightPropagationVolumeEditor (420)
[2023.04.07-14.02.51:449][  0]LogModuleManager: Shutting down and abandoning module PaperTiledImporter (418)
[2023.04.07-14.02.51:449][  0]LogModuleManager: Shutting down and abandoning module PaperSpriteSheetImporter (416)
[2023.04.07-14.02.51:449][  0]LogModuleManager: Shutting down and abandoning module Paper2DEditor (414)
[2023.04.07-14.02.51:449][  0]LogModuleManager: Shutting down and abandoning module MeshPaintingToolset (412)
[2023.04.07-14.02.51:449][  0]LogModuleManager: Shutting down and abandoning module MeshPaintEditorMode (410)
[2023.04.07-14.02.51:449][  0]LogModuleManager: Shutting down and abandoning module Project_MF (408)
[2023.04.07-14.02.51:449][  0]LogModuleManager: Shutting down and abandoning module AnimGraph (407)
[2023.04.07-14.02.51:449][  0]LogModuleManager: Shutting down and abandoning module SoundFields (404)
[2023.04.07-14.02.51:450][  0]LogModuleManager: Shutting down and abandoning module SignificanceManager (402)
[2023.04.07-14.02.51:450][  0]LogModuleManager: Shutting down and abandoning module RuntimePhysXCooking (400)
[2023.04.07-14.02.51:450][  0]LogModuleManager: Shutting down and abandoning module PropertyAccessEditor (398)
[2023.04.07-14.02.51:450][  0]LogModuleManager: Shutting down and abandoning module PhysXVehiclesEditor (396)
[2023.04.07-14.02.51:450][  0]LogModuleManager: Shutting down and abandoning module LocationServicesBPLibrary (392)
[2023.04.07-14.02.51:450][  0]LogModuleManager: Shutting down and abandoning module AudioSynesthesia (390)
[2023.04.07-14.02.51:450][  0]LogModuleManager: Shutting down and abandoning module AudioSynesthesiaCore (388)
[2023.04.07-14.02.51:450][  0]LogModuleManager: Shutting down and abandoning module ActorSequence (386)
[2023.04.07-14.02.51:450][  0]LogModuleManager: Shutting down and abandoning module UdpMessaging (384)
[2023.04.07-14.02.51:450][  0]LogModuleManager: Shutting down and abandoning module TcpMessaging (382)
[2023.04.07-14.02.51:450][  0]LogModuleManager: Shutting down and abandoning module NiagaraAnimNotifies (380)
[2023.04.07-14.02.51:450][  0]LogModuleManager: Shutting down and abandoning module Niagara (378)
[2023.04.07-14.02.51:450][  0]LogModuleManager: Shutting down and abandoning module SignalProcessing (377)
[2023.04.07-14.02.51:450][  0]LogModuleManager: Shutting down and abandoning module NiagaraEditor (375)
[2023.04.07-14.02.51:450][  0]LogModuleManager: Shutting down and abandoning module NiagaraCore (372)
[2023.04.07-14.02.51:450][  0]LogModuleManager: Shutting down and abandoning module MagicLeapARPin (370)
[2023.04.07-14.02.51:450][  0]LogModuleManager: Shutting down and abandoning module MagicLeapHandMeshing (368)
[2023.04.07-14.02.51:450][  0]LogModuleManager: Shutting down and abandoning module MagicLeapSecureStorage (366)
[2023.04.07-14.02.51:450][  0]LogModuleManager: Shutting down and abandoning module MagicLeapPrivileges (364)
[2023.04.07-14.02.51:450][  0]LogModuleManager: Shutting down and abandoning module MagicLeapPlanes (362)
[2023.04.07-14.02.51:450][  0]LogMagicLeapPlanes: Planes tracker already destroyed.
[2023.04.07-14.02.51:450][  0]LogModuleManager: Shutting down and abandoning module MagicLeapImageTracker (360)
[2023.04.07-14.02.51:450][  0]LogModuleManager: Shutting down and abandoning module MagicLeapIdentity (358)
[2023.04.07-14.02.51:450][  0]LogModuleManager: Shutting down and abandoning module MagicLeapHandTracking (356)
[2023.04.07-14.02.51:450][  0]LogModuleManager: Shutting down and abandoning module MagicLeapEyeTracker (354)
[2023.04.07-14.02.51:450][  0]LogModuleManager: Shutting down and abandoning module MagicLeapController (352)
[2023.04.07-14.02.51:450][  0]LogModuleManager: Shutting down and abandoning module MagicLeapARPinImpl (350)
[2023.04.07-14.02.51:450][  0]LogModuleManager: Shutting down and abandoning module MagicLeapAR (348)
[2023.04.07-14.02.51:450][  0]LogModuleManager: Shutting down and abandoning module PythonScriptPlugin (346)
[2023.04.07-14.02.51:450][  0]LogModuleManager: Shutting down and abandoning module PropertyAccessNode (344)
[2023.04.07-14.02.51:450][  0]LogModuleManager: Shutting down and abandoning module AnimationSharing (342)
[2023.04.07-14.02.51:450][  0]LogModuleManager: Shutting down and abandoning module GameplayTagsEditor (340)
[2023.04.07-14.02.51:450][  0]LogModuleManager: Shutting down and abandoning module FacialAnimationEditor (338)
[2023.04.07-14.02.51:450][  0]LogModuleManager: Shutting down and abandoning module FacialAnimation (336)
[2023.04.07-14.02.51:450][  0]LogModuleManager: Shutting down and abandoning module DataValidation (334)
[2023.04.07-14.02.51:450][  0]LogModuleManager: Shutting down and abandoning module AssetManagerEditor (332)
[2023.04.07-14.02.51:450][  0]LogModuleManager: Shutting down and abandoning module TreeMap (331)
[2023.04.07-14.02.51:450][  0]LogModuleManager: Shutting down and abandoning module GameplayCameras (328)
[2023.04.07-14.02.51:450][  0]LogModuleManager: Shutting down and abandoning module EnvironmentQueryEditor (326)
[2023.04.07-14.02.51:450][  0]LogModuleManager: Shutting down and abandoning module LightPropagationVolumeRuntime (324)
[2023.04.07-14.02.51:450][  0]LogModuleManager: Shutting down and abandoning module Paper2D (322)
[2023.04.07-14.02.51:450][  0]LogModuleManager: Shutting down and abandoning module NetworkReplayStreaming (320)
[2023.04.07-14.02.51:450][  0]LogModuleManager: Shutting down and abandoning module PacketHandler (318)
[2023.04.07-14.02.51:450][  0]LogModuleManager: Shutting down and abandoning module ClothingSystemEditor (316)
[2023.04.07-14.02.51:450][  0]LogModuleManager: Shutting down and abandoning module ClothingSystemRuntimeNv (314)
[2023.04.07-14.02.51:450][  0]LogModuleManager: Shutting down and abandoning module MediaAssets (312)
[2023.04.07-14.02.51:450][  0]LogModuleManager: Shutting down and abandoning module Overlay (310)
[2023.04.07-14.02.51:450][  0]LogModuleManager: Shutting down and abandoning module OverlayEditor (309)
[2023.04.07-14.02.51:450][  0]LogModuleManager: Shutting down and abandoning module Blutility (306)
[2023.04.07-14.02.51:450][  0]LogModuleManager: Shutting down and abandoning module LevelEditor (305)
[2023.04.07-14.02.51:451][  0]LogModuleManager: Shutting down and abandoning module PixelInspectorModule (304)
[2023.04.07-14.02.51:451][  0]LogModuleManager: Shutting down and abandoning module CommonMenuExtensions (302)
[2023.04.07-14.02.51:451][  0]LogModuleManager: Shutting down and abandoning module MainFrame (300)
[2023.04.07-14.02.51:451][  0]LogModuleManager: Shutting down and abandoning module HotReload (299)
[2023.04.07-14.02.51:452][  0]LogModuleManager: Shutting down and abandoning module ContentBrowser (295)
[2023.04.07-14.02.51:452][  0]LogModuleManager: Shutting down and abandoning module CollectionManager (294)
[2023.04.07-14.02.51:452][  0]LogModuleManager: Shutting down and abandoning module ContentBrowserData (292)
[2023.04.07-14.02.51:452][  0]LogModuleManager: Shutting down and abandoning module IntroTutorials (288)
[2023.04.07-14.02.51:452][  0]LogModuleManager: Shutting down and abandoning module VREditor (286)
[2023.04.07-14.02.51:452][  0]LogModuleManager: Shutting down and abandoning module StringTableEditor (284)
[2023.04.07-14.02.51:452][  0]LogModuleManager: Shutting down and abandoning module GameplayTasksEditor (282)
[2023.04.07-14.02.51:452][  0]LogModuleManager: Shutting down and abandoning module BehaviorTreeEditor (280)
[2023.04.07-14.02.51:452][  0]LogModuleManager: Shutting down and abandoning module FunctionalTesting (278)
[2023.04.07-14.02.51:452][  0]LogModuleManager: Shutting down and abandoning module CollisionAnalyzer (276)
[2023.04.07-14.02.51:452][  0]LogModuleManager: Shutting down and abandoning module WorkspaceMenuStructure (275)
[2023.04.07-14.02.51:452][  0]LogModuleManager: Shutting down and abandoning module UMG (272)
[2023.04.07-14.02.51:452][  0]LogModuleManager: Shutting down and abandoning module UMGEditor (271)
[2023.04.07-14.02.51:452][  0]LogModuleManager: Shutting down and abandoning module MessageLog (269)
[2023.04.07-14.02.51:452][  0]LogModuleManager: Shutting down and abandoning module SlateReflector (264)
[2023.04.07-14.02.51:452][  0]LogModuleManager: Shutting down and abandoning module Slate (262)
[2023.04.07-14.02.51:452][  0]LogModuleManager: Shutting down and abandoning module SlateCore (260)
[2023.04.07-14.02.51:453][  0]LogModuleManager: Shutting down and abandoning module LandscapeEditorUtilities (258)
[2023.04.07-14.02.51:453][  0]LogModuleManager: Shutting down and abandoning module UnrealEd (256)
[2023.04.07-14.02.51:453][  0]LogModuleManager: Shutting down and abandoning module MRMesh (254)
[2023.04.07-14.02.51:453][  0]LogModuleManager: Shutting down and abandoning module SourceCodeAccess (252)
[2023.04.07-14.02.51:453][  0]LogModuleManager: Shutting down and abandoning module HeadMountedDisplay (250)
[2023.04.07-14.02.51:453][  0]LogModuleManager: Shutting down and abandoning module XAudio2 (248)
[2023.04.07-14.02.51:453][  0]LogModuleManager: Shutting down and abandoning module Networking (246)
[2023.04.07-14.02.51:453][  0]LogModuleManager: Shutting down and abandoning module Core (244)
[2023.04.07-14.02.51:453][  0]LogModuleManager: Shutting down and abandoning module MaterialEditor (242)
[2023.04.07-14.02.51:453][  0]LogModuleManager: Shutting down and abandoning module Settings (241)
[2023.04.07-14.02.51:453][  0]LogModuleManager: Shutting down and abandoning module MovieSceneTools (238)
[2023.04.07-14.02.51:453][  0]LogModuleManager: Shutting down and abandoning module CurveEditor (237)
[2023.04.07-14.02.51:453][  0]LogModuleManager: Shutting down and abandoning module Sequencer (235)
[2023.04.07-14.02.51:453][  0]LogModuleManager: Shutting down and abandoning module EditorStyle (234)
[2023.04.07-14.02.51:454][  0]LogModuleManager: Shutting down and abandoning module KismetCompiler (230)
[2023.04.07-14.02.51:454][  0]LogModuleManager: Shutting down and abandoning module MeshBuilder (228)
[2023.04.07-14.02.51:454][  0]LogModuleManager: Shutting down and abandoning module MeshUtilities (226)
[2023.04.07-14.02.51:454][  0]LogModuleManager: Shutting down and abandoning module MeshMergeUtilities (225)
[2023.04.07-14.02.51:454][  0]LogModuleManager: Shutting down and abandoning module MeshReductionInterface (224)
[2023.04.07-14.02.51:454][  0]LogModuleManager: Shutting down and abandoning module MeshBoneReduction (223)
[2023.04.07-14.02.51:454][  0]LogModuleManager: Shutting down and abandoning module SkeletalMeshReduction (221)
[2023.04.07-14.02.51:454][  0]LogModuleManager: Shutting down and abandoning module ProxyLODMeshReduction (219)
[2023.04.07-14.02.51:454][  0]LogModuleManager: Shutting down and abandoning module QuadricMeshReduction (217)
[2023.04.07-14.02.51:454][  0]LogModuleManager: Shutting down and abandoning module MaterialBaking (213)
[2023.04.07-14.02.51:454][  0]LogModuleManager: Shutting down and abandoning module DirectoryWatcher (209)
[2023.04.07-14.02.51:454][  0]LogModuleManager: Shutting down and abandoning module NullInstallBundleManager (206)
[2023.04.07-14.02.51:454][  0]LogModuleManager: Shutting down and abandoning module DerivedDataCache (204)
[2023.04.07-14.02.51:454][  0]LogModuleManager: Shutting down and abandoning module TargetPlatform (202)
[2023.04.07-14.02.51:454][  0]LogModuleManager: Shutting down and abandoning module VulkanShaderFormat (201)
[2023.04.07-14.02.51:455][  0]LogModuleManager: Shutting down and abandoning module ShaderFormatVectorVM (199)
[2023.04.07-14.02.51:455][  0]LogModuleManager: Shutting down and abandoning module ShaderFormatOpenGL (197)
[2023.04.07-14.02.51:455][  0]LogModuleManager: Shutting down and abandoning module ShaderFormatD3D (195)
[2023.04.07-14.02.51:455][  0]LogModuleManager: Shutting down and abandoning module MetalShaderFormat (193)
[2023.04.07-14.02.51:455][  0]LogModuleManager: Shutting down and abandoning module TextureFormatOodle (191)
[2023.04.07-14.02.51:455][  0]LogModuleManager: Shutting down and abandoning module TextureFormatUncompressed (189)
[2023.04.07-14.02.51:455][  0]LogModuleManager: Shutting down and abandoning module TextureFormatPVR (187)
[2023.04.07-14.02.51:455][  0]LogModuleManager: Shutting down and abandoning module TextureFormatETC2 (185)
[2023.04.07-14.02.51:455][  0]LogModuleManager: Shutting down and abandoning module TextureFormatDXT (183)
[2023.04.07-14.02.51:455][  0]LogModuleManager: Shutting down and abandoning module TextureFormatIntelISPCTexComp (181)
[2023.04.07-14.02.51:455][  0]LogModuleManager: Shutting down and abandoning module TextureFormatASTC (179)
[2023.04.07-14.02.51:455][  0]LogModuleManager: Shutting down and abandoning module ImageWrapper (178)
[2023.04.07-14.02.51:455][  0]LogModuleManager: Shutting down and abandoning module AudioFormatOpus (175)
[2023.04.07-14.02.51:455][  0]LogModuleManager: Shutting down and abandoning module AudioFormatOgg (173)
[2023.04.07-14.02.51:455][  0]LogModuleManager: Shutting down and abandoning module AudioFormatADPCM (171)
[2023.04.07-14.02.51:455][  0]LogModuleManager: Shutting down and abandoning module WindowsServerTargetPlatform (169)
[2023.04.07-14.02.51:455][  0]LogModuleManager: Shutting down and abandoning module WindowsClientTargetPlatform (167)
[2023.04.07-14.02.51:455][  0]LogModuleManager: Shutting down and abandoning module WindowsTargetPlatform (165)
[2023.04.07-14.02.51:455][  0]LogModuleManager: Shutting down and abandoning module WindowsNoEditorTargetPlatform (163)
[2023.04.07-14.02.51:455][  0]LogModuleManager: Shutting down and abandoning module TVOSTargetPlatform (161)
[2023.04.07-14.02.51:455][  0]LogModuleManager: Shutting down and abandoning module MacServerTargetPlatform (159)
[2023.04.07-14.02.51:455][  0]LogModuleManager: Shutting down and abandoning module MacClientTargetPlatform (157)
[2023.04.07-14.02.51:455][  0]LogModuleManager: Shutting down and abandoning module MacTargetPlatform (155)
[2023.04.07-14.02.51:455][  0]LogModuleManager: Shutting down and abandoning module MacNoEditorTargetPlatform (153)
[2023.04.07-14.02.51:455][  0]LogModuleManager: Shutting down and abandoning module LuminTargetPlatform (151)
[2023.04.07-14.02.51:456][  0]LogModuleManager: Shutting down and abandoning module LinuxAArch64ServerTargetPlatform (149)
[2023.04.07-14.02.51:457][  0]LogModuleManager: Shutting down and abandoning module LinuxAArch64ClientTargetPlatform (147)
[2023.04.07-14.02.51:457][  0]LogModuleManager: Shutting down and abandoning module LinuxAArch64NoEditorTargetPlatform (145)
[2023.04.07-14.02.51:457][  0]LogModuleManager: Shutting down and abandoning module LinuxServerTargetPlatform (143)
[2023.04.07-14.02.51:457][  0]LogModuleManager: Shutting down and abandoning module LinuxClientTargetPlatform (141)
[2023.04.07-14.02.51:457][  0]LogModuleManager: Shutting down and abandoning module LinuxNoEditorTargetPlatform (139)
[2023.04.07-14.02.51:457][  0]LogModuleManager: Shutting down and abandoning module LinuxTargetPlatform (137)
[2023.04.07-14.02.51:457][  0]LogModuleManager: Shutting down and abandoning module Messaging (135)
[2023.04.07-14.02.51:457][  0]LogModuleManager: Shutting down and abandoning module IOSTargetPlatform (133)
[2023.04.07-14.02.51:457][  0]LogModuleManager: Shutting down and abandoning module AndroidTargetPlatform (131)
[2023.04.07-14.02.51:460][  0]LogModuleManager: Shutting down and abandoning module AllDesktopTargetPlatform (129)
[2023.04.07-14.02.51:460][  0]LogModuleManager: Shutting down and abandoning module NullDrv (126)
[2023.04.07-14.02.51:460][  0]LogModuleManager: Shutting down and abandoning module PhysXCooking (124)
[2023.04.07-14.02.51:460][  0]LogModuleManager: Shutting down and abandoning module Chaos (122)
[2023.04.07-14.02.51:460][  0]LogModuleManager: Shutting down and abandoning module WindowsPlatformFeatures (120)
[2023.04.07-14.02.51:460][  0]LogModuleManager: Shutting down and abandoning module GameplayMediaEncoder (119)
[2023.04.07-14.02.51:460][  0]LogModuleManager: Shutting down and abandoning module AVEncoder (118)
[2023.04.07-14.02.51:460][  0]LogModuleManager: Shutting down and abandoning module ExampleDeviceProfileSelector (114)
[2023.04.07-14.02.51:460][  0]LogModuleManager: Shutting down and abandoning module SteamVRInputDevice (112)
[2023.04.07-14.02.51:460][  0]LogModuleManager: Shutting down and abandoning module SteamVRInput (110)
[2023.04.07-14.02.51:460][  0]LogModuleManager: Shutting down and abandoning module SteamVR (108)
[2023.04.07-14.02.51:460][  0]LogHMD: Freeing OpenVRDLLHandle.
[2023.04.07-14.02.51:460][  0]LogModuleManager: Shutting down and abandoning module OculusHMD (106)
[2023.04.07-14.02.51:460][  0]LogModuleManager: Shutting down and abandoning module OpenXRHandTracking (104)
[2023.04.07-14.02.51:460][  0]LogModuleManager: Shutting down and abandoning module OpenXREyeTracker (102)
[2023.04.07-14.02.51:460][  0]LogModuleManager: Shutting down and abandoning module OpenXRAR (100)
[2023.04.07-14.02.51:460][  0]LogModuleManager: Shutting down and abandoning module AugmentedReality (99)
[2023.04.07-14.02.51:460][  0]LogModuleManager: Shutting down and abandoning module OpenXRHMD (96)
[2023.04.07-14.02.51:460][  0]LogModuleManager: Shutting down and abandoning module VariantManagerContent (94)
[2023.04.07-14.02.51:460][  0]LogModuleManager: Shutting down and abandoning module ChunkDownloader (92)
[2023.04.07-14.02.51:460][  0]LogModuleManager: Shutting down and abandoning module LauncherChunkInstaller (90)
[2023.04.07-14.02.51:460][  0]LogModuleManager: Shutting down and abandoning module OnlineBlueprintSupport (88)
[2023.04.07-14.02.51:460][  0]LogModuleManager: Shutting down and abandoning module OnlineSubsystem (84)
[2023.04.07-14.02.51:461][  0]LogModuleManager: Shutting down and abandoning module XMPP (79)
[2023.04.07-14.02.51:461][  0]LogModuleManager: Shutting down and abandoning module WebSockets (78)
[2023.04.07-14.02.51:488][  0]LogModuleManager: Shutting down and abandoning module HTTP (75)
[2023.04.07-14.02.51:488][  0]LogHttp: Display: cleaning up 0 outstanding Http requests.
[2023.04.07-14.02.51:519][  0]LogModuleManager: Shutting down and abandoning module SSL (74)
[2023.04.07-14.02.51:520][  0]LogModuleManager: Shutting down and abandoning module NiagaraVertexFactories (70)
[2023.04.07-14.02.51:520][  0]LogModuleManager: Shutting down and abandoning module NiagaraShader (68)
[2023.04.07-14.02.51:520][  0]LogModuleManager: Shutting down and abandoning module WmfMedia (66)
[2023.04.07-14.02.51:522][  0]LogModuleManager: Shutting down and abandoning module Media (65)
[2023.04.07-14.02.51:522][  0]LogModuleManager: Shutting down and abandoning module MediaInfo (64)
[2023.04.07-14.02.51:522][  0]LogModuleManager: Shutting down and abandoning module ExrReaderGpu (60)
[2023.04.07-14.02.51:522][  0]LogModuleManager: Shutting down and abandoning module MLSDK (58)
[2023.04.07-14.02.51:522][  0]LogModuleManager: Shutting down and abandoning module MagicLeap (56)
[2023.04.07-14.02.51:522][  0]LogModuleManager: Shutting down and abandoning module DatasmithContent (54)
[2023.04.07-14.02.51:522][  0]LogModuleManager: Shutting down and abandoning module ChaosCloth (52)
[2023.04.07-14.02.51:522][  0]LogModuleManager: Shutting down and abandoning module PixWinPlugin (50)
[2023.04.07-14.02.51:522][  0]LogModuleManager: Shutting down and abandoning module AISupportModule (48)
[2023.04.07-14.02.51:522][  0]LogModuleManager: Shutting down and abandoning module PythonScriptPluginPreload (46)
[2023.04.07-14.02.51:523][  0]LogModuleManager: Shutting down and abandoning module PlatformCryptoOpenSSL (44)
[2023.04.07-14.02.51:523][  0]LogModuleManager: Shutting down and abandoning module PlatformCryptoTypes (42)
[2023.04.07-14.02.51:523][  0]LogModuleManager: Shutting down and abandoning module PlatformCrypto (40)
[2023.04.07-14.02.51:523][  0]LogModuleManager: Shutting down and abandoning module OodleDataCompressionFormat (38)
[2023.04.07-14.02.51:523][  0]LogModuleManager: Shutting down and abandoning module XGEController (36)
[2023.04.07-14.02.51:523][  0]LogXGEController: Cannot use XGE Controller as Incredibuild is not installed on this machine.
[2023.04.07-14.02.51:523][  0]LogModuleManager: Shutting down and abandoning module AnimationModifiers (34)
[2023.04.07-14.02.51:523][  0]LogModuleManager: Shutting down and abandoning module AudioEditor (32)
[2023.04.07-14.02.51:523][  0]LogModuleManager: Shutting down and abandoning module PropertyEditor (31)
[2023.04.07-14.02.51:523][  0]LogModuleManager: Shutting down and abandoning module TextureCompressor (28)
[2023.04.07-14.02.51:523][  0]LogModuleManager: Shutting down and abandoning module RenderCore (26)
[2023.04.07-14.02.51:523][  0]LogModuleManager: Shutting down and abandoning module Landscape (24)
[2023.04.07-14.02.51:523][  0]LogModuleManager: Shutting down and abandoning module SlateRHIRenderer (22)
[2023.04.07-14.02.51:523][  0]LogModuleManager: Shutting down and abandoning module AnimGraphRuntime (20)
[2023.04.07-14.02.51:523][  0]LogModuleManager: Shutting down and abandoning module Renderer (18)
[2023.04.07-14.02.51:523][  0]LogModuleManager: Shutting down and abandoning module Engine (16)
[2023.04.07-14.02.51:523][  0]LogModuleManager: Shutting down and abandoning module CoreUObject (14)
[2023.04.07-14.02.51:523][  0]LogModuleManager: Shutting down and abandoning module NetworkFile (12)
[2023.04.07-14.02.51:523][  0]LogModuleManager: Shutting down and abandoning module CookedIterativeFile (10)
[2023.04.07-14.02.51:523][  0]LogModuleManager: Shutting down and abandoning module StreamingFile (8)
[2023.04.07-14.02.51:523][  0]LogModuleManager: Shutting down and abandoning module SandboxFile (6)
[2023.04.07-14.02.51:523][  0]LogModuleManager: Shutting down and abandoning module PakFile (4)
[2023.04.07-14.02.51:523][  0]LogModuleManager: Shutting down and abandoning module RSA (3)
[2023.04.07-14.02.51:865][  0]LogContentStreaming: Display: There are 1 unreleased StreamingManagers
[2023.04.07-14.02.51:870][  0]LogExit: Exiting.
[2023.04.07-14.02.51:892][  0]Log file closed, 04/07/23 23:02:51
