Log file open, 04/04/23 09:37:10
LogWindows: Failed to load 'aqProf.dll' (GetLastError=126)
LogWindows: File 'aqProf.dll' does not exist
LogWindows: Failed to load 'VtuneApi.dll' (GetLastError=126)
LogWindows: File 'VtuneApi.dll' does not exist
LogWindows: Failed to load 'VtuneApi32e.dll' (GetLastError=126)
LogWindows: File 'VtuneApi32e.dll' does not exist
LogConsoleResponse: Display: Failed to find resolution value strings in scalability ini. Falling back to default.
LogConsoleResponse: Display: Failed to find resolution value strings in scalability ini. Falling back to default.
LogInit: Display: Running engine for game: Project_MF
LogPlatformFile: Not using cached read wrapper
LogTaskGraph: Started task graph with 5 named threads and 23 total threads with 3 sets of task threads.
LogStats: Stats thread started at 0.238745
LogICUInternationalization: ICU TimeZone Detection - Raw Offset: +9:00, Platform Override: ''
LogInit: Display: Loading text-based GConfig....
LogPluginManager: Mounting plugin MeshPainting
LogPluginManager: Mounting plugin XGEController
LogPluginManager: Mounting plugin Paper2D
LogPluginManager: Mounting plugin LightPropagationVolume
LogPluginManager: Mounting plugin AISupport
LogPluginManager: Mounting plugin EnvironmentQueryEditor
LogPluginManager: Mounting plugin LiveLink
LogPluginManager: Mounting plugin AnimationSharing
LogPluginManager: Mounting plugin CLionSourceCodeAccess
LogPluginManager: Mounting plugin CodeLiteSourceCodeAccess
LogPluginManager: Mounting plugin GitSourceControl
LogPluginManager: Mounting plugin KDevelopSourceCodeAccess
LogPluginManager: Mounting plugin OodleData
LogPluginManager: Mounting plugin NullSourceCodeAccess
LogPluginManager: Mounting plugin PerforceSourceControl
LogPluginManager: Mounting plugin PixWinPlugin
LogPluginManager: Mounting plugin PlasticSourceControl
LogPluginManager: Mounting plugin PluginUtils
LogPluginManager: Mounting plugin PropertyAccessNode
LogPluginManager: Mounting plugin RiderSourceCodeAccess
LogPluginManager: Mounting plugin OodleNetwork
LogPluginManager: Mounting plugin SubversionSourceControl
LogPluginManager: Mounting plugin TextureFormatOodle
LogPluginManager: Mounting plugin CameraShakePreviewer
LogPluginManager: Mounting plugin GameplayCameras
LogPluginManager: Mounting plugin AlembicImporter
LogPluginManager: Mounting plugin UObjectPlugin
LogPluginManager: Mounting plugin VisualStudioCodeSourceCodeAccess
LogPluginManager: Mounting plugin XCodeSourceCodeAccess
LogPluginManager: Mounting plugin VisualStudioSourceCodeAccess
LogPluginManager: Mounting plugin BackChannel
LogPluginManager: Mounting plugin AutomationUtils
LogPluginManager: Mounting plugin ChaosCloth
LogPluginManager: Mounting plugin ChaosClothEditor
LogPluginManager: Mounting plugin ChaosEditor
LogPluginManager: Mounting plugin ChaosNiagara
LogPluginManager: Mounting plugin ChaosSolverPlugin
LogPluginManager: Mounting plugin CharacterAI
LogPluginManager: Mounting plugin GeometryCache
LogPluginManager: Mounting plugin GeometryCollectionPlugin
LogPluginManager: Mounting plugin GeometryProcessing
LogPluginManager: Mounting plugin MotoSynth
LogPluginManager: Mounting plugin OpenImageDenoise
LogPluginManager: Mounting plugin PlanarCut
LogPluginManager: Mounting plugin PlatformCrypto
LogPluginManager: Mounting plugin PythonScriptPlugin
LogPluginManager: Mounting plugin ProxyLODPlugin
LogPluginManager: Mounting plugin SkeletalReduction
LogPluginManager: Mounting plugin DatasmithContent
LogPluginManager: Mounting plugin LuminPlatformFeatures
LogPluginManager: Mounting plugin MagicLeap
LogPluginManager: Mounting plugin VariantManagerContent
LogPluginManager: Mounting plugin Niagara
LogPluginManager: Mounting plugin MagicLeapLightEstimation
LogPluginManager: Mounting plugin MagicLeapMedia
LogPluginManager: Mounting plugin MagicLeapPassableWorld
LogPluginManager: Mounting plugin MLSDK
LogPluginManager: Mounting plugin AndroidMedia
LogPluginManager: Mounting plugin AvfMedia
LogPluginManager: Mounting plugin ImgMedia
LogPluginManager: Mounting plugin MediaCompositing
LogPluginManager: Mounting plugin MediaPlayerEditor
LogPluginManager: Mounting plugin TcpMessaging
LogPluginManager: Mounting plugin UdpMessaging
LogPluginManager: Mounting plugin WebMMedia
LogPluginManager: Mounting plugin WmfMedia
LogPluginManager: Mounting plugin ActorSequence
LogPluginManager: Mounting plugin LevelSequenceEditor
LogPluginManager: Mounting plugin MatineeToLevelSequence
LogPluginManager: Mounting plugin TemplateSequence
LogPluginManager: Mounting plugin OnlineSubsystem
LogPluginManager: Mounting plugin OnlineSubsystemNull
LogPluginManager: Mounting plugin AssetManagerEditor
LogPluginManager: Mounting plugin OnlineSubsystemUtils
LogPluginManager: Mounting plugin CryptoKeys
LogPluginManager: Mounting plugin CurveEditorTools
LogPluginManager: Mounting plugin DataValidation
LogPluginManager: Mounting plugin GameplayTagsEditor
LogPluginManager: Mounting plugin FacialAnimation
LogPluginManager: Mounting plugin GeometryMode
LogPluginManager: Mounting plugin MacGraphicsSwitching
LogPluginManager: Mounting plugin MaterialAnalyzer
LogPluginManager: Mounting plugin LauncherChunkInstaller
LogPluginManager: Mounting plugin MobileLauncherProfileWizard
LogPluginManager: Mounting plugin PluginBrowser
LogPluginManager: Mounting plugin SpeedTreeImporter
LogPluginManager: Mounting plugin ActorLayerUtilities
LogPluginManager: Mounting plugin AndroidDeviceProfileSelector
LogPluginManager: Mounting plugin AndroidPermission
LogPluginManager: Mounting plugin AndroidMoviePlayer
LogPluginManager: Mounting plugin AppleImageUtils
LogPluginManager: Mounting plugin AppleMoviePlayer
LogPluginManager: Mounting plugin ArchVisCharacter
LogPluginManager: Mounting plugin AssetTags
LogPluginManager: Mounting plugin AudioCapture
LogPluginManager: Mounting plugin AudioSynesthesia
LogPluginManager: Mounting plugin CableComponent
LogPluginManager: Mounting plugin CustomMeshComponent
LogPluginManager: Mounting plugin ChunkDownloader
LogPluginManager: Mounting plugin EditableMesh
LogPluginManager: Mounting plugin ExampleDeviceProfileSelector
LogPluginManager: Mounting plugin GoogleCloudMessaging
LogPluginManager: Mounting plugin GooglePAD
LogPluginManager: Mounting plugin IOSDeviceProfileSelector
LogPluginManager: Mounting plugin LinuxDeviceProfileSelector
LogPluginManager: Mounting plugin LocationServicesBPLibrary
LogPluginManager: Mounting plugin MobilePatchingUtils
LogPluginManager: Mounting plugin OpenXR
LogPluginManager: Mounting plugin OpenXREyeTracker
LogPluginManager: Mounting plugin OpenXRHandTracking
LogPluginManager: Mounting plugin PhysXVehicles
LogPluginManager: Mounting plugin PostSplashScreen
LogPluginManager: Mounting plugin ProceduralMeshComponent
LogPluginManager: Mounting plugin PropertyAccessEditor
LogPluginManager: Mounting plugin RuntimePhysXCooking
LogPluginManager: Mounting plugin SignificanceManager
LogPluginManager: Mounting plugin SoundFields
LogPluginManager: Mounting plugin Synthesis
LogPluginManager: Mounting plugin WebMMoviePlayer
LogPluginManager: Mounting plugin WindowsMoviePlayer
LogPluginManager: Mounting plugin ScreenshotTools
LogPluginManager: Mounting plugin Takes
LogPluginManager: Mounting plugin OnlineSubsystemGooglePlay
LogPluginManager: Mounting plugin OnlineSubsystemIOS
LogPluginManager: Mounting plugin ContentBrowserAssetDataSource
LogPluginManager: Mounting plugin ContentBrowserClassDataSource
LogPluginManager: Mounting plugin ContentBrowserFileDataSource
LogPluginManager: Mounting plugin OculusVR
LogPluginManager: Mounting plugin SteamVR
PixWinPlugin: PIX capture plugin failed to initialize! Check that the process is launched from PIX.
LogInit: Using libcurl 7.55.1-DEV
LogInit:  - built for x86_64-pc-win32
LogInit:  - supports SSL with OpenSSL/1.1.1
LogInit:  - supports HTTP deflate (compression) using libz 1.2.8
LogInit:  - other features:
LogInit:      CURL_VERSION_SSL
LogInit:      CURL_VERSION_LIBZ
LogInit:      CURL_VERSION_IPV6
LogInit:      CURL_VERSION_ASYNCHDNS
LogInit:      CURL_VERSION_LARGEFILE
LogInit:      CURL_VERSION_IDN
LogInit:  CurlRequestOptions (configurable via config and command line):
LogInit:  - bVerifyPeer = true  - Libcurl will verify peer certificate
LogInit:  - bUseHttpProxy = false  - Libcurl will NOT use HTTP proxy
LogInit:  - bDontReuseConnections = false  - Libcurl will reuse connections
LogInit:  - MaxHostConnections = 16  - Libcurl will limit the number of connections to a host
LogInit:  - LocalHostAddr = Default
LogInit:  - BufferSize = 65536
LogOnline: OSS: Creating online subsystem instance for: NULL
LogInit: WinSock: version 1.1 (2.2), MaxSocks=32767, MaxUdp=65467
LogOnline: OSS: TryLoadSubsystemAndSetDefault: Loaded subsystem for module [NULL]
LogOculusPluginWrapper: OculusPlugin initialized successfully
LogHMD: Failed initializing OVRPlugin 1.59.0
LogInit: Build: ++UE4+Release-4.27-CL-18319896
LogInit: Engine Version: 4.27.2-18319896+++UE4+Release-4.27
LogInit: Compatible Engine Version: 4.27.0-17155196+++UE4+Release-4.27
LogInit: Net CL: 17155196
LogInit: OS: Windows 10 (Release 2009) (), CPU: AMD Ryzen 3 3300X 4-Core Processor             , GPU: NVIDIA GeForce RTX 2060 SUPER
LogInit: Compiled (64-bit): Nov 30 2021 07:12:08
LogInit: Compiled with Visual C++: 19.24.28315.00
LogInit: Build Configuration: Development
LogInit: Branch Name: ++UE4+Release-4.27
LogInit: Command Line: 
LogInit: Base Directory: D:/Program Files/Epic Games/UE_4.27/Engine/Binaries/Win64/
LogInit: Allocator: TBB
LogInit: Installed Engine Build: 1
LogDevObjectVersion: Number of dev versions registered: 29
LogDevObjectVersion:   Dev-Blueprints (B0D832E4-1F89-4F0D-ACCF-7EB736FD4AA2): 10
LogDevObjectVersion:   Dev-Build (E1C64328-A22C-4D53-A36C-8E866417BD8C): 0
LogDevObjectVersion:   Dev-Core (375EC13C-06E4-48FB-B500-84F0262A717E): 4
LogDevObjectVersion:   Dev-Editor (E4B068ED-F494-42E9-A231-DA0B2E46BB41): 40
LogDevObjectVersion:   Dev-Framework (CFFC743F-43B0-4480-9391-14DF171D2073): 37
LogDevObjectVersion:   Dev-Mobile (B02B49B5-BB20-44E9-A304-32B752E40360): 3
LogDevObjectVersion:   Dev-Networking (A4E4105C-59A1-49B5-A7C5-40C4547EDFEE): 0
LogDevObjectVersion:   Dev-Online (39C831C9-5AE6-47DC-9A44-9C173E1C8E7C): 0
LogDevObjectVersion:   Dev-Physics (78F01B33-EBEA-4F98-B9B4-84EACCB95AA2): 14
LogDevObjectVersion:   Dev-Platform (6631380F-2D4D-43E0-8009-CF276956A95A): 0
LogDevObjectVersion:   Dev-Rendering (12F88B9F-8875-4AFC-A67C-D90C383ABD29): 45
LogDevObjectVersion:   Dev-Sequencer (7B5AE74C-D270-4C10-A958-57980B212A5A): 13
LogDevObjectVersion:   Dev-VR (D7296918-1DD6-4BDD-9DE2-64A83CC13884): 3
LogDevObjectVersion:   Dev-LoadTimes (C2A15278-BFE7-4AFE-6C17-90FF531DF755): 1
LogDevObjectVersion:   Private-Geometry (6EACA3D4-40EC-4CC1-B786-8BED09428FC5): 3
LogDevObjectVersion:   Dev-AnimPhys (29E575DD-E0A3-4627-9D10-D276232CDCEA): 17
LogDevObjectVersion:   Dev-Anim (AF43A65D-7FD3-4947-9873-3E8ED9C1BB05): 15
LogDevObjectVersion:   Dev-ReflectionCapture (6B266CEC-1EC7-4B8F-A30B-E4D90942FC07): 1
LogDevObjectVersion:   Dev-Automation (0DF73D61-A23F-47EA-B727-89E90C41499A): 1
LogDevObjectVersion:   FortniteMain (601D1886-AC64-4F84-AA16-D3DE0DEAC7D6): 47
LogDevObjectVersion:   FortniteRelease (E7086368-6B23-4C58-8439-1B7016265E91): 1
LogDevObjectVersion:   Dev-Enterprise (9DFFBCD6-494F-0158-E221-12823C92A888): 10
LogDevObjectVersion:   Dev-Niagara (F2AED0AC-9AFE-416F-8664-AA7FFA26D6FC): 1
LogDevObjectVersion:   Dev-Destruction (174F1F0B-B4C6-45A5-B13F-2EE8D0FB917D): 10
LogDevObjectVersion:   Dev-Physics-Ext (35F94A83-E258-406C-A318-09F59610247C): 41
LogDevObjectVersion:   Dev-PhysicsMaterial-Chaos (B68FC16E-8B1B-42E2-B453-215C058844FE): 1
LogDevObjectVersion:   Dev-CineCamera (B2E18506-4273-CFC2-A54E-F4BB758BBA07): 1
LogDevObjectVersion:   Dev-VirtualProduction (64F58936-FD1B-42BA-BA96-7289D5D0FA4E): 1
LogDevObjectVersion:   Dev-MediaFramework (6F0ED827-A609-4895-9C91-998D90180EA4): 2
LogInit: Presizing for max 25165824 objects, including 0 objects not considered by GC, pre-allocating 0 bytes for permanent pool.
LogConfig: Applying CVar settings from Section [/Script/Engine.StreamingSettings] File [D:/Users/qkrdl/Documents/GitHub/Zolup-Button_Project_MF/Project_MF/Saved/Config/Windows/Engine.ini]
LogConfig: Setting CVar [[s.MinBulkDataSizeForAsyncLoading:131072]]
LogConfig: Setting CVar [[s.AsyncLoadingThreadEnabled:0]]
LogConfig: Setting CVar [[s.EventDrivenLoaderEnabled:1]]
LogConfig: Setting CVar [[s.WarnIfTimeLimitExceeded:0]]
LogConfig: Setting CVar [[s.TimeLimitExceededMultiplier:1.5]]
LogConfig: Setting CVar [[s.TimeLimitExceededMinTime:0.005]]
LogConfig: Setting CVar [[s.UseBackgroundLevelStreaming:1]]
LogConfig: Setting CVar [[s.PriorityAsyncLoadingExtraTime:15.0]]
LogConfig: Setting CVar [[s.LevelStreamingActorsUpdateTimeLimit:5.0]]
LogConfig: Setting CVar [[s.PriorityLevelStreamingActorsUpdateExtraTime:5.0]]
LogConfig: Setting CVar [[s.LevelStreamingComponentsRegistrationGranularity:10]]
LogConfig: Setting CVar [[s.UnregisterComponentsTimeLimit:1.0]]
LogConfig: Setting CVar [[s.LevelStreamingComponentsUnregistrationGranularity:5]]
LogConfig: Setting CVar [[s.FlushStreamingOnExit:1]]
LogInit: Object subsystem initialized
LogConfig: Setting CVar [[con.DebugEarlyDefault:1]]
LogConfig: Setting CVar [[r.setres:1280x720]]
[2023.04.04-00.37.10:501][  0]LogConfig: Setting CVar [[r.VSync:0]]
[2023.04.04-00.37.10:501][  0]LogConfig: Setting CVar [[r.RHICmdBypass:0]]
[2023.04.04-00.37.10:501][  0]LogConfig: Applying CVar settings from Section [/Script/Engine.RendererSettings] File [D:/Users/qkrdl/Documents/GitHub/Zolup-Button_Project_MF/Project_MF/Saved/Config/Windows/Engine.ini]
[2023.04.04-00.37.10:501][  0]LogConfig: Setting CVar [[r.GPUCrashDebugging:0]]
[2023.04.04-00.37.10:501][  0]LogConfig: Applying CVar settings from Section [/Script/Engine.RendererOverrideSettings] File [D:/Users/qkrdl/Documents/GitHub/Zolup-Button_Project_MF/Project_MF/Saved/Config/Windows/Engine.ini]
[2023.04.04-00.37.10:501][  0]LogConfig: Applying CVar settings from Section [/Script/Engine.StreamingSettings] File [D:/Users/qkrdl/Documents/GitHub/Zolup-Button_Project_MF/Project_MF/Saved/Config/Windows/Engine.ini]
[2023.04.04-00.37.10:501][  0]LogConfig: Setting CVar [[s.MinBulkDataSizeForAsyncLoading:131072]]
[2023.04.04-00.37.10:501][  0]LogConfig: Setting CVar [[s.AsyncLoadingThreadEnabled:0]]
[2023.04.04-00.37.10:501][  0]LogConfig: Setting CVar [[s.EventDrivenLoaderEnabled:1]]
[2023.04.04-00.37.10:501][  0]LogConfig: Setting CVar [[s.WarnIfTimeLimitExceeded:0]]
[2023.04.04-00.37.10:501][  0]LogConfig: Setting CVar [[s.TimeLimitExceededMultiplier:1.5]]
[2023.04.04-00.37.10:501][  0]LogConfig: Setting CVar [[s.TimeLimitExceededMinTime:0.005]]
[2023.04.04-00.37.10:501][  0]LogConfig: Setting CVar [[s.UseBackgroundLevelStreaming:1]]
[2023.04.04-00.37.10:501][  0]LogConfig: Setting CVar [[s.PriorityAsyncLoadingExtraTime:15.0]]
[2023.04.04-00.37.10:501][  0]LogConfig: Setting CVar [[s.LevelStreamingActorsUpdateTimeLimit:5.0]]
[2023.04.04-00.37.10:501][  0]LogConfig: Setting CVar [[s.PriorityLevelStreamingActorsUpdateExtraTime:5.0]]
[2023.04.04-00.37.10:501][  0]LogConfig: Setting CVar [[s.LevelStreamingComponentsRegistrationGranularity:10]]
[2023.04.04-00.37.10:501][  0]LogConfig: Setting CVar [[s.UnregisterComponentsTimeLimit:1.0]]
[2023.04.04-00.37.10:501][  0]LogConfig: Setting CVar [[s.LevelStreamingComponentsUnregistrationGranularity:5]]
[2023.04.04-00.37.10:501][  0]LogConfig: Setting CVar [[s.FlushStreamingOnExit:1]]
[2023.04.04-00.37.10:501][  0]LogConfig: Applying CVar settings from Section [/Script/Engine.GarbageCollectionSettings] File [D:/Users/qkrdl/Documents/GitHub/Zolup-Button_Project_MF/Project_MF/Saved/Config/Windows/Engine.ini]
[2023.04.04-00.37.10:501][  0]LogConfig: Setting CVar [[gc.MaxObjectsNotConsideredByGC:1]]
[2023.04.04-00.37.10:501][  0]LogConfig: Setting CVar [[gc.SizeOfPermanentObjectPool:0]]
[2023.04.04-00.37.10:501][  0]LogConfig: Setting CVar [[gc.FlushStreamingOnGC:0]]
[2023.04.04-00.37.10:501][  0]LogConfig: Setting CVar [[gc.NumRetriesBeforeForcingGC:10]]
[2023.04.04-00.37.10:501][  0]LogConfig: Setting CVar [[gc.AllowParallelGC:1]]
[2023.04.04-00.37.10:501][  0]LogConfig: Setting CVar [[gc.TimeBetweenPurgingPendingKillObjects:61.1]]
[2023.04.04-00.37.10:501][  0]LogConfig: Setting CVar [[gc.MaxObjectsInEditor:25165824]]
[2023.04.04-00.37.10:501][  0]LogConfig: Setting CVar [[gc.IncrementalBeginDestroyEnabled:1]]
[2023.04.04-00.37.10:501][  0]LogConfig: Setting CVar [[gc.CreateGCClusters:1]]
[2023.04.04-00.37.10:501][  0]LogConfig: Setting CVar [[gc.MinGCClusterSize:5]]
[2023.04.04-00.37.10:501][  0]LogConfig: Setting CVar [[gc.ActorClusteringEnabled:0]]
[2023.04.04-00.37.10:501][  0]LogConfig: Setting CVar [[gc.BlueprintClusteringEnabled:0]]
[2023.04.04-00.37.10:501][  0]LogConfig: Setting CVar [[gc.UseDisregardForGCOnDedicatedServers:0]]
[2023.04.04-00.37.10:501][  0]LogConfig: Setting CVar [[gc.MultithreadedDestructionEnabled:1]]
[2023.04.04-00.37.10:501][  0]LogConfig: Applying CVar settings from Section [/Script/Engine.NetworkSettings] File [D:/Users/qkrdl/Documents/GitHub/Zolup-Button_Project_MF/Project_MF/Saved/Config/Windows/Engine.ini]
[2023.04.04-00.37.10:501][  0]LogConfig: Applying CVar settings from Section [/Script/UnrealEd.CookerSettings] File [D:/Users/qkrdl/Documents/GitHub/Zolup-Button_Project_MF/Project_MF/Saved/Config/Windows/Engine.ini]
[2023.04.04-00.37.10:511][  0]LogConfig: Applying CVar settings from Section [ViewDistanceQuality@3] File [D:/Users/qkrdl/Documents/GitHub/Zolup-Button_Project_MF/Project_MF/Saved/Config/Windows/Scalability.ini]
[2023.04.04-00.37.10:511][  0]LogConfig: Setting CVar [[r.SkeletalMeshLODBias:0]]
[2023.04.04-00.37.10:511][  0]LogConfig: Setting CVar [[r.ViewDistanceScale:1.0]]
[2023.04.04-00.37.10:511][  0]LogConfig: Applying CVar settings from Section [AntiAliasingQuality@3] File [D:/Users/qkrdl/Documents/GitHub/Zolup-Button_Project_MF/Project_MF/Saved/Config/Windows/Scalability.ini]
[2023.04.04-00.37.10:511][  0]LogConfig: Setting CVar [[r.PostProcessAAQuality:4]]
[2023.04.04-00.37.10:511][  0]LogConfig: Applying CVar settings from Section [ShadowQuality@3] File [D:/Users/qkrdl/Documents/GitHub/Zolup-Button_Project_MF/Project_MF/Saved/Config/Windows/Scalability.ini]
[2023.04.04-00.37.10:511][  0]LogConfig: Setting CVar [[r.LightFunctionQuality:1]]
[2023.04.04-00.37.10:511][  0]LogConfig: Setting CVar [[r.ShadowQuality:5]]
[2023.04.04-00.37.10:511][  0]LogConfig: Setting CVar [[r.Shadow.CSM.MaxCascades:10]]
[2023.04.04-00.37.10:511][  0]LogConfig: Setting CVar [[r.Shadow.MaxResolution:2048]]
[2023.04.04-00.37.10:511][  0]LogConfig: Setting CVar [[r.Shadow.MaxCSMResolution:2048]]
[2023.04.04-00.37.10:511][  0]LogConfig: Setting CVar [[r.Shadow.RadiusThreshold:0.01]]
[2023.04.04-00.37.10:511][  0]LogConfig: Setting CVar [[r.Shadow.DistanceScale:1.0]]
[2023.04.04-00.37.10:511][  0]LogConfig: Setting CVar [[r.Shadow.CSM.TransitionScale:1.0]]
[2023.04.04-00.37.10:511][  0]LogConfig: Setting CVar [[r.Shadow.PreShadowResolutionFactor:1.0]]
[2023.04.04-00.37.10:511][  0]LogConfig: Setting CVar [[r.DistanceFieldShadowing:1]]
[2023.04.04-00.37.10:511][  0]LogConfig: Setting CVar [[r.DistanceFieldAO:1]]
[2023.04.04-00.37.10:511][  0]LogConfig: Setting CVar [[r.AOQuality:2]]
[2023.04.04-00.37.10:511][  0]LogConfig: Setting CVar [[r.VolumetricFog:1]]
[2023.04.04-00.37.10:511][  0]LogConfig: Setting CVar [[r.VolumetricFog.GridPixelSize:8]]
[2023.04.04-00.37.10:511][  0]LogConfig: Setting CVar [[r.VolumetricFog.GridSizeZ:128]]
[2023.04.04-00.37.10:511][  0]LogConfig: Setting CVar [[r.VolumetricFog.HistoryMissSupersampleCount:4]]
[2023.04.04-00.37.10:511][  0]LogConfig: Setting CVar [[r.LightMaxDrawDistanceScale:1]]
[2023.04.04-00.37.10:511][  0]LogConfig: Setting CVar [[r.CapsuleShadows:1]]
[2023.04.04-00.37.10:511][  0]LogConfig: Applying CVar settings from Section [PostProcessQuality@3] File [D:/Users/qkrdl/Documents/GitHub/Zolup-Button_Project_MF/Project_MF/Saved/Config/Windows/Scalability.ini]
[2023.04.04-00.37.10:511][  0]LogConfig: Setting CVar [[r.MotionBlurQuality:4]]
[2023.04.04-00.37.10:511][  0]LogConfig: Setting CVar [[r.AmbientOcclusionMipLevelFactor:0.4]]
[2023.04.04-00.37.10:511][  0]LogConfig: Setting CVar [[r.AmbientOcclusionMaxQuality:100]]
[2023.04.04-00.37.10:511][  0]LogConfig: Setting CVar [[r.AmbientOcclusionLevels:-1]]
[2023.04.04-00.37.10:511][  0]LogConfig: Setting CVar [[r.AmbientOcclusionRadiusScale:1.0]]
[2023.04.04-00.37.10:511][  0]LogConfig: Setting CVar [[r.DepthOfFieldQuality:2]]
[2023.04.04-00.37.10:512][  0]LogConfig: Setting CVar [[r.RenderTargetPoolMin:400]]
[2023.04.04-00.37.10:512][  0]LogConfig: Setting CVar [[r.LensFlareQuality:2]]
[2023.04.04-00.37.10:512][  0]LogConfig: Setting CVar [[r.SceneColorFringeQuality:1]]
[2023.04.04-00.37.10:512][  0]LogConfig: Setting CVar [[r.EyeAdaptationQuality:2]]
[2023.04.04-00.37.10:512][  0]LogConfig: Setting CVar [[r.BloomQuality:5]]
[2023.04.04-00.37.10:512][  0]LogConfig: Setting CVar [[r.FastBlurThreshold:100]]
[2023.04.04-00.37.10:512][  0]LogConfig: Setting CVar [[r.Upscale.Quality:3]]
[2023.04.04-00.37.10:512][  0]LogConfig: Setting CVar [[r.Tonemapper.GrainQuantization:1]]
[2023.04.04-00.37.10:512][  0]LogConfig: Setting CVar [[r.LightShaftQuality:1]]
[2023.04.04-00.37.10:512][  0]LogConfig: Setting CVar [[r.Filter.SizeScale:1]]
[2023.04.04-00.37.10:512][  0]LogConfig: Setting CVar [[r.Tonemapper.Quality:5]]
[2023.04.04-00.37.10:512][  0]LogConfig: Setting CVar [[r.DOF.Gather.AccumulatorQuality:1        ; higher gathering accumulator quality]]
[2023.04.04-00.37.10:512][  0]LogConfig: Setting CVar [[r.DOF.Gather.PostfilterMethod:1          ; Median3x3 postfilering method]]
[2023.04.04-00.37.10:512][  0]LogConfig: Setting CVar [[r.DOF.Gather.EnableBokehSettings:0       ; no bokeh simulation when gathering]]
[2023.04.04-00.37.10:512][  0]LogConfig: Setting CVar [[r.DOF.Gather.RingCount:4                 ; medium number of samples when gathering]]
[2023.04.04-00.37.10:512][  0]LogConfig: Setting CVar [[r.DOF.Scatter.ForegroundCompositing:1    ; additive foreground scattering]]
[2023.04.04-00.37.10:512][  0]LogConfig: Setting CVar [[r.DOF.Scatter.BackgroundCompositing:2    ; additive background scattering]]
[2023.04.04-00.37.10:512][  0]LogConfig: Setting CVar [[r.DOF.Scatter.EnableBokehSettings:1      ; bokeh simulation when scattering]]
[2023.04.04-00.37.10:512][  0]LogConfig: Setting CVar [[r.DOF.Scatter.MaxSpriteRatio:0.1         ; only a maximum of 10% of scattered bokeh]]
[2023.04.04-00.37.10:512][  0]LogConfig: Setting CVar [[r.DOF.Recombine.Quality:1                ; cheap slight out of focus]]
[2023.04.04-00.37.10:512][  0]LogConfig: Setting CVar [[r.DOF.Recombine.EnableBokehSettings:0    ; no bokeh simulation on slight out of focus]]
[2023.04.04-00.37.10:512][  0]LogConfig: Setting CVar [[r.DOF.TemporalAAQuality:1                ; more stable temporal accumulation]]
[2023.04.04-00.37.10:512][  0]LogConfig: Setting CVar [[r.DOF.Kernel.MaxForegroundRadius:0.025]]
[2023.04.04-00.37.10:512][  0]LogConfig: Setting CVar [[r.DOF.Kernel.MaxBackgroundRadius:0.025]]
[2023.04.04-00.37.10:512][  0]LogConfig: Applying CVar settings from Section [TextureQuality@3] File [D:/Users/qkrdl/Documents/GitHub/Zolup-Button_Project_MF/Project_MF/Saved/Config/Windows/Scalability.ini]
[2023.04.04-00.37.10:512][  0]LogConfig: Setting CVar [[r.Streaming.MipBias:0]]
[2023.04.04-00.37.10:512][  0]LogConfig: Setting CVar [[r.Streaming.AmortizeCPUToGPUCopy:0]]
[2023.04.04-00.37.10:512][  0]LogConfig: Setting CVar [[r.Streaming.MaxNumTexturesToStreamPerFrame:0]]
[2023.04.04-00.37.10:512][  0]LogConfig: Setting CVar [[r.Streaming.Boost:1]]
[2023.04.04-00.37.10:512][  0]LogConfig: Setting CVar [[r.MaxAnisotropy:8]]
[2023.04.04-00.37.10:512][  0]LogConfig: Setting CVar [[r.VT.MaxAnisotropy:8]]
[2023.04.04-00.37.10:512][  0]LogConfig: Setting CVar [[r.Streaming.LimitPoolSizeToVRAM:0]]
[2023.04.04-00.37.10:512][  0]LogConfig: Setting CVar [[r.Streaming.PoolSize:1000]]
[2023.04.04-00.37.10:512][  0]LogConfig: Setting CVar [[r.Streaming.MaxEffectiveScreenSize:0]]
[2023.04.04-00.37.10:512][  0]LogConfig: Applying CVar settings from Section [EffectsQuality@3] File [D:/Users/qkrdl/Documents/GitHub/Zolup-Button_Project_MF/Project_MF/Saved/Config/Windows/Scalability.ini]
[2023.04.04-00.37.10:512][  0]LogConfig: Setting CVar [[r.TranslucencyLightingVolumeDim:64]]
[2023.04.04-00.37.10:512][  0]LogConfig: Setting CVar [[r.RefractionQuality:2]]
[2023.04.04-00.37.10:512][  0]LogConfig: Setting CVar [[r.SSR.Quality:3]]
[2023.04.04-00.37.10:512][  0]LogConfig: Setting CVar [[r.SSR.HalfResSceneColor:0]]
[2023.04.04-00.37.10:512][  0]LogConfig: Setting CVar [[r.SceneColorFormat:4]]
[2023.04.04-00.37.10:512][  0]LogConfig: Setting CVar [[r.DetailMode:2]]
[2023.04.04-00.37.10:512][  0]LogConfig: Setting CVar [[r.TranslucencyVolumeBlur:1]]
[2023.04.04-00.37.10:512][  0]LogConfig: Setting CVar [[r.MaterialQualityLevel:1 ; High quality]]
[2023.04.04-00.37.10:512][  0]LogConfig: Setting CVar [[r.AnisotropicMaterials:1]]
[2023.04.04-00.37.10:512][  0]LogConfig: Setting CVar [[r.SSS.Scale:1]]
[2023.04.04-00.37.10:512][  0]LogConfig: Setting CVar [[r.SSS.SampleSet:2]]
[2023.04.04-00.37.10:512][  0]LogConfig: Setting CVar [[r.SSS.Quality:1]]
[2023.04.04-00.37.10:512][  0]LogConfig: Setting CVar [[r.SSS.HalfRes:0]]
[2023.04.04-00.37.10:512][  0]LogConfig: Setting CVar [[r.SSGI.Quality:3]]
[2023.04.04-00.37.10:512][  0]LogConfig: Setting CVar [[r.EmitterSpawnRateScale:1.0]]
[2023.04.04-00.37.10:512][  0]LogConfig: Setting CVar [[r.ParticleLightQuality:2]]
[2023.04.04-00.37.10:512][  0]LogConfig: Setting CVar [[r.SkyAtmosphere.AerialPerspectiveLUT.FastApplyOnOpaque:1 ; Always have FastSkyLUT 1 in this case to avoid wrong sky]]
[2023.04.04-00.37.10:512][  0]LogConfig: Setting CVar [[r.SkyAtmosphere.AerialPerspectiveLUT.SampleCountMaxPerSlice:4]]
[2023.04.04-00.37.10:512][  0]LogConfig: Setting CVar [[r.SkyAtmosphere.AerialPerspectiveLUT.DepthResolution:16.0]]
[2023.04.04-00.37.10:512][  0]LogConfig: Setting CVar [[r.SkyAtmosphere.FastSkyLUT:1]]
[2023.04.04-00.37.10:512][  0]LogConfig: Setting CVar [[r.SkyAtmosphere.FastSkyLUT.SampleCountMin:4.0]]
[2023.04.04-00.37.10:512][  0]LogConfig: Setting CVar [[r.SkyAtmosphere.FastSkyLUT.SampleCountMax:128.0]]
[2023.04.04-00.37.10:512][  0]LogConfig: Setting CVar [[r.SkyAtmosphere.SampleCountMin:4.0]]
[2023.04.04-00.37.10:512][  0]LogConfig: Setting CVar [[r.SkyAtmosphere.SampleCountMax:128.0]]
[2023.04.04-00.37.10:512][  0]LogConfig: Setting CVar [[r.SkyAtmosphere.TransmittanceLUT.UseSmallFormat:0]]
[2023.04.04-00.37.10:512][  0]LogConfig: Setting CVar [[r.SkyAtmosphere.TransmittanceLUT.SampleCount:10.0]]
[2023.04.04-00.37.10:512][  0]LogConfig: Setting CVar [[r.SkyAtmosphere.MultiScatteringLUT.SampleCount:15.0]]
[2023.04.04-00.37.10:512][  0]LogConfig: Setting CVar [[r.SkyLight.RealTimeReflectionCapture:1]]
[2023.04.04-00.37.10:512][  0]LogConfig: Applying CVar settings from Section [FoliageQuality@3] File [D:/Users/qkrdl/Documents/GitHub/Zolup-Button_Project_MF/Project_MF/Saved/Config/Windows/Scalability.ini]
[2023.04.04-00.37.10:512][  0]LogConfig: Setting CVar [[foliage.DensityScale:1.0]]
[2023.04.04-00.37.10:512][  0]LogConfig: Setting CVar [[grass.DensityScale:1.0]]
[2023.04.04-00.37.10:512][  0]LogConfig: Applying CVar settings from Section [ShadingQuality@3] File [D:/Users/qkrdl/Documents/GitHub/Zolup-Button_Project_MF/Project_MF/Saved/Config/Windows/Scalability.ini]
[2023.04.04-00.37.10:512][  0]LogConfig: Setting CVar [[r.HairStrands.SkyLighting.IntegrationType:2]]
[2023.04.04-00.37.10:512][  0]LogConfig: Setting CVar [[r.HairStrands.SkyAO.SampleCount:4]]
[2023.04.04-00.37.10:512][  0]LogConfig: Setting CVar [[r.HairStrands.Visibility.MSAA.SamplePerPixel:4]]
[2023.04.04-00.37.10:512][  0]LogInit: Selected Device Profile: [Windows]
[2023.04.04-00.37.10:512][  0]LogInit: Applying CVar settings loaded from the selected device profile: [Windows]
[2023.04.04-00.37.10:512][  0]LogHAL: Display: Platform has ~ 32 GB [34266505216 / 34359738368 / 32], which maps to Largest [LargestMinGB=32, LargerMinGB=12, DefaultMinGB=8, SmallerMinGB=6, SmallestMinGB=0)
[2023.04.04-00.37.10:512][  0]LogInit: Going up to parent DeviceProfile []
[2023.04.04-00.37.10:512][  0]LogConfig: Applying CVar settings from Section [ViewDistanceQuality@3] File [D:/Users/qkrdl/Documents/GitHub/Zolup-Button_Project_MF/Project_MF/Saved/Config/Windows/Scalability.ini]
[2023.04.04-00.37.10:512][  0]LogConfig: Setting CVar [[r.SkeletalMeshLODBias:0]]
[2023.04.04-00.37.10:512][  0]LogConfig: Setting CVar [[r.ViewDistanceScale:1.0]]
[2023.04.04-00.37.10:512][  0]LogConfig: Applying CVar settings from Section [AntiAliasingQuality@3] File [D:/Users/qkrdl/Documents/GitHub/Zolup-Button_Project_MF/Project_MF/Saved/Config/Windows/Scalability.ini]
[2023.04.04-00.37.10:512][  0]LogConfig: Setting CVar [[r.PostProcessAAQuality:4]]
[2023.04.04-00.37.10:512][  0]LogConfig: Applying CVar settings from Section [ShadowQuality@3] File [D:/Users/qkrdl/Documents/GitHub/Zolup-Button_Project_MF/Project_MF/Saved/Config/Windows/Scalability.ini]
[2023.04.04-00.37.10:512][  0]LogConfig: Setting CVar [[r.LightFunctionQuality:1]]
[2023.04.04-00.37.10:512][  0]LogConfig: Setting CVar [[r.ShadowQuality:5]]
[2023.04.04-00.37.10:512][  0]LogConfig: Setting CVar [[r.Shadow.CSM.MaxCascades:10]]
[2023.04.04-00.37.10:512][  0]LogConfig: Setting CVar [[r.Shadow.MaxResolution:2048]]
[2023.04.04-00.37.10:512][  0]LogConfig: Setting CVar [[r.Shadow.MaxCSMResolution:2048]]
[2023.04.04-00.37.10:512][  0]LogConfig: Setting CVar [[r.Shadow.RadiusThreshold:0.01]]
[2023.04.04-00.37.10:512][  0]LogConfig: Setting CVar [[r.Shadow.DistanceScale:1.0]]
[2023.04.04-00.37.10:512][  0]LogConfig: Setting CVar [[r.Shadow.CSM.TransitionScale:1.0]]
[2023.04.04-00.37.10:512][  0]LogConfig: Setting CVar [[r.Shadow.PreShadowResolutionFactor:1.0]]
[2023.04.04-00.37.10:512][  0]LogConfig: Setting CVar [[r.DistanceFieldShadowing:1]]
[2023.04.04-00.37.10:512][  0]LogConfig: Setting CVar [[r.DistanceFieldAO:1]]
[2023.04.04-00.37.10:512][  0]LogConfig: Setting CVar [[r.AOQuality:2]]
[2023.04.04-00.37.10:512][  0]LogConfig: Setting CVar [[r.VolumetricFog:1]]
[2023.04.04-00.37.10:512][  0]LogConfig: Setting CVar [[r.VolumetricFog.GridPixelSize:8]]
[2023.04.04-00.37.10:513][  0]LogConfig: Setting CVar [[r.VolumetricFog.GridSizeZ:128]]
[2023.04.04-00.37.10:513][  0]LogConfig: Setting CVar [[r.VolumetricFog.HistoryMissSupersampleCount:4]]
[2023.04.04-00.37.10:513][  0]LogConfig: Setting CVar [[r.LightMaxDrawDistanceScale:1]]
[2023.04.04-00.37.10:513][  0]LogConfig: Setting CVar [[r.CapsuleShadows:1]]
[2023.04.04-00.37.10:513][  0]LogConfig: Applying CVar settings from Section [PostProcessQuality@3] File [D:/Users/qkrdl/Documents/GitHub/Zolup-Button_Project_MF/Project_MF/Saved/Config/Windows/Scalability.ini]
[2023.04.04-00.37.10:513][  0]LogConfig: Setting CVar [[r.MotionBlurQuality:4]]
[2023.04.04-00.37.10:513][  0]LogConfig: Setting CVar [[r.AmbientOcclusionMipLevelFactor:0.4]]
[2023.04.04-00.37.10:513][  0]LogConfig: Setting CVar [[r.AmbientOcclusionMaxQuality:100]]
[2023.04.04-00.37.10:513][  0]LogConfig: Setting CVar [[r.AmbientOcclusionLevels:-1]]
[2023.04.04-00.37.10:513][  0]LogConfig: Setting CVar [[r.AmbientOcclusionRadiusScale:1.0]]
[2023.04.04-00.37.10:513][  0]LogConfig: Setting CVar [[r.DepthOfFieldQuality:2]]
[2023.04.04-00.37.10:513][  0]LogConfig: Setting CVar [[r.RenderTargetPoolMin:400]]
[2023.04.04-00.37.10:513][  0]LogConfig: Setting CVar [[r.LensFlareQuality:2]]
[2023.04.04-00.37.10:513][  0]LogConfig: Setting CVar [[r.SceneColorFringeQuality:1]]
[2023.04.04-00.37.10:513][  0]LogConfig: Setting CVar [[r.EyeAdaptationQuality:2]]
[2023.04.04-00.37.10:513][  0]LogConfig: Setting CVar [[r.BloomQuality:5]]
[2023.04.04-00.37.10:513][  0]LogConfig: Setting CVar [[r.FastBlurThreshold:100]]
[2023.04.04-00.37.10:513][  0]LogConfig: Setting CVar [[r.Upscale.Quality:3]]
[2023.04.04-00.37.10:513][  0]LogConfig: Setting CVar [[r.Tonemapper.GrainQuantization:1]]
[2023.04.04-00.37.10:513][  0]LogConfig: Setting CVar [[r.LightShaftQuality:1]]
[2023.04.04-00.37.10:513][  0]LogConfig: Setting CVar [[r.Filter.SizeScale:1]]
[2023.04.04-00.37.10:513][  0]LogConfig: Setting CVar [[r.Tonemapper.Quality:5]]
[2023.04.04-00.37.10:513][  0]LogConfig: Setting CVar [[r.DOF.Gather.AccumulatorQuality:1        ; higher gathering accumulator quality]]
[2023.04.04-00.37.10:513][  0]LogConfig: Setting CVar [[r.DOF.Gather.PostfilterMethod:1          ; Median3x3 postfilering method]]
[2023.04.04-00.37.10:513][  0]LogConfig: Setting CVar [[r.DOF.Gather.EnableBokehSettings:0       ; no bokeh simulation when gathering]]
[2023.04.04-00.37.10:513][  0]LogConfig: Setting CVar [[r.DOF.Gather.RingCount:4                 ; medium number of samples when gathering]]
[2023.04.04-00.37.10:513][  0]LogConfig: Setting CVar [[r.DOF.Scatter.ForegroundCompositing:1    ; additive foreground scattering]]
[2023.04.04-00.37.10:513][  0]LogConfig: Setting CVar [[r.DOF.Scatter.BackgroundCompositing:2    ; additive background scattering]]
[2023.04.04-00.37.10:513][  0]LogConfig: Setting CVar [[r.DOF.Scatter.EnableBokehSettings:1      ; bokeh simulation when scattering]]
[2023.04.04-00.37.10:513][  0]LogConfig: Setting CVar [[r.DOF.Scatter.MaxSpriteRatio:0.1         ; only a maximum of 10% of scattered bokeh]]
[2023.04.04-00.37.10:513][  0]LogConfig: Setting CVar [[r.DOF.Recombine.Quality:1                ; cheap slight out of focus]]
[2023.04.04-00.37.10:513][  0]LogConfig: Setting CVar [[r.DOF.Recombine.EnableBokehSettings:0    ; no bokeh simulation on slight out of focus]]
[2023.04.04-00.37.10:513][  0]LogConfig: Setting CVar [[r.DOF.TemporalAAQuality:1                ; more stable temporal accumulation]]
[2023.04.04-00.37.10:513][  0]LogConfig: Setting CVar [[r.DOF.Kernel.MaxForegroundRadius:0.025]]
[2023.04.04-00.37.10:513][  0]LogConfig: Setting CVar [[r.DOF.Kernel.MaxBackgroundRadius:0.025]]
[2023.04.04-00.37.10:513][  0]LogConfig: Applying CVar settings from Section [TextureQuality@3] File [D:/Users/qkrdl/Documents/GitHub/Zolup-Button_Project_MF/Project_MF/Saved/Config/Windows/Scalability.ini]
[2023.04.04-00.37.10:513][  0]LogConfig: Setting CVar [[r.Streaming.MipBias:0]]
[2023.04.04-00.37.10:513][  0]LogConfig: Setting CVar [[r.Streaming.AmortizeCPUToGPUCopy:0]]
[2023.04.04-00.37.10:513][  0]LogConfig: Setting CVar [[r.Streaming.MaxNumTexturesToStreamPerFrame:0]]
[2023.04.04-00.37.10:513][  0]LogConfig: Setting CVar [[r.Streaming.Boost:1]]
[2023.04.04-00.37.10:513][  0]LogConfig: Setting CVar [[r.MaxAnisotropy:8]]
[2023.04.04-00.37.10:513][  0]LogConfig: Setting CVar [[r.VT.MaxAnisotropy:8]]
[2023.04.04-00.37.10:513][  0]LogConfig: Setting CVar [[r.Streaming.LimitPoolSizeToVRAM:0]]
[2023.04.04-00.37.10:513][  0]LogConfig: Setting CVar [[r.Streaming.PoolSize:1000]]
[2023.04.04-00.37.10:513][  0]LogConfig: Setting CVar [[r.Streaming.MaxEffectiveScreenSize:0]]
[2023.04.04-00.37.10:513][  0]LogConfig: Applying CVar settings from Section [EffectsQuality@3] File [D:/Users/qkrdl/Documents/GitHub/Zolup-Button_Project_MF/Project_MF/Saved/Config/Windows/Scalability.ini]
[2023.04.04-00.37.10:513][  0]LogConfig: Setting CVar [[r.TranslucencyLightingVolumeDim:64]]
[2023.04.04-00.37.10:513][  0]LogConfig: Setting CVar [[r.RefractionQuality:2]]
[2023.04.04-00.37.10:513][  0]LogConfig: Setting CVar [[r.SSR.Quality:3]]
[2023.04.04-00.37.10:513][  0]LogConfig: Setting CVar [[r.SSR.HalfResSceneColor:0]]
[2023.04.04-00.37.10:513][  0]LogConfig: Setting CVar [[r.SceneColorFormat:4]]
[2023.04.04-00.37.10:513][  0]LogConfig: Setting CVar [[r.DetailMode:2]]
[2023.04.04-00.37.10:513][  0]LogConfig: Setting CVar [[r.TranslucencyVolumeBlur:1]]
[2023.04.04-00.37.10:513][  0]LogConfig: Setting CVar [[r.MaterialQualityLevel:1 ; High quality]]
[2023.04.04-00.37.10:513][  0]LogConfig: Setting CVar [[r.AnisotropicMaterials:1]]
[2023.04.04-00.37.10:513][  0]LogConfig: Setting CVar [[r.SSS.Scale:1]]
[2023.04.04-00.37.10:513][  0]LogConfig: Setting CVar [[r.SSS.SampleSet:2]]
[2023.04.04-00.37.10:513][  0]LogConfig: Setting CVar [[r.SSS.Quality:1]]
[2023.04.04-00.37.10:513][  0]LogConfig: Setting CVar [[r.SSS.HalfRes:0]]
[2023.04.04-00.37.10:513][  0]LogConfig: Setting CVar [[r.SSGI.Quality:3]]
[2023.04.04-00.37.10:513][  0]LogConfig: Setting CVar [[r.EmitterSpawnRateScale:1.0]]
[2023.04.04-00.37.10:513][  0]LogConfig: Setting CVar [[r.ParticleLightQuality:2]]
[2023.04.04-00.37.10:513][  0]LogConfig: Setting CVar [[r.SkyAtmosphere.AerialPerspectiveLUT.FastApplyOnOpaque:1 ; Always have FastSkyLUT 1 in this case to avoid wrong sky]]
[2023.04.04-00.37.10:513][  0]LogConfig: Setting CVar [[r.SkyAtmosphere.AerialPerspectiveLUT.SampleCountMaxPerSlice:4]]
[2023.04.04-00.37.10:513][  0]LogConfig: Setting CVar [[r.SkyAtmosphere.AerialPerspectiveLUT.DepthResolution:16.0]]
[2023.04.04-00.37.10:513][  0]LogConfig: Setting CVar [[r.SkyAtmosphere.FastSkyLUT:1]]
[2023.04.04-00.37.10:513][  0]LogConfig: Setting CVar [[r.SkyAtmosphere.FastSkyLUT.SampleCountMin:4.0]]
[2023.04.04-00.37.10:513][  0]LogConfig: Setting CVar [[r.SkyAtmosphere.FastSkyLUT.SampleCountMax:128.0]]
[2023.04.04-00.37.10:513][  0]LogConfig: Setting CVar [[r.SkyAtmosphere.SampleCountMin:4.0]]
[2023.04.04-00.37.10:513][  0]LogConfig: Setting CVar [[r.SkyAtmosphere.SampleCountMax:128.0]]
[2023.04.04-00.37.10:513][  0]LogConfig: Setting CVar [[r.SkyAtmosphere.TransmittanceLUT.UseSmallFormat:0]]
[2023.04.04-00.37.10:513][  0]LogConfig: Setting CVar [[r.SkyAtmosphere.TransmittanceLUT.SampleCount:10.0]]
[2023.04.04-00.37.10:513][  0]LogConfig: Setting CVar [[r.SkyAtmosphere.MultiScatteringLUT.SampleCount:15.0]]
[2023.04.04-00.37.10:513][  0]LogConfig: Setting CVar [[r.SkyLight.RealTimeReflectionCapture:1]]
[2023.04.04-00.37.10:513][  0]LogConfig: Applying CVar settings from Section [FoliageQuality@3] File [D:/Users/qkrdl/Documents/GitHub/Zolup-Button_Project_MF/Project_MF/Saved/Config/Windows/Scalability.ini]
[2023.04.04-00.37.10:513][  0]LogConfig: Setting CVar [[foliage.DensityScale:1.0]]
[2023.04.04-00.37.10:513][  0]LogConfig: Setting CVar [[grass.DensityScale:1.0]]
[2023.04.04-00.37.10:513][  0]LogConfig: Applying CVar settings from Section [ShadingQuality@3] File [D:/Users/qkrdl/Documents/GitHub/Zolup-Button_Project_MF/Project_MF/Saved/Config/Windows/Scalability.ini]
[2023.04.04-00.37.10:513][  0]LogConfig: Setting CVar [[r.HairStrands.SkyLighting.IntegrationType:2]]
[2023.04.04-00.37.10:513][  0]LogConfig: Setting CVar [[r.HairStrands.SkyAO.SampleCount:4]]
[2023.04.04-00.37.10:513][  0]LogConfig: Setting CVar [[r.HairStrands.Visibility.MSAA.SamplePerPixel:4]]
[2023.04.04-00.37.10:513][  0]LogConfig: Applying CVar settings from Section [Startup] File [../../../Engine/Config/ConsoleVariables.ini]
[2023.04.04-00.37.10:514][  0]LogConfig: Setting CVar [[net.UseAdaptiveNetUpdateFrequency:0]]
[2023.04.04-00.37.10:514][  0]LogConfig: Setting CVar [[p.chaos.AllowCreatePhysxBodies:1]]
[2023.04.04-00.37.10:514][  0]LogConfig: Setting CVar [[fx.SkipVectorVMBackendOptimizations:1]]
[2023.04.04-00.37.10:514][  0]LogConfig: Applying CVar settings from Section [ConsoleVariables] File [D:/Users/qkrdl/Documents/GitHub/Zolup-Button_Project_MF/Project_MF/Saved/Config/Windows/Engine.ini]
[2023.04.04-00.37.10:514][  0]LogConfig: Applying CVar settings from Section [ConsoleVariables] File [D:/Users/qkrdl/Documents/GitHub/Zolup-Button_Project_MF/Project_MF/Saved/Config/Windows/Editor.ini]
[2023.04.04-00.37.10:514][  0]LogInit: Computer: DESKTOP-7O2N4A7
[2023.04.04-00.37.10:514][  0]LogInit: User: qkrdl
[2023.04.04-00.37.10:514][  0]LogInit: CPU Page size=4096, Cores=4
[2023.04.04-00.37.10:514][  0]LogInit: High frequency timer resolution =10.000000 MHz
[2023.04.04-00.37.10:514][  0]LogMemory: Memory total: Physical=31.9GB (32GB approx)
[2023.04.04-00.37.10:514][  0]LogMemory: Platform Memory Stats for Windows
[2023.04.04-00.37.10:514][  0]LogMemory: Process Physical Memory: 145.11 MB used, 145.11 MB peak
[2023.04.04-00.37.10:514][  0]LogMemory: Process Virtual Memory: 116.79 MB used, 116.79 MB peak
[2023.04.04-00.37.10:514][  0]LogMemory: Physical Memory: 17331.08 MB used,  15348.01 MB free, 32679.09 MB total
[2023.04.04-00.37.10:514][  0]LogMemory: Virtual Memory: 134197136.00 MB used,  20591.84 MB free, 134217728.00 MB total
[2023.04.04-00.37.10:520][  0]LogWindows: WindowsPlatformFeatures enabled
[2023.04.04-00.37.10:556][  0]LogInit: Physics initialised using underlying interface: PhysX
[2023.04.04-00.37.10:557][  0]LogInit: Using OS detected language (ko-KR).
[2023.04.04-00.37.10:557][  0]LogInit: Using OS detected locale (ko-KR).
[2023.04.04-00.37.10:559][  0]LogTextLocalizationManager: No specific localization for 'ko-KR' exists, so the 'ko' localization will be used.
[2023.04.04-00.37.10:652][  0]LogInit: Setting process to per monitor DPI aware
[2023.04.04-00.37.10:667][  0]LogWindowsTextInputMethodSystem: Display: IME system deactivated.
[2023.04.04-00.37.10:681][  0]LogSlate: New Slate User Created.  User Index 0, Is Virtual User: 0
[2023.04.04-00.37.10:681][  0]LogSlate: Slate User Registered.  User Index 0, Is Virtual User: 0
[2023.04.04-00.37.10:872][  0]LogD3D11RHI: Loaded GFSDK_Aftermath_Lib.x64.dll
[2023.04.04-00.37.10:875][  0]LogHMD: Failed to initialize OpenVR with code 110
[2023.04.04-00.37.10:875][  0]LogD3D11RHI: D3D11 min allowed feature level: 11_0
[2023.04.04-00.37.10:875][  0]LogD3D11RHI: D3D11 max allowed feature level: 11_0
[2023.04.04-00.37.10:875][  0]LogD3D11RHI: D3D11 adapters:
[2023.04.04-00.37.10:969][  0]LogD3D11RHI:    0. 'NVIDIA GeForce RTX 2060 SUPER' (Feature Level 11_0)
[2023.04.04-00.37.10:969][  0]LogD3D11RHI:       8019/0/16339 MB DedicatedVideo/DedicatedSystem/SharedSystem, Outputs:1, VendorId:0x10de
[2023.04.04-00.37.10:971][  0]LogD3D11RHI:    1. 'Microsoft Basic Render Driver' (Feature Level 11_0)
[2023.04.04-00.37.10:971][  0]LogD3D11RHI:       0/0/16339 MB DedicatedVideo/DedicatedSystem/SharedSystem, Outputs:0, VendorId:0x1414
[2023.04.04-00.37.10:971][  0]LogD3D11RHI: Chosen D3D11 Adapter:
[2023.04.04-00.37.10:971][  0]LogD3D11RHI:     Description : NVIDIA GeForce RTX 2060 SUPER
[2023.04.04-00.37.10:971][  0]LogD3D11RHI:     VendorId    : 10de
[2023.04.04-00.37.10:971][  0]LogD3D11RHI:     DeviceId    : 1f06
[2023.04.04-00.37.10:971][  0]LogD3D11RHI:     SubSysId    : 3ff11458
[2023.04.04-00.37.10:971][  0]LogD3D11RHI:     Revision    : 00a1
[2023.04.04-00.37.10:971][  0]LogD3D11RHI:     DedicatedVideoMemory : 8408530944 bytes
[2023.04.04-00.37.10:971][  0]LogD3D11RHI:     DedicatedSystemMemory : 0 bytes
[2023.04.04-00.37.10:971][  0]LogD3D11RHI:     SharedSystemMemory : 17133252608 bytes
[2023.04.04-00.37.10:971][  0]LogD3D11RHI:     AdapterLuid : 0 42837
[2023.04.04-00.37.10:977][  0]LogD3D11RHI: Creating new Direct3DDevice
[2023.04.04-00.37.10:977][  0]LogD3D11RHI:     GPU DeviceId: 0x1f06 (for the marketing name, search the web for "GPU Device Id")
[2023.04.04-00.37.10:977][  0]LogWindows: EnumDisplayDevices:
[2023.04.04-00.37.10:977][  0]LogWindows:    0. 'NVIDIA GeForce RTX 2060 SUPER' (P:1 D:1)
[2023.04.04-00.37.10:977][  0]LogWindows:    1. 'NVIDIA GeForce RTX 2060 SUPER' (P:0 D:0)
[2023.04.04-00.37.10:977][  0]LogWindows:    2. 'NVIDIA GeForce RTX 2060 SUPER' (P:0 D:0)
[2023.04.04-00.37.10:977][  0]LogWindows:    3. 'NVIDIA GeForce RTX 2060 SUPER' (P:0 D:0)
[2023.04.04-00.37.10:977][  0]LogWindows: DebugString: FoundDriverCount:4 
[2023.04.04-00.37.10:977][  0]LogD3D11RHI:     Adapter Name: NVIDIA GeForce RTX 2060 SUPER
[2023.04.04-00.37.10:977][  0]LogD3D11RHI:   Driver Version: 527.56 (internal:31.0.15.2756, unified:527.56)
[2023.04.04-00.37.10:977][  0]LogD3D11RHI:      Driver Date: 12-5-2022
[2023.04.04-00.37.10:977][  0]LogRHI: Texture pool is 5613 MB (70% of 8019 MB)
[2023.04.04-00.37.10:977][  0]LogD3D11RHI: Creating D3DDevice using adapter:
[2023.04.04-00.37.10:977][  0]LogD3D11RHI:     Description : NVIDIA GeForce RTX 2060 SUPER
[2023.04.04-00.37.10:977][  0]LogD3D11RHI:     VendorId    : 10de
[2023.04.04-00.37.10:977][  0]LogD3D11RHI:     DeviceId    : 1f06
[2023.04.04-00.37.10:977][  0]LogD3D11RHI:     SubSysId    : 3ff11458
[2023.04.04-00.37.10:977][  0]LogD3D11RHI:     Revision    : 00a1
[2023.04.04-00.37.10:977][  0]LogD3D11RHI:     DedicatedVideoMemory : 8408530944 bytes
[2023.04.04-00.37.10:977][  0]LogD3D11RHI:     DedicatedSystemMemory : 0 bytes
[2023.04.04-00.37.10:977][  0]LogD3D11RHI:     SharedSystemMemory : 17133252608 bytes
[2023.04.04-00.37.10:977][  0]LogD3D11RHI:     AdapterLuid : 0 42837
[2023.04.04-00.37.11:030][  0]LogD3D11RHI: RHI has support for 64 bit atomics
[2023.04.04-00.37.11:030][  0]LogD3D11RHI: Async texture creation enabled
[2023.04.04-00.37.11:030][  0]LogD3D11RHI: Array index from any shader is supported
[2023.04.04-00.37.11:031][  0]LogD3D11RHI: HDR output is supported on display 0 (NvId: 0x80061081).
[2023.04.04-00.37.11:050][  0]LogD3D11RHI: GPU Timing Frequency: 1000.000000 (Debug: 2 2)
[2023.04.04-00.37.11:072][  0]LogRHI: GeForceNow SDK initialized: 1
[2023.04.04-00.37.11:343][  0]LogTargetPlatformManager: Display: Loaded TargetPlatform 'AllDesktop'
[2023.04.04-00.37.11:363][  0]LogTargetPlatformManager: Display: Loaded TargetPlatform 'Android'
[2023.04.04-00.37.11:363][  0]LogTargetPlatformManager: Display: Loaded TargetPlatform 'Android_ASTC'
[2023.04.04-00.37.11:363][  0]LogTargetPlatformManager: Display: Loaded TargetPlatform 'Android_DXT'
[2023.04.04-00.37.11:363][  0]LogTargetPlatformManager: Display: Loaded TargetPlatform 'Android_ETC2'
[2023.04.04-00.37.11:363][  0]LogTargetPlatformManager: Display: Loaded TargetPlatform 'AndroidClient'
[2023.04.04-00.37.11:363][  0]LogTargetPlatformManager: Display: Loaded TargetPlatform 'Android_ASTCClient'
[2023.04.04-00.37.11:363][  0]LogTargetPlatformManager: Display: Loaded TargetPlatform 'Android_DXTClient'
[2023.04.04-00.37.11:363][  0]LogTargetPlatformManager: Display: Loaded TargetPlatform 'Android_ETC2Client'
[2023.04.04-00.37.11:363][  0]LogTargetPlatformManager: Display: Loaded TargetPlatform 'Android_Multi'
[2023.04.04-00.37.11:363][  0]LogTargetPlatformManager: Display: Loaded TargetPlatform 'Android_MultiClient'
[2023.04.04-00.37.11:379][  0]LogTargetPlatformManager: Display: Loaded TargetPlatform 'IOSClient'
[2023.04.04-00.37.11:379][  0]LogTargetPlatformManager: Display: Loaded TargetPlatform 'IOS'
[2023.04.04-00.37.11:388][  0]LogTargetPlatformManager: Display: Loaded TargetPlatform 'Linux'
[2023.04.04-00.37.11:393][  0]LogTargetPlatformManager: Display: Loaded TargetPlatform 'LinuxNoEditor'
[2023.04.04-00.37.11:397][  0]LogTargetPlatformManager: Display: Loaded TargetPlatform 'LinuxClient'
[2023.04.04-00.37.11:402][  0]LogTargetPlatformManager: Display: Loaded TargetPlatform 'LinuxServer'
[2023.04.04-00.37.11:411][  0]LogTargetPlatformManager: Display: Loaded TargetPlatform 'LinuxAArch64NoEditor'
[2023.04.04-00.37.11:416][  0]LogTargetPlatformManager: Display: Loaded TargetPlatform 'LinuxAArch64Client'
[2023.04.04-00.37.11:420][  0]LogTargetPlatformManager: Display: Loaded TargetPlatform 'LinuxAArch64Server'
[2023.04.04-00.37.11:441][  0]LogTargetPlatformManager: Display: Loaded TargetPlatform 'Lumin'
[2023.04.04-00.37.11:441][  0]LogTargetPlatformManager: Display: Loaded TargetPlatform 'LuminClient'
[2023.04.04-00.37.11:449][  0]LogTargetPlatformManager: Display: Loaded TargetPlatform 'MacNoEditor'
[2023.04.04-00.37.11:454][  0]LogTargetPlatformManager: Display: Loaded TargetPlatform 'Mac'
[2023.04.04-00.37.11:458][  0]LogTargetPlatformManager: Display: Loaded TargetPlatform 'MacClient'
[2023.04.04-00.37.11:462][  0]LogTargetPlatformManager: Display: Loaded TargetPlatform 'MacServer'
[2023.04.04-00.37.11:472][  0]LogTargetPlatformManager: Display: Loaded TargetPlatform 'TVOSClient'
[2023.04.04-00.37.11:472][  0]LogTargetPlatformManager: Display: Loaded TargetPlatform 'TVOS'
[2023.04.04-00.37.11:480][  0]LogTargetPlatformManager: Display: Loaded TargetPlatform 'WindowsNoEditor'
[2023.04.04-00.37.11:485][  0]LogTargetPlatformManager: Display: Loaded TargetPlatform 'Windows'
[2023.04.04-00.37.11:489][  0]LogTargetPlatformManager: Display: Loaded TargetPlatform 'WindowsClient'
[2023.04.04-00.37.11:494][  0]LogTargetPlatformManager: Display: Loaded TargetPlatform 'WindowsServer'
[2023.04.04-00.37.11:494][  0]LogTargetPlatformManager: Display: Building Assets For Windows
[2023.04.04-00.37.11:501][  0]LogAudioDebug: Display: Lib vorbis DLL was dynamically loaded.
[2023.04.04-00.37.11:527][  0]LogTextureFormatOodle: Display: Oodle Texture 2.9.0 init RDO Off
[2023.04.04-00.37.11:559][  0]LogRendererCore: Ray tracing is disabled. Reason: r.RayTracing=0.
[2023.04.04-00.37.11:559][  0]LogShaderCompilers: Guid format shader working directory is -36 characters bigger than the processId version (../../../../../../Users/qkrdl/Documents/GitHub/Zolup-Button_Project_MF/Project_MF/Intermediate/Shaders/WorkingDirectory/13780/).
[2023.04.04-00.37.11:559][  0]LogShaderCompilers: Cleaned the shader compiler working directory 'C:/Users/qkrdl/AppData/Local/Temp/UnrealShaderWorkingDir/CABEA9F24C6CAF717BC33CBEC8113AF7/'.
[2023.04.04-00.37.11:560][  0]LogXGEController: Cannot use XGE Controller as Incredibuild is not installed on this machine.
[2023.04.04-00.37.11:560][  0]LogShaderCompilers: Cannot use XGE Shader Compiler as Incredibuild is not installed on this machine.
[2023.04.04-00.37.11:560][  0]LogShaderCompilers: Display: Using Local Shader Compiler.
[2023.04.04-00.37.12:234][  0]LogDerivedDataCache: Display: Max Cache Size: 512 MB
[2023.04.04-00.37.12:287][  0]LogDerivedDataCache: Loaded boot cache 0.05s 95MB C:/Users/qkrdl/AppData/Local/UnrealEngine/4.27/DerivedDataCache/Boot.ddc.
[2023.04.04-00.37.12:287][  0]LogDerivedDataCache: Display: Loaded Boot cache: C:/Users/qkrdl/AppData/Local/UnrealEngine/4.27/DerivedDataCache/Boot.ddc
[2023.04.04-00.37.12:287][  0]LogDerivedDataCache: FDerivedDataBackendGraph:  Pak pak cache file ../../../../../../Users/qkrdl/Documents/GitHub/Zolup-Button_Project_MF/Project_MF/DerivedDataCache/DDC.ddp not found, will not use a pak cache.
[2023.04.04-00.37.12:287][  0]LogDerivedDataCache: Unable to find inner node Pak for hierarchical cache Hierarchy.
[2023.04.04-00.37.12:287][  0]LogDerivedDataCache: FDerivedDataBackendGraph:  CompressedPak pak cache file ../../../../../../Users/qkrdl/Documents/GitHub/Zolup-Button_Project_MF/Project_MF/DerivedDataCache/Compressed.ddp not found, will not use a pak cache.
[2023.04.04-00.37.12:287][  0]LogDerivedDataCache: Unable to find inner node CompressedPak for hierarchical cache Hierarchy.
[2023.04.04-00.37.12:304][  0]LogDerivedDataCache: Display: Pak cache opened for reading ../../../Engine/DerivedDataCache/Compressed.ddp.
[2023.04.04-00.37.12:305][  0]LogDerivedDataCache: FDerivedDataBackendGraph:  EnterprisePak pak cache file ../../../Enterprise/DerivedDataCache/Compressed.ddp not found, will not use a pak cache.
[2023.04.04-00.37.12:305][  0]LogDerivedDataCache: Unable to find inner node EnterprisePak for hierarchical cache Hierarchy.
[2023.04.04-00.37.12:311][  0]LogDerivedDataCache: Speed tests for C:/Users/qkrdl/AppData/Local/UnrealEngine/Common/DerivedDataCache took 0.01 seconds
[2023.04.04-00.37.12:311][  0]LogDerivedDataCache: Display: Performance to C:/Users/qkrdl/AppData/Local/UnrealEngine/Common/DerivedDataCache: Latency=0.03ms. RandomReadSpeed=1113.40MBs, RandomWriteSpeed=182.16MBs. Assigned SpeedClass 'Local'
[2023.04.04-00.37.12:312][  0]LogDerivedDataCache: Using Local data cache path C:/Users/qkrdl/AppData/Local/UnrealEngine/Common/DerivedDataCache: Writable
[2023.04.04-00.37.12:312][  0]LogDerivedDataCache: Shared data cache path not found in *engine.ini, will not use an Shared cache.
[2023.04.04-00.37.12:312][  0]LogDerivedDataCache: Unable to find inner node Shared for hierarchical cache Hierarchy.
[2023.04.04-00.37.12:357][  0]LogSlate: Using FreeType 2.10.0
[2023.04.04-00.37.12:357][  0]LogSlate: SlateFontServices - WITH_FREETYPE: 1, WITH_HARFBUZZ: 1
[2023.04.04-00.37.12:383][  0]LogAssetRegistry: FAssetRegistry took 0.0025 seconds to start up
[2023.04.04-00.37.12:623][  0]LogInit: Selected Device Profile: [Windows]
[2023.04.04-00.37.12:623][  0]LogInit: Active device profile: [0000017C37472C00][0000017C3472A840 49] Windows
[2023.04.04-00.37.12:623][  0]LogInit: Profiles: [0000017C37472C00][0000017C3472A840 49] Windows, [0000017C383C4E00][0000017C347329C0 49] WindowsNoEditor, [0000017C37471100][0000017C3743AB40 49] WindowsServer, [0000017C37471800][0000017C3472EC80 49] WindowsClient, [0000017C383C6600][0000017C34C74DC0 49] IOS, [0000017C383C7900][0000017C34C78F00 49] iPadAir, [0000017C383CAF00][0000017C34C81080 49] iPadAir2, [0000017C3834CC00][0000017C34C89340 49] IPadPro, [0000017C3834CD00][0000017C34C85380 49] iPadAir3, [0000017C383C6C00][0000017C37091500 49] iPadAir4, [0000017C3834DB00][0000017C37095680 49] iPadMini2, [0000017C383C6700][0000017C37099800 49] iPadMini3, [0000017C3834E700][0000017C370A1980 49] iPadMini4, [0000017C383C5E00][0000017C370A9B00 49] iPadMini5, [0000017C37471300][0000017C2CAA4240 49] iPhone6, [0000017C37471200][0000017C37320280 49] iPodTouch6, [0000017C383CA200][0000017C340A4540 49] iPhone7, [0000017C383CA100][0000017C340A0580 49] iPodTouch7, [0000017C3834E100][0000017C340A8700 49] iPhone5S, [0000017C383C8400][0000017C340AC880 49] iPhone6Plus, [0000017C3834D000][0000017C340B4A00 49] iPhone6S, [0000017C383C9100][0000017C340C2B80 49] iPhone6SPlus, [0000017C3834CB00][0000017C3737AD00 49] iPhone7Plus, [0000017C383CB600][0000017C34C7CE40 49] iPhoneSE, [0000017C3834C300][0000017C3737EF80 49] iPhone8, [0000017C383CA700][0000017C373830C0 49] iPhone8Plus, [0000017C3834D400][0000017C3738B240 49] iPhoneX, [0000017C383C8100][0000017C34C3B3C0 49] iPhoneXS, [0000017C3834CF00][0000017C34C3F540 49] iPhoneXSMax, [0000017C37471600][0000017C34C576C0 49] iPhoneXR, [0000017C3834C900][0000017C34C67840 49] iPhone11, [0000017C37472100][0000017C34C6B9C0 49] iPhone11Pro, [0000017C3834E300][0000017C34C6FB40 49] iPhone11ProMax, [0000017C37470A00][0000017C2CA8C140 49] iPhoneSE2, [0000017C3834FB00][0000017C2CA942C0 49] iPhone12Mini, [0000017C37470800][0000017C37074440 49] iPhone12, [0000017C3834C400][0000017C373F45C0 49] iPhone12Pro, [0000017C37472000][0000017C373F8740 49] iPhone12ProMax, [0000017C3834F500][0000017C373FC8C0 49] iPadPro105, [0000017C37470200][0000017C37400A40 49] iPadPro129, [0000017C3834F100][0000017C37404BC0 49] iPadPro97, [0000017C37471B00][0000017C37078D40 49] iPadPro2_129, [0000017C3834C600][0000017C37088EC0 49] iPad5, [0000017C37471700][0000017C37387000 49] iPad6, [0000017C3834EA00][0000017C2CA91140 49] iPad7, [0000017C37473000][0000017C373F1280 49] iPad8, [0000017C3834DD00][0000017C3708D3C0 49] iPadPro11, [0000017C37471D00][0000017C372C3540 49] iPadPro2_11, [0000017C3834C800][0000017C34C636C0 49] iPadPro3_129, [0000017C37472F00][0000017C373C9840 49] iPadPro4_129, [0000017C3834EC00][0000017C373CD9C0 49] AppleTV, [0000017C37470F00][0000017C373D1B40 49] AppleTV4K, [0000017C3834D300][0000017C373D4140 49] TVOS, [0000017C37472700][0000017C373D82C0 49] Mac, [0000017C3834F200][0000017C373DC440 49] MacClient, [0000017C37473300][0000017C373E05C0 49] MacNoEditor, [0000017C3834D900][0000017C373E4740 49] MacServer, [0000017C37472A00][0000017C373E88C0 49] Linux, [0000017C3834EE00][0000017C373ECA40 49] LinuxAArch64, [0000017C37471E00][0000017C34050BC0 49] LinuxNoEditor, [0000017C3834C700][0000017C34054D40 49] LinuxAArch64NoEditor, [0000017C37472900][0000017C34058EC0 49] LinuxClient, [0000017C3834ED00][0000017C3405D040 49] LinuxAArch64Client, [0000017C37471500][0000017C372BF180 49] LinuxServer, [0000017C3834FA00][0000017C340612C0 49] LinuxAArch64Server, [0000017C37470300][0000017C34065400 49] Android, [0000017C3834D100][0000017C34069540 49] Android_Low, [0000017C383C9600][0000017C340716C0 49] Android_Mid, [0000017C383C6100][0000017C34075840 49] Android_High, [0000017C383C9900][0000017C340799C0 49] Android_Default, [0000017C383C5100][0000017C3407DB40 49] Android_Adreno4xx, [0000017C383CB200][0000017C34080140 49] Android_Adreno5xx_Low, [0000017C383C4600][0000017C340842C0 49] Android_Adreno5xx, [0000017C383C9700][0000017C34088440 49] Android_Adreno6xx, [0000017C383C6300][0000017C3408C5C0 49] Android_Adreno6xx_Vulkan, [0000017C383CBD00][0000017C34090740 49] Android_Mali_T6xx, [0000017C383C5C00][0000017C344168C0 49] Android_Mali_T7xx, [0000017C383CA800][0000017C3441AA40 49] Android_Mali_T8xx, [0000017C383C5B00][0000017C3441EBC0 49] Android_Mali_G71, [0000017C383C8500][0000017C34422D40 49] Android_Mali_G72, [0000017C383C4D00][0000017C34426EC0 49] Android_Mali_G72_Vulkan, [0000017C383C8800][0000017C3442B040 49] Android_Mali_G76, [0000017C383C6E00][0000017C3442F1C0 49] Android_Mali_G76_Vulkan, [0000017C383C8900][0000017C34433340 49] Android_Mali_G77, [0000017C383C5800][0000017C3406D480 49] Android_Mali_G77_Vulkan, [0000017C383C8200][0000017C344375C0 49] Android_Mali_G78, [0000017C383C7200][0000017C3443B700 49] Android_Mali_G78_Vulkan, [0000017C383CB400][0000017C34443880 49] Android_Mali_G710, [0000017C383C7800][0000017C34447A00 49] Android_Mali_G710_Vulkan, [0000017C383CAC00][0000017C3444BB80 49] Android_Vulkan_SM5, [0000017C383C5F00][0000017C3444E180 49] Android_PowerVR_G6xxx, [0000017C383CA400][0000017C34452300 49] Android_PowerVR_GT7xxx, [0000017C383C7700][0000017C34456480 49] Android_PowerVR_GE8xxx, [0000017C383CAD00][0000017C3445A600 49] Android_PowerVR_GM9xxx, [0000017C383C5700][0000017C3445E780 49] Android_PowerVR_GM9xxx_Vulkan, [0000017C383CBA00][0000017C34462900 49] Android_TegraK1, [0000017C383C7B00][0000017C34466A80 49] Android_Unknown_Vulkan, [0000017C383CBC00][0000017C3446AC00 49] Lumin, [0000017C383C5500][0000017C3446ED80 49] Lumin_Desktop, [0000017C383C9400][0000017C34472F00 49] HoloLens, 
[2023.04.04-00.37.12:738][  0]LogMeshReduction: Using QuadricMeshReduction for automatic static mesh reduction
[2023.04.04-00.37.12:738][  0]LogMeshReduction: Using SimplygonMeshReduction for automatic skeletal mesh reduction
[2023.04.04-00.37.12:738][  0]LogMeshReduction: Using ProxyLODMeshReduction for automatic mesh merging
[2023.04.04-00.37.12:738][  0]LogMeshReduction: No distributed automatic mesh merging module available
[2023.04.04-00.37.12:738][  0]LogMeshMerging: No distributed automatic mesh merging module available
[2023.04.04-00.37.12:752][  0]LogNetVersion: Project_MF 1.0.0, NetCL: 17155196, EngineNetVer: 17, GameNetVer: 0 (Checksum: 3145920875)
[2023.04.04-00.37.13:156][  0]LogTexture: Default maximum texture size for cubemaps generated from long-lat sources has been changed from 512 to unlimited. In order to preserve old behaiour for '/Engine/MapTemplates/Sky/DaylightAmbientCubemap.DaylightAmbientCubemap', its maximum texture size has been explicitly set to 512.
[2023.04.04-00.37.13:216][  0]LogHMD: PokeAHoleMaterial loaded successfully
[2023.04.04-00.37.13:222][  0]LogUObjectArray: 17178 objects as part of root set at end of initial load.
[2023.04.04-00.37.13:222][  0]LogUObjectAllocator: 4302048 out of 0 bytes used by permanent object pool.
[2023.04.04-00.37.13:222][  0]LogUObjectArray: CloseDisregardForGC: 0/0 objects in disregard for GC pool
[2023.04.04-00.37.13:372][  0]LogPython: Using Python 3.7.7
[2023.04.04-00.37.13:935][  0]LogNiagaraDebuggerClient: Niagara Debugger Client Initialized | Session: 6D01FD6D44CCCDDB9C10B6B250308392 | Instance: 626A3BC54C345F20DAC2A7BA2C3417E2 (DESKTOP-7O2N4A7-13780).
[2023.04.04-00.37.13:993][  0]LogTcpMessaging: Initializing TcpMessaging bridge
[2023.04.04-00.37.13:997][  0]LogUdpMessaging: Initializing bridge on interface 0.0.0.0:0 to multicast group 230.0.0.1:6666.
[2023.04.04-00.37.14:301][  0]SourceControl: 소스 컨트롤이 꺼졌습니다.
[2023.04.04-00.37.14:301][  0]SourceControl: 소스 컨트롤이 꺼졌습니다.
[2023.04.04-00.37.14:305][  0]SourceControl: 소스 컨트롤이 꺼졌습니다.
[2023.04.04-00.37.14:308][  0]SourceControl: 소스 컨트롤이 꺼졌습니다.
[2023.04.04-00.37.14:322][  0]SourceControl: 소스 컨트롤이 꺼졌습니다.
[2023.04.04-00.37.14:347][  0]LogUProjectInfo: Found projects:
[2023.04.04-00.37.14:456][  0]LogOpenImageDenoise: OIDN starting up
[2023.04.04-00.37.14:578][  0]LogAndroidPermission: UAndroidPermissionCallbackProxy::GetInstance
[2023.04.04-00.37.14:600][  0]LogAudioCaptureCore: Display: No Audio Capture implementations found. Audio input will be silent.
[2023.04.04-00.37.14:601][  0]LogAudioCaptureCore: Display: No Audio Capture implementations found. Audio input will be silent.
[2023.04.04-00.37.14:723][  0]LogCollectionManager: Loaded 0 collections in 0.000740 seconds
[2023.04.04-00.37.14:747][  0]LogFileCache: Scanning file cache for directory 'D:/Users/qkrdl/Documents/GitHub/Zolup-Button_Project_MF/Project_MF/Saved/Collections/' took 0.00s
[2023.04.04-00.37.14:747][  0]LogFileCache: Scanning file cache for directory 'D:/Users/qkrdl/Documents/GitHub/Zolup-Button_Project_MF/Project_MF/Content/Developers/qkrdl/Collections/' took 0.00s
[2023.04.04-00.37.14:747][  0]LogFileCache: Scanning file cache for directory 'D:/Users/qkrdl/Documents/GitHub/Zolup-Button_Project_MF/Project_MF/Content/Collections/' took 0.00s
[2023.04.04-00.37.14:747][  0]LogOcInput: OculusInput pre-init called
[2023.04.04-00.37.15:030][  0]LogEngine: Initializing Engine...
[2023.04.04-00.37.15:032][  0]LogHMD: Failed to enumerate extensions. Please check that you have a valid OpenXR runtime installed.
[2023.04.04-00.37.15:033][  0]LogHMD: Failed to initialize OpenVR with code 110
[2023.04.04-00.37.15:033][  0]LogMagicLeap: Warning: VR disabled because ZI is not enabled.  To enable, in the editor, Edit -> Project Settings -> Plugins -> Magic Leap Plugin -> Enable Zero Iteration
[2023.04.04-00.37.15:033][  0]LogStats: UGameplayTagsManager::InitializeManager -  0.000 s
[2023.04.04-00.37.15:146][  0]LogInit: Initializing FReadOnlyCVARCache
[2023.04.04-00.37.15:155][  0]LogAIModule: Creating AISystem for world Untitled
[2023.04.04-00.37.15:164][  0]LogAudio: Display: Initializing Audio Device Manager...
[2023.04.04-00.37.15:170][  0]LogAudio: Display: Loading Default Audio Settings Objects...
[2023.04.04-00.37.15:170][  0]LogAudio: Display: No default SoundConcurrencyObject specified (or failed to load).
[2023.04.04-00.37.15:171][  0]LogAudio: Display: Audio Device Manager Initialized
[2023.04.04-00.37.15:171][  0]LogAudio: Display: Creating Audio Device:                 Id: 1, Scope: Shared, Realtime: True
[2023.04.04-00.37.15:171][  0]LogAudioMixer: Display: Audio Mixer Platform Settings:
[2023.04.04-00.37.15:171][  0]LogAudioMixer: Display: 	Sample Rate:						  48000
[2023.04.04-00.37.15:171][  0]LogAudioMixer: Display: 	Callback Buffer Frame Size Requested: 1024
[2023.04.04-00.37.15:171][  0]LogAudioMixer: Display: 	Callback Buffer Frame Size To Use:	  1024
[2023.04.04-00.37.15:171][  0]LogAudioMixer: Display: 	Number of buffers to queue:			  2
[2023.04.04-00.37.15:171][  0]LogAudioMixer: Display: 	Max Channels (voices):				  32
[2023.04.04-00.37.15:171][  0]LogAudioMixer: Display: 	Number of Async Source Workers:		  0
[2023.04.04-00.37.15:171][  0]LogAudio: Display: AudioDevice MaxSources: 32
[2023.04.04-00.37.15:171][  0]LogAudio: Display: Audio Spatialization Plugin: None (built-in).
[2023.04.04-00.37.15:171][  0]LogAudio: Display: Audio Reverb Plugin: None (built-in).
[2023.04.04-00.37.15:171][  0]LogAudio: Display: Audio Occlusion Plugin: None (built-in).
[2023.04.04-00.37.15:171][  0]LogAudioMixer: Display: Initializing audio mixer.
[2023.04.04-00.37.15:180][  0]LogAudioMixer: Display: 0: FrontLeft
[2023.04.04-00.37.15:180][  0]LogAudioMixer: Display: 1: FrontRight
[2023.04.04-00.37.15:194][  0]LogAudioMixer: Display: Using Audio Device 스피커(Logi USB Headset H340)
[2023.04.04-00.37.15:197][  0]LogAudioMixer: Display: Initializing Sound Submixes...
[2023.04.04-00.37.15:199][  0]LogAudioMixer: Display: Creating Master Submix 'MasterSubmixDefault'
[2023.04.04-00.37.15:200][  0]LogAudioMixer: Display: Creating Master Submix 'MasterReverbSubmixDefault'
[2023.04.04-00.37.15:201][  0]LogAudioMixer: Display: Creating Master Submix 'MasterEQSubmixDefault'
[2023.04.04-00.37.15:201][  0]LogAudioMixer: FMixerPlatformXAudio2::StartAudioStream() called
[2023.04.04-00.37.15:201][  0]LogAudioMixer: Display: Output buffers initialized: Frames=1024, Channels=2, Samples=2048
[2023.04.04-00.37.15:202][  0]LogAudioMixer: Display: Starting AudioMixerPlatformInterface::RunInternal()
[2023.04.04-00.37.15:202][  0]LogAudioMixer: Display: FMixerPlatformXAudio2::SubmitBuffer() called for the first time
[2023.04.04-00.37.15:202][  0]LogInit: FAudioDevice initialized.
[2023.04.04-00.37.15:202][  0]LogAudio: Display: Audio Device (ID: 1) registered with world 'Untitled'.
[2023.04.04-00.37.15:202][  0]LogNetVersion: Set ProjectVersion to 1.0.0.0. Version Checksum will be recalculated on next use.
[2023.04.04-00.37.15:260][  0]LogDerivedDataCache: Saved boot cache 0.06s 95MB C:/Users/qkrdl/AppData/Local/UnrealEngine/4.27/DerivedDataCache/Boot.ddc.
[2023.04.04-00.37.15:260][  0]LogInit: Texture streaming: Enabled
[2023.04.04-00.37.15:273][  0]LogAnalytics: Display: [UEEditor.Rocket.Release] APIServer = https://datarouter.ol.epicgames.com/. AppVersion = 4.27.2-18319896+++UE4+Release-4.27
[2023.04.04-00.37.15:277][  0]LogEngineSessionManager: EngineSessionManager initialized
[2023.04.04-00.37.15:277][  0]LogEditorSessionSummary: Verbose: Initializing EditorSessionSummaryWriter for editor session tracking
[2023.04.04-00.37.15:278][  0]LogEditorSessionSummary: EditorSessionSummaryWriter initialized
[2023.04.04-00.37.15:303][  0]LogInit: Transaction tracking system initialized
[2023.04.04-00.37.15:323][  0]BlueprintLog: New page: 에디터 로드
[2023.04.04-00.37.15:384][  0]LocalizationService: 현지화 서비스가 비활성화되었습니다.
[2023.04.04-00.37.15:407][  0]TimingProfiler: Initialize
[2023.04.04-00.37.15:407][  0]TimingProfiler: OnSessionChanged
[2023.04.04-00.37.15:407][  0]LoadingProfiler: Initialize
[2023.04.04-00.37.15:407][  0]LoadingProfiler: OnSessionChanged
[2023.04.04-00.37.15:407][  0]NetworkingProfiler: Initialize
[2023.04.04-00.37.15:407][  0]NetworkingProfiler: OnSessionChanged
[2023.04.04-00.37.15:407][  0]MemoryProfiler: Initialize
[2023.04.04-00.37.15:407][  0]MemoryProfiler: OnSessionChanged
[2023.04.04-00.37.15:544][  0]LogCook: Display: CookSettings for Memory: MemoryMaxUsedVirtual 0MiB, MemoryMaxUsedPhysical 16384MiB, MemoryMinFreeVirtual 0MiB, MemoryMinFreePhysical 1024MiB
[2023.04.04-00.37.15:544][  0]LogCook: Display: Mobile HDR setting 1
[2023.04.04-00.37.15:730][  0]LogFileCache: Scanning file cache for directory 'D:/Users/qkrdl/Documents/GitHub/Zolup-Button_Project_MF/Project_MF/Content/' took 0.00s
[2023.04.04-00.37.15:975][  0]LogInit: Display: Engine is initialized. Leaving FEngineLoop::Init()
[2023.04.04-00.37.15:978][  0]SourceControl: 소스 컨트롤이 꺼졌습니다.
[2023.04.04-00.37.15:978][  0]LogUnrealEdMisc: Loading editor; pre map load, took 6.735
[2023.04.04-00.37.15:978][  0]Cmd: MAP LOAD FILE="../../../../../../Users/qkrdl/Documents/GitHub/Zolup-Button_Project_MF/Project_MF/Content/Levels/test_1.umap" TEMPLATE=0 SHOWPROGRESS=1 FEATURELEVEL=3
[2023.04.04-00.37.15:980][  0]LightingResults: New page: 라이팅 빌드
[2023.04.04-00.37.15:981][  0]LogWorld: UWorld::CleanupWorld for Untitled, bSessionEnded=true, bCleanupResources=true
[2023.04.04-00.37.15:981][  0]LogSlate: InvalidateAllWidgets triggered.  All widgets were invalidated
[2023.04.04-00.37.15:981][  0]MapCheck: New page: 맵 체크
[2023.04.04-00.37.15:981][  0]LightingResults: New page: 라이팅 빌드
[2023.04.04-00.37.15:986][  0]LogAudio: Display: Audio Device unregistered from world 'None'.
[2023.04.04-00.37.15:989][  0]LogUObjectHash: Compacting FUObjectHashTables data took   0.86ms
[2023.04.04-00.37.16:094][  0]LogAudio: Display: Audio Device (ID: 1) registered with world 'test_1'.
[2023.04.04-00.37.16:094][  0]LogAIModule: Creating AISystem for world test_1
[2023.04.04-00.37.16:119][  0]LogEditorServer: Finished looking for orphan Actors (0.000 secs)
[2023.04.04-00.37.16:147][  0]LogUObjectHash: Compacting FUObjectHashTables data took   0.89ms
[2023.04.04-00.37.16:148][  0]Cmd: MAP CHECKDEP NOCLEARLOG
[2023.04.04-00.37.16:148][  0]MapCheck: 맵 체크 완료: 오류 0 회, 경고 0 회, 소요 시간 0.145ms.
[2023.04.04-00.37.16:148][  0]LogFileHelpers: Loading map 'test_1' took 0.170
[2023.04.04-00.37.16:151][  0]LogUnrealEdMisc: Total Editor Startup Time, took 6.908
[2023.04.04-00.37.16:237][  0]LogWindowsTextInputMethodSystem: Display: IME system activated using TSF (Microsoft 입력기).
[2023.04.04-00.37.16:289][  0]LogSlate: Updating window title bar state: overlay mode, drag disabled, window buttons hidden, title bar hidden
[2023.04.04-00.37.16:295][  0]LogSlate: Updating window title bar state: overlay mode, drag disabled, window buttons hidden, title bar hidden
[2023.04.04-00.37.16:301][  0]LogSlate: Updating window title bar state: overlay mode, drag disabled, window buttons hidden, title bar hidden
[2023.04.04-00.37.16:306][  0]LogSlate: Updating window title bar state: overlay mode, drag disabled, window buttons hidden, title bar hidden
[2023.04.04-00.37.16:321][  0]LogNativeClassHierarchy: Verbose: Native class hierarchy populated in 0.0104 seconds. Added 3857 classes and 930 folders.
[2023.04.04-00.37.16:323][  0]LogNativeClassHierarchy: Verbose: Native class hierarchy updated for 'WidgetCarousel' in 0.0002 seconds. Added 0 classes and 0 folders.
[2023.04.04-00.37.16:324][  0]LogPakFile: PakFile PrimaryIndexSize=187
[2023.04.04-00.37.16:324][  0]LogPakFile: PakFile PathHashIndexSize=101
[2023.04.04-00.37.16:324][  0]LogPakFile: PakFile FullDirectoryIndexSize=148
[2023.04.04-00.37.16:324][  0]LogShaderLibrary: Display: ShaderCodeLibraryPakFileMountedCallback: PakFile 'D:/Program Files/Epic Games/UE_4.27/FeaturePacks/FP_FirstPerson.upack' (chunk index -1, root 'root:/') mounted
[2023.04.04-00.37.16:324][  0]LogShaderLibrary: Display: ShaderCodeLibraryPakFileMountedCallback: pending pak file info (ChunkID:-1 Root:root:/ File:D:/Program Files/Epic Games/UE_4.27/FeaturePacks/FP_FirstPerson.upack)
[2023.04.04-00.37.16:325][  0]LogPakFile: OnPakFileMounted2Time == 0.000049
[2023.04.04-00.37.16:325][  0]LogPakFile: PakFile PrimaryIndexSize=189
[2023.04.04-00.37.16:325][  0]LogPakFile: PakFile PathHashIndexSize=101
[2023.04.04-00.37.16:325][  0]LogPakFile: PakFile FullDirectoryIndexSize=152
[2023.04.04-00.37.16:325][  0]LogShaderLibrary: Display: ShaderCodeLibraryPakFileMountedCallback: PakFile 'D:/Program Files/Epic Games/UE_4.27/FeaturePacks/FP_FirstPersonBP.upack' (chunk index -1, root 'root:/') mounted
[2023.04.04-00.37.16:325][  0]LogShaderLibrary: Display: ShaderCodeLibraryPakFileMountedCallback: pending pak file info (ChunkID:-1 Root:root:/ File:D:/Program Files/Epic Games/UE_4.27/FeaturePacks/FP_FirstPersonBP.upack)
[2023.04.04-00.37.16:325][  0]LogPakFile: OnPakFileMounted2Time == 0.000033
[2023.04.04-00.37.16:326][  0]LogPakFile: PakFile PrimaryIndexSize=191
[2023.04.04-00.37.16:326][  0]LogPakFile: PakFile PathHashIndexSize=101
[2023.04.04-00.37.16:326][  0]LogPakFile: PakFile FullDirectoryIndexSize=160
[2023.04.04-00.37.16:326][  0]LogShaderLibrary: Display: ShaderCodeLibraryPakFileMountedCallback: PakFile 'D:/Program Files/Epic Games/UE_4.27/FeaturePacks/MobileStarterContent.upack' (chunk index -1, root 'root:/') mounted
[2023.04.04-00.37.16:326][  0]LogShaderLibrary: Display: ShaderCodeLibraryPakFileMountedCallback: pending pak file info (ChunkID:-1 Root:root:/ File:D:/Program Files/Epic Games/UE_4.27/FeaturePacks/MobileStarterContent.upack)
[2023.04.04-00.37.16:326][  0]LogPakFile: OnPakFileMounted2Time == 0.000029
[2023.04.04-00.37.16:327][  0]LogPakFile: PakFile PrimaryIndexSize=185
[2023.04.04-00.37.16:327][  0]LogPakFile: PakFile PathHashIndexSize=101
[2023.04.04-00.37.16:327][  0]LogPakFile: PakFile FullDirectoryIndexSize=148
[2023.04.04-00.37.16:327][  0]LogShaderLibrary: Display: ShaderCodeLibraryPakFileMountedCallback: PakFile 'D:/Program Files/Epic Games/UE_4.27/FeaturePacks/StarterContent.upack' (chunk index -1, root 'root:/') mounted
[2023.04.04-00.37.16:327][  0]LogShaderLibrary: Display: ShaderCodeLibraryPakFileMountedCallback: pending pak file info (ChunkID:-1 Root:root:/ File:D:/Program Files/Epic Games/UE_4.27/FeaturePacks/StarterContent.upack)
[2023.04.04-00.37.16:327][  0]LogPakFile: OnPakFileMounted2Time == 0.000030
[2023.04.04-00.37.16:327][  0]LogPakFile: PakFile PrimaryIndexSize=190
[2023.04.04-00.37.16:327][  0]LogPakFile: PakFile PathHashIndexSize=101
[2023.04.04-00.37.16:327][  0]LogPakFile: PakFile FullDirectoryIndexSize=154
[2023.04.04-00.37.16:327][  0]LogShaderLibrary: Display: ShaderCodeLibraryPakFileMountedCallback: PakFile 'D:/Program Files/Epic Games/UE_4.27/FeaturePacks/TP_2DSideScroller.upack' (chunk index -1, root 'root:/') mounted
[2023.04.04-00.37.16:327][  0]LogShaderLibrary: Display: ShaderCodeLibraryPakFileMountedCallback: pending pak file info (ChunkID:-1 Root:root:/ File:D:/Program Files/Epic Games/UE_4.27/FeaturePacks/TP_2DSideScroller.upack)
[2023.04.04-00.37.16:327][  0]LogPakFile: OnPakFileMounted2Time == 0.000031
[2023.04.04-00.37.16:328][  0]LogPakFile: PakFile PrimaryIndexSize=192
[2023.04.04-00.37.16:328][  0]LogPakFile: PakFile PathHashIndexSize=101
[2023.04.04-00.37.16:328][  0]LogPakFile: PakFile FullDirectoryIndexSize=158
[2023.04.04-00.37.16:328][  0]LogShaderLibrary: Display: ShaderCodeLibraryPakFileMountedCallback: PakFile 'D:/Program Files/Epic Games/UE_4.27/FeaturePacks/TP_2DSideScrollerBP.upack' (chunk index -1, root 'root:/') mounted
[2023.04.04-00.37.16:328][  0]LogShaderLibrary: Display: ShaderCodeLibraryPakFileMountedCallback: pending pak file info (ChunkID:-1 Root:root:/ File:D:/Program Files/Epic Games/UE_4.27/FeaturePacks/TP_2DSideScrollerBP.upack)
[2023.04.04-00.37.16:328][  0]LogPakFile: OnPakFileMounted2Time == 0.000036
[2023.04.04-00.37.16:329][  0]LogPakFile: PakFile PrimaryIndexSize=182
[2023.04.04-00.37.16:329][  0]LogPakFile: PakFile PathHashIndexSize=101
[2023.04.04-00.37.16:329][  0]LogPakFile: PakFile FullDirectoryIndexSize=138
[2023.04.04-00.37.16:329][  0]LogShaderLibrary: Display: ShaderCodeLibraryPakFileMountedCallback: PakFile 'D:/Program Files/Epic Games/UE_4.27/FeaturePacks/TP_Flying.upack' (chunk index -1, root 'root:/') mounted
[2023.04.04-00.37.16:329][  0]LogShaderLibrary: Display: ShaderCodeLibraryPakFileMountedCallback: pending pak file info (ChunkID:-1 Root:root:/ File:D:/Program Files/Epic Games/UE_4.27/FeaturePacks/TP_Flying.upack)
[2023.04.04-00.37.16:329][  0]LogPakFile: OnPakFileMounted2Time == 0.000028
[2023.04.04-00.37.16:329][  0]LogPakFile: PakFile PrimaryIndexSize=184
[2023.04.04-00.37.16:329][  0]LogPakFile: PakFile PathHashIndexSize=101
[2023.04.04-00.37.16:329][  0]LogPakFile: PakFile FullDirectoryIndexSize=142
[2023.04.04-00.37.16:329][  0]LogShaderLibrary: Display: ShaderCodeLibraryPakFileMountedCallback: PakFile 'D:/Program Files/Epic Games/UE_4.27/FeaturePacks/TP_FlyingBP.upack' (chunk index -1, root 'root:/') mounted
[2023.04.04-00.37.16:329][  0]LogShaderLibrary: Display: ShaderCodeLibraryPakFileMountedCallback: pending pak file info (ChunkID:-1 Root:root:/ File:D:/Program Files/Epic Games/UE_4.27/FeaturePacks/TP_FlyingBP.upack)
[2023.04.04-00.37.16:329][  0]LogPakFile: OnPakFileMounted2Time == 0.000028
[2023.04.04-00.37.16:330][  0]LogPakFile: PakFile PrimaryIndexSize=188
[2023.04.04-00.37.16:330][  0]LogPakFile: PakFile PathHashIndexSize=101
[2023.04.04-00.37.16:330][  0]LogPakFile: PakFile FullDirectoryIndexSize=150
[2023.04.04-00.37.16:330][  0]LogShaderLibrary: Display: ShaderCodeLibraryPakFileMountedCallback: PakFile 'D:/Program Files/Epic Games/UE_4.27/FeaturePacks/TP_HandheldARBP.upack' (chunk index -1, root 'root:/') mounted
[2023.04.04-00.37.16:330][  0]LogShaderLibrary: Display: ShaderCodeLibraryPakFileMountedCallback: pending pak file info (ChunkID:-1 Root:root:/ File:D:/Program Files/Epic Games/UE_4.27/FeaturePacks/TP_HandheldARBP.upack)
[2023.04.04-00.37.16:330][  0]LogPakFile: OnPakFileMounted2Time == 0.000028
[2023.04.04-00.37.16:331][  0]LogPakFile: PakFile PrimaryIndexSize=182
[2023.04.04-00.37.16:331][  0]LogPakFile: PakFile PathHashIndexSize=101
[2023.04.04-00.37.16:331][  0]LogPakFile: PakFile FullDirectoryIndexSize=138
[2023.04.04-00.37.16:331][  0]LogShaderLibrary: Display: ShaderCodeLibraryPakFileMountedCallback: PakFile 'D:/Program Files/Epic Games/UE_4.27/FeaturePacks/TP_Puzzle.upack' (chunk index -1, root 'root:/') mounted
[2023.04.04-00.37.16:331][  0]LogShaderLibrary: Display: ShaderCodeLibraryPakFileMountedCallback: pending pak file info (ChunkID:-1 Root:root:/ File:D:/Program Files/Epic Games/UE_4.27/FeaturePacks/TP_Puzzle.upack)
[2023.04.04-00.37.16:331][  0]LogPakFile: OnPakFileMounted2Time == 0.000028
[2023.04.04-00.37.16:331][  0]LogPakFile: PakFile PrimaryIndexSize=184
[2023.04.04-00.37.16:331][  0]LogPakFile: PakFile PathHashIndexSize=101
[2023.04.04-00.37.16:331][  0]LogPakFile: PakFile FullDirectoryIndexSize=142
[2023.04.04-00.37.16:331][  0]LogShaderLibrary: Display: ShaderCodeLibraryPakFileMountedCallback: PakFile 'D:/Program Files/Epic Games/UE_4.27/FeaturePacks/TP_PuzzleBP.upack' (chunk index -1, root 'root:/') mounted
[2023.04.04-00.37.16:331][  0]LogShaderLibrary: Display: ShaderCodeLibraryPakFileMountedCallback: pending pak file info (ChunkID:-1 Root:root:/ File:D:/Program Files/Epic Games/UE_4.27/FeaturePacks/TP_PuzzleBP.upack)
[2023.04.04-00.37.16:331][  0]LogPakFile: OnPakFileMounted2Time == 0.000030
[2023.04.04-00.37.16:332][  0]LogPakFile: PakFile PrimaryIndexSize=183
[2023.04.04-00.37.16:332][  0]LogPakFile: PakFile PathHashIndexSize=101
[2023.04.04-00.37.16:332][  0]LogPakFile: PakFile FullDirectoryIndexSize=140
[2023.04.04-00.37.16:332][  0]LogShaderLibrary: Display: ShaderCodeLibraryPakFileMountedCallback: PakFile 'D:/Program Files/Epic Games/UE_4.27/FeaturePacks/TP_Rolling.upack' (chunk index -1, root 'root:/') mounted
[2023.04.04-00.37.16:332][  0]LogShaderLibrary: Display: ShaderCodeLibraryPakFileMountedCallback: pending pak file info (ChunkID:-1 Root:root:/ File:D:/Program Files/Epic Games/UE_4.27/FeaturePacks/TP_Rolling.upack)
[2023.04.04-00.37.16:332][  0]LogPakFile: OnPakFileMounted2Time == 0.000035
[2023.04.04-00.37.16:333][  0]LogPakFile: PakFile PrimaryIndexSize=185
[2023.04.04-00.37.16:333][  0]LogPakFile: PakFile PathHashIndexSize=101
[2023.04.04-00.37.16:333][  0]LogPakFile: PakFile FullDirectoryIndexSize=144
[2023.04.04-00.37.16:333][  0]LogShaderLibrary: Display: ShaderCodeLibraryPakFileMountedCallback: PakFile 'D:/Program Files/Epic Games/UE_4.27/FeaturePacks/TP_RollingBP.upack' (chunk index -1, root 'root:/') mounted
[2023.04.04-00.37.16:333][  0]LogShaderLibrary: Display: ShaderCodeLibraryPakFileMountedCallback: pending pak file info (ChunkID:-1 Root:root:/ File:D:/Program Files/Epic Games/UE_4.27/FeaturePacks/TP_RollingBP.upack)
[2023.04.04-00.37.16:333][  0]LogPakFile: OnPakFileMounted2Time == 0.000041
[2023.04.04-00.37.16:334][  0]LogPakFile: PakFile PrimaryIndexSize=188
[2023.04.04-00.37.16:334][  0]LogPakFile: PakFile PathHashIndexSize=101
[2023.04.04-00.37.16:334][  0]LogPakFile: PakFile FullDirectoryIndexSize=150
[2023.04.04-00.37.16:334][  0]LogShaderLibrary: Display: ShaderCodeLibraryPakFileMountedCallback: PakFile 'D:/Program Files/Epic Games/UE_4.27/FeaturePacks/TP_SideScroller.upack' (chunk index -1, root 'root:/') mounted
[2023.04.04-00.37.16:334][  0]LogShaderLibrary: Display: ShaderCodeLibraryPakFileMountedCallback: pending pak file info (ChunkID:-1 Root:root:/ File:D:/Program Files/Epic Games/UE_4.27/FeaturePacks/TP_SideScroller.upack)
[2023.04.04-00.37.16:334][  0]LogPakFile: OnPakFileMounted2Time == 0.000029
[2023.04.04-00.37.16:334][  0]LogPakFile: PakFile PrimaryIndexSize=190
[2023.04.04-00.37.16:334][  0]LogPakFile: PakFile PathHashIndexSize=101
[2023.04.04-00.37.16:334][  0]LogPakFile: PakFile FullDirectoryIndexSize=154
[2023.04.04-00.37.16:334][  0]LogShaderLibrary: Display: ShaderCodeLibraryPakFileMountedCallback: PakFile 'D:/Program Files/Epic Games/UE_4.27/FeaturePacks/TP_SideScrollerBP.upack' (chunk index -1, root 'root:/') mounted
[2023.04.04-00.37.16:334][  0]LogShaderLibrary: Display: ShaderCodeLibraryPakFileMountedCallback: pending pak file info (ChunkID:-1 Root:root:/ File:D:/Program Files/Epic Games/UE_4.27/FeaturePacks/TP_SideScrollerBP.upack)
[2023.04.04-00.37.16:334][  0]LogPakFile: OnPakFileMounted2Time == 0.000028
[2023.04.04-00.37.16:335][  0]LogPakFile: PakFile PrimaryIndexSize=187
[2023.04.04-00.37.16:335][  0]LogPakFile: PakFile PathHashIndexSize=101
[2023.04.04-00.37.16:335][  0]LogPakFile: PakFile FullDirectoryIndexSize=148
[2023.04.04-00.37.16:335][  0]LogShaderLibrary: Display: ShaderCodeLibraryPakFileMountedCallback: PakFile 'D:/Program Files/Epic Games/UE_4.27/FeaturePacks/TP_ThirdPerson.upack' (chunk index -1, root 'root:/') mounted
[2023.04.04-00.37.16:335][  0]LogShaderLibrary: Display: ShaderCodeLibraryPakFileMountedCallback: pending pak file info (ChunkID:-1 Root:root:/ File:D:/Program Files/Epic Games/UE_4.27/FeaturePacks/TP_ThirdPerson.upack)
[2023.04.04-00.37.16:335][  0]LogPakFile: OnPakFileMounted2Time == 0.000038
[2023.04.04-00.37.16:335][  0]LogPakFile: PakFile PrimaryIndexSize=189
[2023.04.04-00.37.16:335][  0]LogPakFile: PakFile PathHashIndexSize=101
[2023.04.04-00.37.16:335][  0]LogPakFile: PakFile FullDirectoryIndexSize=152
[2023.04.04-00.37.16:335][  0]LogShaderLibrary: Display: ShaderCodeLibraryPakFileMountedCallback: PakFile 'D:/Program Files/Epic Games/UE_4.27/FeaturePacks/TP_ThirdPersonBP.upack' (chunk index -1, root 'root:/') mounted
[2023.04.04-00.37.16:335][  0]LogShaderLibrary: Display: ShaderCodeLibraryPakFileMountedCallback: pending pak file info (ChunkID:-1 Root:root:/ File:D:/Program Files/Epic Games/UE_4.27/FeaturePacks/TP_ThirdPersonBP.upack)
[2023.04.04-00.37.16:335][  0]LogPakFile: OnPakFileMounted2Time == 0.000028
[2023.04.04-00.37.16:336][  0]LogPakFile: PakFile PrimaryIndexSize=183
[2023.04.04-00.37.16:336][  0]LogPakFile: PakFile PathHashIndexSize=101
[2023.04.04-00.37.16:336][  0]LogPakFile: PakFile FullDirectoryIndexSize=140
[2023.04.04-00.37.16:336][  0]LogShaderLibrary: Display: ShaderCodeLibraryPakFileMountedCallback: PakFile 'D:/Program Files/Epic Games/UE_4.27/FeaturePacks/TP_TopDown.upack' (chunk index -1, root 'root:/') mounted
[2023.04.04-00.37.16:336][  0]LogShaderLibrary: Display: ShaderCodeLibraryPakFileMountedCallback: pending pak file info (ChunkID:-1 Root:root:/ File:D:/Program Files/Epic Games/UE_4.27/FeaturePacks/TP_TopDown.upack)
[2023.04.04-00.37.16:336][  0]LogPakFile: OnPakFileMounted2Time == 0.000035
[2023.04.04-00.37.16:336][  0]LogPakFile: PakFile PrimaryIndexSize=185
[2023.04.04-00.37.16:336][  0]LogPakFile: PakFile PathHashIndexSize=101
[2023.04.04-00.37.16:336][  0]LogPakFile: PakFile FullDirectoryIndexSize=144
[2023.04.04-00.37.16:336][  0]LogShaderLibrary: Display: ShaderCodeLibraryPakFileMountedCallback: PakFile 'D:/Program Files/Epic Games/UE_4.27/FeaturePacks/TP_TopDownBP.upack' (chunk index -1, root 'root:/') mounted
[2023.04.04-00.37.16:337][  0]LogShaderLibrary: Display: ShaderCodeLibraryPakFileMountedCallback: pending pak file info (ChunkID:-1 Root:root:/ File:D:/Program Files/Epic Games/UE_4.27/FeaturePacks/TP_TopDownBP.upack)
[2023.04.04-00.37.16:337][  0]LogPakFile: OnPakFileMounted2Time == 0.000030
[2023.04.04-00.37.16:337][  0]LogPakFile: PakFile PrimaryIndexSize=185
[2023.04.04-00.37.16:337][  0]LogPakFile: PakFile PathHashIndexSize=101
[2023.04.04-00.37.16:337][  0]LogPakFile: PakFile FullDirectoryIndexSize=144
[2023.04.04-00.37.16:337][  0]LogShaderLibrary: Display: ShaderCodeLibraryPakFileMountedCallback: PakFile 'D:/Program Files/Epic Games/UE_4.27/FeaturePacks/TP_TwinStick.upack' (chunk index -1, root 'root:/') mounted
[2023.04.04-00.37.16:337][  0]LogShaderLibrary: Display: ShaderCodeLibraryPakFileMountedCallback: pending pak file info (ChunkID:-1 Root:root:/ File:D:/Program Files/Epic Games/UE_4.27/FeaturePacks/TP_TwinStick.upack)
[2023.04.04-00.37.16:337][  0]LogPakFile: OnPakFileMounted2Time == 0.000028
[2023.04.04-00.37.16:338][  0]LogPakFile: PakFile PrimaryIndexSize=187
[2023.04.04-00.37.16:338][  0]LogPakFile: PakFile PathHashIndexSize=101
[2023.04.04-00.37.16:338][  0]LogPakFile: PakFile FullDirectoryIndexSize=148
[2023.04.04-00.37.16:338][  0]LogShaderLibrary: Display: ShaderCodeLibraryPakFileMountedCallback: PakFile 'D:/Program Files/Epic Games/UE_4.27/FeaturePacks/TP_TwinStickBP.upack' (chunk index -1, root 'root:/') mounted
[2023.04.04-00.37.16:338][  0]LogShaderLibrary: Display: ShaderCodeLibraryPakFileMountedCallback: pending pak file info (ChunkID:-1 Root:root:/ File:D:/Program Files/Epic Games/UE_4.27/FeaturePacks/TP_TwinStickBP.upack)
[2023.04.04-00.37.16:338][  0]LogPakFile: OnPakFileMounted2Time == 0.000028
[2023.04.04-00.37.16:338][  0]LogPakFile: PakFile PrimaryIndexSize=183
[2023.04.04-00.37.16:338][  0]LogPakFile: PakFile PathHashIndexSize=101
[2023.04.04-00.37.16:338][  0]LogPakFile: PakFile FullDirectoryIndexSize=140
[2023.04.04-00.37.16:338][  0]LogShaderLibrary: Display: ShaderCodeLibraryPakFileMountedCallback: PakFile 'D:/Program Files/Epic Games/UE_4.27/FeaturePacks/TP_Vehicle.upack' (chunk index -1, root 'root:/') mounted
[2023.04.04-00.37.16:338][  0]LogShaderLibrary: Display: ShaderCodeLibraryPakFileMountedCallback: pending pak file info (ChunkID:-1 Root:root:/ File:D:/Program Files/Epic Games/UE_4.27/FeaturePacks/TP_Vehicle.upack)
[2023.04.04-00.37.16:338][  0]LogPakFile: OnPakFileMounted2Time == 0.000028
[2023.04.04-00.37.16:339][  0]LogPakFile: PakFile PrimaryIndexSize=186
[2023.04.04-00.37.16:339][  0]LogPakFile: PakFile PathHashIndexSize=101
[2023.04.04-00.37.16:339][  0]LogPakFile: PakFile FullDirectoryIndexSize=146
[2023.04.04-00.37.16:339][  0]LogShaderLibrary: Display: ShaderCodeLibraryPakFileMountedCallback: PakFile 'D:/Program Files/Epic Games/UE_4.27/FeaturePacks/TP_VehicleAdv.upack' (chunk index -1, root 'root:/') mounted
[2023.04.04-00.37.16:339][  0]LogShaderLibrary: Display: ShaderCodeLibraryPakFileMountedCallback: pending pak file info (ChunkID:-1 Root:root:/ File:D:/Program Files/Epic Games/UE_4.27/FeaturePacks/TP_VehicleAdv.upack)
[2023.04.04-00.37.16:339][  0]LogPakFile: OnPakFileMounted2Time == 0.000028
[2023.04.04-00.37.16:340][  0]LogPakFile: PakFile PrimaryIndexSize=188
[2023.04.04-00.37.16:340][  0]LogPakFile: PakFile PathHashIndexSize=101
[2023.04.04-00.37.16:340][  0]LogPakFile: PakFile FullDirectoryIndexSize=150
[2023.04.04-00.37.16:340][  0]LogShaderLibrary: Display: ShaderCodeLibraryPakFileMountedCallback: PakFile 'D:/Program Files/Epic Games/UE_4.27/FeaturePacks/TP_VehicleAdvBP.upack' (chunk index -1, root 'root:/') mounted
[2023.04.04-00.37.16:340][  0]LogShaderLibrary: Display: ShaderCodeLibraryPakFileMountedCallback: pending pak file info (ChunkID:-1 Root:root:/ File:D:/Program Files/Epic Games/UE_4.27/FeaturePacks/TP_VehicleAdvBP.upack)
[2023.04.04-00.37.16:340][  0]LogPakFile: OnPakFileMounted2Time == 0.000027
[2023.04.04-00.37.16:340][  0]LogPakFile: PakFile PrimaryIndexSize=185
[2023.04.04-00.37.16:340][  0]LogPakFile: PakFile PathHashIndexSize=101
[2023.04.04-00.37.16:340][  0]LogPakFile: PakFile FullDirectoryIndexSize=144
[2023.04.04-00.37.16:340][  0]LogShaderLibrary: Display: ShaderCodeLibraryPakFileMountedCallback: PakFile 'D:/Program Files/Epic Games/UE_4.27/FeaturePacks/TP_VehicleBP.upack' (chunk index -1, root 'root:/') mounted
[2023.04.04-00.37.16:340][  0]LogShaderLibrary: Display: ShaderCodeLibraryPakFileMountedCallback: pending pak file info (ChunkID:-1 Root:root:/ File:D:/Program Files/Epic Games/UE_4.27/FeaturePacks/TP_VehicleBP.upack)
[2023.04.04-00.37.16:340][  0]LogPakFile: OnPakFileMounted2Time == 0.000030
[2023.04.04-00.37.16:341][  0]LogPakFile: PakFile PrimaryIndexSize=192
[2023.04.04-00.37.16:341][  0]LogPakFile: PakFile PathHashIndexSize=101
[2023.04.04-00.37.16:341][  0]LogPakFile: PakFile FullDirectoryIndexSize=158
[2023.04.04-00.37.16:341][  0]LogShaderLibrary: Display: ShaderCodeLibraryPakFileMountedCallback: PakFile 'D:/Program Files/Epic Games/UE_4.27/FeaturePacks/TP_VirtualRealityBP.upack' (chunk index -1, root 'root:/') mounted
[2023.04.04-00.37.16:341][  0]LogShaderLibrary: Display: ShaderCodeLibraryPakFileMountedCallback: pending pak file info (ChunkID:-1 Root:root:/ File:D:/Program Files/Epic Games/UE_4.27/FeaturePacks/TP_VirtualRealityBP.upack)
[2023.04.04-00.37.16:341][  0]LogPakFile: OnPakFileMounted2Time == 0.000028
[2023.04.04-00.37.16:397][  0]LogNativeClassHierarchy: Verbose: Native class hierarchy updated for 'AddContentDialog' in 0.0003 seconds. Added 0 classes and 0 folders.
[2023.04.04-00.37.16:431][  0]LogSlate: Took 0.000220 seconds to synchronously load lazily loaded font '../../../Engine/Content/Slate/Fonts/Roboto-Regular.ttf' (155K)
[2023.04.04-00.37.16:432][  0]LogSlate: Took 0.000211 seconds to synchronously load lazily loaded font '../../../Engine/Content/Editor/Slate/Fonts/FontAwesome.ttf' (139K)
[2023.04.04-00.37.16:434][  0]LogSlate: Took 0.001425 seconds to synchronously load lazily loaded font '../../../Engine/Content/Editor/Slate/Fonts/NanumGothic.ttf' (4243K)
[2023.04.04-00.37.16:439][  0]LogSlate: Took 0.001619 seconds to synchronously load lazily loaded font '../../../Engine/Content/Editor/Slate/Fonts/NanumGothicBold.ttf' (4188K)
[2023.04.04-00.37.16:439][  0]LogSlate: Took 0.000202 seconds to synchronously load lazily loaded font '../../../Engine/Content/Slate/Fonts/Roboto-Bold.ttf' (160K)
[2023.04.04-00.37.16:441][  0]LogSlate: Took 0.000134 seconds to synchronously load lazily loaded font '../../../Engine/Content/Slate/Fonts/DroidSansMono.ttf' (77K)
[2023.04.04-00.37.16:487][  0]LogSlate: Took 0.001684 seconds to synchronously load lazily loaded font '../../../Engine/Content/Editor/Slate/Fonts/NanumGothicExtraBold.ttf' (4074K)
[2023.04.04-00.37.16:581][  0]LogRenderer: Reallocating scene render targets to support 1520x540 Format 10 NumSamples 1 (Frame:1).
[2023.04.04-00.37.16:631][  0]LogSlate: Took 0.000253 seconds to synchronously load lazily loaded font '../../../Engine/Content/Slate/Fonts/Roboto-Light.ttf' (167K)
[2023.04.04-00.37.16:681][  0]LogNativeClassHierarchy: Verbose: Native class hierarchy updated for 'HierarchicalLODOutliner' in 0.0003 seconds. Added 0 classes and 0 folders.
[2023.04.04-00.37.16:681][  0]LogLoad: (Engine Initialization) Total time: 7.44 seconds
[2023.04.04-00.37.16:681][  0]LogLoad: (Engine Initialization) Total Blueprint compile time: 0.00 seconds
[2023.04.04-00.37.16:834][  0]LogAssetRegistry: Asset discovery search completed in 4.4520 seconds
[2023.04.04-00.37.16:839][  0]LogCollectionManager: Fixed up redirectors for 0 collections in 0.000004 seconds (updated 0 objects)
[2023.04.04-00.37.16:840][  0]LogContentStreaming: Texture pool size now 1000 MB
[2023.04.04-00.37.24:520][727]LogUObjectHash: Compacting FUObjectHashTables data took   0.68ms
[2023.04.04-00.37.24:584][727]LogSlate: Took 0.000226 seconds to synchronously load lazily loaded font '../../../Engine/Content/Slate/Fonts/Roboto-Light.ttf' (167K)
[2023.04.04-00.37.24:608][727]LogAssetEditorSubsystem: Opening Asset editor for World /Game/Levels/test_1.test_1
[2023.04.04-00.37.24:608][727]Cmd: MAP LOAD FILE="../../../../../../Users/qkrdl/Documents/GitHub/Zolup-Button_Project_MF/Project_MF/Content/Levels/test_1.umap" TEMPLATE=0 SHOWPROGRESS=1 FEATURELEVEL=3
[2023.04.04-00.37.24:608][727]LightingResults: New page: 라이팅 빌드
[2023.04.04-00.37.24:608][727]LoadErrors: New page: 맵 로드 중: test_1.umap
[2023.04.04-00.37.24:614][727]LogWorld: UWorld::CleanupWorld for test_1, bSessionEnded=true, bCleanupResources=true
[2023.04.04-00.37.24:614][727]LogSlate: InvalidateAllWidgets triggered.  All widgets were invalidated
[2023.04.04-00.37.24:615][727]MapCheck: New page: 맵 체크
[2023.04.04-00.37.24:615][727]LightingResults: New page: 라이팅 빌드
[2023.04.04-00.37.24:620][727]LogAudio: Display: Audio Device unregistered from world 'None'.
[2023.04.04-00.37.24:629][727]LogUObjectHash: Compacting FUObjectHashTables data took   1.08ms
[2023.04.04-00.37.24:680][727]LogAudio: Display: Audio Device (ID: 1) registered with world 'test_1'.
[2023.04.04-00.37.24:681][727]LogAIModule: Creating AISystem for world test_1
[2023.04.04-00.37.24:710][727]LogEditorServer: Finished looking for orphan Actors (0.000 secs)
[2023.04.04-00.37.24:722][727]LogUObjectHash: Compacting FUObjectHashTables data took   0.89ms
[2023.04.04-00.37.24:733][727]Cmd: MAP CHECKDEP NOCLEARLOG
[2023.04.04-00.37.24:733][727]MapCheck: 맵 체크 완료: 오류 0 회, 경고 0 회, 소요 시간 0.169ms.
[2023.04.04-00.37.24:733][727]LogFileHelpers: Loading map 'test_1' took 0.124
[2023.04.04-00.37.56:787][298]LogContentBrowser: Attempting asset rename: test_2 -> GrapicsLevel
[2023.04.04-00.37.56:865][298]LogUObjectHash: Compacting FUObjectHashTables data took   1.00ms
[2023.04.04-00.37.56:955][298]LogSavePackage: Moving '../../../../../../Users/qkrdl/Documents/GitHub/Zolup-Button_Project_MF/Project_MF/Saved/GrapicsLevel09E1428C41A03AFC5F9A4E8DAE658C06.tmp' to '../../../../../../Users/qkrdl/Documents/GitHub/Zolup-Button_Project_MF/Project_MF/Content/Levels/GrapicsLevel.umap'
[2023.04.04-00.37.56:967][298]LogFileHelpers: Saving map 'GrapicsLevel' took 0.127
[2023.04.04-00.37.57:044][298]LogUObjectHash: Compacting FUObjectHashTables data took   0.58ms
[2023.04.04-00.37.57:057][298]LogUObjectHash: Compacting FUObjectHashTables data took   0.77ms
[2023.04.04-00.37.57:062][298]LogUObjectHash: Compacting FUObjectHashTables data took   0.30ms
[2023.04.04-00.37.57:098][298]AssetCheck: New page: 에셋 저장:  GrapicsLevel
[2023.04.04-00.37.57:098][298]LogContentValidation: Display: World /Game/Levels/GrapicsLevel.GrapicsLevel 유효성 검사 중
[2023.04.04-00.37.58:837][480]LogUObjectHash: Compacting FUObjectHashTables data took   0.42ms
[2023.04.04-00.37.58:873][480]LogAssetEditorSubsystem: Opening Asset editor for World /Game/Levels/GrapicsLevel.GrapicsLevel
[2023.04.04-00.37.58:873][480]Cmd: MAP LOAD FILE="../../../../../../Users/qkrdl/Documents/GitHub/Zolup-Button_Project_MF/Project_MF/Content/Levels/GrapicsLevel.umap" TEMPLATE=0 SHOWPROGRESS=1 FEATURELEVEL=3
[2023.04.04-00.37.58:873][480]LightingResults: New page: 라이팅 빌드
[2023.04.04-00.37.58:873][480]LoadErrors: New page: 맵 로드 중: GrapicsLevel.umap
[2023.04.04-00.37.58:876][480]LogWorld: UWorld::CleanupWorld for test_1, bSessionEnded=true, bCleanupResources=true
[2023.04.04-00.37.58:877][480]LogSlate: InvalidateAllWidgets triggered.  All widgets were invalidated
[2023.04.04-00.37.58:877][480]MapCheck: New page: 맵 체크
[2023.04.04-00.37.58:877][480]LightingResults: New page: 라이팅 빌드
[2023.04.04-00.37.58:883][480]LogAudio: Display: Audio Device unregistered from world 'None'.
[2023.04.04-00.37.58:888][480]LogUObjectHash: Compacting FUObjectHashTables data took   0.86ms
[2023.04.04-00.37.58:888][480]LogAudio: Display: Audio Device (ID: 1) registered with world 'GrapicsLevel'.
[2023.04.04-00.37.58:906][480]LogEditorServer: Finished looking for orphan Actors (0.000 secs)
[2023.04.04-00.37.58:906][480]LogAIModule: Creating AISystem for world GrapicsLevel
[2023.04.04-00.37.58:916][480]LogUObjectHash: Compacting FUObjectHashTables data took   0.77ms
[2023.04.04-00.37.58:926][480]Cmd: MAP CHECKDEP NOCLEARLOG
[2023.04.04-00.37.58:926][480]MapCheck: 맵 체크 완료: 오류 0 회, 경고 0 회, 소요 시간 0.125ms.
[2023.04.04-00.37.58:926][480]LogFileHelpers: Loading map 'GrapicsLevel' took 0.053
[2023.04.04-00.38.21:804][575]LogSlate: Only BGRA pngs, bmps or icos are supported in by External Image Picker
[2023.04.04-00.38.47:869][198]LogSlate: Window '프로젝트 세팅' being destroyed
[2023.04.04-00.38.47:874][198]LogSlate: Window '프로젝트 세팅' being destroyed
[2023.04.04-00.38.49:854][409]LogUObjectHash: Compacting FUObjectHashTables data took   0.33ms
[2023.04.04-00.38.49:944][409]LogSavePackage: Moving '../../../../../../Users/qkrdl/Documents/GitHub/Zolup-Button_Project_MF/Project_MF/Saved/GrapicsLevelD2D35866487BA3B0C391B48E2B49BCF6.tmp' to '../../../../../../Users/qkrdl/Documents/GitHub/Zolup-Button_Project_MF/Project_MF/Content/Levels/GrapicsLevel.umap'
[2023.04.04-00.38.49:963][409]AssetCheck: New page: 에셋 저장:  GrapicsLevel
[2023.04.04-00.38.49:963][409]LogContentValidation: Display: World /Game/Levels/GrapicsLevel.GrapicsLevel 유효성 검사 중
[2023.04.04-00.38.53:174][766]LogUObjectHash: Compacting FUObjectHashTables data took   0.30ms
