Log file open, 03/14/23 16:03:40
LogWindows: Failed to load 'aqProf.dll' (GetLastError=126)
LogWindows: File 'aqProf.dll' does not exist
LogWindows: Failed to load 'VtuneApi.dll' (GetLastError=126)
LogWindows: File 'VtuneApi.dll' does not exist
LogWindows: Failed to load 'VtuneApi32e.dll' (GetLastError=126)
LogWindows: File 'VtuneApi32e.dll' does not exist
LogConsoleResponse: Display: Failed to find resolution value strings in scalability ini. Falling back to default.
LogConsoleResponse: Display: Failed to find resolution value strings in scalability ini. Falling back to default.
LogInit: Display: Running engine for game: Project_MF
LogPlatformFile: Not using cached read wrapper
LogTaskGraph: Started task graph with 5 named threads and 23 total threads with 3 sets of task threads.
LogStats: Stats thread started at 0.249162
LogICUInternationalization: ICU TimeZone Detection - Raw Offset: +9:00, Platform Override: ''
LogInit: Display: Loading text-based GConfig....
LogPluginManager: Mounting plugin MeshPainting
LogPluginManager: Mounting plugin XGEController
LogPluginManager: Mounting plugin Paper2D
LogPluginManager: Mounting plugin LightPropagationVolume
LogPluginManager: Mounting plugin LiveLink
LogPluginManager: Mounting plugin AISupport
LogPluginManager: Mounting plugin EnvironmentQueryEditor
LogPluginManager: Mounting plugin CameraShakePreviewer
LogPluginManager: Mounting plugin GameplayCameras
LogPluginManager: Mounting plugin OodleNetwork
LogPluginManager: Mounting plugin OodleData
LogPluginManager: Mounting plugin AnimationSharing
LogPluginManager: Mounting plugin CLionSourceCodeAccess
LogPluginManager: Mounting plugin CodeLiteSourceCodeAccess
LogPluginManager: Mounting plugin GitSourceControl
LogPluginManager: Mounting plugin KDevelopSourceCodeAccess
LogPluginManager: Mounting plugin NullSourceCodeAccess
LogPluginManager: Mounting plugin PerforceSourceControl
LogPluginManager: Mounting plugin PixWinPlugin
LogPluginManager: Mounting plugin PlasticSourceControl
LogPluginManager: Mounting plugin PluginUtils
LogPluginManager: Mounting plugin PropertyAccessNode
LogPluginManager: Mounting plugin RiderSourceCodeAccess
LogPluginManager: Mounting plugin SubversionSourceControl
LogPluginManager: Mounting plugin TextureFormatOodle
LogPluginManager: Mounting plugin UObjectPlugin
LogPluginManager: Mounting plugin VisualStudioCodeSourceCodeAccess
LogPluginManager: Mounting plugin VisualStudioSourceCodeAccess
LogPluginManager: Mounting plugin XCodeSourceCodeAccess
LogPluginManager: Mounting plugin AssetManagerEditor
LogPluginManager: Mounting plugin CryptoKeys
LogPluginManager: Mounting plugin CurveEditorTools
LogPluginManager: Mounting plugin DataValidation
LogPluginManager: Mounting plugin FacialAnimation
LogPluginManager: Mounting plugin GameplayTagsEditor
LogPluginManager: Mounting plugin GeometryMode
LogPluginManager: Mounting plugin MacGraphicsSwitching
LogPluginManager: Mounting plugin MaterialAnalyzer
LogPluginManager: Mounting plugin MobileLauncherProfileWizard
LogPluginManager: Mounting plugin PluginBrowser
LogPluginManager: Mounting plugin SpeedTreeImporter
LogPluginManager: Mounting plugin DatasmithContent
LogPluginManager: Mounting plugin VariantManagerContent
LogPluginManager: Mounting plugin Niagara
LogPluginManager: Mounting plugin AlembicImporter
LogPluginManager: Mounting plugin AutomationUtils
LogPluginManager: Mounting plugin BackChannel
LogPluginManager: Mounting plugin ChaosCloth
LogPluginManager: Mounting plugin ChaosClothEditor
LogPluginManager: Mounting plugin ChaosEditor
LogPluginManager: Mounting plugin ChaosNiagara
LogPluginManager: Mounting plugin ChaosSolverPlugin
LogPluginManager: Mounting plugin CharacterAI
LogPluginManager: Mounting plugin GeometryCache
LogPluginManager: Mounting plugin GeometryCollectionPlugin
LogPluginManager: Mounting plugin GeometryProcessing
LogPluginManager: Mounting plugin MotoSynth
LogPluginManager: Mounting plugin OpenImageDenoise
LogPluginManager: Mounting plugin PlanarCut
LogPluginManager: Mounting plugin PlatformCrypto
LogPluginManager: Mounting plugin ProxyLODPlugin
LogPluginManager: Mounting plugin PythonScriptPlugin
LogPluginManager: Mounting plugin SkeletalReduction
LogPluginManager: Mounting plugin AndroidMedia
LogPluginManager: Mounting plugin AvfMedia
LogPluginManager: Mounting plugin ImgMedia
LogPluginManager: Mounting plugin MediaCompositing
LogPluginManager: Mounting plugin MediaPlayerEditor
LogPluginManager: Mounting plugin WebMMedia
LogPluginManager: Mounting plugin WmfMedia
LogPluginManager: Mounting plugin TcpMessaging
LogPluginManager: Mounting plugin UdpMessaging
LogPluginManager: Mounting plugin ActorSequence
LogPluginManager: Mounting plugin LevelSequenceEditor
LogPluginManager: Mounting plugin MatineeToLevelSequence
LogPluginManager: Mounting plugin TemplateSequence
LogPluginManager: Mounting plugin OnlineSubsystem
LogPluginManager: Mounting plugin OnlineSubsystemNull
LogPluginManager: Mounting plugin LauncherChunkInstaller
LogPluginManager: Mounting plugin OnlineSubsystemUtils
LogPluginManager: Mounting plugin ActorLayerUtilities
LogPluginManager: Mounting plugin AndroidDeviceProfileSelector
LogPluginManager: Mounting plugin AndroidMoviePlayer
LogPluginManager: Mounting plugin AndroidPermission
LogPluginManager: Mounting plugin AppleImageUtils
LogPluginManager: Mounting plugin AppleMoviePlayer
LogPluginManager: Mounting plugin ArchVisCharacter
LogPluginManager: Mounting plugin AssetTags
LogPluginManager: Mounting plugin AudioCapture
LogPluginManager: Mounting plugin AudioSynesthesia
LogPluginManager: Mounting plugin CableComponent
LogPluginManager: Mounting plugin ChunkDownloader
LogPluginManager: Mounting plugin CustomMeshComponent
LogPluginManager: Mounting plugin EditableMesh
LogPluginManager: Mounting plugin ExampleDeviceProfileSelector
LogPluginManager: Mounting plugin GooglePAD
LogPluginManager: Mounting plugin GoogleCloudMessaging
LogPluginManager: Mounting plugin IOSDeviceProfileSelector
LogPluginManager: Mounting plugin LinuxDeviceProfileSelector
LogPluginManager: Mounting plugin LocationServicesBPLibrary
LogPluginManager: Mounting plugin MobilePatchingUtils
LogPluginManager: Mounting plugin OpenXR
LogPluginManager: Mounting plugin OpenXREyeTracker
LogPluginManager: Mounting plugin OpenXRHandTracking
LogPluginManager: Mounting plugin PhysXVehicles
LogPluginManager: Mounting plugin PostSplashScreen
LogPluginManager: Mounting plugin ProceduralMeshComponent
LogPluginManager: Mounting plugin PropertyAccessEditor
LogPluginManager: Mounting plugin RuntimePhysXCooking
LogPluginManager: Mounting plugin SignificanceManager
LogPluginManager: Mounting plugin SoundFields
LogPluginManager: Mounting plugin Synthesis
LogPluginManager: Mounting plugin WebMMoviePlayer
LogPluginManager: Mounting plugin WindowsMoviePlayer
LogPluginManager: Mounting plugin ScreenshotTools
LogPluginManager: Mounting plugin Takes
LogPluginManager: Mounting plugin LuminPlatformFeatures
LogPluginManager: Mounting plugin MagicLeap
LogPluginManager: Mounting plugin MagicLeapLightEstimation
LogPluginManager: Mounting plugin MagicLeapMedia
LogPluginManager: Mounting plugin MagicLeapPassableWorld
LogPluginManager: Mounting plugin MLSDK
LogPluginManager: Mounting plugin ContentBrowserAssetDataSource
LogPluginManager: Mounting plugin ContentBrowserClassDataSource
LogPluginManager: Mounting plugin ContentBrowserFileDataSource
LogPluginManager: Mounting plugin OnlineSubsystemGooglePlay
LogPluginManager: Mounting plugin OnlineSubsystemIOS
LogPluginManager: Mounting plugin OculusVR
LogPluginManager: Mounting plugin SteamVR
PixWinPlugin: PIX capture plugin failed to initialize! Check that the process is launched from PIX.
LogInit: Using libcurl 7.55.1-DEV
LogInit:  - built for x86_64-pc-win32
LogInit:  - supports SSL with OpenSSL/1.1.1
LogInit:  - supports HTTP deflate (compression) using libz 1.2.8
LogInit:  - other features:
LogInit:      CURL_VERSION_SSL
LogInit:      CURL_VERSION_LIBZ
LogInit:      CURL_VERSION_IPV6
LogInit:      CURL_VERSION_ASYNCHDNS
LogInit:      CURL_VERSION_LARGEFILE
LogInit:      CURL_VERSION_IDN
LogInit:  CurlRequestOptions (configurable via config and command line):
LogInit:  - bVerifyPeer = true  - Libcurl will verify peer certificate
LogInit:  - bUseHttpProxy = false  - Libcurl will NOT use HTTP proxy
LogInit:  - bDontReuseConnections = false  - Libcurl will reuse connections
LogInit:  - MaxHostConnections = 16  - Libcurl will limit the number of connections to a host
LogInit:  - LocalHostAddr = Default
LogInit:  - BufferSize = 65536
LogOnline: OSS: Creating online subsystem instance for: NULL
LogInit: WinSock: version 1.1 (2.2), MaxSocks=32767, MaxUdp=65467
LogOnline: OSS: TryLoadSubsystemAndSetDefault: Loaded subsystem for module [NULL]
LogInit: Build: ++UE4+Release-4.27-CL-18319896
LogInit: Engine Version: 4.27.2-18319896+++UE4+Release-4.27
LogInit: Compatible Engine Version: 4.27.0-17155196+++UE4+Release-4.27
LogInit: Net CL: 17155196
LogInit: OS: Windows 10 (Release 2009) (), CPU: AMD Ryzen 3 3300X 4-Core Processor             , GPU: NVIDIA GeForce RTX 2060 SUPER
LogInit: Compiled (64-bit): Nov 30 2021 07:12:08
LogInit: Compiled with Visual C++: 19.24.28315.00
LogInit: Build Configuration: Development
LogInit: Branch Name: ++UE4+Release-4.27
LogInit: Command Line:  D:\Users\qkrdl\Documents\GitHub\Zolup-Button_Project_MF\Project_MF\Project_MF.uproject -run=VisualStudioTools -unattended -noshadercompile -noaudio -nullrhi -nocpuprofilertrace -nocrashreports -nosplash -output C:\Users\qkrdl\AppData\Local\Temp\tmpE349.tmp
LogInit: Base Directory: D:/Program Files/Epic Games/UE_4.27/Engine/Binaries/Win64/
LogInit: Allocator: TBB
LogInit: Installed Engine Build: 1
LogDevObjectVersion: Number of dev versions registered: 29
LogDevObjectVersion:   Dev-Blueprints (B0D832E4-1F89-4F0D-ACCF-7EB736FD4AA2): 10
LogDevObjectVersion:   Dev-Build (E1C64328-A22C-4D53-A36C-8E866417BD8C): 0
LogDevObjectVersion:   Dev-Core (375EC13C-06E4-48FB-B500-84F0262A717E): 4
LogDevObjectVersion:   Dev-Editor (E4B068ED-F494-42E9-A231-DA0B2E46BB41): 40
LogDevObjectVersion:   Dev-Framework (CFFC743F-43B0-4480-9391-14DF171D2073): 37
LogDevObjectVersion:   Dev-Mobile (B02B49B5-BB20-44E9-A304-32B752E40360): 3
LogDevObjectVersion:   Dev-Networking (A4E4105C-59A1-49B5-A7C5-40C4547EDFEE): 0
LogDevObjectVersion:   Dev-Online (39C831C9-5AE6-47DC-9A44-9C173E1C8E7C): 0
LogDevObjectVersion:   Dev-Physics (78F01B33-EBEA-4F98-B9B4-84EACCB95AA2): 14
LogDevObjectVersion:   Dev-Platform (6631380F-2D4D-43E0-8009-CF276956A95A): 0
LogDevObjectVersion:   Dev-Rendering (12F88B9F-8875-4AFC-A67C-D90C383ABD29): 45
LogDevObjectVersion:   Dev-Sequencer (7B5AE74C-D270-4C10-A958-57980B212A5A): 13
LogDevObjectVersion:   Dev-VR (D7296918-1DD6-4BDD-9DE2-64A83CC13884): 3
LogDevObjectVersion:   Dev-LoadTimes (C2A15278-BFE7-4AFE-6C17-90FF531DF755): 1
LogDevObjectVersion:   Private-Geometry (6EACA3D4-40EC-4CC1-B786-8BED09428FC5): 3
LogDevObjectVersion:   Dev-AnimPhys (29E575DD-E0A3-4627-9D10-D276232CDCEA): 17
LogDevObjectVersion:   Dev-Anim (AF43A65D-7FD3-4947-9873-3E8ED9C1BB05): 15
LogDevObjectVersion:   Dev-ReflectionCapture (6B266CEC-1EC7-4B8F-A30B-E4D90942FC07): 1
LogDevObjectVersion:   Dev-Automation (0DF73D61-A23F-47EA-B727-89E90C41499A): 1
LogDevObjectVersion:   FortniteMain (601D1886-AC64-4F84-AA16-D3DE0DEAC7D6): 47
LogDevObjectVersion:   FortniteRelease (E7086368-6B23-4C58-8439-1B7016265E91): 1
LogDevObjectVersion:   Dev-Enterprise (9DFFBCD6-494F-0158-E221-12823C92A888): 10
LogDevObjectVersion:   Dev-Niagara (F2AED0AC-9AFE-416F-8664-AA7FFA26D6FC): 1
LogDevObjectVersion:   Dev-Destruction (174F1F0B-B4C6-45A5-B13F-2EE8D0FB917D): 10
LogDevObjectVersion:   Dev-Physics-Ext (35F94A83-E258-406C-A318-09F59610247C): 41
LogDevObjectVersion:   Dev-PhysicsMaterial-Chaos (B68FC16E-8B1B-42E2-B453-215C058844FE): 1
LogDevObjectVersion:   Dev-CineCamera (B2E18506-4273-CFC2-A54E-F4BB758BBA07): 1
LogDevObjectVersion:   Dev-VirtualProduction (64F58936-FD1B-42BA-BA96-7289D5D0FA4E): 1
LogDevObjectVersion:   Dev-MediaFramework (6F0ED827-A609-4895-9C91-998D90180EA4): 2
LogInit: Presizing for max 25165824 objects, including 0 objects not considered by GC, pre-allocating 0 bytes for permanent pool.
LogConfig: Applying CVar settings from Section [/Script/Engine.StreamingSettings] File [D:/Users/qkrdl/Documents/GitHub/Zolup-Button_Project_MF/Project_MF/Saved/Config/Windows/Engine.ini]
LogConfig: Setting CVar [[s.MinBulkDataSizeForAsyncLoading:131072]]
LogConfig: Setting CVar [[s.AsyncLoadingThreadEnabled:0]]
LogConfig: Setting CVar [[s.EventDrivenLoaderEnabled:1]]
LogConfig: Setting CVar [[s.WarnIfTimeLimitExceeded:0]]
LogConfig: Setting CVar [[s.TimeLimitExceededMultiplier:1.5]]
LogConfig: Setting CVar [[s.TimeLimitExceededMinTime:0.005]]
LogConfig: Setting CVar [[s.UseBackgroundLevelStreaming:1]]
LogConfig: Setting CVar [[s.PriorityAsyncLoadingExtraTime:15.0]]
LogConfig: Setting CVar [[s.LevelStreamingActorsUpdateTimeLimit:5.0]]
LogConfig: Setting CVar [[s.PriorityLevelStreamingActorsUpdateExtraTime:5.0]]
LogConfig: Setting CVar [[s.LevelStreamingComponentsRegistrationGranularity:10]]
LogConfig: Setting CVar [[s.UnregisterComponentsTimeLimit:1.0]]
LogConfig: Setting CVar [[s.LevelStreamingComponentsUnregistrationGranularity:5]]
LogConfig: Setting CVar [[s.FlushStreamingOnExit:1]]
LogInit: Object subsystem initialized
LogConfig: Setting CVar [[con.DebugEarlyDefault:1]]
LogConfig: Setting CVar [[r.setres:1280x720]]
[2023.03.14-07.03.41:247][  0]LogConfig: Setting CVar [[con.DebugEarlyDefault:1]]
[2023.03.14-07.03.41:247][  0]LogConfig: Setting CVar [[r.setres:1280x720]]
[2023.03.14-07.03.41:247][  0]LogConfig: Applying CVar settings from Section [/Script/Engine.RendererSettings] File [D:/Users/qkrdl/Documents/GitHub/Zolup-Button_Project_MF/Project_MF/Saved/Config/Windows/Engine.ini]
[2023.03.14-07.03.41:247][  0]LogConfig: Setting CVar [[r.GPUCrashDebugging:0]]
[2023.03.14-07.03.41:247][  0]LogConfig: Applying CVar settings from Section [/Script/Engine.RendererOverrideSettings] File [D:/Users/qkrdl/Documents/GitHub/Zolup-Button_Project_MF/Project_MF/Saved/Config/Windows/Engine.ini]
[2023.03.14-07.03.41:247][  0]LogConfig: Applying CVar settings from Section [/Script/Engine.StreamingSettings] File [D:/Users/qkrdl/Documents/GitHub/Zolup-Button_Project_MF/Project_MF/Saved/Config/Windows/Engine.ini]
[2023.03.14-07.03.41:247][  0]LogConfig: Setting CVar [[s.MinBulkDataSizeForAsyncLoading:131072]]
[2023.03.14-07.03.41:247][  0]LogConfig: Setting CVar [[s.AsyncLoadingThreadEnabled:0]]
[2023.03.14-07.03.41:248][  0]LogConfig: Setting CVar [[s.EventDrivenLoaderEnabled:1]]
[2023.03.14-07.03.41:248][  0]LogConfig: Setting CVar [[s.WarnIfTimeLimitExceeded:0]]
[2023.03.14-07.03.41:248][  0]LogConfig: Setting CVar [[s.TimeLimitExceededMultiplier:1.5]]
[2023.03.14-07.03.41:248][  0]LogConfig: Setting CVar [[s.TimeLimitExceededMinTime:0.005]]
[2023.03.14-07.03.41:248][  0]LogConfig: Setting CVar [[s.UseBackgroundLevelStreaming:1]]
[2023.03.14-07.03.41:248][  0]LogConfig: Setting CVar [[s.PriorityAsyncLoadingExtraTime:15.0]]
[2023.03.14-07.03.41:248][  0]LogConfig: Setting CVar [[s.LevelStreamingActorsUpdateTimeLimit:5.0]]
[2023.03.14-07.03.41:248][  0]LogConfig: Setting CVar [[s.PriorityLevelStreamingActorsUpdateExtraTime:5.0]]
[2023.03.14-07.03.41:248][  0]LogConfig: Setting CVar [[s.LevelStreamingComponentsRegistrationGranularity:10]]
[2023.03.14-07.03.41:248][  0]LogConfig: Setting CVar [[s.UnregisterComponentsTimeLimit:1.0]]
[2023.03.14-07.03.41:248][  0]LogConfig: Setting CVar [[s.LevelStreamingComponentsUnregistrationGranularity:5]]
[2023.03.14-07.03.41:248][  0]LogConfig: Setting CVar [[s.FlushStreamingOnExit:1]]
[2023.03.14-07.03.41:248][  0]LogConfig: Applying CVar settings from Section [/Script/Engine.GarbageCollectionSettings] File [D:/Users/qkrdl/Documents/GitHub/Zolup-Button_Project_MF/Project_MF/Saved/Config/Windows/Engine.ini]
[2023.03.14-07.03.41:248][  0]LogConfig: Setting CVar [[gc.MaxObjectsNotConsideredByGC:1]]
[2023.03.14-07.03.41:248][  0]LogConfig: Setting CVar [[gc.SizeOfPermanentObjectPool:0]]
[2023.03.14-07.03.41:248][  0]LogConfig: Setting CVar [[gc.FlushStreamingOnGC:0]]
[2023.03.14-07.03.41:248][  0]LogConfig: Setting CVar [[gc.NumRetriesBeforeForcingGC:10]]
[2023.03.14-07.03.41:248][  0]LogConfig: Setting CVar [[gc.AllowParallelGC:1]]
[2023.03.14-07.03.41:248][  0]LogConfig: Setting CVar [[gc.TimeBetweenPurgingPendingKillObjects:61.1]]
[2023.03.14-07.03.41:248][  0]LogConfig: Setting CVar [[gc.MaxObjectsInEditor:25165824]]
[2023.03.14-07.03.41:248][  0]LogConfig: Setting CVar [[gc.IncrementalBeginDestroyEnabled:1]]
[2023.03.14-07.03.41:248][  0]LogConfig: Setting CVar [[gc.CreateGCClusters:1]]
[2023.03.14-07.03.41:248][  0]LogConfig: Setting CVar [[gc.MinGCClusterSize:5]]
[2023.03.14-07.03.41:248][  0]LogConfig: Setting CVar [[gc.ActorClusteringEnabled:0]]
[2023.03.14-07.03.41:248][  0]LogConfig: Setting CVar [[gc.BlueprintClusteringEnabled:0]]
[2023.03.14-07.03.41:248][  0]LogConfig: Setting CVar [[gc.UseDisregardForGCOnDedicatedServers:0]]
[2023.03.14-07.03.41:248][  0]LogConfig: Setting CVar [[gc.MultithreadedDestructionEnabled:1]]
[2023.03.14-07.03.41:248][  0]LogConfig: Applying CVar settings from Section [/Script/Engine.NetworkSettings] File [D:/Users/qkrdl/Documents/GitHub/Zolup-Button_Project_MF/Project_MF/Saved/Config/Windows/Engine.ini]
[2023.03.14-07.03.41:248][  0]LogConfig: Applying CVar settings from Section [/Script/UnrealEd.CookerSettings] File [D:/Users/qkrdl/Documents/GitHub/Zolup-Button_Project_MF/Project_MF/Saved/Config/Windows/Engine.ini]
[2023.03.14-07.03.41:248][  0]LogConfig: Applying CVar settings from Section [ViewDistanceQuality@3] File [D:/Users/qkrdl/Documents/GitHub/Zolup-Button_Project_MF/Project_MF/Saved/Config/Windows/Scalability.ini]
[2023.03.14-07.03.41:248][  0]LogConfig: Setting CVar [[r.SkeletalMeshLODBias:0]]
[2023.03.14-07.03.41:248][  0]LogConfig: Setting CVar [[r.ViewDistanceScale:1.0]]
[2023.03.14-07.03.41:248][  0]LogConfig: Applying CVar settings from Section [AntiAliasingQuality@3] File [D:/Users/qkrdl/Documents/GitHub/Zolup-Button_Project_MF/Project_MF/Saved/Config/Windows/Scalability.ini]
[2023.03.14-07.03.41:248][  0]LogConfig: Setting CVar [[r.PostProcessAAQuality:4]]
[2023.03.14-07.03.41:248][  0]LogConfig: Applying CVar settings from Section [ShadowQuality@3] File [D:/Users/qkrdl/Documents/GitHub/Zolup-Button_Project_MF/Project_MF/Saved/Config/Windows/Scalability.ini]
[2023.03.14-07.03.41:248][  0]LogConfig: Setting CVar [[r.LightFunctionQuality:1]]
[2023.03.14-07.03.41:248][  0]LogConfig: Setting CVar [[r.ShadowQuality:5]]
[2023.03.14-07.03.41:248][  0]LogConfig: Setting CVar [[r.Shadow.CSM.MaxCascades:10]]
[2023.03.14-07.03.41:248][  0]LogConfig: Setting CVar [[r.Shadow.MaxResolution:2048]]
[2023.03.14-07.03.41:248][  0]LogConfig: Setting CVar [[r.Shadow.MaxCSMResolution:2048]]
[2023.03.14-07.03.41:248][  0]LogConfig: Setting CVar [[r.Shadow.RadiusThreshold:0.01]]
[2023.03.14-07.03.41:248][  0]LogConfig: Setting CVar [[r.Shadow.DistanceScale:1.0]]
[2023.03.14-07.03.41:248][  0]LogConfig: Setting CVar [[r.Shadow.CSM.TransitionScale:1.0]]
[2023.03.14-07.03.41:248][  0]LogConfig: Setting CVar [[r.Shadow.PreShadowResolutionFactor:1.0]]
[2023.03.14-07.03.41:248][  0]LogConfig: Setting CVar [[r.DistanceFieldShadowing:1]]
[2023.03.14-07.03.41:248][  0]LogConfig: Setting CVar [[r.DistanceFieldAO:1]]
[2023.03.14-07.03.41:248][  0]LogConfig: Setting CVar [[r.AOQuality:2]]
[2023.03.14-07.03.41:248][  0]LogConfig: Setting CVar [[r.VolumetricFog:1]]
[2023.03.14-07.03.41:248][  0]LogConfig: Setting CVar [[r.VolumetricFog.GridPixelSize:8]]
[2023.03.14-07.03.41:248][  0]LogConfig: Setting CVar [[r.VolumetricFog.GridSizeZ:128]]
[2023.03.14-07.03.41:248][  0]LogConfig: Setting CVar [[r.VolumetricFog.HistoryMissSupersampleCount:4]]
[2023.03.14-07.03.41:248][  0]LogConfig: Setting CVar [[r.LightMaxDrawDistanceScale:1]]
[2023.03.14-07.03.41:248][  0]LogConfig: Setting CVar [[r.CapsuleShadows:1]]
[2023.03.14-07.03.41:248][  0]LogConfig: Applying CVar settings from Section [PostProcessQuality@3] File [D:/Users/qkrdl/Documents/GitHub/Zolup-Button_Project_MF/Project_MF/Saved/Config/Windows/Scalability.ini]
[2023.03.14-07.03.41:248][  0]LogConfig: Setting CVar [[r.MotionBlurQuality:4]]
[2023.03.14-07.03.41:248][  0]LogConfig: Setting CVar [[r.AmbientOcclusionMipLevelFactor:0.4]]
[2023.03.14-07.03.41:248][  0]LogConfig: Setting CVar [[r.AmbientOcclusionMaxQuality:100]]
[2023.03.14-07.03.41:248][  0]LogConfig: Setting CVar [[r.AmbientOcclusionLevels:-1]]
[2023.03.14-07.03.41:248][  0]LogConfig: Setting CVar [[r.AmbientOcclusionRadiusScale:1.0]]
[2023.03.14-07.03.41:248][  0]LogConfig: Setting CVar [[r.DepthOfFieldQuality:2]]
[2023.03.14-07.03.41:248][  0]LogConfig: Setting CVar [[r.RenderTargetPoolMin:400]]
[2023.03.14-07.03.41:248][  0]LogConfig: Setting CVar [[r.LensFlareQuality:2]]
[2023.03.14-07.03.41:248][  0]LogConfig: Setting CVar [[r.SceneColorFringeQuality:1]]
[2023.03.14-07.03.41:248][  0]LogConfig: Setting CVar [[r.EyeAdaptationQuality:2]]
[2023.03.14-07.03.41:248][  0]LogConfig: Setting CVar [[r.BloomQuality:5]]
[2023.03.14-07.03.41:248][  0]LogConfig: Setting CVar [[r.FastBlurThreshold:100]]
[2023.03.14-07.03.41:248][  0]LogConfig: Setting CVar [[r.Upscale.Quality:3]]
[2023.03.14-07.03.41:248][  0]LogConfig: Setting CVar [[r.Tonemapper.GrainQuantization:1]]
[2023.03.14-07.03.41:248][  0]LogConfig: Setting CVar [[r.LightShaftQuality:1]]
[2023.03.14-07.03.41:248][  0]LogConfig: Setting CVar [[r.Filter.SizeScale:1]]
[2023.03.14-07.03.41:248][  0]LogConfig: Setting CVar [[r.Tonemapper.Quality:5]]
[2023.03.14-07.03.41:248][  0]LogConfig: Setting CVar [[r.DOF.Gather.AccumulatorQuality:1        ; higher gathering accumulator quality]]
[2023.03.14-07.03.41:248][  0]LogConfig: Setting CVar [[r.DOF.Gather.PostfilterMethod:1          ; Median3x3 postfilering method]]
[2023.03.14-07.03.41:248][  0]LogConfig: Setting CVar [[r.DOF.Gather.EnableBokehSettings:0       ; no bokeh simulation when gathering]]
[2023.03.14-07.03.41:248][  0]LogConfig: Setting CVar [[r.DOF.Gather.RingCount:4                 ; medium number of samples when gathering]]
[2023.03.14-07.03.41:248][  0]LogConfig: Setting CVar [[r.DOF.Scatter.ForegroundCompositing:1    ; additive foreground scattering]]
[2023.03.14-07.03.41:248][  0]LogConfig: Setting CVar [[r.DOF.Scatter.BackgroundCompositing:2    ; additive background scattering]]
[2023.03.14-07.03.41:248][  0]LogConfig: Setting CVar [[r.DOF.Scatter.EnableBokehSettings:1      ; bokeh simulation when scattering]]
[2023.03.14-07.03.41:248][  0]LogConfig: Setting CVar [[r.DOF.Scatter.MaxSpriteRatio:0.1         ; only a maximum of 10% of scattered bokeh]]
[2023.03.14-07.03.41:248][  0]LogConfig: Setting CVar [[r.DOF.Recombine.Quality:1                ; cheap slight out of focus]]
[2023.03.14-07.03.41:248][  0]LogConfig: Setting CVar [[r.DOF.Recombine.EnableBokehSettings:0    ; no bokeh simulation on slight out of focus]]
[2023.03.14-07.03.41:248][  0]LogConfig: Setting CVar [[r.DOF.TemporalAAQuality:1                ; more stable temporal accumulation]]
[2023.03.14-07.03.41:248][  0]LogConfig: Setting CVar [[r.DOF.Kernel.MaxForegroundRadius:0.025]]
[2023.03.14-07.03.41:248][  0]LogConfig: Setting CVar [[r.DOF.Kernel.MaxBackgroundRadius:0.025]]
[2023.03.14-07.03.41:248][  0]LogConfig: Applying CVar settings from Section [TextureQuality@3] File [D:/Users/qkrdl/Documents/GitHub/Zolup-Button_Project_MF/Project_MF/Saved/Config/Windows/Scalability.ini]
[2023.03.14-07.03.41:248][  0]LogConfig: Setting CVar [[r.Streaming.MipBias:0]]
[2023.03.14-07.03.41:248][  0]LogConfig: Setting CVar [[r.Streaming.AmortizeCPUToGPUCopy:0]]
[2023.03.14-07.03.41:248][  0]LogConfig: Setting CVar [[r.Streaming.MaxNumTexturesToStreamPerFrame:0]]
[2023.03.14-07.03.41:248][  0]LogConfig: Setting CVar [[r.Streaming.Boost:1]]
[2023.03.14-07.03.41:248][  0]LogConfig: Setting CVar [[r.MaxAnisotropy:8]]
[2023.03.14-07.03.41:248][  0]LogConfig: Setting CVar [[r.VT.MaxAnisotropy:8]]
[2023.03.14-07.03.41:249][  0]LogConfig: Setting CVar [[r.Streaming.LimitPoolSizeToVRAM:0]]
[2023.03.14-07.03.41:249][  0]LogConfig: Setting CVar [[r.Streaming.PoolSize:1000]]
[2023.03.14-07.03.41:249][  0]LogConfig: Setting CVar [[r.Streaming.MaxEffectiveScreenSize:0]]
[2023.03.14-07.03.41:249][  0]LogConfig: Applying CVar settings from Section [EffectsQuality@3] File [D:/Users/qkrdl/Documents/GitHub/Zolup-Button_Project_MF/Project_MF/Saved/Config/Windows/Scalability.ini]
[2023.03.14-07.03.41:249][  0]LogConfig: Setting CVar [[r.TranslucencyLightingVolumeDim:64]]
[2023.03.14-07.03.41:249][  0]LogConfig: Setting CVar [[r.RefractionQuality:2]]
[2023.03.14-07.03.41:249][  0]LogConfig: Setting CVar [[r.SSR.Quality:3]]
[2023.03.14-07.03.41:249][  0]LogConfig: Setting CVar [[r.SSR.HalfResSceneColor:0]]
[2023.03.14-07.03.41:249][  0]LogConfig: Setting CVar [[r.SceneColorFormat:4]]
[2023.03.14-07.03.41:249][  0]LogConfig: Setting CVar [[r.DetailMode:2]]
[2023.03.14-07.03.41:249][  0]LogConfig: Setting CVar [[r.TranslucencyVolumeBlur:1]]
[2023.03.14-07.03.41:249][  0]LogConfig: Setting CVar [[r.MaterialQualityLevel:1 ; High quality]]
[2023.03.14-07.03.41:249][  0]LogConfig: Setting CVar [[r.AnisotropicMaterials:1]]
[2023.03.14-07.03.41:249][  0]LogConfig: Setting CVar [[r.SSS.Scale:1]]
[2023.03.14-07.03.41:249][  0]LogConfig: Setting CVar [[r.SSS.SampleSet:2]]
[2023.03.14-07.03.41:249][  0]LogConfig: Setting CVar [[r.SSS.Quality:1]]
[2023.03.14-07.03.41:249][  0]LogConfig: Setting CVar [[r.SSS.HalfRes:0]]
[2023.03.14-07.03.41:249][  0]LogConfig: Setting CVar [[r.SSGI.Quality:3]]
[2023.03.14-07.03.41:249][  0]LogConfig: Setting CVar [[r.EmitterSpawnRateScale:1.0]]
[2023.03.14-07.03.41:249][  0]LogConfig: Setting CVar [[r.ParticleLightQuality:2]]
[2023.03.14-07.03.41:249][  0]LogConfig: Setting CVar [[r.SkyAtmosphere.AerialPerspectiveLUT.FastApplyOnOpaque:1 ; Always have FastSkyLUT 1 in this case to avoid wrong sky]]
[2023.03.14-07.03.41:249][  0]LogConfig: Setting CVar [[r.SkyAtmosphere.AerialPerspectiveLUT.SampleCountMaxPerSlice:4]]
[2023.03.14-07.03.41:249][  0]LogConfig: Setting CVar [[r.SkyAtmosphere.AerialPerspectiveLUT.DepthResolution:16.0]]
[2023.03.14-07.03.41:249][  0]LogConfig: Setting CVar [[r.SkyAtmosphere.FastSkyLUT:1]]
[2023.03.14-07.03.41:249][  0]LogConfig: Setting CVar [[r.SkyAtmosphere.FastSkyLUT.SampleCountMin:4.0]]
[2023.03.14-07.03.41:249][  0]LogConfig: Setting CVar [[r.SkyAtmosphere.FastSkyLUT.SampleCountMax:128.0]]
[2023.03.14-07.03.41:249][  0]LogConfig: Setting CVar [[r.SkyAtmosphere.SampleCountMin:4.0]]
[2023.03.14-07.03.41:249][  0]LogConfig: Setting CVar [[r.SkyAtmosphere.SampleCountMax:128.0]]
[2023.03.14-07.03.41:249][  0]LogConfig: Setting CVar [[r.SkyAtmosphere.TransmittanceLUT.UseSmallFormat:0]]
[2023.03.14-07.03.41:249][  0]LogConfig: Setting CVar [[r.SkyAtmosphere.TransmittanceLUT.SampleCount:10.0]]
[2023.03.14-07.03.41:249][  0]LogConfig: Setting CVar [[r.SkyAtmosphere.MultiScatteringLUT.SampleCount:15.0]]
[2023.03.14-07.03.41:249][  0]LogConfig: Setting CVar [[r.SkyLight.RealTimeReflectionCapture:1]]
[2023.03.14-07.03.41:249][  0]LogConfig: Applying CVar settings from Section [FoliageQuality@3] File [D:/Users/qkrdl/Documents/GitHub/Zolup-Button_Project_MF/Project_MF/Saved/Config/Windows/Scalability.ini]
[2023.03.14-07.03.41:249][  0]LogConfig: Setting CVar [[foliage.DensityScale:1.0]]
[2023.03.14-07.03.41:249][  0]LogConfig: Setting CVar [[grass.DensityScale:1.0]]
[2023.03.14-07.03.41:249][  0]LogConfig: Applying CVar settings from Section [ShadingQuality@3] File [D:/Users/qkrdl/Documents/GitHub/Zolup-Button_Project_MF/Project_MF/Saved/Config/Windows/Scalability.ini]
[2023.03.14-07.03.41:249][  0]LogConfig: Setting CVar [[r.HairStrands.SkyLighting.IntegrationType:2]]
[2023.03.14-07.03.41:249][  0]LogConfig: Setting CVar [[r.HairStrands.SkyAO.SampleCount:4]]
[2023.03.14-07.03.41:249][  0]LogConfig: Setting CVar [[r.HairStrands.Visibility.MSAA.SamplePerPixel:4]]
[2023.03.14-07.03.41:252][  0]LogInit: Selected Device Profile: [Windows]
[2023.03.14-07.03.41:252][  0]LogInit: Applying CVar settings loaded from the selected device profile: [Windows]
[2023.03.14-07.03.41:252][  0]LogHAL: Display: Platform has ~ 32 GB [34266505216 / 34359738368 / 32], which maps to Largest [LargestMinGB=32, LargerMinGB=12, DefaultMinGB=8, SmallerMinGB=6, SmallestMinGB=0)
[2023.03.14-07.03.41:252][  0]LogInit: Going up to parent DeviceProfile []
[2023.03.14-07.03.41:252][  0]LogConfig: Applying CVar settings from Section [ViewDistanceQuality@3] File [D:/Users/qkrdl/Documents/GitHub/Zolup-Button_Project_MF/Project_MF/Saved/Config/Windows/Scalability.ini]
[2023.03.14-07.03.41:252][  0]LogConfig: Setting CVar [[r.SkeletalMeshLODBias:0]]
[2023.03.14-07.03.41:252][  0]LogConfig: Setting CVar [[r.ViewDistanceScale:1.0]]
[2023.03.14-07.03.41:252][  0]LogConfig: Applying CVar settings from Section [AntiAliasingQuality@3] File [D:/Users/qkrdl/Documents/GitHub/Zolup-Button_Project_MF/Project_MF/Saved/Config/Windows/Scalability.ini]
[2023.03.14-07.03.41:252][  0]LogConfig: Setting CVar [[r.PostProcessAAQuality:4]]
[2023.03.14-07.03.41:252][  0]LogConfig: Applying CVar settings from Section [ShadowQuality@3] File [D:/Users/qkrdl/Documents/GitHub/Zolup-Button_Project_MF/Project_MF/Saved/Config/Windows/Scalability.ini]
[2023.03.14-07.03.41:252][  0]LogConfig: Setting CVar [[r.LightFunctionQuality:1]]
[2023.03.14-07.03.41:252][  0]LogConfig: Setting CVar [[r.ShadowQuality:5]]
[2023.03.14-07.03.41:252][  0]LogConfig: Setting CVar [[r.Shadow.CSM.MaxCascades:10]]
[2023.03.14-07.03.41:252][  0]LogConfig: Setting CVar [[r.Shadow.MaxResolution:2048]]
[2023.03.14-07.03.41:252][  0]LogConfig: Setting CVar [[r.Shadow.MaxCSMResolution:2048]]
[2023.03.14-07.03.41:252][  0]LogConfig: Setting CVar [[r.Shadow.RadiusThreshold:0.01]]
[2023.03.14-07.03.41:252][  0]LogConfig: Setting CVar [[r.Shadow.DistanceScale:1.0]]
[2023.03.14-07.03.41:252][  0]LogConfig: Setting CVar [[r.Shadow.CSM.TransitionScale:1.0]]
[2023.03.14-07.03.41:252][  0]LogConfig: Setting CVar [[r.Shadow.PreShadowResolutionFactor:1.0]]
[2023.03.14-07.03.41:252][  0]LogConfig: Setting CVar [[r.DistanceFieldShadowing:1]]
[2023.03.14-07.03.41:252][  0]LogConfig: Setting CVar [[r.DistanceFieldAO:1]]
[2023.03.14-07.03.41:252][  0]LogConfig: Setting CVar [[r.AOQuality:2]]
[2023.03.14-07.03.41:252][  0]LogConfig: Setting CVar [[r.VolumetricFog:1]]
[2023.03.14-07.03.41:252][  0]LogConfig: Setting CVar [[r.VolumetricFog.GridPixelSize:8]]
[2023.03.14-07.03.41:252][  0]LogConfig: Setting CVar [[r.VolumetricFog.GridSizeZ:128]]
[2023.03.14-07.03.41:252][  0]LogConfig: Setting CVar [[r.VolumetricFog.HistoryMissSupersampleCount:4]]
[2023.03.14-07.03.41:252][  0]LogConfig: Setting CVar [[r.LightMaxDrawDistanceScale:1]]
[2023.03.14-07.03.41:252][  0]LogConfig: Setting CVar [[r.CapsuleShadows:1]]
[2023.03.14-07.03.41:252][  0]LogConfig: Applying CVar settings from Section [PostProcessQuality@3] File [D:/Users/qkrdl/Documents/GitHub/Zolup-Button_Project_MF/Project_MF/Saved/Config/Windows/Scalability.ini]
[2023.03.14-07.03.41:252][  0]LogConfig: Setting CVar [[r.MotionBlurQuality:4]]
[2023.03.14-07.03.41:252][  0]LogConfig: Setting CVar [[r.AmbientOcclusionMipLevelFactor:0.4]]
[2023.03.14-07.03.41:252][  0]LogConfig: Setting CVar [[r.AmbientOcclusionMaxQuality:100]]
[2023.03.14-07.03.41:252][  0]LogConfig: Setting CVar [[r.AmbientOcclusionLevels:-1]]
[2023.03.14-07.03.41:252][  0]LogConfig: Setting CVar [[r.AmbientOcclusionRadiusScale:1.0]]
[2023.03.14-07.03.41:252][  0]LogConfig: Setting CVar [[r.DepthOfFieldQuality:2]]
[2023.03.14-07.03.41:252][  0]LogConfig: Setting CVar [[r.RenderTargetPoolMin:400]]
[2023.03.14-07.03.41:252][  0]LogConfig: Setting CVar [[r.LensFlareQuality:2]]
[2023.03.14-07.03.41:252][  0]LogConfig: Setting CVar [[r.SceneColorFringeQuality:1]]
[2023.03.14-07.03.41:252][  0]LogConfig: Setting CVar [[r.EyeAdaptationQuality:2]]
[2023.03.14-07.03.41:252][  0]LogConfig: Setting CVar [[r.BloomQuality:5]]
[2023.03.14-07.03.41:252][  0]LogConfig: Setting CVar [[r.FastBlurThreshold:100]]
[2023.03.14-07.03.41:252][  0]LogConfig: Setting CVar [[r.Upscale.Quality:3]]
[2023.03.14-07.03.41:252][  0]LogConfig: Setting CVar [[r.Tonemapper.GrainQuantization:1]]
[2023.03.14-07.03.41:252][  0]LogConfig: Setting CVar [[r.LightShaftQuality:1]]
[2023.03.14-07.03.41:252][  0]LogConfig: Setting CVar [[r.Filter.SizeScale:1]]
[2023.03.14-07.03.41:252][  0]LogConfig: Setting CVar [[r.Tonemapper.Quality:5]]
[2023.03.14-07.03.41:252][  0]LogConfig: Setting CVar [[r.DOF.Gather.AccumulatorQuality:1        ; higher gathering accumulator quality]]
[2023.03.14-07.03.41:252][  0]LogConfig: Setting CVar [[r.DOF.Gather.PostfilterMethod:1          ; Median3x3 postfilering method]]
[2023.03.14-07.03.41:252][  0]LogConfig: Setting CVar [[r.DOF.Gather.EnableBokehSettings:0       ; no bokeh simulation when gathering]]
[2023.03.14-07.03.41:252][  0]LogConfig: Setting CVar [[r.DOF.Gather.RingCount:4                 ; medium number of samples when gathering]]
[2023.03.14-07.03.41:252][  0]LogConfig: Setting CVar [[r.DOF.Scatter.ForegroundCompositing:1    ; additive foreground scattering]]
[2023.03.14-07.03.41:252][  0]LogConfig: Setting CVar [[r.DOF.Scatter.BackgroundCompositing:2    ; additive background scattering]]
[2023.03.14-07.03.41:252][  0]LogConfig: Setting CVar [[r.DOF.Scatter.EnableBokehSettings:1      ; bokeh simulation when scattering]]
[2023.03.14-07.03.41:252][  0]LogConfig: Setting CVar [[r.DOF.Scatter.MaxSpriteRatio:0.1         ; only a maximum of 10% of scattered bokeh]]
[2023.03.14-07.03.41:252][  0]LogConfig: Setting CVar [[r.DOF.Recombine.Quality:1                ; cheap slight out of focus]]
[2023.03.14-07.03.41:252][  0]LogConfig: Setting CVar [[r.DOF.Recombine.EnableBokehSettings:0    ; no bokeh simulation on slight out of focus]]
[2023.03.14-07.03.41:252][  0]LogConfig: Setting CVar [[r.DOF.TemporalAAQuality:1                ; more stable temporal accumulation]]
[2023.03.14-07.03.41:252][  0]LogConfig: Setting CVar [[r.DOF.Kernel.MaxForegroundRadius:0.025]]
[2023.03.14-07.03.41:252][  0]LogConfig: Setting CVar [[r.DOF.Kernel.MaxBackgroundRadius:0.025]]
[2023.03.14-07.03.41:252][  0]LogConfig: Applying CVar settings from Section [TextureQuality@3] File [D:/Users/qkrdl/Documents/GitHub/Zolup-Button_Project_MF/Project_MF/Saved/Config/Windows/Scalability.ini]
[2023.03.14-07.03.41:253][  0]LogConfig: Setting CVar [[r.Streaming.MipBias:0]]
[2023.03.14-07.03.41:253][  0]LogConfig: Setting CVar [[r.Streaming.AmortizeCPUToGPUCopy:0]]
[2023.03.14-07.03.41:253][  0]LogConfig: Setting CVar [[r.Streaming.MaxNumTexturesToStreamPerFrame:0]]
[2023.03.14-07.03.41:253][  0]LogConfig: Setting CVar [[r.Streaming.Boost:1]]
[2023.03.14-07.03.41:253][  0]LogConfig: Setting CVar [[r.MaxAnisotropy:8]]
[2023.03.14-07.03.41:253][  0]LogConfig: Setting CVar [[r.VT.MaxAnisotropy:8]]
[2023.03.14-07.03.41:253][  0]LogConfig: Setting CVar [[r.Streaming.LimitPoolSizeToVRAM:0]]
[2023.03.14-07.03.41:253][  0]LogConfig: Setting CVar [[r.Streaming.PoolSize:1000]]
[2023.03.14-07.03.41:253][  0]LogConfig: Setting CVar [[r.Streaming.MaxEffectiveScreenSize:0]]
[2023.03.14-07.03.41:253][  0]LogConfig: Applying CVar settings from Section [EffectsQuality@3] File [D:/Users/qkrdl/Documents/GitHub/Zolup-Button_Project_MF/Project_MF/Saved/Config/Windows/Scalability.ini]
[2023.03.14-07.03.41:253][  0]LogConfig: Setting CVar [[r.TranslucencyLightingVolumeDim:64]]
[2023.03.14-07.03.41:253][  0]LogConfig: Setting CVar [[r.RefractionQuality:2]]
[2023.03.14-07.03.41:253][  0]LogConfig: Setting CVar [[r.SSR.Quality:3]]
[2023.03.14-07.03.41:253][  0]LogConfig: Setting CVar [[r.SSR.HalfResSceneColor:0]]
[2023.03.14-07.03.41:253][  0]LogConfig: Setting CVar [[r.SceneColorFormat:4]]
[2023.03.14-07.03.41:253][  0]LogConfig: Setting CVar [[r.DetailMode:2]]
[2023.03.14-07.03.41:253][  0]LogConfig: Setting CVar [[r.TranslucencyVolumeBlur:1]]
[2023.03.14-07.03.41:253][  0]LogConfig: Setting CVar [[r.MaterialQualityLevel:1 ; High quality]]
[2023.03.14-07.03.41:253][  0]LogConfig: Setting CVar [[r.AnisotropicMaterials:1]]
[2023.03.14-07.03.41:253][  0]LogConfig: Setting CVar [[r.SSS.Scale:1]]
[2023.03.14-07.03.41:253][  0]LogConfig: Setting CVar [[r.SSS.SampleSet:2]]
[2023.03.14-07.03.41:253][  0]LogConfig: Setting CVar [[r.SSS.Quality:1]]
[2023.03.14-07.03.41:253][  0]LogConfig: Setting CVar [[r.SSS.HalfRes:0]]
[2023.03.14-07.03.41:253][  0]LogConfig: Setting CVar [[r.SSGI.Quality:3]]
[2023.03.14-07.03.41:253][  0]LogConfig: Setting CVar [[r.EmitterSpawnRateScale:1.0]]
[2023.03.14-07.03.41:253][  0]LogConfig: Setting CVar [[r.ParticleLightQuality:2]]
[2023.03.14-07.03.41:253][  0]LogConfig: Setting CVar [[r.SkyAtmosphere.AerialPerspectiveLUT.FastApplyOnOpaque:1 ; Always have FastSkyLUT 1 in this case to avoid wrong sky]]
[2023.03.14-07.03.41:253][  0]LogConfig: Setting CVar [[r.SkyAtmosphere.AerialPerspectiveLUT.SampleCountMaxPerSlice:4]]
[2023.03.14-07.03.41:253][  0]LogConfig: Setting CVar [[r.SkyAtmosphere.AerialPerspectiveLUT.DepthResolution:16.0]]
[2023.03.14-07.03.41:253][  0]LogConfig: Setting CVar [[r.SkyAtmosphere.FastSkyLUT:1]]
[2023.03.14-07.03.41:253][  0]LogConfig: Setting CVar [[r.SkyAtmosphere.FastSkyLUT.SampleCountMin:4.0]]
[2023.03.14-07.03.41:253][  0]LogConfig: Setting CVar [[r.SkyAtmosphere.FastSkyLUT.SampleCountMax:128.0]]
[2023.03.14-07.03.41:253][  0]LogConfig: Setting CVar [[r.SkyAtmosphere.SampleCountMin:4.0]]
[2023.03.14-07.03.41:253][  0]LogConfig: Setting CVar [[r.SkyAtmosphere.SampleCountMax:128.0]]
[2023.03.14-07.03.41:253][  0]LogConfig: Setting CVar [[r.SkyAtmosphere.TransmittanceLUT.UseSmallFormat:0]]
[2023.03.14-07.03.41:253][  0]LogConfig: Setting CVar [[r.SkyAtmosphere.TransmittanceLUT.SampleCount:10.0]]
[2023.03.14-07.03.41:253][  0]LogConfig: Setting CVar [[r.SkyAtmosphere.MultiScatteringLUT.SampleCount:15.0]]
[2023.03.14-07.03.41:253][  0]LogConfig: Setting CVar [[r.SkyLight.RealTimeReflectionCapture:1]]
[2023.03.14-07.03.41:253][  0]LogConfig: Applying CVar settings from Section [FoliageQuality@3] File [D:/Users/qkrdl/Documents/GitHub/Zolup-Button_Project_MF/Project_MF/Saved/Config/Windows/Scalability.ini]
[2023.03.14-07.03.41:253][  0]LogConfig: Setting CVar [[foliage.DensityScale:1.0]]
[2023.03.14-07.03.41:253][  0]LogConfig: Setting CVar [[grass.DensityScale:1.0]]
[2023.03.14-07.03.41:253][  0]LogConfig: Applying CVar settings from Section [ShadingQuality@3] File [D:/Users/qkrdl/Documents/GitHub/Zolup-Button_Project_MF/Project_MF/Saved/Config/Windows/Scalability.ini]
[2023.03.14-07.03.41:253][  0]LogConfig: Setting CVar [[r.HairStrands.SkyLighting.IntegrationType:2]]
[2023.03.14-07.03.41:253][  0]LogConfig: Setting CVar [[r.HairStrands.SkyAO.SampleCount:4]]
[2023.03.14-07.03.41:253][  0]LogConfig: Setting CVar [[r.HairStrands.Visibility.MSAA.SamplePerPixel:4]]
[2023.03.14-07.03.41:253][  0]LogConfig: Applying CVar settings from Section [Startup] File [../../../Engine/Config/ConsoleVariables.ini]
[2023.03.14-07.03.41:254][  0]LogConfig: Setting CVar [[net.UseAdaptiveNetUpdateFrequency:0]]
[2023.03.14-07.03.41:254][  0]LogConfig: Setting CVar [[p.chaos.AllowCreatePhysxBodies:1]]
[2023.03.14-07.03.41:254][  0]LogConfig: Setting CVar [[fx.SkipVectorVMBackendOptimizations:1]]
[2023.03.14-07.03.41:254][  0]LogConfig: Applying CVar settings from Section [ConsoleVariables] File [D:/Users/qkrdl/Documents/GitHub/Zolup-Button_Project_MF/Project_MF/Saved/Config/Windows/Engine.ini]
[2023.03.14-07.03.41:254][  0]LogConfig: Applying CVar settings from Section [ConsoleVariables] File [D:/Users/qkrdl/Documents/GitHub/Zolup-Button_Project_MF/Project_MF/Saved/Config/Windows/Editor.ini]
[2023.03.14-07.03.41:254][  0]LogInit: Computer: DESKTOP-7O2N4A7
[2023.03.14-07.03.41:254][  0]LogInit: User: qkrdl
[2023.03.14-07.03.41:254][  0]LogInit: CPU Page size=4096, Cores=4
[2023.03.14-07.03.41:254][  0]LogInit: High frequency timer resolution =10.000000 MHz
[2023.03.14-07.03.41:254][  0]LogMemory: Memory total: Physical=31.9GB (32GB approx)
[2023.03.14-07.03.41:254][  0]LogMemory: Platform Memory Stats for Windows
[2023.03.14-07.03.41:254][  0]LogMemory: Process Physical Memory: 136.79 MB used, 136.79 MB peak
[2023.03.14-07.03.41:254][  0]LogMemory: Process Virtual Memory: 108.91 MB used, 108.91 MB peak
[2023.03.14-07.03.41:254][  0]LogMemory: Physical Memory: 13599.47 MB used,  19079.61 MB free, 32679.09 MB total
[2023.03.14-07.03.41:254][  0]LogMemory: Virtual Memory: 134205056.00 MB used,  12671.81 MB free, 134217728.00 MB total
[2023.03.14-07.03.41:259][  0]LogWindows: WindowsPlatformFeatures enabled
[2023.03.14-07.03.41:294][  0]LogInit: Physics initialised using underlying interface: PhysX
[2023.03.14-07.03.41:294][  0]LogInit: Using OS detected language (ko-KR).
[2023.03.14-07.03.41:294][  0]LogInit: Using OS detected locale (ko-KR).
[2023.03.14-07.03.41:296][  0]LogTextLocalizationManager: No specific localization for 'ko-KR' exists, so the 'ko' localization will be used.
[2023.03.14-07.03.41:745][  0]LogTargetPlatformManager: Display: Loaded TargetPlatform 'AllDesktop'
[2023.03.14-07.03.41:765][  0]LogTargetPlatformManager: Display: Loaded TargetPlatform 'Android'
[2023.03.14-07.03.41:765][  0]LogTargetPlatformManager: Display: Loaded TargetPlatform 'Android_ASTC'
[2023.03.14-07.03.41:765][  0]LogTargetPlatformManager: Display: Loaded TargetPlatform 'Android_DXT'
[2023.03.14-07.03.41:765][  0]LogTargetPlatformManager: Display: Loaded TargetPlatform 'Android_ETC2'
[2023.03.14-07.03.41:765][  0]LogTargetPlatformManager: Display: Loaded TargetPlatform 'AndroidClient'
[2023.03.14-07.03.41:765][  0]LogTargetPlatformManager: Display: Loaded TargetPlatform 'Android_ASTCClient'
[2023.03.14-07.03.41:765][  0]LogTargetPlatformManager: Display: Loaded TargetPlatform 'Android_DXTClient'
[2023.03.14-07.03.41:765][  0]LogTargetPlatformManager: Display: Loaded TargetPlatform 'Android_ETC2Client'
[2023.03.14-07.03.41:765][  0]LogTargetPlatformManager: Display: Loaded TargetPlatform 'Android_Multi'
[2023.03.14-07.03.41:765][  0]LogTargetPlatformManager: Display: Loaded TargetPlatform 'Android_MultiClient'
[2023.03.14-07.03.41:787][  0]LogTargetPlatformManager: Display: Loaded TargetPlatform 'IOSClient'
[2023.03.14-07.03.41:787][  0]LogTargetPlatformManager: Display: Loaded TargetPlatform 'IOS'
[2023.03.14-07.03.41:798][  0]LogTargetPlatformManager: Display: Loaded TargetPlatform 'Linux'
[2023.03.14-07.03.41:802][  0]LogTargetPlatformManager: Display: Loaded TargetPlatform 'LinuxNoEditor'
[2023.03.14-07.03.41:807][  0]LogTargetPlatformManager: Display: Loaded TargetPlatform 'LinuxClient'
[2023.03.14-07.03.41:811][  0]LogTargetPlatformManager: Display: Loaded TargetPlatform 'LinuxServer'
[2023.03.14-07.03.41:820][  0]LogTargetPlatformManager: Display: Loaded TargetPlatform 'LinuxAArch64NoEditor'
[2023.03.14-07.03.41:824][  0]LogTargetPlatformManager: Display: Loaded TargetPlatform 'LinuxAArch64Client'
[2023.03.14-07.03.41:830][  0]LogTargetPlatformManager: Display: Loaded TargetPlatform 'LinuxAArch64Server'
[2023.03.14-07.03.41:854][  0]LogTargetPlatformManager: Display: Loaded TargetPlatform 'Lumin'
[2023.03.14-07.03.41:854][  0]LogTargetPlatformManager: Display: Loaded TargetPlatform 'LuminClient'
[2023.03.14-07.03.41:863][  0]LogTargetPlatformManager: Display: Loaded TargetPlatform 'MacNoEditor'
[2023.03.14-07.03.41:868][  0]LogTargetPlatformManager: Display: Loaded TargetPlatform 'Mac'
[2023.03.14-07.03.41:872][  0]LogTargetPlatformManager: Display: Loaded TargetPlatform 'MacClient'
[2023.03.14-07.03.41:877][  0]LogTargetPlatformManager: Display: Loaded TargetPlatform 'MacServer'
[2023.03.14-07.03.41:888][  0]LogTargetPlatformManager: Display: Loaded TargetPlatform 'TVOSClient'
[2023.03.14-07.03.41:888][  0]LogTargetPlatformManager: Display: Loaded TargetPlatform 'TVOS'
[2023.03.14-07.03.41:898][  0]LogTargetPlatformManager: Display: Loaded TargetPlatform 'WindowsNoEditor'
[2023.03.14-07.03.41:904][  0]LogTargetPlatformManager: Display: Loaded TargetPlatform 'Windows'
[2023.03.14-07.03.41:910][  0]LogTargetPlatformManager: Display: Loaded TargetPlatform 'WindowsClient'
[2023.03.14-07.03.41:914][  0]LogTargetPlatformManager: Display: Loaded TargetPlatform 'WindowsServer'
[2023.03.14-07.03.41:914][  0]LogTargetPlatformManager: Display: Building Assets For Windows
[2023.03.14-07.03.41:921][  0]LogAudioDebug: Display: Lib vorbis DLL was dynamically loaded.
[2023.03.14-07.03.41:951][  0]LogTextureFormatOodle: Display: Oodle Texture 2.9.0 init RDO Off
[2023.03.14-07.03.41:985][  0]LogRendererCore: Ray tracing is disabled. Reason: r.RayTracing=0.
[2023.03.14-07.03.41:986][  0]LogDerivedDataCache: Display: Max Cache Size: 512 MB
[2023.03.14-07.03.42:030][  0]LogDerivedDataCache: Loaded boot cache 0.04s 94MB C:/Users/qkrdl/AppData/Local/UnrealEngine/4.27/DerivedDataCache/Boot.ddc.
[2023.03.14-07.03.42:030][  0]LogDerivedDataCache: Display: Loaded Boot cache: C:/Users/qkrdl/AppData/Local/UnrealEngine/4.27/DerivedDataCache/Boot.ddc
[2023.03.14-07.03.42:030][  0]LogDerivedDataCache: FDerivedDataBackendGraph:  Pak pak cache file ../../../../../../Users/qkrdl/Documents/GitHub/Zolup-Button_Project_MF/Project_MF/DerivedDataCache/DDC.ddp not found, will not use a pak cache.
[2023.03.14-07.03.42:030][  0]LogDerivedDataCache: Unable to find inner node Pak for hierarchical cache Hierarchy.
[2023.03.14-07.03.42:030][  0]LogDerivedDataCache: FDerivedDataBackendGraph:  CompressedPak pak cache file ../../../../../../Users/qkrdl/Documents/GitHub/Zolup-Button_Project_MF/Project_MF/DerivedDataCache/Compressed.ddp not found, will not use a pak cache.
[2023.03.14-07.03.42:030][  0]LogDerivedDataCache: Unable to find inner node CompressedPak for hierarchical cache Hierarchy.
[2023.03.14-07.03.42:048][  0]LogDerivedDataCache: Display: Pak cache opened for reading ../../../Engine/DerivedDataCache/Compressed.ddp.
[2023.03.14-07.03.42:048][  0]LogDerivedDataCache: FDerivedDataBackendGraph:  EnterprisePak pak cache file ../../../Enterprise/DerivedDataCache/Compressed.ddp not found, will not use a pak cache.
[2023.03.14-07.03.42:048][  0]LogDerivedDataCache: Unable to find inner node EnterprisePak for hierarchical cache Hierarchy.
[2023.03.14-07.03.42:057][  0]LogDerivedDataCache: Speed tests for C:/Users/qkrdl/AppData/Local/UnrealEngine/Common/DerivedDataCache took 0.01 seconds
[2023.03.14-07.03.42:057][  0]LogDerivedDataCache: Display: Performance to C:/Users/qkrdl/AppData/Local/UnrealEngine/Common/DerivedDataCache: Latency=0.02ms. RandomReadSpeed=279.68MBs, RandomWriteSpeed=181.49MBs. Assigned SpeedClass 'Local'
[2023.03.14-07.03.42:058][  0]LogDerivedDataCache: Using Local data cache path C:/Users/qkrdl/AppData/Local/UnrealEngine/Common/DerivedDataCache: Writable
[2023.03.14-07.03.42:058][  0]LogDerivedDataCache: Shared data cache path not found in *engine.ini, will not use an Shared cache.
[2023.03.14-07.03.42:058][  0]LogDerivedDataCache: Unable to find inner node Shared for hierarchical cache Hierarchy.
[2023.03.14-07.03.42:064][  0]LogAssetRegistry: FAssetRegistry took 0.0019 seconds to start up
[2023.03.14-07.03.42:291][  0]LogInit: Selected Device Profile: [Windows]
[2023.03.14-07.03.42:291][  0]LogInit: Active device profile: [000002297C8C6C00][000002297AADD300 49] Windows
[2023.03.14-07.03.42:291][  0]LogInit: Profiles: [000002297C8C6C00][000002297AADD300 49] Windows, [000002297C8C4100][000002297D095480 49] WindowsNoEditor, [000002297C8C5700][000002297D099600 49] WindowsServer, [000002297C8C4200][000002297D09D780 49] WindowsClient, [000002297C86BE00][000002297D0A1900 49] IOS, [000002297C862500][000002297D0A5A80 49] iPadAir, [000002297C868300][000002297D0A9C00 49] iPadAir2, [000002297C808D00][000002297D0B6340 49] IPadPro, [000002297C808E00][000002297D0AC380 49] iPadAir3, [000002297C86A000][000002297D0C0500 49] iPadAir4, [000002297C808500][000002297D0C4680 49] iPadMini2, [000002297C868800][000002297D0C8800 49] iPadMini3, [000002297C809700][000002297D0CC980 49] iPadMini4, [000002297C86B100][000002297D0D0B00 49] iPadMini5, [000002297C861900][000002297D0D8DC0 49] iPhone6, [000002297C861A00][000002297D0D4E00 49] iPodTouch6, [000002297C80B600][000002297AAD9080 49] iPhone7, [000002297C80B500][000002297D0DD0C0 49] iPodTouch7, [000002297C860B00][000002297D0E1200 49] iPhone5S, [000002297C809200][000002297D0E5340 49] iPhone6Plus, [000002297C862200][000002297D0ED4C0 49] iPhone6S, [000002297C808300][000002297D0F1640 49] iPhone6SPlus, [000002297C863300][000002297D0F57C0 49] iPhone7Plus, [000002297C809C00][000002297D0F9940 49] iPhoneSE, [000002297C861000][000002297D0FDAC0 49] iPhone8, [000002297C808C00][000002297D1000C0 49] iPhone8Plus, [000002297C862C00][000002297D104240 49] iPhoneX, [000002297C80A300][000002297D1083C0 49] iPhoneXS, [000002297C863E00][000002297D10C540 49] iPhoneXSMax, [000002297C80BA00][000002297D1106C0 49] iPhoneXR, [000002297C860300][000002297D114840 49] iPhone11, [000002297C80A900][000002297D1189C0 49] iPhone11Pro, [000002297C863900][000002297D11CB40 49] iPhone11ProMax, [000002297C809600][000002297D120CC0 49] iPhoneSE2, [000002297C863400][000002297D124E40 49] iPhone12Mini, [000002297C809100][000002297D128FC0 49] iPhone12, [000002297C863000][000002297D12D140 49] iPhone12Pro, [000002297C80A200][000002297D0E9280 49] iPhone12ProMax, [000002297C861100][000002297D1413C0 49] iPadPro105, [000002297C80BC00][000002297D145500 49] iPadPro129, [000002297C860900][000002297D149640 49] iPadPro97, [000002297C809900][000002297D1517C0 49] iPadPro2_129, [000002297C863100][000002297D155940 49] iPad5, [000002297C80BD00][000002297D159AC0 49] iPad6, [000002297C863A00][000002297D15C0C0 49] iPad7, [000002297C80A500][000002297D160240 49] iPad8, [000002297C861800][000002297D1643C0 49] iPadPro11, [000002297C80B700][000002297D168540 49] iPadPro2_11, [000002297C861200][000002297D16C6C0 49] iPadPro3_129, [000002297C809F00][000002297D170840 49] iPadPro4_129, [000002297C862A00][000002297D1749C0 49] AppleTV, [000002297C80A400][000002297D178B40 49] AppleTV4K, [000002297C860600][000002297D17CCC0 49] TVOS, [000002297C80AD00][000002297D180E40 49] Mac, [000002297C861400][000002297D184FC0 49] MacClient, [000002297C80BB00][000002297D189140 49] MacNoEditor, [000002297C861F00][000002297D18D2C0 49] MacServer, [000002297C808800][000002297D14D400 49] Linux, [000002297C863600][000002297D191540 49] LinuxAArch64, [000002297C80B400][000002297D195680 49] LinuxNoEditor, [000002297C863800][000002297D1997C0 49] LinuxAArch64NoEditor, [000002297C809400][000002297D1A1940 49] LinuxClient, [000002297C862F00][000002297D1A5AC0 49] LinuxAArch64Client, [000002297C80AC00][000002297D1A80C0 49] LinuxServer, [000002297C860F00][000002297D1AC240 49] LinuxAArch64Server, [000002297C80BF00][000002297D1B03C0 49] Android, [000002297C861300][000002297D1B4540 49] Android_Low, [000002297C8C5300][000002297D1B86C0 49] Android_Mid, [000002297C86B400][000002297D1BC840 49] Android_High, [000002297C8C4300][000002297D1C09C0 49] Android_Default, [000002297C869800][000002297D1C4B40 49] Android_Adreno4xx, [000002297C8C6100][000002297D1C8CC0 49] Android_Adreno5xx_Low, [000002297C86A800][000002297D1CCE40 49] Android_Adreno5xx, [000002297C8C6900][000002297D1D0FC0 49] Android_Adreno6xx, [000002297C869F00][000002297D1D5140 49] Android_Adreno6xx_Vulkan, [000002297C8C6A00][000002297D1D92C0 49] Android_Mali_T6xx, [000002297C86BC00][000002297D1DD440 49] Android_Mali_T7xx, [000002297C8C4D00][000002297D1E15C0 49] Android_Mali_T8xx, [000002297C868700][000002297D19D700 49] Android_Mali_G71, [000002297C8C4800][000002297D1E5840 49] Android_Mali_G72, [000002297C86B600][000002297D1E9980 49] Android_Mali_G72_Vulkan, [000002297C8C4900][000002297D1F1B00 49] Android_Mali_G76, [000002297C869D00][000002297D1F4100 49] Android_Mali_G76_Vulkan, [000002297C8C4E00][000002297D1F8280 49] Android_Mali_G77, [000002297C868B00][000002297D1FC400 49] Android_Mali_G77_Vulkan, [000002297C8C6F00][000002297D200580 49] Android_Mali_G78, [000002297C86A300][000002297D204700 49] Android_Mali_G78_Vulkan, [000002297C8C4400][000002297D208880 49] Android_Mali_G710, [000002297C86B300][000002297D20CA00 49] Android_Mali_G710_Vulkan, [000002297C862900][000002297D210B80 49] Android_Vulkan_SM5, [000002297C869900][000002297D214D00 49] Android_PowerVR_G6xxx, [000002297C861700][000002297D218E80 49] Android_PowerVR_GT7xxx, [000002297C86AF00][000002297D21D000 49] Android_PowerVR_GE8xxx, [000002297C8C6200][000002297D221180 49] Android_PowerVR_GM9xxx, [000002297C808700][000002297D225300 49] Android_PowerVR_GM9xxx_Vulkan, [000002297C8C5600][000002297D229480 49] Android_TegraK1, [000002297C808600][000002297D22D600 49] Android_Unknown_Vulkan, [000002297C8C5C00][000002297D231780 49] Lumin, [000002297C808B00][000002297D1ED8C0 49] Lumin_Desktop, [000002297C8C6300][000002297D235A00 49] HoloLens, 
[2023.03.14-07.03.42:326][  0]LogMeshReduction: Using QuadricMeshReduction for automatic static mesh reduction
[2023.03.14-07.03.42:326][  0]LogMeshReduction: Using SimplygonMeshReduction for automatic skeletal mesh reduction
[2023.03.14-07.03.42:326][  0]LogMeshReduction: Using ProxyLODMeshReduction for automatic mesh merging
[2023.03.14-07.03.42:326][  0]LogMeshReduction: No distributed automatic mesh merging module available
[2023.03.14-07.03.42:326][  0]LogMeshMerging: No distributed automatic mesh merging module available
[2023.03.14-07.03.42:334][  0]LogNetVersion: Project_MF 1.0.0, NetCL: 17155196, EngineNetVer: 17, GameNetVer: 0 (Checksum: 3145920875)
[2023.03.14-07.03.42:494][  0]LogHMD: PokeAHoleMaterial loaded successfully
[2023.03.14-07.03.42:595][  0]LogCollectionManager: Loaded 0 collections in 0.000745 seconds
[2023.03.14-07.03.42:597][  0]LogFileCache: Scanning file cache for directory 'D:/Users/qkrdl/Documents/GitHub/Zolup-Button_Project_MF/Project_MF/Saved/Collections/' took 0.00s
[2023.03.14-07.03.42:597][  0]LogFileCache: Scanning file cache for directory 'D:/Users/qkrdl/Documents/GitHub/Zolup-Button_Project_MF/Project_MF/Content/Developers/qkrdl/Collections/' took 0.00s
[2023.03.14-07.03.42:597][  0]LogFileCache: Scanning file cache for directory 'D:/Users/qkrdl/Documents/GitHub/Zolup-Button_Project_MF/Project_MF/Content/Collections/' took 0.00s
[2023.03.14-07.03.42:597][  0]LogCollectionManager: Fixed up redirectors for 0 collections in 0.000002 seconds (updated 0 objects)
[2023.03.14-07.03.42:716][  0]LogNiagaraDebuggerClient: Niagara Debugger Client Initialized | Session: E1466D8B49CF9BFDF8F3A3A20F916A70 | Instance: EC15E68F43EBBD28807ED6A7D9EEA520 (DESKTOP-7O2N4A7-7240).
[2023.03.14-07.03.42:746][  0]LogPython: Using Python 3.7.7
[2023.03.14-07.03.43:528][  0]SourceControl: 소스 컨트롤이 꺼졌습니다.
[2023.03.14-07.03.43:528][  0]SourceControl: 소스 컨트롤이 꺼졌습니다.
[2023.03.14-07.03.43:531][  0]SourceControl: 소스 컨트롤이 꺼졌습니다.
[2023.03.14-07.03.43:534][  0]SourceControl: 소스 컨트롤이 꺼졌습니다.
[2023.03.14-07.03.43:540][  0]SourceControl: 소스 컨트롤이 꺼졌습니다.
[2023.03.14-07.03.43:546][  0]LogUProjectInfo: Found projects:
[2023.03.14-07.03.43:741][  0]LogOpenImageDenoise: OIDN starting up
[2023.03.14-07.03.43:757][  0]LogAndroidPermission: UAndroidPermissionCallbackProxy::GetInstance
[2023.03.14-07.03.43:779][  0]LogAudioCaptureCore: Display: No Audio Capture implementations found. Audio input will be silent.
[2023.03.14-07.03.43:779][  0]LogAudioCaptureCore: Display: No Audio Capture implementations found. Audio input will be silent.
[2023.03.14-07.03.43:918][  0]LogOcInput: OculusInput pre-init called
[2023.03.14-07.03.43:952][  0]LogUObjectArray: 23233 objects as part of root set at end of initial load.
[2023.03.14-07.03.43:952][  0]LogUObjectAllocator: 6463552 out of 0 bytes used by permanent object pool.
[2023.03.14-07.03.43:952][  0]LogUObjectArray: CloseDisregardForGC: 0/0 objects in disregard for GC pool
[2023.03.14-07.03.43:953][  0]LogInit: Error: VisualStudioToolsCommandlet looked like a commandlet, but we could not find the class.
[2023.03.14-07.03.43:953][  0]LogCore: Engine exit requested (reason: Failed to find commandlet class VisualStudioToolsCommandlet)
[2023.03.14-07.03.43:953][  0]LogCore: Engine exit requested (reason: EngineExit() was called; note: exit was already requested)
[2023.03.14-07.03.43:953][  0]LogExit: Preparing to exit.
[2023.03.14-07.03.43:960][  0]LogUObjectHash: Compacting FUObjectHashTables data took   0.76ms
[2023.03.14-07.03.44:008][  0]LogDemo: Cleaned up 0 splitscreen connections with owner deletion
[2023.03.14-07.03.44:045][  0]LogExit: Object subsystem successfully closed.
[2023.03.14-07.03.44:065][  0]LogModuleManager: Shutting down and abandoning module AudioSynesthesiaEditor (594)
[2023.03.14-07.03.44:065][  0]LogModuleManager: Shutting down and abandoning module OculusEditor (592)
[2023.03.14-07.03.44:065][  0]LogModuleManager: Shutting down and abandoning module OculusInput (590)
[2023.03.14-07.03.44:065][  0]LogModuleManager: Shutting down and abandoning module ContentBrowserFileDataSource (588)
[2023.03.14-07.03.44:065][  0]LogModuleManager: Shutting down and abandoning module ContentBrowserClassDataSource (586)
[2023.03.14-07.03.44:065][  0]LogModuleManager: Shutting down and abandoning module ContentBrowserAssetDataSource (584)
[2023.03.14-07.03.44:065][  0]LogModuleManager: Shutting down and abandoning module ToolMenus (583)
[2023.03.14-07.03.44:065][  0]LogModuleManager: Shutting down and abandoning module MagicLeapSharedWorld (580)
[2023.03.14-07.03.44:065][  0]LogModuleManager: Shutting down and abandoning module MagicLeapLightEstimation (578)
[2023.03.14-07.03.44:065][  0]LogModuleManager: Shutting down and abandoning module MagicLeapHelperVulkan (576)
[2023.03.14-07.03.44:065][  0]LogModuleManager: Shutting down and abandoning module MagicLeapHelperOpenGL (574)
[2023.03.14-07.03.44:065][  0]LogModuleManager: Shutting down and abandoning module MagicLeapAudio (572)
[2023.03.14-07.03.44:065][  0]LogModuleManager: Shutting down and abandoning module TakeSequencer (570)
[2023.03.14-07.03.44:065][  0]LogModuleManager: Shutting down and abandoning module TakeMovieScene (568)
[2023.03.14-07.03.44:065][  0]LogModuleManager: Shutting down and abandoning module ScreenshotTools (566)
[2023.03.14-07.03.44:065][  0]LogModuleManager: Shutting down and abandoning module SynthesisEditor (564)
[2023.03.14-07.03.44:065][  0]LogModuleManager: Shutting down and abandoning module Synthesis (562)
[2023.03.14-07.03.44:065][  0]LogModuleManager: Shutting down and abandoning module ProceduralMeshComponentEditor (560)
[2023.03.14-07.03.44:065][  0]LogModuleManager: Shutting down and abandoning module ProceduralMeshComponent (558)
[2023.03.14-07.03.44:065][  0]LogModuleManager: Shutting down and abandoning module OpenXREditor (556)
[2023.03.14-07.03.44:065][  0]LogModuleManager: Shutting down and abandoning module MobilePatchingUtils (554)
[2023.03.14-07.03.44:065][  0]LogModuleManager: Shutting down and abandoning module GooglePAD (552)
[2023.03.14-07.03.44:065][  0]LogModuleManager: Shutting down and abandoning module EditableMesh (550)
[2023.03.14-07.03.44:065][  0]LogModuleManager: Shutting down and abandoning module CustomMeshComponent (548)
[2023.03.14-07.03.44:065][  0]LogModuleManager: Shutting down and abandoning module CableComponent (546)
[2023.03.14-07.03.44:065][  0]LogModuleManager: Shutting down and abandoning module AudioCapture (544)
[2023.03.14-07.03.44:065][  0]LogModuleManager: Shutting down and abandoning module AudioCaptureRtAudio (543)
[2023.03.14-07.03.44:065][  0]LogModuleManager: Shutting down and abandoning module AssetTags (540)
[2023.03.14-07.03.44:065][  0]LogModuleManager: Shutting down and abandoning module ArchVisCharacter (538)
[2023.03.14-07.03.44:065][  0]LogModuleManager: Shutting down and abandoning module AppleImageUtilsBlueprintSupport (536)
[2023.03.14-07.03.44:065][  0]LogModuleManager: Shutting down and abandoning module AppleImageUtils (534)
[2023.03.14-07.03.44:065][  0]LogModuleManager: Shutting down and abandoning module AndroidPermission (532)
[2023.03.14-07.03.44:065][  0]LogModuleManager: Shutting down and abandoning module ActorLayerUtilitiesEditor (530)
[2023.03.14-07.03.44:065][  0]LogModuleManager: Shutting down and abandoning module ActorLayerUtilities (528)
[2023.03.14-07.03.44:066][  0]LogModuleManager: Shutting down and abandoning module TemplateSequence (526)
[2023.03.14-07.03.44:066][  0]LogModuleManager: Shutting down and abandoning module MediaCompositing (524)
[2023.03.14-07.03.44:066][  0]LogModuleManager: Shutting down and abandoning module OpenImageDenoise (522)
[2023.03.14-07.03.44:066][  0]LogOpenImageDenoise: OIDN shutting down
[2023.03.14-07.03.44:066][  0]LogModuleManager: Shutting down and abandoning module MotoSynthEditor (520)
[2023.03.14-07.03.44:066][  0]LogModuleManager: Shutting down and abandoning module MotoSynth (518)
[2023.03.14-07.03.44:066][  0]LogModuleManager: Shutting down and abandoning module MeshConversion (516)
[2023.03.14-07.03.44:066][  0]LogModuleManager: Shutting down and abandoning module DynamicMesh (514)
[2023.03.14-07.03.44:066][  0]LogModuleManager: Shutting down and abandoning module GeometryAlgorithms (512)
[2023.03.14-07.03.44:066][  0]LogModuleManager: Shutting down and abandoning module GeometricObjects (510)
[2023.03.14-07.03.44:066][  0]LogModuleManager: Shutting down and abandoning module GeometryCollectionTracks (508)
[2023.03.14-07.03.44:066][  0]LogModuleManager: Shutting down and abandoning module GeometryCollectionSequencer (507)
[2023.03.14-07.03.44:066][  0]LogModuleManager: Shutting down and abandoning module GeometryCollectionEditor (504)
[2023.03.14-07.03.44:066][  0]LogModuleManager: Shutting down and abandoning module GeometryCacheTracks (502)
[2023.03.14-07.03.44:066][  0]LogModuleManager: Shutting down and abandoning module GeometryCacheStreamer (500)
[2023.03.14-07.03.44:066][  0]LogModuleManager: Shutting down and abandoning module GeometryCacheSequencer (498)
[2023.03.14-07.03.44:066][  0]LogModuleManager: Shutting down and abandoning module ChaosSolverEditor (496)
[2023.03.14-07.03.44:066][  0]LogModuleManager: Shutting down and abandoning module ChaosNiagara (494)
[2023.03.14-07.03.44:066][  0]LogModuleManager: Shutting down and abandoning module FractureEditor (492)
[2023.03.14-07.03.44:066][  0]LogModuleManager: Shutting down and abandoning module FieldSystemEngine (491)
[2023.03.14-07.03.44:066][  0]LogModuleManager: Shutting down and abandoning module ChaosClothEditor (488)
[2023.03.14-07.03.44:066][  0]LogModuleManager: Shutting down and abandoning module AutomationUtilsEditor (486)
[2023.03.14-07.03.44:066][  0]LogModuleManager: Shutting down and abandoning module AutomationUtils (484)
[2023.03.14-07.03.44:066][  0]LogModuleManager: Shutting down and abandoning module AlembicImporter (482)
[2023.03.14-07.03.44:066][  0]LogModuleManager: Shutting down and abandoning module AlembicLibrary (481)
[2023.03.14-07.03.44:066][  0]LogModuleManager: Shutting down and abandoning module GeometryCache (480)
[2023.03.14-07.03.44:066][  0]LogModuleManager: Shutting down and abandoning module GeometryCacheEd (479)
[2023.03.14-07.03.44:066][  0]LogModuleManager: Shutting down and abandoning module NiagaraEditorWidgets (474)
[2023.03.14-07.03.44:066][  0]LogModuleManager: Shutting down and abandoning module VariantManagerContentEditor (472)
[2023.03.14-07.03.44:066][  0]LogModuleManager: Shutting down and abandoning module DatasmithContentEditor (470)
[2023.03.14-07.03.44:066][  0]LogModuleManager: Shutting down and abandoning module SpeedTreeImporter (468)
[2023.03.14-07.03.44:066][  0]LogModuleManager: Shutting down and abandoning module PluginBrowser (466)
[2023.03.14-07.03.44:066][  0]LogModuleManager: Shutting down and abandoning module MobileLauncherProfileWizard (464)
[2023.03.14-07.03.44:066][  0]LogModuleManager: Shutting down and abandoning module MaterialAnalyzer (462)
[2023.03.14-07.03.44:066][  0]LogModuleManager: Shutting down and abandoning module CurveEditorTools (460)
[2023.03.14-07.03.44:066][  0]LogModuleManager: Shutting down and abandoning module CryptoKeysOpenSSL (458)
[2023.03.14-07.03.44:066][  0]LogModuleManager: Shutting down and abandoning module CryptoKeys (456)
[2023.03.14-07.03.44:066][  0]LogModuleManager: Shutting down and abandoning module VisualStudioSourceCodeAccess (454)
[2023.03.14-07.03.44:066][  0]LogModuleManager: Shutting down and abandoning module VisualStudioCodeSourceCodeAccess (452)
[2023.03.14-07.03.44:066][  0]LogModuleManager: Shutting down and abandoning module UObjectPlugin (450)
[2023.03.14-07.03.44:066][  0]LogModuleManager: Shutting down and abandoning module SubversionSourceControl (448)
[2023.03.14-07.03.44:066][  0]LogModuleManager: Shutting down and abandoning module PluginUtils (446)
[2023.03.14-07.03.44:066][  0]LogModuleManager: Shutting down and abandoning module PlasticSourceControl (444)
[2023.03.14-07.03.44:066][  0]LogModuleManager: Shutting down and abandoning module PerforceSourceControl (442)
[2023.03.14-07.03.44:066][  0]LogModuleManager: Shutting down and abandoning module GitSourceControl (440)
[2023.03.14-07.03.44:066][  0]LogModuleManager: Shutting down and abandoning module SourceControl (439)
[2023.03.14-07.03.44:066][  0]LogModuleManager: Shutting down and abandoning module CLionSourceCodeAccess (436)
[2023.03.14-07.03.44:066][  0]LogModuleManager: Shutting down and abandoning module AnimationSharingEd (434)
[2023.03.14-07.03.44:066][  0]LogModuleManager: Shutting down and abandoning module OodleNetworkHandlerComponent (432)
[2023.03.14-07.03.44:066][  0]LogModuleManager: Shutting down and abandoning module LiveLinkSequencer (430)
[2023.03.14-07.03.44:066][  0]LogModuleManager: Shutting down and abandoning module LiveLinkMovieScene (428)
[2023.03.14-07.03.44:066][  0]LogModuleManager: Shutting down and abandoning module LiveLinkGraphNode (426)
[2023.03.14-07.03.44:066][  0]LogModuleManager: Shutting down and abandoning module LiveLinkEditor (424)
[2023.03.14-07.03.44:066][  0]LogModuleManager: Shutting down and abandoning module LiveLinkComponents (422)
[2023.03.14-07.03.44:066][  0]LogModuleManager: Shutting down and abandoning module LiveLink (420)
[2023.03.14-07.03.44:464][  0]LogModuleManager: Shutting down and abandoning module LightPropagationVolumeEditor (418)
[2023.03.14-07.03.44:465][  0]LogModuleManager: Shutting down and abandoning module PaperTiledImporter (416)
[2023.03.14-07.03.44:465][  0]LogModuleManager: Shutting down and abandoning module PaperSpriteSheetImporter (414)
[2023.03.14-07.03.44:465][  0]LogModuleManager: Shutting down and abandoning module Paper2DEditor (412)
[2023.03.14-07.03.44:465][  0]LogModuleManager: Shutting down and abandoning module MeshPaintingToolset (410)
[2023.03.14-07.03.44:465][  0]LogModuleManager: Shutting down and abandoning module MeshPaintEditorMode (408)
[2023.03.14-07.03.44:465][  0]LogModuleManager: Shutting down and abandoning module Project_MF (406)
[2023.03.14-07.03.44:465][  0]LogModuleManager: Shutting down and abandoning module MagicLeapARPin (404)
[2023.03.14-07.03.44:465][  0]LogModuleManager: Shutting down and abandoning module MagicLeapHandMeshing (402)
[2023.03.14-07.03.44:465][  0]LogModuleManager: Shutting down and abandoning module MagicLeapSecureStorage (400)
[2023.03.14-07.03.44:465][  0]LogModuleManager: Shutting down and abandoning module MagicLeapPrivileges (398)
[2023.03.14-07.03.44:465][  0]LogModuleManager: Shutting down and abandoning module MagicLeapPlanes (396)
[2023.03.14-07.03.44:465][  0]LogMagicLeapPlanes: Planes tracker already destroyed.
[2023.03.14-07.03.44:465][  0]LogModuleManager: Shutting down and abandoning module MagicLeapImageTracker (394)
[2023.03.14-07.03.44:465][  0]LogModuleManager: Shutting down and abandoning module MagicLeapIdentity (392)
[2023.03.14-07.03.44:465][  0]LogModuleManager: Shutting down and abandoning module MagicLeapHandTracking (390)
[2023.03.14-07.03.44:465][  0]LogModuleManager: Shutting down and abandoning module MagicLeapEyeTracker (388)
[2023.03.14-07.03.44:465][  0]LogModuleManager: Shutting down and abandoning module MagicLeapController (386)
[2023.03.14-07.03.44:465][  0]LogModuleManager: Shutting down and abandoning module MagicLeapARPinImpl (384)
[2023.03.14-07.03.44:465][  0]LogModuleManager: Shutting down and abandoning module MagicLeapAR (382)
[2023.03.14-07.03.44:465][  0]LogModuleManager: Shutting down and abandoning module SoundFields (380)
[2023.03.14-07.03.44:465][  0]LogModuleManager: Shutting down and abandoning module SignificanceManager (378)
[2023.03.14-07.03.44:465][  0]LogModuleManager: Shutting down and abandoning module RuntimePhysXCooking (376)
[2023.03.14-07.03.44:465][  0]LogModuleManager: Shutting down and abandoning module PropertyAccessEditor (374)
[2023.03.14-07.03.44:465][  0]LogModuleManager: Shutting down and abandoning module PhysXVehiclesEditor (372)
[2023.03.14-07.03.44:465][  0]LogModuleManager: Shutting down and abandoning module LocationServicesBPLibrary (368)
[2023.03.14-07.03.44:465][  0]LogModuleManager: Shutting down and abandoning module AudioSynesthesia (366)
[2023.03.14-07.03.44:465][  0]LogModuleManager: Shutting down and abandoning module AudioSynesthesiaCore (364)
[2023.03.14-07.03.44:465][  0]LogModuleManager: Shutting down and abandoning module ActorSequence (362)
[2023.03.14-07.03.44:465][  0]LogModuleManager: Shutting down and abandoning module UdpMessaging (360)
[2023.03.14-07.03.44:465][  0]LogModuleManager: Shutting down and abandoning module TcpMessaging (358)
[2023.03.14-07.03.44:465][  0]LogModuleManager: Shutting down and abandoning module PythonScriptPlugin (356)
[2023.03.14-07.03.44:465][  0]LogModuleManager: Shutting down and abandoning module NiagaraAnimNotifies (354)
[2023.03.14-07.03.44:465][  0]LogModuleManager: Shutting down and abandoning module Niagara (352)
[2023.03.14-07.03.44:465][  0]LogModuleManager: Shutting down and abandoning module SignalProcessing (351)
[2023.03.14-07.03.44:465][  0]LogModuleManager: Shutting down and abandoning module NiagaraEditor (349)
[2023.03.14-07.03.44:466][  0]LogModuleManager: Shutting down and abandoning module NiagaraCore (346)
[2023.03.14-07.03.44:466][  0]LogModuleManager: Shutting down and abandoning module GameplayTagsEditor (344)
[2023.03.14-07.03.44:466][  0]LogModuleManager: Shutting down and abandoning module FacialAnimationEditor (342)
[2023.03.14-07.03.44:466][  0]LogModuleManager: Shutting down and abandoning module FacialAnimation (340)
[2023.03.14-07.03.44:466][  0]LogModuleManager: Shutting down and abandoning module DataValidation (338)
[2023.03.14-07.03.44:466][  0]LogModuleManager: Shutting down and abandoning module AssetManagerEditor (336)
[2023.03.14-07.03.44:466][  0]LogModuleManager: Shutting down and abandoning module TreeMap (335)
[2023.03.14-07.03.44:466][  0]LogModuleManager: Shutting down and abandoning module PropertyAccessNode (332)
[2023.03.14-07.03.44:466][  0]LogModuleManager: Shutting down and abandoning module AnimationSharing (330)
[2023.03.14-07.03.44:466][  0]LogModuleManager: Shutting down and abandoning module GameplayCameras (328)
[2023.03.14-07.03.44:466][  0]LogModuleManager: Shutting down and abandoning module EnvironmentQueryEditor (326)
[2023.03.14-07.03.44:466][  0]LogModuleManager: Shutting down and abandoning module LightPropagationVolumeRuntime (324)
[2023.03.14-07.03.44:466][  0]LogModuleManager: Shutting down and abandoning module Paper2D (322)
[2023.03.14-07.03.44:466][  0]LogModuleManager: Shutting down and abandoning module NetworkReplayStreaming (320)
[2023.03.14-07.03.44:466][  0]LogModuleManager: Shutting down and abandoning module PacketHandler (318)
[2023.03.14-07.03.44:466][  0]LogModuleManager: Shutting down and abandoning module ClothingSystemEditor (316)
[2023.03.14-07.03.44:466][  0]LogModuleManager: Shutting down and abandoning module ClothingSystemRuntimeNv (314)
[2023.03.14-07.03.44:466][  0]LogModuleManager: Shutting down and abandoning module MediaAssets (312)
[2023.03.14-07.03.44:466][  0]LogModuleManager: Shutting down and abandoning module Overlay (310)
[2023.03.14-07.03.44:466][  0]LogModuleManager: Shutting down and abandoning module OverlayEditor (309)
[2023.03.14-07.03.44:466][  0]LogModuleManager: Shutting down and abandoning module Blutility (306)
[2023.03.14-07.03.44:466][  0]LogModuleManager: Shutting down and abandoning module LevelEditor (305)
[2023.03.14-07.03.44:467][  0]LogModuleManager: Shutting down and abandoning module PixelInspectorModule (304)
[2023.03.14-07.03.44:467][  0]LogModuleManager: Shutting down and abandoning module CommonMenuExtensions (302)
[2023.03.14-07.03.44:467][  0]LogModuleManager: Shutting down and abandoning module MainFrame (300)
[2023.03.14-07.03.44:467][  0]LogModuleManager: Shutting down and abandoning module HotReload (299)
[2023.03.14-07.03.44:467][  0]LogModuleManager: Shutting down and abandoning module ContentBrowser (295)
[2023.03.14-07.03.44:468][  0]LogModuleManager: Shutting down and abandoning module CollectionManager (294)
[2023.03.14-07.03.44:468][  0]LogModuleManager: Shutting down and abandoning module ContentBrowserData (292)
[2023.03.14-07.03.44:468][  0]LogModuleManager: Shutting down and abandoning module IntroTutorials (288)
[2023.03.14-07.03.44:468][  0]LogModuleManager: Shutting down and abandoning module VREditor (286)
[2023.03.14-07.03.44:468][  0]LogModuleManager: Shutting down and abandoning module StringTableEditor (284)
[2023.03.14-07.03.44:468][  0]LogModuleManager: Shutting down and abandoning module GameplayTasksEditor (282)
[2023.03.14-07.03.44:468][  0]LogModuleManager: Shutting down and abandoning module BehaviorTreeEditor (280)
[2023.03.14-07.03.44:468][  0]LogModuleManager: Shutting down and abandoning module FunctionalTesting (278)
[2023.03.14-07.03.44:468][  0]LogModuleManager: Shutting down and abandoning module CollisionAnalyzer (276)
[2023.03.14-07.03.44:468][  0]LogModuleManager: Shutting down and abandoning module WorkspaceMenuStructure (275)
[2023.03.14-07.03.44:468][  0]LogModuleManager: Shutting down and abandoning module UMG (272)
[2023.03.14-07.03.44:468][  0]LogModuleManager: Shutting down and abandoning module UMGEditor (271)
[2023.03.14-07.03.44:468][  0]LogModuleManager: Shutting down and abandoning module MessageLog (269)
[2023.03.14-07.03.44:468][  0]LogModuleManager: Shutting down and abandoning module SlateReflector (264)
[2023.03.14-07.03.44:468][  0]LogModuleManager: Shutting down and abandoning module Slate (262)
[2023.03.14-07.03.44:468][  0]LogModuleManager: Shutting down and abandoning module SlateCore (260)
[2023.03.14-07.03.44:469][  0]LogModuleManager: Shutting down and abandoning module LandscapeEditorUtilities (258)
[2023.03.14-07.03.44:469][  0]LogModuleManager: Shutting down and abandoning module UnrealEd (256)
[2023.03.14-07.03.44:470][  0]LogModuleManager: Shutting down and abandoning module MRMesh (254)
[2023.03.14-07.03.44:470][  0]LogModuleManager: Shutting down and abandoning module SourceCodeAccess (252)
[2023.03.14-07.03.44:470][  0]LogModuleManager: Shutting down and abandoning module HeadMountedDisplay (250)
[2023.03.14-07.03.44:470][  0]LogModuleManager: Shutting down and abandoning module XAudio2 (248)
[2023.03.14-07.03.44:470][  0]LogModuleManager: Shutting down and abandoning module Networking (246)
[2023.03.14-07.03.44:470][  0]LogModuleManager: Shutting down and abandoning module Core (244)
[2023.03.14-07.03.44:470][  0]LogModuleManager: Shutting down and abandoning module MaterialEditor (242)
[2023.03.14-07.03.44:470][  0]LogModuleManager: Shutting down and abandoning module Settings (241)
[2023.03.14-07.03.44:470][  0]LogModuleManager: Shutting down and abandoning module MovieSceneTools (238)
[2023.03.14-07.03.44:470][  0]LogModuleManager: Shutting down and abandoning module CurveEditor (237)
[2023.03.14-07.03.44:470][  0]LogModuleManager: Shutting down and abandoning module Sequencer (235)
[2023.03.14-07.03.44:470][  0]LogModuleManager: Shutting down and abandoning module EditorStyle (234)
[2023.03.14-07.03.44:471][  0]LogModuleManager: Shutting down and abandoning module KismetCompiler (230)
[2023.03.14-07.03.44:471][  0]LogModuleManager: Shutting down and abandoning module MeshBuilder (228)
[2023.03.14-07.03.44:471][  0]LogModuleManager: Shutting down and abandoning module MeshUtilities (226)
[2023.03.14-07.03.44:471][  0]LogModuleManager: Shutting down and abandoning module MeshMergeUtilities (225)
[2023.03.14-07.03.44:471][  0]LogModuleManager: Shutting down and abandoning module MeshReductionInterface (224)
[2023.03.14-07.03.44:471][  0]LogModuleManager: Shutting down and abandoning module MeshBoneReduction (223)
[2023.03.14-07.03.44:471][  0]LogModuleManager: Shutting down and abandoning module SkeletalMeshReduction (221)
[2023.03.14-07.03.44:471][  0]LogModuleManager: Shutting down and abandoning module ProxyLODMeshReduction (219)
[2023.03.14-07.03.44:471][  0]LogModuleManager: Shutting down and abandoning module QuadricMeshReduction (217)
[2023.03.14-07.03.44:471][  0]LogModuleManager: Shutting down and abandoning module MaterialBaking (213)
[2023.03.14-07.03.44:471][  0]LogModuleManager: Shutting down and abandoning module DirectoryWatcher (209)
[2023.03.14-07.03.44:471][  0]LogModuleManager: Shutting down and abandoning module NullInstallBundleManager (206)
[2023.03.14-07.03.44:471][  0]LogModuleManager: Shutting down and abandoning module DerivedDataCache (204)
[2023.03.14-07.03.44:471][  0]LogModuleManager: Shutting down and abandoning module TargetPlatform (202)
[2023.03.14-07.03.44:471][  0]LogModuleManager: Shutting down and abandoning module VulkanShaderFormat (201)
[2023.03.14-07.03.44:472][  0]LogModuleManager: Shutting down and abandoning module ShaderFormatVectorVM (199)
[2023.03.14-07.03.44:472][  0]LogModuleManager: Shutting down and abandoning module ShaderFormatOpenGL (197)
[2023.03.14-07.03.44:472][  0]LogModuleManager: Shutting down and abandoning module ShaderFormatD3D (195)
[2023.03.14-07.03.44:472][  0]LogModuleManager: Shutting down and abandoning module MetalShaderFormat (193)
[2023.03.14-07.03.44:472][  0]LogModuleManager: Shutting down and abandoning module TextureFormatOodle (191)
[2023.03.14-07.03.44:472][  0]LogModuleManager: Shutting down and abandoning module TextureFormatUncompressed (189)
[2023.03.14-07.03.44:472][  0]LogModuleManager: Shutting down and abandoning module TextureFormatPVR (187)
[2023.03.14-07.03.44:472][  0]LogModuleManager: Shutting down and abandoning module TextureFormatETC2 (185)
[2023.03.14-07.03.44:472][  0]LogModuleManager: Shutting down and abandoning module TextureFormatDXT (183)
[2023.03.14-07.03.44:472][  0]LogModuleManager: Shutting down and abandoning module TextureFormatIntelISPCTexComp (181)
[2023.03.14-07.03.44:472][  0]LogModuleManager: Shutting down and abandoning module TextureFormatASTC (179)
[2023.03.14-07.03.44:472][  0]LogModuleManager: Shutting down and abandoning module ImageWrapper (178)
[2023.03.14-07.03.44:472][  0]LogModuleManager: Shutting down and abandoning module AudioFormatOpus (175)
[2023.03.14-07.03.44:472][  0]LogModuleManager: Shutting down and abandoning module AudioFormatOgg (173)
[2023.03.14-07.03.44:472][  0]LogModuleManager: Shutting down and abandoning module AudioFormatADPCM (171)
[2023.03.14-07.03.44:472][  0]LogModuleManager: Shutting down and abandoning module WindowsServerTargetPlatform (169)
[2023.03.14-07.03.44:472][  0]LogModuleManager: Shutting down and abandoning module WindowsClientTargetPlatform (167)
[2023.03.14-07.03.44:472][  0]LogModuleManager: Shutting down and abandoning module WindowsTargetPlatform (165)
[2023.03.14-07.03.44:472][  0]LogModuleManager: Shutting down and abandoning module WindowsNoEditorTargetPlatform (163)
[2023.03.14-07.03.44:472][  0]LogModuleManager: Shutting down and abandoning module TVOSTargetPlatform (161)
[2023.03.14-07.03.44:473][  0]LogModuleManager: Shutting down and abandoning module MacServerTargetPlatform (159)
[2023.03.14-07.03.44:473][  0]LogModuleManager: Shutting down and abandoning module MacClientTargetPlatform (157)
[2023.03.14-07.03.44:473][  0]LogModuleManager: Shutting down and abandoning module MacTargetPlatform (155)
[2023.03.14-07.03.44:473][  0]LogModuleManager: Shutting down and abandoning module MacNoEditorTargetPlatform (153)
[2023.03.14-07.03.44:473][  0]LogModuleManager: Shutting down and abandoning module LuminTargetPlatform (151)
[2023.03.14-07.03.44:474][  0]LogModuleManager: Shutting down and abandoning module LinuxAArch64ServerTargetPlatform (149)
[2023.03.14-07.03.44:474][  0]LogModuleManager: Shutting down and abandoning module LinuxAArch64ClientTargetPlatform (147)
[2023.03.14-07.03.44:474][  0]LogModuleManager: Shutting down and abandoning module LinuxAArch64NoEditorTargetPlatform (145)
[2023.03.14-07.03.44:474][  0]LogModuleManager: Shutting down and abandoning module LinuxServerTargetPlatform (143)
[2023.03.14-07.03.44:474][  0]LogModuleManager: Shutting down and abandoning module LinuxClientTargetPlatform (141)
[2023.03.14-07.03.44:474][  0]LogModuleManager: Shutting down and abandoning module LinuxNoEditorTargetPlatform (139)
[2023.03.14-07.03.44:474][  0]LogModuleManager: Shutting down and abandoning module LinuxTargetPlatform (137)
[2023.03.14-07.03.44:474][  0]LogModuleManager: Shutting down and abandoning module Messaging (135)
[2023.03.14-07.03.44:474][  0]LogModuleManager: Shutting down and abandoning module IOSTargetPlatform (133)
[2023.03.14-07.03.44:475][  0]LogModuleManager: Shutting down and abandoning module AndroidTargetPlatform (131)
[2023.03.14-07.03.44:478][  0]LogModuleManager: Shutting down and abandoning module AllDesktopTargetPlatform (129)
[2023.03.14-07.03.44:478][  0]LogModuleManager: Shutting down and abandoning module NullDrv (126)
[2023.03.14-07.03.44:478][  0]LogModuleManager: Shutting down and abandoning module PhysXCooking (124)
[2023.03.14-07.03.44:478][  0]LogModuleManager: Shutting down and abandoning module Chaos (122)
[2023.03.14-07.03.44:478][  0]LogModuleManager: Shutting down and abandoning module WindowsPlatformFeatures (120)
[2023.03.14-07.03.44:478][  0]LogModuleManager: Shutting down and abandoning module GameplayMediaEncoder (119)
[2023.03.14-07.03.44:478][  0]LogModuleManager: Shutting down and abandoning module AVEncoder (118)
[2023.03.14-07.03.44:478][  0]LogModuleManager: Shutting down and abandoning module ExampleDeviceProfileSelector (114)
[2023.03.14-07.03.44:478][  0]LogModuleManager: Shutting down and abandoning module SteamVRInputDevice (112)
[2023.03.14-07.03.44:478][  0]LogModuleManager: Shutting down and abandoning module SteamVRInput (110)
[2023.03.14-07.03.44:478][  0]LogModuleManager: Shutting down and abandoning module SteamVR (108)
[2023.03.14-07.03.44:478][  0]LogHMD: Freeing OpenVRDLLHandle.
[2023.03.14-07.03.44:478][  0]LogModuleManager: Shutting down and abandoning module OculusHMD (106)
[2023.03.14-07.03.44:478][  0]LogModuleManager: Shutting down and abandoning module MLSDK (104)
[2023.03.14-07.03.44:478][  0]LogModuleManager: Shutting down and abandoning module MagicLeap (102)
[2023.03.14-07.03.44:478][  0]LogModuleManager: Shutting down and abandoning module OpenXRHandTracking (100)
[2023.03.14-07.03.44:478][  0]LogModuleManager: Shutting down and abandoning module OpenXREyeTracker (98)
[2023.03.14-07.03.44:478][  0]LogModuleManager: Shutting down and abandoning module OpenXRAR (96)
[2023.03.14-07.03.44:478][  0]LogModuleManager: Shutting down and abandoning module AugmentedReality (95)
[2023.03.14-07.03.44:478][  0]LogModuleManager: Shutting down and abandoning module OpenXRHMD (92)
[2023.03.14-07.03.44:478][  0]LogModuleManager: Shutting down and abandoning module ChunkDownloader (90)
[2023.03.14-07.03.44:478][  0]LogModuleManager: Shutting down and abandoning module OnlineBlueprintSupport (88)
[2023.03.14-07.03.44:478][  0]LogModuleManager: Shutting down and abandoning module LauncherChunkInstaller (84)
[2023.03.14-07.03.44:478][  0]LogModuleManager: Shutting down and abandoning module OnlineSubsystem (82)
[2023.03.14-07.03.44:479][  0]LogModuleManager: Shutting down and abandoning module XMPP (77)
[2023.03.14-07.03.44:479][  0]LogModuleManager: Shutting down and abandoning module WebSockets (76)
[2023.03.14-07.03.44:492][  0]LogModuleManager: Shutting down and abandoning module HTTP (73)
[2023.03.14-07.03.44:492][  0]LogHttp: Display: cleaning up 0 outstanding Http requests.
[2023.03.14-07.03.44:510][  0]LogModuleManager: Shutting down and abandoning module SSL (72)
[2023.03.14-07.03.44:511][  0]LogModuleManager: Shutting down and abandoning module WmfMedia (68)
[2023.03.14-07.03.44:512][  0]LogModuleManager: Shutting down and abandoning module Media (67)
[2023.03.14-07.03.44:512][  0]LogModuleManager: Shutting down and abandoning module MediaInfo (66)
[2023.03.14-07.03.44:513][  0]LogModuleManager: Shutting down and abandoning module ExrReaderGpu (62)
[2023.03.14-07.03.44:513][  0]LogModuleManager: Shutting down and abandoning module ChaosCloth (60)
[2023.03.14-07.03.44:513][  0]LogModuleManager: Shutting down and abandoning module NiagaraVertexFactories (58)
[2023.03.14-07.03.44:513][  0]LogModuleManager: Shutting down and abandoning module NiagaraShader (56)
[2023.03.14-07.03.44:513][  0]LogModuleManager: Shutting down and abandoning module VariantManagerContent (54)
[2023.03.14-07.03.44:513][  0]LogModuleManager: Shutting down and abandoning module DatasmithContent (52)
[2023.03.14-07.03.44:513][  0]LogModuleManager: Shutting down and abandoning module PixWinPlugin (50)
[2023.03.14-07.03.44:513][  0]LogModuleManager: Shutting down and abandoning module AISupportModule (48)
[2023.03.14-07.03.44:513][  0]LogModuleManager: Shutting down and abandoning module PythonScriptPluginPreload (46)
[2023.03.14-07.03.44:513][  0]LogModuleManager: Shutting down and abandoning module PlatformCryptoOpenSSL (44)
[2023.03.14-07.03.44:513][  0]LogModuleManager: Shutting down and abandoning module PlatformCryptoTypes (42)
[2023.03.14-07.03.44:513][  0]LogModuleManager: Shutting down and abandoning module PlatformCrypto (40)
[2023.03.14-07.03.44:513][  0]LogModuleManager: Shutting down and abandoning module OodleDataCompressionFormat (38)
[2023.03.14-07.03.44:513][  0]LogModuleManager: Shutting down and abandoning module XGEController (36)
[2023.03.14-07.03.44:513][  0]LogXGEController: Cannot use XGE Controller as Incredibuild is not installed on this machine.
[2023.03.14-07.03.44:513][  0]LogModuleManager: Shutting down and abandoning module AnimationModifiers (34)
[2023.03.14-07.03.44:513][  0]LogModuleManager: Shutting down and abandoning module AudioEditor (32)
[2023.03.14-07.03.44:513][  0]LogModuleManager: Shutting down and abandoning module PropertyEditor (31)
[2023.03.14-07.03.44:513][  0]LogModuleManager: Shutting down and abandoning module TextureCompressor (28)
[2023.03.14-07.03.44:513][  0]LogModuleManager: Shutting down and abandoning module RenderCore (26)
[2023.03.14-07.03.44:513][  0]LogModuleManager: Shutting down and abandoning module Landscape (24)
[2023.03.14-07.03.44:513][  0]LogModuleManager: Shutting down and abandoning module SlateRHIRenderer (22)
[2023.03.14-07.03.44:513][  0]LogModuleManager: Shutting down and abandoning module AnimGraphRuntime (20)
[2023.03.14-07.03.44:513][  0]LogModuleManager: Shutting down and abandoning module Renderer (18)
[2023.03.14-07.03.44:514][  0]LogModuleManager: Shutting down and abandoning module Engine (16)
[2023.03.14-07.03.44:514][  0]LogModuleManager: Shutting down and abandoning module CoreUObject (14)
[2023.03.14-07.03.44:514][  0]LogModuleManager: Shutting down and abandoning module NetworkFile (12)
[2023.03.14-07.03.44:514][  0]LogModuleManager: Shutting down and abandoning module CookedIterativeFile (10)
[2023.03.14-07.03.44:514][  0]LogModuleManager: Shutting down and abandoning module StreamingFile (8)
[2023.03.14-07.03.44:514][  0]LogModuleManager: Shutting down and abandoning module SandboxFile (6)
[2023.03.14-07.03.44:514][  0]LogModuleManager: Shutting down and abandoning module PakFile (4)
[2023.03.14-07.03.44:514][  0]LogModuleManager: Shutting down and abandoning module RSA (3)
[2023.03.14-07.03.44:837][  0]LogContentStreaming: Display: There are 1 unreleased StreamingManagers
[2023.03.14-07.03.44:842][  0]LogExit: Exiting.
[2023.03.14-07.03.44:858][  0]Log file closed, 03/14/23 16:03:44
